---------------------------------------------
Log C:\TCAFiles\Users\ted\153052\HostHavocDayZServer\crash_2023-06-23_09-00-15.log started at 23.06. 09:05:28



------------------------------------
GSP-MTL-03, 23.06 2023 09:05:28
NULL pointer to instance when trying to access variable 'm_Subtype' (Parent instance is null)
Class:      'ZmbM_ruSoldier_normal_Woodland1'
Entity id:263486

Function: 'FightLogic'
Stack trace:
ZenZombieDoors/scripts/4_world/entities\creatures\infected\zombiebase.c:166
scripts/4_World/entities\creatures\infected\zombiebase.c:257

Runtime mode
CLI params: port 2322 config serverDZ_By_HostHavoc.cfg profiles C:\TCAFiles\Users\ted\153052\HostHavocDayZServer servermod  mod @Spring Namalsk;@Namalsk Island;@Namalsk Survival;@CF;@Dabs Framework;@Community-Online-Tools;@shd_retextures;@Spurgles_BagZ;@sFramework;@sGunplay;@WindstridesClothingPack;@Advanced Weapon Scopes;@VPPAdminTools;@sGunplay_AWS;@Survivor Animations;@DayZ-Bicycle;@DayZ-Dog;@Drones;@SpawnerBubaku;@PseudoGiant;@dbo_spiders;@TFServerPack;@DNA Keycards;@dbo_raptors; 


------------------------------------
GSP-MTL-03, 23.06 2023 09:05:28
NULL pointer to instance when trying to access variable 'm_Subtype' (Parent instance is null)
Class:      'ZmbM_ruSoldier_normal_Woodland1'
Entity id:263486

Function: 'FightLogic'
Stack trace:
ZenZombieDoors/scripts/4_world/entities\creatures\infected\zombiebase.c:166
scripts/4_World/entities\creatures\infected\zombiebase.c:257

Runtime mode
CLI params: port 2322 config serverDZ_By_HostHavoc.cfg profiles C:\TCAFiles\Users\ted\153052\HostHavocDayZServer servermod  mod @Spring Namalsk;@Namalsk Island;@Namalsk Survival;@CF;@Dabs Framework;@Community-Online-Tools;@shd_retextures;@Spurgles_BagZ;@sFramework;@sGunplay;@WindstridesClothingPack;@Advanced Weapon Scopes;@VPPAdminTools;@sGunplay_AWS;@Survivor Animations;@DayZ-Bicycle;@DayZ-Dog;@Drones;@SpawnerBubaku;@PseudoGiant;@dbo_spiders;@TFServerPack;@DNA Keycards;@dbo_raptors; 


------------------------------------
GSP-MTL-03, 23.06 2023 09:05:28
NULL pointer to instance when trying to access variable 'm_Subtype' (Parent instance is null)
Class:      'ZmbM_ruSoldier_normal_Woodland1'
Entity id:263486

Function: 'FightLogic'
Stack trace:
ZenZombieDoors/scripts/4_world/entities\creatures\infected\zombiebase.c:166
scripts/4_World/entities\creatures\infected\zombiebase.c:257

Runtime mode
CLI params: port 2322 config serverDZ_By_HostHavoc.cfg profiles C:\TCAFiles\Users\ted\153052\HostHavocDayZServer servermod  mod @Spring Namalsk;@Namalsk Island;@Namalsk Survival;@CF;@Dabs Framework;@Community-Online-Tools;@shd_retextures;@Spurgles_BagZ;@sFramework;@sGunplay;@WindstridesClothingPack;@Advanced Weapon Scopes;@VPPAdminTools;@sGunplay_AWS;@Survivor Animations;@DayZ-Bicycle;@DayZ-Dog;@Drones;@SpawnerBubaku;@PseudoGiant;@dbo_spiders;@TFServerPack;@DNA Keycards;@dbo_raptors; 


------------------------------------
GSP-MTL-03, 23.06 2023 09:05:29
NULL pointer to instance when trying to access variable 'm_Subtype' (Parent instance is null)
Class:      'ZmbM_ruSoldier_normal_Woodland1'
Entity id:263486

Function: 'FightLogic'
Stack trace:
ZenZombieDoors/scripts/4_world/entities\creatures\infected\zombiebase.c:166
scripts/4_World/entities\creatures\infected\zombiebase.c:257

Runtime mode
CLI params: port 2322 config serverDZ_By_HostHavoc.cfg profiles C:\TCAFiles\Users\ted\153052\HostHavocDayZServer servermod  mod @Spring Namalsk;@Namalsk Island;@Namalsk Survival;@CF;@Dabs Framework;@Community-Online-Tools;@shd_retextures;@Spurgles_BagZ;@sFramework;@sGunplay;@WindstridesClothingPack;@Advanced Weapon Scopes;@VPPAdminTools;@sGunplay_AWS;@Survivor Animations;@DayZ-Bicycle;@DayZ-Dog;@Drones;@SpawnerBubaku;@PseudoGiant;@dbo_spiders;@TFServerPack;@DNA Keycards;@dbo_raptors; 


------------------------------------
GSP-MTL-03, 23.06 2023 09:05:29
NULL pointer to instance when trying to access variable 'm_Subtype' (Parent instance is null)
Class:      'ZmbM_ruSoldier_normal_Woodland1'
Entity id:263486

Function: 'FightLogic'
Stack trace:
ZenZombieDoors/scripts/4_world/entities\creatures\infected\zombiebase.c:166
scripts/4_World/entities\creatures\infected\zombiebase.c:257

Runtime mode
CLI params: port 2322 config serverDZ_By_HostHavoc.cfg profiles C:\TCAFiles\Users\ted\153052\HostHavocDayZServer servermod  mod @Spring Namalsk;@Namalsk Island;@Namalsk Survival;@CF;@Dabs Framework;@Community-Online-Tools;@shd_retextures;@Spurgles_BagZ;@sFramework;@sGunplay;@WindstridesClothingPack;@Advanced Weapon Scopes;@VPPAdminTools;@sGunplay_AWS;@Survivor Animations;@DayZ-Bicycle;@DayZ-Dog;@Drones;@SpawnerBubaku;@PseudoGiant;@dbo_spiders;@TFServerPack;@DNA Keycards;@dbo_raptors; 


------------------------------------
GSP-MTL-03, 23.06 2023 09:05:29
NULL pointer to instance when trying to access variable 'm_Subtype' (Parent instance is null)
Class:      'ZmbM_ruSoldier_normal_Woodland1'
Entity id:263486

Function: 'FightLogic'
Stack trace:
ZenZombieDoors/scripts/4_world/entities\creatures\infected\zombiebase.c:166
scripts/4_World/entities\creatures\infected\zombiebase.c:257

Runtime mode
CLI params: port 2322 config serverDZ_By_HostHavoc.cfg profiles C:\TCAFiles\Users\ted\153052\HostHavocDayZServer servermod  mod @Spring Namalsk;@Namalsk Island;@Namalsk Survival;@CF;@Dabs Framework;@Community-Online-Tools;@shd_retextures;@Spurgles_BagZ;@sFramework;@sGunplay;@WindstridesClothingPack;@Advanced Weapon Scopes;@VPPAdminTools;@sGunplay_AWS;@Survivor Animations;@DayZ-Bicycle;@DayZ-Dog;@Drones;@SpawnerBubaku;@PseudoGiant;@dbo_spiders;@TFServerPack;@DNA Keycards;@dbo_raptors; 


------------------------------------
GSP-MTL-03, 23.06 2023 09:05:29
NULL pointer to instance when trying to access variable 'm_Subtype' (Parent instance is null)
Class:      'ZmbM_ruSoldier_normal_Woodland1'
Entity id:263486

Function: 'FightLogic'
Stack trace:
ZenZombieDoors/scripts/4_world/entities\creatures\infected\zombiebase.c:166
scripts/4_World/entities\creatures\infected\zombiebase.c:257

Runtime mode
CLI params: port 2322 config serverDZ_By_HostHavoc.cfg profiles C:\TCAFiles\Users\ted\153052\HostHavocDayZServer servermod  mod @Spring Namalsk;@Namalsk Island;@Namalsk Survival;@CF;@Dabs Framework;@Community-Online-Tools;@shd_retextures;@Spurgles_BagZ;@sFramework;@sGunplay;@WindstridesClothingPack;@Advanced Weapon Scopes;@VPPAdminTools;@sGunplay_AWS;@Survivor Animations;@DayZ-Bicycle;@DayZ-Dog;@Drones;@SpawnerBubaku;@PseudoGiant;@dbo_spiders;@TFServerPack;@DNA Keycards;@dbo_raptors; 


------------------------------------
GSP-MTL-03, 23.06 2023 09:05:29
NULL pointer to instance when trying to access variable 'm_Subtype' (Parent instance is null)
Class:      'ZmbM_ruSoldier_normal_Woodland1'
Entity id:263486

Function: 'FightLogic'
Stack trace:
ZenZombieDoors/scripts/4_world/entities\creatures\infected\zombiebase.c:166
scripts/4_World/entities\creatures\infected\zombiebase.c:257

Runtime mode
CLI params: port 2322 config serverDZ_By_HostHavoc.cfg profiles C:\TCAFiles\Users\ted\153052\HostHavocDayZServer servermod  mod @Spring Namalsk;@Namalsk Island;@Namalsk Survival;@CF;@Dabs Framework;@Community-Online-Tools;@shd_retextures;@Spurgles_BagZ;@sFramework;@sGunplay;@WindstridesClothingPack;@Advanced Weapon Scopes;@VPPAdminTools;@sGunplay_AWS;@Survivor Animations;@DayZ-Bicycle;@DayZ-Dog;@Drones;@SpawnerBubaku;@PseudoGiant;@dbo_spiders;@TFServerPack;@DNA Keycards;@dbo_raptors; 


------------------------------------
GSP-MTL-03, 23.06 2023 09:05:29
NULL pointer to instance when trying to access variable 'm_Subtype' (Parent instance is null)
Class:      'ZmbM_ruSoldier_normal_Woodland1'
Entity id:263486

Function: 'FightLogic'
Stack trace:
ZenZombieDoors/scripts/4_world/entities\creatures\infected\zombiebase.c:166
scripts/4_World/entities\creatures\infected\zombiebase.c:257

Runtime mode
CLI params: port 2322 config serverDZ_By_HostHavoc.cfg profiles C:\TCAFiles\Users\ted\153052\HostHavocDayZServer servermod  mod @Spring Namalsk;@Namalsk Island;@Namalsk Survival;@CF;@Dabs Framework;@Community-Online-Tools;@shd_retextures;@Spurgles_BagZ;@sFramework;@sGunplay;@WindstridesClothingPack;@Advanced Weapon Scopes;@VPPAdminTools;@sGunplay_AWS;@Survivor Animations;@DayZ-Bicycle;@DayZ-Dog;@Drones;@SpawnerBubaku;@PseudoGiant;@dbo_spiders;@TFServerPack;@DNA Keycards;@dbo_raptors; 


------------------------------------
GSP-MTL-03, 23.06 2023 09:05:29
NULL pointer to instance when trying to access variable 'm_Subtype' (Parent instance is null)
Class:      'ZmbM_ruSoldier_normal_Woodland1'
Entity id:263486

Function: 'FightLogic'
Stack trace:
ZenZombieDoors/scripts/4_world/entities\creatures\infected\zombiebase.c:166
scripts/4_World/entities\creatures\infected\zombiebase.c:257

Runtime mode
CLI params: port 2322 config serverDZ_By_HostHavoc.cfg profiles C:\TCAFiles\Users\ted\153052\HostHavocDayZServer servermod  mod @Spring Namalsk;@Namalsk Island;@Namalsk Survival;@CF;@Dabs Framework;@Community-Online-Tools;@shd_retextures;@Spurgles_BagZ;@sFramework;@sGunplay;@WindstridesClothingPack;@Advanced Weapon Scopes;@VPPAdminTools;@sGunplay_AWS;@Survivor Animations;@DayZ-Bicycle;@DayZ-Dog;@Drones;@SpawnerBubaku;@PseudoGiant;@dbo_spiders;@TFServerPack;@DNA Keycards;@dbo_raptors; 


------------------------------------
GSP-MTL-03, 23.06 2023 09:05:29
NULL pointer to instance when trying to access variable 'm_Subtype' (Parent instance is null)
Class:      'ZmbM_ruSoldier_normal_Woodland1'
Entity id:263486

Function: 'FightLogic'
Stack trace:
ZenZombieDoors/scripts/4_world/entities\creatures\infected\zombiebase.c:166
scripts/4_World/entities\creatures\infected\zombiebase.c:257

Runtime mode
CLI params: port 2322 config serverDZ_By_HostHavoc.cfg profiles C:\TCAFiles\Users\ted\153052\HostHavocDayZServer servermod  mod @Spring Namalsk;@Namalsk Island;@Namalsk Survival;@CF;@Dabs Framework;@Community-Online-Tools;@shd_retextures;@Spurgles_BagZ;@sFramework;@sGunplay;@WindstridesClothingPack;@Advanced Weapon Scopes;@VPPAdminTools;@sGunplay_AWS;@Survivor Animations;@DayZ-Bicycle;@DayZ-Dog;@Drones;@SpawnerBubaku;@PseudoGiant;@dbo_spiders;@TFServerPack;@DNA Keycards;@dbo_raptors; 


------------------------------------
GSP-MTL-03, 23.06 2023 09:05:29
NULL pointer to instance when trying to access variable 'm_Subtype' (Parent instance is null)
Class:      'ZmbM_ruSoldier_normal_Woodland1'
Entity id:263486

Function: 'FightLogic'
Stack trace:
ZenZombieDoors/scripts/4_world/entities\creatures\infected\zombiebase.c:166
scripts/4_World/entities\creatures\infected\zombiebase.c:257

Runtime mode
CLI params: port 2322 config serverDZ_By_HostHavoc.cfg profiles C:\TCAFiles\Users\ted\153052\HostHavocDayZServer servermod  mod @Spring Namalsk;@Namalsk Island;@Namalsk Survival;@CF;@Dabs Framework;@Community-Online-Tools;@shd_retextures;@Spurgles_BagZ;@sFramework;@sGunplay;@WindstridesClothingPack;@Advanced Weapon Scopes;@VPPAdminTools;@sGunplay_AWS;@Survivor Animations;@DayZ-Bicycle;@DayZ-Dog;@Drones;@SpawnerBubaku;@PseudoGiant;@dbo_spiders;@TFServerPack;@DNA Keycards;@dbo_raptors; 


------------------------------------
GSP-MTL-03, 23.06 2023 09:05:29
NULL pointer to instance when trying to access variable 'm_Subtype' (Parent instance is null)
Class:      'ZmbM_ruSoldier_normal_Woodland1'
Entity id:263486

Function: 'FightLogic'
Stack trace:
ZenZombieDoors/scripts/4_world/entities\creatures\infected\zombiebase.c:166
scripts/4_World/entities\creatures\infected\zombiebase.c:257

Runtime mode
CLI params: port 2322 config serverDZ_By_HostHavoc.cfg profiles C:\TCAFiles\Users\ted\153052\HostHavocDayZServer servermod  mod @Spring Namalsk;@Namalsk Island;@Namalsk Survival;@CF;@Dabs Framework;@Community-Online-Tools;@shd_retextures;@Spurgles_BagZ;@sFramework;@sGunplay;@WindstridesClothingPack;@Advanced Weapon Scopes;@VPPAdminTools;@sGunplay_AWS;@Survivor Animations;@DayZ-Bicycle;@DayZ-Dog;@Drones;@SpawnerBubaku;@PseudoGiant;@dbo_spiders;@TFServerPack;@DNA Keycards;@dbo_raptors; 


------------------------------------
GSP-MTL-03, 23.06 2023 09:05:29
NULL pointer to instance when trying to access variable 'm_Subtype' (Parent instance is null)
Class:      'ZmbM_ruSoldier_normal_Woodland1'
Entity id:263486

Function: 'FightLogic'
Stack trace:
ZenZombieDoors/scripts/4_world/entities\creatures\infected\zombiebase.c:166
scripts/4_World/entities\creatures\infected\zombiebase.c:257

Runtime mode
CLI params: port 2322 config serverDZ_By_HostHavoc.cfg profiles C:\TCAFiles\Users\ted\153052\HostHavocDayZServer servermod  mod @Spring Namalsk;@Namalsk Island;@Namalsk Survival;@CF;@Dabs Framework;@Community-Online-Tools;@shd_retextures;@Spurgles_BagZ;@sFramework;@sGunplay;@WindstridesClothingPack;@Advanced Weapon Scopes;@VPPAdminTools;@sGunplay_AWS;@Survivor Animations;@DayZ-Bicycle;@DayZ-Dog;@Drones;@SpawnerBubaku;@PseudoGiant;@dbo_spiders;@TFServerPack;@DNA Keycards;@dbo_raptors; 


------------------------------------
GSP-MTL-03, 23.06 2023 09:05:29
NULL pointer to instance when trying to access variable 'm_Subtype' (Parent instance is null)
Class:      'ZmbM_ruSoldier_normal_Woodland1'
Entity id:263486

Function: 'FightLogic'
Stack trace:
ZenZombieDoors/scripts/4_world/entities\creatures\infected\zombiebase.c:166
scripts/4_World/entities\creatures\infected\zombiebase.c:257

Runtime mode
CLI params: port 2322 config serverDZ_By_HostHavoc.cfg profiles C:\TCAFiles\Users\ted\153052\HostHavocDayZServer servermod  mod @Spring Namalsk;@Namalsk Island;@Namalsk Survival;@CF;@Dabs Framework;@Community-Online-Tools;@shd_retextures;@Spurgles_BagZ;@sFramework;@sGunplay;@WindstridesClothingPack;@Advanced Weapon Scopes;@VPPAdminTools;@sGunplay_AWS;@Survivor Animations;@DayZ-Bicycle;@DayZ-Dog;@Drones;@SpawnerBubaku;@PseudoGiant;@dbo_spiders;@TFServerPack;@DNA Keycards;@dbo_raptors; 


------------------------------------
GSP-MTL-03, 23.06 2023 09:05:29
NULL pointer to instance when trying to access variable 'm_Subtype' (Parent instance is null)
Class:      'ZmbM_ruSoldier_normal_Woodland1'
Entity id:263486

Function: 'FightLogic'
Stack trace:
ZenZombieDoors/scripts/4_world/entities\creatures\infected\zombiebase.c:166
scripts/4_World/entities\creatures\infected\zombiebase.c:257

Runtime mode
CLI params: port 2322 config serverDZ_By_HostHavoc.cfg profiles C:\TCAFiles\Users\ted\153052\HostHavocDayZServer servermod  mod @Spring Namalsk;@Namalsk Island;@Namalsk Survival;@CF;@Dabs Framework;@Community-Online-Tools;@shd_retextures;@Spurgles_BagZ;@sFramework;@sGunplay;@WindstridesClothingPack;@Advanced Weapon Scopes;@VPPAdminTools;@sGunplay_AWS;@Survivor Animations;@DayZ-Bicycle;@DayZ-Dog;@Drones;@SpawnerBubaku;@PseudoGiant;@dbo_spiders;@TFServerPack;@DNA Keycards;@dbo_raptors; 


------------------------------------
GSP-MTL-03, 23.06 2023 09:05:29
NULL pointer to instance when trying to access variable 'm_Subtype' (Parent instance is null)
Class:      'ZmbM_ruSoldier_normal_Woodland1'
Entity id:263486

Function: 'FightLogic'
Stack trace:
ZenZombieDoors/scripts/4_world/entities\creatures\infected\zombiebase.c:166
scripts/4_World/entities\creatures\infected\zombiebase.c:257

Runtime mode
CLI params: port 2322 config serverDZ_By_HostHavoc.cfg profiles C:\TCAFiles\Users\ted\153052\HostHavocDayZServer servermod  mod @Spring Namalsk;@Namalsk Island;@Namalsk Survival;@CF;@Dabs Framework;@Community-Online-Tools;@shd_retextures;@Spurgles_BagZ;@sFramework;@sGunplay;@WindstridesClothingPack;@Advanced Weapon Scopes;@VPPAdminTools;@sGunplay_AWS;@Survivor Animations;@DayZ-Bicycle;@DayZ-Dog;@Drones;@SpawnerBubaku;@PseudoGiant;@dbo_spiders;@TFServerPack;@DNA Keycards;@dbo_raptors; 


------------------------------------
GSP-MTL-03, 23.06 2023 09:05:29
NULL pointer to instance when trying to access variable 'm_Subtype' (Parent instance is null)
Class:      'ZmbM_ruSoldier_normal_Woodland1'
Entity id:263486

Function: 'FightLogic'
Stack trace:
ZenZombieDoors/scripts/4_world/entities\creatures\infected\zombiebase.c:166
scripts/4_World/entities\creatures\infected\zombiebase.c:257

Runtime mode
CLI params: port 2322 config serverDZ_By_HostHavoc.cfg profiles C:\TCAFiles\Users\ted\153052\HostHavocDayZServer servermod  mod @Spring Namalsk;@Namalsk Island;@Namalsk Survival;@CF;@Dabs Framework;@Community-Online-Tools;@shd_retextures;@Spurgles_BagZ;@sFramework;@sGunplay;@WindstridesClothingPack;@Advanced Weapon Scopes;@VPPAdminTools;@sGunplay_AWS;@Survivor Animations;@DayZ-Bicycle;@DayZ-Dog;@Drones;@SpawnerBubaku;@PseudoGiant;@dbo_spiders;@TFServerPack;@DNA Keycards;@dbo_raptors; 


------------------------------------
GSP-MTL-03, 23.06 2023 09:05:29
NULL pointer to instance when trying to access variable 'm_Subtype' (Parent instance is null)
Class:      'ZmbM_ruSoldier_normal_Woodland1'
Entity id:263486

Function: 'FightLogic'
Stack trace:
ZenZombieDoors/scripts/4_world/entities\creatures\infected\zombiebase.c:166
scripts/4_World/entities\creatures\infected\zombiebase.c:257

Runtime mode
CLI params: port 2322 config serverDZ_By_HostHavoc.cfg profiles C:\TCAFiles\Users\ted\153052\HostHavocDayZServer servermod  mod @Spring Namalsk;@Namalsk Island;@Namalsk Survival;@CF;@Dabs Framework;@Community-Online-Tools;@shd_retextures;@Spurgles_BagZ;@sFramework;@sGunplay;@WindstridesClothingPack;@Advanced Weapon Scopes;@VPPAdminTools;@sGunplay_AWS;@Survivor Animations;@DayZ-Bicycle;@DayZ-Dog;@Drones;@SpawnerBubaku;@PseudoGiant;@dbo_spiders;@TFServerPack;@DNA Keycards;@dbo_raptors; 


------------------------------------
GSP-MTL-03, 23.06 2023 09:05:29
NULL pointer to instance when trying to access variable 'm_Subtype' (Parent instance is null)
Class:      'ZmbM_ruSoldier_normal_Woodland1'
Entity id:263486

Function: 'FightLogic'
Stack trace:
ZenZombieDoors/scripts/4_world/entities\creatures\infected\zombiebase.c:166
scripts/4_World/entities\creatures\infected\zombiebase.c:257

Runtime mode
CLI params: port 2322 config serverDZ_By_HostHavoc.cfg profiles C:\TCAFiles\Users\ted\153052\HostHavocDayZServer servermod  mod @Spring Namalsk;@Namalsk Island;@Namalsk Survival;@CF;@Dabs Framework;@Community-Online-Tools;@shd_retextures;@Spurgles_BagZ;@sFramework;@sGunplay;@WindstridesClothingPack;@Advanced Weapon Scopes;@VPPAdminTools;@sGunplay_AWS;@Survivor Animations;@DayZ-Bicycle;@DayZ-Dog;@Drones;@SpawnerBubaku;@PseudoGiant;@dbo_spiders;@TFServerPack;@DNA Keycards;@dbo_raptors; 


------------------------------------
GSP-MTL-03, 23.06 2023 09:05:29
NULL pointer to instance when trying to access variable 'm_Subtype' (Parent instance is null)
Class:      'ZmbM_ruSoldier_normal_Woodland1'
Entity id:263486

Function: 'FightLogic'
Stack trace:
ZenZombieDoors/scripts/4_world/entities\creatures\infected\zombiebase.c:166
scripts/4_World/entities\creatures\infected\zombiebase.c:257

Runtime mode
CLI params: port 2322 config serverDZ_By_HostHavoc.cfg profiles C:\TCAFiles\Users\ted\153052\HostHavocDayZServer servermod  mod @Spring Namalsk;@Namalsk Island;@Namalsk Survival;@CF;@Dabs Framework;@Community-Online-Tools;@shd_retextures;@Spurgles_BagZ;@sFramework;@sGunplay;@WindstridesClothingPack;@Advanced Weapon Scopes;@VPPAdminTools;@sGunplay_AWS;@Survivor Animations;@DayZ-Bicycle;@DayZ-Dog;@Drones;@SpawnerBubaku;@PseudoGiant;@dbo_spiders;@TFServerPack;@DNA Keycards;@dbo_raptors; 


------------------------------------
GSP-MTL-03, 23.06 2023 09:05:29
NULL pointer to instance when trying to access variable 'm_Subtype' (Parent instance is null)
Class:      'ZmbM_ruSoldier_normal_Woodland1'
Entity id:263486

Function: 'FightLogic'
Stack trace:
ZenZombieDoors/scripts/4_world/entities\creatures\infected\zombiebase.c:166
scripts/4_World/entities\creatures\infected\zombiebase.c:257

Runtime mode
CLI params: port 2322 config serverDZ_By_HostHavoc.cfg profiles C:\TCAFiles\Users\ted\153052\HostHavocDayZServer servermod  mod @Spring Namalsk;@Namalsk Island;@Namalsk Survival;@CF;@Dabs Framework;@Community-Online-Tools;@shd_retextures;@Spurgles_BagZ;@sFramework;@sGunplay;@WindstridesClothingPack;@Advanced Weapon Scopes;@VPPAdminTools;@sGunplay_AWS;@Survivor Animations;@DayZ-Bicycle;@DayZ-Dog;@Drones;@SpawnerBubaku;@PseudoGiant;@dbo_spiders;@TFServerPack;@DNA Keycards;@dbo_raptors; 


------------------------------------
GSP-MTL-03, 23.06 2023 09:05:29
NULL pointer to instance when trying to access variable 'm_Subtype' (Parent instance is null)
Class:      'ZmbM_ruSoldier_normal_Woodland1'
Entity id:263486

Function: 'FightLogic'
Stack trace:
ZenZombieDoors/scripts/4_world/entities\creatures\infected\zombiebase.c:166
scripts/4_World/entities\creatures\infected\zombiebase.c:257

Runtime mode
CLI params: port 2322 config serverDZ_By_HostHavoc.cfg profiles C:\TCAFiles\Users\ted\153052\HostHavocDayZServer servermod  mod @Spring Namalsk;@Namalsk Island;@Namalsk Survival;@CF;@Dabs Framework;@Community-Online-Tools;@shd_retextures;@Spurgles_BagZ;@sFramework;@sGunplay;@WindstridesClothingPack;@Advanced Weapon Scopes;@VPPAdminTools;@sGunplay_AWS;@Survivor Animations;@DayZ-Bicycle;@DayZ-Dog;@Drones;@SpawnerBubaku;@PseudoGiant;@dbo_spiders;@TFServerPack;@DNA Keycards;@dbo_raptors; 


------------------------------------
GSP-MTL-03, 23.06 2023 09:05:30
NULL pointer to instance when trying to access variable 'm_Subtype' (Parent instance is null)
Class:      'ZmbM_ruSoldier_normal_Woodland1'
Entity id:263486

Function: 'FightLogic'
Stack trace:
ZenZombieDoors/scripts/4_world/entities\creatures\infected\zombiebase.c:166
scripts/4_World/entities\creatures\infected\zombiebase.c:257

Runtime mode
CLI params: port 2322 config serverDZ_By_HostHavoc.cfg profiles C:\TCAFiles\Users\ted\153052\HostHavocDayZServer servermod  mod @Spring Namalsk;@Namalsk Island;@Namalsk Survival;@CF;@Dabs Framework;@Community-Online-Tools;@shd_retextures;@Spurgles_BagZ;@sFramework;@sGunplay;@WindstridesClothingPack;@Advanced Weapon Scopes;@VPPAdminTools;@sGunplay_AWS;@Survivor Animations;@DayZ-Bicycle;@DayZ-Dog;@Drones;@SpawnerBubaku;@PseudoGiant;@dbo_spiders;@TFServerPack;@DNA Keycards;@dbo_raptors; 


------------------------------------
GSP-MTL-03, 23.06 2023 09:05:30
NULL pointer to instance when trying to access variable 'm_Subtype' (Parent instance is null)
Class:      'ZmbM_ruSoldier_normal_Woodland1'
Entity id:263486

Function: 'FightLogic'
Stack trace:
ZenZombieDoors/scripts/4_world/entities\creatures\infected\zombiebase.c:166
scripts/4_World/entities\creatures\infected\zombiebase.c:257

Runtime mode
CLI params: port 2322 config serverDZ_By_HostHavoc.cfg profiles C:\TCAFiles\Users\ted\153052\HostHavocDayZServer servermod  mod @Spring Namalsk;@Namalsk Island;@Namalsk Survival;@CF;@Dabs Framework;@Community-Online-Tools;@shd_retextures;@Spurgles_BagZ;@sFramework;@sGunplay;@WindstridesClothingPack;@Advanced Weapon Scopes;@VPPAdminTools;@sGunplay_AWS;@Survivor Animations;@DayZ-Bicycle;@DayZ-Dog;@Drones;@SpawnerBubaku;@PseudoGiant;@dbo_spiders;@TFServerPack;@DNA Keycards;@dbo_raptors; 


------------------------------------
GSP-MTL-03, 23.06 2023 09:05:30
NULL pointer to instance when trying to access variable 'm_Subtype' (Parent instance is null)
Class:      'ZmbM_ruSoldier_normal_Woodland1'
Entity id:263486

Function: 'FightLogic'
Stack trace:
ZenZombieDoors/scripts/4_world/entities\creatures\infected\zombiebase.c:166
scripts/4_World/entities\creatures\infected\zombiebase.c:257

Runtime mode
CLI params: port 2322 config serverDZ_By_HostHavoc.cfg profiles C:\TCAFiles\Users\ted\153052\HostHavocDayZServer servermod  mod @Spring Namalsk;@Namalsk Island;@Namalsk Survival;@CF;@Dabs Framework;@Community-Online-Tools;@shd_retextures;@Spurgles_BagZ;@sFramework;@sGunplay;@WindstridesClothingPack;@Advanced Weapon Scopes;@VPPAdminTools;@sGunplay_AWS;@Survivor Animations;@DayZ-Bicycle;@DayZ-Dog;@Drones;@SpawnerBubaku;@PseudoGiant;@dbo_spiders;@TFServerPack;@DNA Keycards;@dbo_raptors; 


------------------------------------
GSP-MTL-03, 23.06 2023 09:05:30
NULL pointer to instance when trying to access variable 'm_Subtype' (Parent instance is null)
Class:      'ZmbM_ruSoldier_normal_Woodland1'
Entity id:263486

Function: 'FightLogic'
Stack trace:
ZenZombieDoors/scripts/4_world/entities\creatures\infected\zombiebase.c:166
scripts/4_World/entities\creatures\infected\zombiebase.c:257

Runtime mode
CLI params: port 2322 config serverDZ_By_HostHavoc.cfg profiles C:\TCAFiles\Users\ted\153052\HostHavocDayZServer servermod  mod @Spring Namalsk;@Namalsk Island;@Namalsk Survival;@CF;@Dabs Framework;@Community-Online-Tools;@shd_retextures;@Spurgles_BagZ;@sFramework;@sGunplay;@WindstridesClothingPack;@Advanced Weapon Scopes;@VPPAdminTools;@sGunplay_AWS;@Survivor Animations;@DayZ-Bicycle;@DayZ-Dog;@Drones;@SpawnerBubaku;@PseudoGiant;@dbo_spiders;@TFServerPack;@DNA Keycards;@dbo_raptors; 


------------------------------------
GSP-MTL-03, 23.06 2023 09:05:30
NULL pointer to instance when trying to access variable 'm_Subtype' (Parent instance is null)
Class:      'ZmbM_ruSoldier_normal_Woodland1'
Entity id:263486

Function: 'FightLogic'
Stack trace:
ZenZombieDoors/scripts/4_world/entities\creatures\infected\zombiebase.c:166
scripts/4_World/entities\creatures\infected\zombiebase.c:257

Runtime mode
CLI params: port 2322 config serverDZ_By_HostHavoc.cfg profiles C:\TCAFiles\Users\ted\153052\HostHavocDayZServer servermod  mod @Spring Namalsk;@Namalsk Island;@Namalsk Survival;@CF;@Dabs Framework;@Community-Online-Tools;@shd_retextures;@Spurgles_BagZ;@sFramework;@sGunplay;@WindstridesClothingPack;@Advanced Weapon Scopes;@VPPAdminTools;@sGunplay_AWS;@Survivor Animations;@DayZ-Bicycle;@DayZ-Dog;@Drones;@SpawnerBubaku;@PseudoGiant;@dbo_spiders;@TFServerPack;@DNA Keycards;@dbo_raptors; 


------------------------------------
GSP-MTL-03, 23.06 2023 09:05:30
NULL pointer to instance when trying to access variable 'm_Subtype' (Parent instance is null)
Class:      'ZmbM_ruSoldier_normal_Woodland1'
Entity id:263486

Function: 'FightLogic'
Stack trace:
ZenZombieDoors/scripts/4_world/entities\creatures\infected\zombiebase.c:166
scripts/4_World/entities\creatures\infected\zombiebase.c:257

Runtime mode
CLI params: port 2322 config serverDZ_By_HostHavoc.cfg profiles C:\TCAFiles\Users\ted\153052\HostHavocDayZServer servermod  mod @Spring Namalsk;@Namalsk Island;@Namalsk Survival;@CF;@Dabs Framework;@Community-Online-Tools;@shd_retextures;@Spurgles_BagZ;@sFramework;@sGunplay;@WindstridesClothingPack;@Advanced Weapon Scopes;@VPPAdminTools;@sGunplay_AWS;@Survivor Animations;@DayZ-Bicycle;@DayZ-Dog;@Drones;@SpawnerBubaku;@PseudoGiant;@dbo_spiders;@TFServerPack;@DNA Keycards;@dbo_raptors; 


------------------------------------
GSP-MTL-03, 23.06 2023 09:05:30
NULL pointer to instance when trying to access variable 'm_Subtype' (Parent instance is null)
Class:      'ZmbM_ruSoldier_normal_Woodland1'
Entity id:263486

Function: 'FightLogic'
Stack trace:
ZenZombieDoors/scripts/4_world/entities\creatures\infected\zombiebase.c:166
scripts/4_World/entities\creatures\infected\zombiebase.c:257

Runtime mode
CLI params: port 2322 config serverDZ_By_HostHavoc.cfg profiles C:\TCAFiles\Users\ted\153052\HostHavocDayZServer servermod  mod @Spring Namalsk;@Namalsk Island;@Namalsk Survival;@CF;@Dabs Framework;@Community-Online-Tools;@shd_retextures;@Spurgles_BagZ;@sFramework;@sGunplay;@WindstridesClothingPack;@Advanced Weapon Scopes;@VPPAdminTools;@sGunplay_AWS;@Survivor Animations;@DayZ-Bicycle;@DayZ-Dog;@Drones;@SpawnerBubaku;@PseudoGiant;@dbo_spiders;@TFServerPack;@DNA Keycards;@dbo_raptors; 


------------------------------------
GSP-MTL-03, 23.06 2023 09:05:30
NULL pointer to instance when trying to access variable 'm_Subtype' (Parent instance is null)
Class:      'ZmbM_ruSoldier_normal_Woodland1'
Entity id:263486

Function: 'FightLogic'
Stack trace:
ZenZombieDoors/scripts/4_world/entities\creatures\infected\zombiebase.c:166
scripts/4_World/entities\creatures\infected\zombiebase.c:257

Runtime mode
CLI params: port 2322 config serverDZ_By_HostHavoc.cfg profiles C:\TCAFiles\Users\ted\153052\HostHavocDayZServer servermod  mod @Spring Namalsk;@Namalsk Island;@Namalsk Survival;@CF;@Dabs Framework;@Community-Online-Tools;@shd_retextures;@Spurgles_BagZ;@sFramework;@sGunplay;@WindstridesClothingPack;@Advanced Weapon Scopes;@VPPAdminTools;@sGunplay_AWS;@Survivor Animations;@DayZ-Bicycle;@DayZ-Dog;@Drones;@SpawnerBubaku;@PseudoGiant;@dbo_spiders;@TFServerPack;@DNA Keycards;@dbo_raptors; 


------------------------------------
GSP-MTL-03, 23.06 2023 09:05:30
NULL pointer to instance when trying to access variable 'm_Subtype' (Parent instance is null)
Class:      'ZmbM_ruSoldier_normal_Woodland1'
Entity id:263486

Function: 'FightLogic'
Stack trace:
ZenZombieDoors/scripts/4_world/entities\creatures\infected\zombiebase.c:166
scripts/4_World/entities\creatures\infected\zombiebase.c:257

Runtime mode
CLI params: port 2322 config serverDZ_By_HostHavoc.cfg profiles C:\TCAFiles\Users\ted\153052\HostHavocDayZServer servermod  mod @Spring Namalsk;@Namalsk Island;@Namalsk Survival;@CF;@Dabs Framework;@Community-Online-Tools;@shd_retextures;@Spurgles_BagZ;@sFramework;@sGunplay;@WindstridesClothingPack;@Advanced Weapon Scopes;@VPPAdminTools;@sGunplay_AWS;@Survivor Animations;@DayZ-Bicycle;@DayZ-Dog;@Drones;@SpawnerBubaku;@PseudoGiant;@dbo_spiders;@TFServerPack;@DNA Keycards;@dbo_raptors; 


------------------------------------
GSP-MTL-03, 23.06 2023 09:05:30
NULL pointer to instance when trying to access variable 'm_Subtype' (Parent instance is null)
Class:      'ZmbM_ruSoldier_normal_Woodland1'
Entity id:263486

Function: 'FightLogic'
Stack trace:
ZenZombieDoors/scripts/4_world/entities\creatures\infected\zombiebase.c:166
scripts/4_World/entities\creatures\infected\zombiebase.c:257

Runtime mode
CLI params: port 2322 config serverDZ_By_HostHavoc.cfg profiles C:\TCAFiles\Users\ted\153052\HostHavocDayZServer servermod  mod @Spring Namalsk;@Namalsk Island;@Namalsk Survival;@CF;@Dabs Framework;@Community-Online-Tools;@shd_retextures;@Spurgles_BagZ;@sFramework;@sGunplay;@WindstridesClothingPack;@Advanced Weapon Scopes;@VPPAdminTools;@sGunplay_AWS;@Survivor Animations;@DayZ-Bicycle;@DayZ-Dog;@Drones;@SpawnerBubaku;@PseudoGiant;@dbo_spiders;@TFServerPack;@DNA Keycards;@dbo_raptors; 


------------------------------------
GSP-MTL-03, 23.06 2023 09:05:30
NULL pointer to instance when trying to access variable 'm_Subtype' (Parent instance is null)
Class:      'ZmbM_ruSoldier_normal_Woodland1'
Entity id:263486

Function: 'FightLogic'
Stack trace:
ZenZombieDoors/scripts/4_world/entities\creatures\infected\zombiebase.c:166
scripts/4_World/entities\creatures\infected\zombiebase.c:257

Runtime mode
CLI params: port 2322 config serverDZ_By_HostHavoc.cfg profiles C:\TCAFiles\Users\ted\153052\HostHavocDayZServer servermod  mod @Spring Namalsk;@Namalsk Island;@Namalsk Survival;@CF;@Dabs Framework;@Community-Online-Tools;@shd_retextures;@Spurgles_BagZ;@sFramework;@sGunplay;@WindstridesClothingPack;@Advanced Weapon Scopes;@VPPAdminTools;@sGunplay_AWS;@Survivor Animations;@DayZ-Bicycle;@DayZ-Dog;@Drones;@SpawnerBubaku;@PseudoGiant;@dbo_spiders;@TFServerPack;@DNA Keycards;@dbo_raptors; 


------------------------------------
GSP-MTL-03, 23.06 2023 09:05:30
NULL pointer to instance when trying to access variable 'm_Subtype' (Parent instance is null)
Class:      'ZmbM_ruSoldier_normal_Woodland1'
Entity id:263486

Function: 'FightLogic'
Stack trace:
ZenZombieDoors/scripts/4_world/entities\creatures\infected\zombiebase.c:166
scripts/4_World/entities\creatures\infected\zombiebase.c:257

Runtime mode
CLI params: port 2322 config serverDZ_By_HostHavoc.cfg profiles C:\TCAFiles\Users\ted\153052\HostHavocDayZServer servermod  mod @Spring Namalsk;@Namalsk Island;@Namalsk Survival;@CF;@Dabs Framework;@Community-Online-Tools;@shd_retextures;@Spurgles_BagZ;@sFramework;@sGunplay;@WindstridesClothingPack;@Advanced Weapon Scopes;@VPPAdminTools;@sGunplay_AWS;@Survivor Animations;@DayZ-Bicycle;@DayZ-Dog;@Drones;@SpawnerBubaku;@PseudoGiant;@dbo_spiders;@TFServerPack;@DNA Keycards;@dbo_raptors; 


------------------------------------
GSP-MTL-03, 23.06 2023 09:05:30
NULL pointer to instance when trying to access variable 'm_Subtype' (Parent instance is null)
Class:      'ZmbM_ruSoldier_normal_Woodland1'
Entity id:263486

Function: 'FightLogic'
Stack trace:
ZenZombieDoors/scripts/4_world/entities\creatures\infected\zombiebase.c:166
scripts/4_World/entities\creatures\infected\zombiebase.c:257

Runtime mode
CLI params: port 2322 config serverDZ_By_HostHavoc.cfg profiles C:\TCAFiles\Users\ted\153052\HostHavocDayZServer servermod  mod @Spring Namalsk;@Namalsk Island;@Namalsk Survival;@CF;@Dabs Framework;@Community-Online-Tools;@shd_retextures;@Spurgles_BagZ;@sFramework;@sGunplay;@WindstridesClothingPack;@Advanced Weapon Scopes;@VPPAdminTools;@sGunplay_AWS;@Survivor Animations;@DayZ-Bicycle;@DayZ-Dog;@Drones;@SpawnerBubaku;@PseudoGiant;@dbo_spiders;@TFServerPack;@DNA Keycards;@dbo_raptors; 
