---------------------------------------------
Log C:\TCAFiles\Users\ted\153052\HostHavocDayZServer\crash_2023-06-21_11-00-18.log started at 21.06. 11:36:11



------------------------------------
GSP-MTL-03, 21.06 2023 11:36:11
NULL pointer to instance when trying to access variable 'm_Subtype' (Parent instance is null)
Class:      'ZmbM_PatrolNormal_Base'
Entity id:262545

Function: 'FightLogic'
Stack trace:
ZenZombieDoors/scripts/4_world/entities\creatures\infected\zombiebase.c:166
scripts/4_World/entities\creatures\infected\zombiebase.c:257

Runtime mode
CLI params: port 2322 config serverDZ_By_HostHavoc.cfg profiles C:\TCAFiles\Users\ted\153052\HostHavocDayZServer servermod  mod @Namalsk Island;@Namalsk Survival;@CF;@Dabs Framework;@Community-Online-Tools;@shd_retextures;@Spurgles_BagZ;@sFramework;@sGunplay;@WindstridesClothingPack;@Advanced Weapon Scopes;@VPPAdminTools;@sGunplay_AWS;@Survivor Animations;@DayZ-Bicycle;@DayZ-Dog;@Drones;@SpawnerBubaku;@PseudoGiant;@dbo_spiders;@TFServerPack;@DNA Keycards; 


------------------------------------
GSP-MTL-03, 21.06 2023 11:36:11
NULL pointer to instance when trying to access variable 'm_Subtype' (Parent instance is null)
Class:      'ZmbM_PatrolNormal_Base'
Entity id:262545

Function: 'FightLogic'
Stack trace:
ZenZombieDoors/scripts/4_world/entities\creatures\infected\zombiebase.c:166
scripts/4_World/entities\creatures\infected\zombiebase.c:257

Runtime mode
CLI params: port 2322 config serverDZ_By_HostHavoc.cfg profiles C:\TCAFiles\Users\ted\153052\HostHavocDayZServer servermod  mod @Namalsk Island;@Namalsk Survival;@CF;@Dabs Framework;@Community-Online-Tools;@shd_retextures;@Spurgles_BagZ;@sFramework;@sGunplay;@WindstridesClothingPack;@Advanced Weapon Scopes;@VPPAdminTools;@sGunplay_AWS;@Survivor Animations;@DayZ-Bicycle;@DayZ-Dog;@Drones;@SpawnerBubaku;@PseudoGiant;@dbo_spiders;@TFServerPack;@DNA Keycards; 


------------------------------------
GSP-MTL-03, 21.06 2023 11:36:11
NULL pointer to instance when trying to access variable 'm_Subtype' (Parent instance is null)
Class:      'ZmbM_PatrolNormal_Base'
Entity id:262545

Function: 'FightLogic'
Stack trace:
ZenZombieDoors/scripts/4_world/entities\creatures\infected\zombiebase.c:166
scripts/4_World/entities\creatures\infected\zombiebase.c:257

Runtime mode
CLI params: port 2322 config serverDZ_By_HostHavoc.cfg profiles C:\TCAFiles\Users\ted\153052\HostHavocDayZServer servermod  mod @Namalsk Island;@Namalsk Survival;@CF;@Dabs Framework;@Community-Online-Tools;@shd_retextures;@Spurgles_BagZ;@sFramework;@sGunplay;@WindstridesClothingPack;@Advanced Weapon Scopes;@VPPAdminTools;@sGunplay_AWS;@Survivor Animations;@DayZ-Bicycle;@DayZ-Dog;@Drones;@SpawnerBubaku;@PseudoGiant;@dbo_spiders;@TFServerPack;@DNA Keycards; 


------------------------------------
GSP-MTL-03, 21.06 2023 11:36:11
NULL pointer to instance when trying to access variable 'm_Subtype' (Parent instance is null)
Class:      'ZmbM_PatrolNormal_Base'
Entity id:262545

Function: 'FightLogic'
Stack trace:
ZenZombieDoors/scripts/4_world/entities\creatures\infected\zombiebase.c:166
scripts/4_World/entities\creatures\infected\zombiebase.c:257

Runtime mode
CLI params: port 2322 config serverDZ_By_HostHavoc.cfg profiles C:\TCAFiles\Users\ted\153052\HostHavocDayZServer servermod  mod @Namalsk Island;@Namalsk Survival;@CF;@Dabs Framework;@Community-Online-Tools;@shd_retextures;@Spurgles_BagZ;@sFramework;@sGunplay;@WindstridesClothingPack;@Advanced Weapon Scopes;@VPPAdminTools;@sGunplay_AWS;@Survivor Animations;@DayZ-Bicycle;@DayZ-Dog;@Drones;@SpawnerBubaku;@PseudoGiant;@dbo_spiders;@TFServerPack;@DNA Keycards; 


------------------------------------
GSP-MTL-03, 21.06 2023 11:36:11
NULL pointer to instance when trying to access variable 'm_Subtype' (Parent instance is null)
Class:      'ZmbM_PatrolNormal_Base'
Entity id:262545

Function: 'FightLogic'
Stack trace:
ZenZombieDoors/scripts/4_world/entities\creatures\infected\zombiebase.c:166
scripts/4_World/entities\creatures\infected\zombiebase.c:257

Runtime mode
CLI params: port 2322 config serverDZ_By_HostHavoc.cfg profiles C:\TCAFiles\Users\ted\153052\HostHavocDayZServer servermod  mod @Namalsk Island;@Namalsk Survival;@CF;@Dabs Framework;@Community-Online-Tools;@shd_retextures;@Spurgles_BagZ;@sFramework;@sGunplay;@WindstridesClothingPack;@Advanced Weapon Scopes;@VPPAdminTools;@sGunplay_AWS;@Survivor Animations;@DayZ-Bicycle;@DayZ-Dog;@Drones;@SpawnerBubaku;@PseudoGiant;@dbo_spiders;@TFServerPack;@DNA Keycards; 


------------------------------------
GSP-MTL-03, 21.06 2023 11:36:11
NULL pointer to instance when trying to access variable 'm_Subtype' (Parent instance is null)
Class:      'ZmbM_PatrolNormal_Base'
Entity id:262545

Function: 'FightLogic'
Stack trace:
ZenZombieDoors/scripts/4_world/entities\creatures\infected\zombiebase.c:166
scripts/4_World/entities\creatures\infected\zombiebase.c:257

Runtime mode
CLI params: port 2322 config serverDZ_By_HostHavoc.cfg profiles C:\TCAFiles\Users\ted\153052\HostHavocDayZServer servermod  mod @Namalsk Island;@Namalsk Survival;@CF;@Dabs Framework;@Community-Online-Tools;@shd_retextures;@Spurgles_BagZ;@sFramework;@sGunplay;@WindstridesClothingPack;@Advanced Weapon Scopes;@VPPAdminTools;@sGunplay_AWS;@Survivor Animations;@DayZ-Bicycle;@DayZ-Dog;@Drones;@SpawnerBubaku;@PseudoGiant;@dbo_spiders;@TFServerPack;@DNA Keycards; 


------------------------------------
GSP-MTL-03, 21.06 2023 11:36:11
NULL pointer to instance when trying to access variable 'm_Subtype' (Parent instance is null)
Class:      'ZmbM_PatrolNormal_Base'
Entity id:262545

Function: 'FightLogic'
Stack trace:
ZenZombieDoors/scripts/4_world/entities\creatures\infected\zombiebase.c:166
scripts/4_World/entities\creatures\infected\zombiebase.c:257

Runtime mode
CLI params: port 2322 config serverDZ_By_HostHavoc.cfg profiles C:\TCAFiles\Users\ted\153052\HostHavocDayZServer servermod  mod @Namalsk Island;@Namalsk Survival;@CF;@Dabs Framework;@Community-Online-Tools;@shd_retextures;@Spurgles_BagZ;@sFramework;@sGunplay;@WindstridesClothingPack;@Advanced Weapon Scopes;@VPPAdminTools;@sGunplay_AWS;@Survivor Animations;@DayZ-Bicycle;@DayZ-Dog;@Drones;@SpawnerBubaku;@PseudoGiant;@dbo_spiders;@TFServerPack;@DNA Keycards; 


------------------------------------
GSP-MTL-03, 21.06 2023 11:36:11
NULL pointer to instance when trying to access variable 'm_Subtype' (Parent instance is null)
Class:      'ZmbM_PatrolNormal_Base'
Entity id:262545

Function: 'FightLogic'
Stack trace:
ZenZombieDoors/scripts/4_world/entities\creatures\infected\zombiebase.c:166
scripts/4_World/entities\creatures\infected\zombiebase.c:257

Runtime mode
CLI params: port 2322 config serverDZ_By_HostHavoc.cfg profiles C:\TCAFiles\Users\ted\153052\HostHavocDayZServer servermod  mod @Namalsk Island;@Namalsk Survival;@CF;@Dabs Framework;@Community-Online-Tools;@shd_retextures;@Spurgles_BagZ;@sFramework;@sGunplay;@WindstridesClothingPack;@Advanced Weapon Scopes;@VPPAdminTools;@sGunplay_AWS;@Survivor Animations;@DayZ-Bicycle;@DayZ-Dog;@Drones;@SpawnerBubaku;@PseudoGiant;@dbo_spiders;@TFServerPack;@DNA Keycards; 


------------------------------------
GSP-MTL-03, 21.06 2023 11:36:12
NULL pointer to instance when trying to access variable 'm_Subtype' (Parent instance is null)
Class:      'ZmbM_PatrolNormal_Base'
Entity id:262545

Function: 'FightLogic'
Stack trace:
ZenZombieDoors/scripts/4_world/entities\creatures\infected\zombiebase.c:166
scripts/4_World/entities\creatures\infected\zombiebase.c:257

Runtime mode
CLI params: port 2322 config serverDZ_By_HostHavoc.cfg profiles C:\TCAFiles\Users\ted\153052\HostHavocDayZServer servermod  mod @Namalsk Island;@Namalsk Survival;@CF;@Dabs Framework;@Community-Online-Tools;@shd_retextures;@Spurgles_BagZ;@sFramework;@sGunplay;@WindstridesClothingPack;@Advanced Weapon Scopes;@VPPAdminTools;@sGunplay_AWS;@Survivor Animations;@DayZ-Bicycle;@DayZ-Dog;@Drones;@SpawnerBubaku;@PseudoGiant;@dbo_spiders;@TFServerPack;@DNA Keycards; 


------------------------------------
GSP-MTL-03, 21.06 2023 11:36:12
NULL pointer to instance when trying to access variable 'm_Subtype' (Parent instance is null)
Class:      'ZmbM_PatrolNormal_Base'
Entity id:262545

Function: 'FightLogic'
Stack trace:
ZenZombieDoors/scripts/4_world/entities\creatures\infected\zombiebase.c:166
scripts/4_World/entities\creatures\infected\zombiebase.c:257

Runtime mode
CLI params: port 2322 config serverDZ_By_HostHavoc.cfg profiles C:\TCAFiles\Users\ted\153052\HostHavocDayZServer servermod  mod @Namalsk Island;@Namalsk Survival;@CF;@Dabs Framework;@Community-Online-Tools;@shd_retextures;@Spurgles_BagZ;@sFramework;@sGunplay;@WindstridesClothingPack;@Advanced Weapon Scopes;@VPPAdminTools;@sGunplay_AWS;@Survivor Animations;@DayZ-Bicycle;@DayZ-Dog;@Drones;@SpawnerBubaku;@PseudoGiant;@dbo_spiders;@TFServerPack;@DNA Keycards; 


------------------------------------
GSP-MTL-03, 21.06 2023 11:36:12
NULL pointer to instance when trying to access variable 'm_Subtype' (Parent instance is null)
Class:      'ZmbM_PatrolNormal_Base'
Entity id:262545

Function: 'FightLogic'
Stack trace:
ZenZombieDoors/scripts/4_world/entities\creatures\infected\zombiebase.c:166
scripts/4_World/entities\creatures\infected\zombiebase.c:257

Runtime mode
CLI params: port 2322 config serverDZ_By_HostHavoc.cfg profiles C:\TCAFiles\Users\ted\153052\HostHavocDayZServer servermod  mod @Namalsk Island;@Namalsk Survival;@CF;@Dabs Framework;@Community-Online-Tools;@shd_retextures;@Spurgles_BagZ;@sFramework;@sGunplay;@WindstridesClothingPack;@Advanced Weapon Scopes;@VPPAdminTools;@sGunplay_AWS;@Survivor Animations;@DayZ-Bicycle;@DayZ-Dog;@Drones;@SpawnerBubaku;@PseudoGiant;@dbo_spiders;@TFServerPack;@DNA Keycards; 


------------------------------------
GSP-MTL-03, 21.06 2023 11:36:12
NULL pointer to instance when trying to access variable 'm_Subtype' (Parent instance is null)
Class:      'ZmbM_PatrolNormal_Base'
Entity id:262545

Function: 'FightLogic'
Stack trace:
ZenZombieDoors/scripts/4_world/entities\creatures\infected\zombiebase.c:166
scripts/4_World/entities\creatures\infected\zombiebase.c:257

Runtime mode
CLI params: port 2322 config serverDZ_By_HostHavoc.cfg profiles C:\TCAFiles\Users\ted\153052\HostHavocDayZServer servermod  mod @Namalsk Island;@Namalsk Survival;@CF;@Dabs Framework;@Community-Online-Tools;@shd_retextures;@Spurgles_BagZ;@sFramework;@sGunplay;@WindstridesClothingPack;@Advanced Weapon Scopes;@VPPAdminTools;@sGunplay_AWS;@Survivor Animations;@DayZ-Bicycle;@DayZ-Dog;@Drones;@SpawnerBubaku;@PseudoGiant;@dbo_spiders;@TFServerPack;@DNA Keycards; 


------------------------------------
GSP-MTL-03, 21.06 2023 11:36:12
NULL pointer to instance when trying to access variable 'm_Subtype' (Parent instance is null)
Class:      'ZmbM_PatrolNormal_Base'
Entity id:262545

Function: 'FightLogic'
Stack trace:
ZenZombieDoors/scripts/4_world/entities\creatures\infected\zombiebase.c:166
scripts/4_World/entities\creatures\infected\zombiebase.c:257

Runtime mode
CLI params: port 2322 config serverDZ_By_HostHavoc.cfg profiles C:\TCAFiles\Users\ted\153052\HostHavocDayZServer servermod  mod @Namalsk Island;@Namalsk Survival;@CF;@Dabs Framework;@Community-Online-Tools;@shd_retextures;@Spurgles_BagZ;@sFramework;@sGunplay;@WindstridesClothingPack;@Advanced Weapon Scopes;@VPPAdminTools;@sGunplay_AWS;@Survivor Animations;@DayZ-Bicycle;@DayZ-Dog;@Drones;@SpawnerBubaku;@PseudoGiant;@dbo_spiders;@TFServerPack;@DNA Keycards; 


------------------------------------
GSP-MTL-03, 21.06 2023 11:36:12
NULL pointer to instance when trying to access variable 'm_Subtype' (Parent instance is null)
Class:      'ZmbM_PatrolNormal_Base'
Entity id:262545

Function: 'FightLogic'
Stack trace:
ZenZombieDoors/scripts/4_world/entities\creatures\infected\zombiebase.c:166
scripts/4_World/entities\creatures\infected\zombiebase.c:257

Runtime mode
CLI params: port 2322 config serverDZ_By_HostHavoc.cfg profiles C:\TCAFiles\Users\ted\153052\HostHavocDayZServer servermod  mod @Namalsk Island;@Namalsk Survival;@CF;@Dabs Framework;@Community-Online-Tools;@shd_retextures;@Spurgles_BagZ;@sFramework;@sGunplay;@WindstridesClothingPack;@Advanced Weapon Scopes;@VPPAdminTools;@sGunplay_AWS;@Survivor Animations;@DayZ-Bicycle;@DayZ-Dog;@Drones;@SpawnerBubaku;@PseudoGiant;@dbo_spiders;@TFServerPack;@DNA Keycards; 


------------------------------------
GSP-MTL-03, 21.06 2023 11:36:12
NULL pointer to instance when trying to access variable 'm_Subtype' (Parent instance is null)
Class:      'ZmbM_PatrolNormal_Base'
Entity id:262545

Function: 'FightLogic'
Stack trace:
ZenZombieDoors/scripts/4_world/entities\creatures\infected\zombiebase.c:166
scripts/4_World/entities\creatures\infected\zombiebase.c:257

Runtime mode
CLI params: port 2322 config serverDZ_By_HostHavoc.cfg profiles C:\TCAFiles\Users\ted\153052\HostHavocDayZServer servermod  mod @Namalsk Island;@Namalsk Survival;@CF;@Dabs Framework;@Community-Online-Tools;@shd_retextures;@Spurgles_BagZ;@sFramework;@sGunplay;@WindstridesClothingPack;@Advanced Weapon Scopes;@VPPAdminTools;@sGunplay_AWS;@Survivor Animations;@DayZ-Bicycle;@DayZ-Dog;@Drones;@SpawnerBubaku;@PseudoGiant;@dbo_spiders;@TFServerPack;@DNA Keycards; 


------------------------------------
GSP-MTL-03, 21.06 2023 11:36:12
NULL pointer to instance when trying to access variable 'm_Subtype' (Parent instance is null)
Class:      'ZmbM_PatrolNormal_Base'
Entity id:262545

Function: 'FightLogic'
Stack trace:
ZenZombieDoors/scripts/4_world/entities\creatures\infected\zombiebase.c:166
scripts/4_World/entities\creatures\infected\zombiebase.c:257

Runtime mode
CLI params: port 2322 config serverDZ_By_HostHavoc.cfg profiles C:\TCAFiles\Users\ted\153052\HostHavocDayZServer servermod  mod @Namalsk Island;@Namalsk Survival;@CF;@Dabs Framework;@Community-Online-Tools;@shd_retextures;@Spurgles_BagZ;@sFramework;@sGunplay;@WindstridesClothingPack;@Advanced Weapon Scopes;@VPPAdminTools;@sGunplay_AWS;@Survivor Animations;@DayZ-Bicycle;@DayZ-Dog;@Drones;@SpawnerBubaku;@PseudoGiant;@dbo_spiders;@TFServerPack;@DNA Keycards; 


------------------------------------
GSP-MTL-03, 21.06 2023 11:36:12
NULL pointer to instance when trying to access variable 'm_Subtype' (Parent instance is null)
Class:      'ZmbM_PatrolNormal_Base'
Entity id:262545

Function: 'FightLogic'
Stack trace:
ZenZombieDoors/scripts/4_world/entities\creatures\infected\zombiebase.c:166
scripts/4_World/entities\creatures\infected\zombiebase.c:257

Runtime mode
CLI params: port 2322 config serverDZ_By_HostHavoc.cfg profiles C:\TCAFiles\Users\ted\153052\HostHavocDayZServer servermod  mod @Namalsk Island;@Namalsk Survival;@CF;@Dabs Framework;@Community-Online-Tools;@shd_retextures;@Spurgles_BagZ;@sFramework;@sGunplay;@WindstridesClothingPack;@Advanced Weapon Scopes;@VPPAdminTools;@sGunplay_AWS;@Survivor Animations;@DayZ-Bicycle;@DayZ-Dog;@Drones;@SpawnerBubaku;@PseudoGiant;@dbo_spiders;@TFServerPack;@DNA Keycards; 


------------------------------------
GSP-MTL-03, 21.06 2023 11:36:12
NULL pointer to instance when trying to access variable 'm_Subtype' (Parent instance is null)
Class:      'ZmbM_PatrolNormal_Base'
Entity id:262545

Function: 'FightLogic'
Stack trace:
ZenZombieDoors/scripts/4_world/entities\creatures\infected\zombiebase.c:166
scripts/4_World/entities\creatures\infected\zombiebase.c:257

Runtime mode
CLI params: port 2322 config serverDZ_By_HostHavoc.cfg profiles C:\TCAFiles\Users\ted\153052\HostHavocDayZServer servermod  mod @Namalsk Island;@Namalsk Survival;@CF;@Dabs Framework;@Community-Online-Tools;@shd_retextures;@Spurgles_BagZ;@sFramework;@sGunplay;@WindstridesClothingPack;@Advanced Weapon Scopes;@VPPAdminTools;@sGunplay_AWS;@Survivor Animations;@DayZ-Bicycle;@DayZ-Dog;@Drones;@SpawnerBubaku;@PseudoGiant;@dbo_spiders;@TFServerPack;@DNA Keycards; 


------------------------------------
GSP-MTL-03, 21.06 2023 11:36:12
NULL pointer to instance when trying to access variable 'm_Subtype' (Parent instance is null)
Class:      'ZmbM_PatrolNormal_Base'
Entity id:262545

Function: 'FightLogic'
Stack trace:
ZenZombieDoors/scripts/4_world/entities\creatures\infected\zombiebase.c:166
scripts/4_World/entities\creatures\infected\zombiebase.c:257

Runtime mode
CLI params: port 2322 config serverDZ_By_HostHavoc.cfg profiles C:\TCAFiles\Users\ted\153052\HostHavocDayZServer servermod  mod @Namalsk Island;@Namalsk Survival;@CF;@Dabs Framework;@Community-Online-Tools;@shd_retextures;@Spurgles_BagZ;@sFramework;@sGunplay;@WindstridesClothingPack;@Advanced Weapon Scopes;@VPPAdminTools;@sGunplay_AWS;@Survivor Animations;@DayZ-Bicycle;@DayZ-Dog;@Drones;@SpawnerBubaku;@PseudoGiant;@dbo_spiders;@TFServerPack;@DNA Keycards; 


------------------------------------
GSP-MTL-03, 21.06 2023 11:36:12
NULL pointer to instance when trying to access variable 'm_Subtype' (Parent instance is null)
Class:      'ZmbM_PatrolNormal_Base'
Entity id:262545

Function: 'FightLogic'
Stack trace:
ZenZombieDoors/scripts/4_world/entities\creatures\infected\zombiebase.c:166
scripts/4_World/entities\creatures\infected\zombiebase.c:257

Runtime mode
CLI params: port 2322 config serverDZ_By_HostHavoc.cfg profiles C:\TCAFiles\Users\ted\153052\HostHavocDayZServer servermod  mod @Namalsk Island;@Namalsk Survival;@CF;@Dabs Framework;@Community-Online-Tools;@shd_retextures;@Spurgles_BagZ;@sFramework;@sGunplay;@WindstridesClothingPack;@Advanced Weapon Scopes;@VPPAdminTools;@sGunplay_AWS;@Survivor Animations;@DayZ-Bicycle;@DayZ-Dog;@Drones;@SpawnerBubaku;@PseudoGiant;@dbo_spiders;@TFServerPack;@DNA Keycards; 


------------------------------------
GSP-MTL-03, 21.06 2023 11:36:12
NULL pointer to instance when trying to access variable 'm_Subtype' (Parent instance is null)
Class:      'ZmbM_PatrolNormal_Base'
Entity id:262545

Function: 'FightLogic'
Stack trace:
ZenZombieDoors/scripts/4_world/entities\creatures\infected\zombiebase.c:166
scripts/4_World/entities\creatures\infected\zombiebase.c:257

Runtime mode
CLI params: port 2322 config serverDZ_By_HostHavoc.cfg profiles C:\TCAFiles\Users\ted\153052\HostHavocDayZServer servermod  mod @Namalsk Island;@Namalsk Survival;@CF;@Dabs Framework;@Community-Online-Tools;@shd_retextures;@Spurgles_BagZ;@sFramework;@sGunplay;@WindstridesClothingPack;@Advanced Weapon Scopes;@VPPAdminTools;@sGunplay_AWS;@Survivor Animations;@DayZ-Bicycle;@DayZ-Dog;@Drones;@SpawnerBubaku;@PseudoGiant;@dbo_spiders;@TFServerPack;@DNA Keycards; 


------------------------------------
GSP-MTL-03, 21.06 2023 11:36:12
NULL pointer to instance when trying to access variable 'm_Subtype' (Parent instance is null)
Class:      'ZmbM_PatrolNormal_Base'
Entity id:262545

Function: 'FightLogic'
Stack trace:
ZenZombieDoors/scripts/4_world/entities\creatures\infected\zombiebase.c:166
scripts/4_World/entities\creatures\infected\zombiebase.c:257

Runtime mode
CLI params: port 2322 config serverDZ_By_HostHavoc.cfg profiles C:\TCAFiles\Users\ted\153052\HostHavocDayZServer servermod  mod @Namalsk Island;@Namalsk Survival;@CF;@Dabs Framework;@Community-Online-Tools;@shd_retextures;@Spurgles_BagZ;@sFramework;@sGunplay;@WindstridesClothingPack;@Advanced Weapon Scopes;@VPPAdminTools;@sGunplay_AWS;@Survivor Animations;@DayZ-Bicycle;@DayZ-Dog;@Drones;@SpawnerBubaku;@PseudoGiant;@dbo_spiders;@TFServerPack;@DNA Keycards; 


------------------------------------
GSP-MTL-03, 21.06 2023 11:36:12
NULL pointer to instance when trying to access variable 'm_Subtype' (Parent instance is null)
Class:      'ZmbM_PatrolNormal_Base'
Entity id:262545

Function: 'FightLogic'
Stack trace:
ZenZombieDoors/scripts/4_world/entities\creatures\infected\zombiebase.c:166
scripts/4_World/entities\creatures\infected\zombiebase.c:257

Runtime mode
CLI params: port 2322 config serverDZ_By_HostHavoc.cfg profiles C:\TCAFiles\Users\ted\153052\HostHavocDayZServer servermod  mod @Namalsk Island;@Namalsk Survival;@CF;@Dabs Framework;@Community-Online-Tools;@shd_retextures;@Spurgles_BagZ;@sFramework;@sGunplay;@WindstridesClothingPack;@Advanced Weapon Scopes;@VPPAdminTools;@sGunplay_AWS;@Survivor Animations;@DayZ-Bicycle;@DayZ-Dog;@Drones;@SpawnerBubaku;@PseudoGiant;@dbo_spiders;@TFServerPack;@DNA Keycards; 


------------------------------------
GSP-MTL-03, 21.06 2023 11:36:12
NULL pointer to instance when trying to access variable 'm_Subtype' (Parent instance is null)
Class:      'ZmbM_PatrolNormal_Base'
Entity id:262545

Function: 'FightLogic'
Stack trace:
ZenZombieDoors/scripts/4_world/entities\creatures\infected\zombiebase.c:166
scripts/4_World/entities\creatures\infected\zombiebase.c:257

Runtime mode
CLI params: port 2322 config serverDZ_By_HostHavoc.cfg profiles C:\TCAFiles\Users\ted\153052\HostHavocDayZServer servermod  mod @Namalsk Island;@Namalsk Survival;@CF;@Dabs Framework;@Community-Online-Tools;@shd_retextures;@Spurgles_BagZ;@sFramework;@sGunplay;@WindstridesClothingPack;@Advanced Weapon Scopes;@VPPAdminTools;@sGunplay_AWS;@Survivor Animations;@DayZ-Bicycle;@DayZ-Dog;@Drones;@SpawnerBubaku;@PseudoGiant;@dbo_spiders;@TFServerPack;@DNA Keycards; 


------------------------------------
GSP-MTL-03, 21.06 2023 11:36:12
NULL pointer to instance when trying to access variable 'm_Subtype' (Parent instance is null)
Class:      'ZmbM_PatrolNormal_Base'
Entity id:262545

Function: 'FightLogic'
Stack trace:
ZenZombieDoors/scripts/4_world/entities\creatures\infected\zombiebase.c:166
scripts/4_World/entities\creatures\infected\zombiebase.c:257

Runtime mode
CLI params: port 2322 config serverDZ_By_HostHavoc.cfg profiles C:\TCAFiles\Users\ted\153052\HostHavocDayZServer servermod  mod @Namalsk Island;@Namalsk Survival;@CF;@Dabs Framework;@Community-Online-Tools;@shd_retextures;@Spurgles_BagZ;@sFramework;@sGunplay;@WindstridesClothingPack;@Advanced Weapon Scopes;@VPPAdminTools;@sGunplay_AWS;@Survivor Animations;@DayZ-Bicycle;@DayZ-Dog;@Drones;@SpawnerBubaku;@PseudoGiant;@dbo_spiders;@TFServerPack;@DNA Keycards; 


------------------------------------
GSP-MTL-03, 21.06 2023 11:36:12
NULL pointer to instance when trying to access variable 'm_Subtype' (Parent instance is null)
Class:      'ZmbM_PatrolNormal_Base'
Entity id:262545

Function: 'FightLogic'
Stack trace:
ZenZombieDoors/scripts/4_world/entities\creatures\infected\zombiebase.c:166
scripts/4_World/entities\creatures\infected\zombiebase.c:257

Runtime mode
CLI params: port 2322 config serverDZ_By_HostHavoc.cfg profiles C:\TCAFiles\Users\ted\153052\HostHavocDayZServer servermod  mod @Namalsk Island;@Namalsk Survival;@CF;@Dabs Framework;@Community-Online-Tools;@shd_retextures;@Spurgles_BagZ;@sFramework;@sGunplay;@WindstridesClothingPack;@Advanced Weapon Scopes;@VPPAdminTools;@sGunplay_AWS;@Survivor Animations;@DayZ-Bicycle;@DayZ-Dog;@Drones;@SpawnerBubaku;@PseudoGiant;@dbo_spiders;@TFServerPack;@DNA Keycards; 


------------------------------------
GSP-MTL-03, 21.06 2023 11:36:12
NULL pointer to instance when trying to access variable 'm_Subtype' (Parent instance is null)
Class:      'ZmbM_PatrolNormal_Base'
Entity id:262545

Function: 'FightLogic'
Stack trace:
ZenZombieDoors/scripts/4_world/entities\creatures\infected\zombiebase.c:166
scripts/4_World/entities\creatures\infected\zombiebase.c:257

Runtime mode
CLI params: port 2322 config serverDZ_By_HostHavoc.cfg profiles C:\TCAFiles\Users\ted\153052\HostHavocDayZServer servermod  mod @Namalsk Island;@Namalsk Survival;@CF;@Dabs Framework;@Community-Online-Tools;@shd_retextures;@Spurgles_BagZ;@sFramework;@sGunplay;@WindstridesClothingPack;@Advanced Weapon Scopes;@VPPAdminTools;@sGunplay_AWS;@Survivor Animations;@DayZ-Bicycle;@DayZ-Dog;@Drones;@SpawnerBubaku;@PseudoGiant;@dbo_spiders;@TFServerPack;@DNA Keycards; 


------------------------------------
GSP-MTL-03, 21.06 2023 11:36:12
NULL pointer to instance when trying to access variable 'm_Subtype' (Parent instance is null)
Class:      'ZmbM_PatrolNormal_Base'
Entity id:262545

Function: 'FightLogic'
Stack trace:
ZenZombieDoors/scripts/4_world/entities\creatures\infected\zombiebase.c:166
scripts/4_World/entities\creatures\infected\zombiebase.c:257

Runtime mode
CLI params: port 2322 config serverDZ_By_HostHavoc.cfg profiles C:\TCAFiles\Users\ted\153052\HostHavocDayZServer servermod  mod @Namalsk Island;@Namalsk Survival;@CF;@Dabs Framework;@Community-Online-Tools;@shd_retextures;@Spurgles_BagZ;@sFramework;@sGunplay;@WindstridesClothingPack;@Advanced Weapon Scopes;@VPPAdminTools;@sGunplay_AWS;@Survivor Animations;@DayZ-Bicycle;@DayZ-Dog;@Drones;@SpawnerBubaku;@PseudoGiant;@dbo_spiders;@TFServerPack;@DNA Keycards; 


------------------------------------
GSP-MTL-03, 21.06 2023 11:36:13
NULL pointer to instance when trying to access variable 'm_Subtype' (Parent instance is null)
Class:      'ZmbM_PatrolNormal_Base'
Entity id:262545

Function: 'FightLogic'
Stack trace:
ZenZombieDoors/scripts/4_world/entities\creatures\infected\zombiebase.c:166
scripts/4_World/entities\creatures\infected\zombiebase.c:257

Runtime mode
CLI params: port 2322 config serverDZ_By_HostHavoc.cfg profiles C:\TCAFiles\Users\ted\153052\HostHavocDayZServer servermod  mod @Namalsk Island;@Namalsk Survival;@CF;@Dabs Framework;@Community-Online-Tools;@shd_retextures;@Spurgles_BagZ;@sFramework;@sGunplay;@WindstridesClothingPack;@Advanced Weapon Scopes;@VPPAdminTools;@sGunplay_AWS;@Survivor Animations;@DayZ-Bicycle;@DayZ-Dog;@Drones;@SpawnerBubaku;@PseudoGiant;@dbo_spiders;@TFServerPack;@DNA Keycards; 


------------------------------------
GSP-MTL-03, 21.06 2023 11:36:13
NULL pointer to instance when trying to access variable 'm_Subtype' (Parent instance is null)
Class:      'ZmbM_PatrolNormal_Base'
Entity id:262545

Function: 'FightLogic'
Stack trace:
ZenZombieDoors/scripts/4_world/entities\creatures\infected\zombiebase.c:166
scripts/4_World/entities\creatures\infected\zombiebase.c:257

Runtime mode
CLI params: port 2322 config serverDZ_By_HostHavoc.cfg profiles C:\TCAFiles\Users\ted\153052\HostHavocDayZServer servermod  mod @Namalsk Island;@Namalsk Survival;@CF;@Dabs Framework;@Community-Online-Tools;@shd_retextures;@Spurgles_BagZ;@sFramework;@sGunplay;@WindstridesClothingPack;@Advanced Weapon Scopes;@VPPAdminTools;@sGunplay_AWS;@Survivor Animations;@DayZ-Bicycle;@DayZ-Dog;@Drones;@SpawnerBubaku;@PseudoGiant;@dbo_spiders;@TFServerPack;@DNA Keycards; 


------------------------------------
GSP-MTL-03, 21.06 2023 11:36:13
NULL pointer to instance when trying to access variable 'm_Subtype' (Parent instance is null)
Class:      'ZmbM_PatrolNormal_Base'
Entity id:262545

Function: 'FightLogic'
Stack trace:
ZenZombieDoors/scripts/4_world/entities\creatures\infected\zombiebase.c:166
scripts/4_World/entities\creatures\infected\zombiebase.c:257

Runtime mode
CLI params: port 2322 config serverDZ_By_HostHavoc.cfg profiles C:\TCAFiles\Users\ted\153052\HostHavocDayZServer servermod  mod @Namalsk Island;@Namalsk Survival;@CF;@Dabs Framework;@Community-Online-Tools;@shd_retextures;@Spurgles_BagZ;@sFramework;@sGunplay;@WindstridesClothingPack;@Advanced Weapon Scopes;@VPPAdminTools;@sGunplay_AWS;@Survivor Animations;@DayZ-Bicycle;@DayZ-Dog;@Drones;@SpawnerBubaku;@PseudoGiant;@dbo_spiders;@TFServerPack;@DNA Keycards; 


------------------------------------
GSP-MTL-03, 21.06 2023 11:36:13
NULL pointer to instance when trying to access variable 'm_Subtype' (Parent instance is null)
Class:      'ZmbM_PatrolNormal_Base'
Entity id:262545

Function: 'FightLogic'
Stack trace:
ZenZombieDoors/scripts/4_world/entities\creatures\infected\zombiebase.c:166
scripts/4_World/entities\creatures\infected\zombiebase.c:257

Runtime mode
CLI params: port 2322 config serverDZ_By_HostHavoc.cfg profiles C:\TCAFiles\Users\ted\153052\HostHavocDayZServer servermod  mod @Namalsk Island;@Namalsk Survival;@CF;@Dabs Framework;@Community-Online-Tools;@shd_retextures;@Spurgles_BagZ;@sFramework;@sGunplay;@WindstridesClothingPack;@Advanced Weapon Scopes;@VPPAdminTools;@sGunplay_AWS;@Survivor Animations;@DayZ-Bicycle;@DayZ-Dog;@Drones;@SpawnerBubaku;@PseudoGiant;@dbo_spiders;@TFServerPack;@DNA Keycards; 


------------------------------------
GSP-MTL-03, 21.06 2023 11:36:13
NULL pointer to instance when trying to access variable 'm_Subtype' (Parent instance is null)
Class:      'ZmbM_PatrolNormal_Base'
Entity id:262545

Function: 'FightLogic'
Stack trace:
ZenZombieDoors/scripts/4_world/entities\creatures\infected\zombiebase.c:166
scripts/4_World/entities\creatures\infected\zombiebase.c:257

Runtime mode
CLI params: port 2322 config serverDZ_By_HostHavoc.cfg profiles C:\TCAFiles\Users\ted\153052\HostHavocDayZServer servermod  mod @Namalsk Island;@Namalsk Survival;@CF;@Dabs Framework;@Community-Online-Tools;@shd_retextures;@Spurgles_BagZ;@sFramework;@sGunplay;@WindstridesClothingPack;@Advanced Weapon Scopes;@VPPAdminTools;@sGunplay_AWS;@Survivor Animations;@DayZ-Bicycle;@DayZ-Dog;@Drones;@SpawnerBubaku;@PseudoGiant;@dbo_spiders;@TFServerPack;@DNA Keycards; 


------------------------------------
GSP-MTL-03, 21.06 2023 11:36:13
NULL pointer to instance when trying to access variable 'm_Subtype' (Parent instance is null)
Class:      'ZmbM_PatrolNormal_Base'
Entity id:262545

Function: 'FightLogic'
Stack trace:
ZenZombieDoors/scripts/4_world/entities\creatures\infected\zombiebase.c:166
scripts/4_World/entities\creatures\infected\zombiebase.c:257

Runtime mode
CLI params: port 2322 config serverDZ_By_HostHavoc.cfg profiles C:\TCAFiles\Users\ted\153052\HostHavocDayZServer servermod  mod @Namalsk Island;@Namalsk Survival;@CF;@Dabs Framework;@Community-Online-Tools;@shd_retextures;@Spurgles_BagZ;@sFramework;@sGunplay;@WindstridesClothingPack;@Advanced Weapon Scopes;@VPPAdminTools;@sGunplay_AWS;@Survivor Animations;@DayZ-Bicycle;@DayZ-Dog;@Drones;@SpawnerBubaku;@PseudoGiant;@dbo_spiders;@TFServerPack;@DNA Keycards; 


------------------------------------
GSP-MTL-03, 21.06 2023 11:36:13
NULL pointer to instance when trying to access variable 'm_Subtype' (Parent instance is null)
Class:      'ZmbM_PatrolNormal_Base'
Entity id:262545

Function: 'FightLogic'
Stack trace:
ZenZombieDoors/scripts/4_world/entities\creatures\infected\zombiebase.c:166
scripts/4_World/entities\creatures\infected\zombiebase.c:257

Runtime mode
CLI params: port 2322 config serverDZ_By_HostHavoc.cfg profiles C:\TCAFiles\Users\ted\153052\HostHavocDayZServer servermod  mod @Namalsk Island;@Namalsk Survival;@CF;@Dabs Framework;@Community-Online-Tools;@shd_retextures;@Spurgles_BagZ;@sFramework;@sGunplay;@WindstridesClothingPack;@Advanced Weapon Scopes;@VPPAdminTools;@sGunplay_AWS;@Survivor Animations;@DayZ-Bicycle;@DayZ-Dog;@Drones;@SpawnerBubaku;@PseudoGiant;@dbo_spiders;@TFServerPack;@DNA Keycards; 


------------------------------------
GSP-MTL-03, 21.06 2023 11:36:13
NULL pointer to instance when trying to access variable 'm_Subtype' (Parent instance is null)
Class:      'ZmbM_PatrolNormal_Base'
Entity id:262545

Function: 'FightLogic'
Stack trace:
ZenZombieDoors/scripts/4_world/entities\creatures\infected\zombiebase.c:166
scripts/4_World/entities\creatures\infected\zombiebase.c:257

Runtime mode
CLI params: port 2322 config serverDZ_By_HostHavoc.cfg profiles C:\TCAFiles\Users\ted\153052\HostHavocDayZServer servermod  mod @Namalsk Island;@Namalsk Survival;@CF;@Dabs Framework;@Community-Online-Tools;@shd_retextures;@Spurgles_BagZ;@sFramework;@sGunplay;@WindstridesClothingPack;@Advanced Weapon Scopes;@VPPAdminTools;@sGunplay_AWS;@Survivor Animations;@DayZ-Bicycle;@DayZ-Dog;@Drones;@SpawnerBubaku;@PseudoGiant;@dbo_spiders;@TFServerPack;@DNA Keycards; 
