

=====================================================================
== C:\TCAFiles\Users\ted\153052\DayZServer_x64.exe
== "C:\TCAFiles\Users\ted\153052\DayZServer_x64.exe" -port=2322 -config=serverDZ_By_HostHavoc.cfg -profiles=C:\TCAFiles\Users\ted\153052\HostHavocDayZServer "-servermod=" "-mod=@Spring Namalsk;@Namalsk Island;@Namalsk Survival;@CF;@Dabs Framework;@Community-Online-Tools;@shd_retextures;@Spurgles_BagZ;@sFramework;@sGunplay;@WindstridesClothingPack;@Advanced Weapon Scopes;@VPPAdminTools;@sGunplay_AWS;@Survivor Animations;@DayZ-Bicycle;@DayZ-Dog;@Drones;@SpawnerBubaku;@PseudoGiant;@dbo_spiders;@TFServerPack;@DNA Keycards;@dbo_raptors;" 
=====================================================================
Exe timestamp: 2023/06/20 05:19:39
Current time:  2023/06/26 07:56:30

Version 1.21.156300
 7:56:30.123 [Inputs] Loading inputs default "bin/constants.xml"
 7:56:30.126 [Inputs] Loading inputs default "bin/specific.xml"
 7:56:30.128 [Inputs] Loading inputs default "JM/COT/Scripts/Data/Inputs.xml"
 7:56:30.128 !!! [Inputs] Cannot Register "UAObjectModuleDeleteOnCursor" non-existent input - Fix Preset!
 7:56:30.128 [Inputs] Loading inputs default "MyMODS/sGunplay/scripts/data/inputs.xml"
 7:56:30.129 [Inputs] Loading inputs default "nst/ns_dayz/scripts/Data/Inputs.xml"
 7:56:30.129 [Inputs] Loading inputs default "VPPAdminTools/data/modded_Inputs.xml"
 7:56:30.130 [Inputs] Loading inputs default "WindstrideClothing/Inputs.xml"
 7:56:30.130 [Inputs] Loading inputs default "evg_drones/Inputs.xml"
 7:56:30.131 [Inputs] Loading inputs default "Dayz_Dog/Data/Inputs.xml"
 7:56:30.131 [Inputs] Loading inputs cfg "C:\TCAFiles\Users\ted\153052\HostHavocDayZServer\Users\Survivor\Server.core.xml"
 7:56:30.135 [Inputs] Exporting inputs cfg "C:\TCAFiles\Users\ted\153052\HostHavocDayZServer\Users\Survivor\Server.core.xml"
 7:56:42.315 [CE][Hive] :: Initializing OFFLINE
 7:56:42.315 [StorageDirs] :: Selected storage directory: C:\TCAFiles\Users\ted\153052\mpmissions\hardcore.namalsk\storage_1\
 7:56:42.316 [CE][Hive] :: Loading core data ... 
 7:56:42.316 [CE][CoreData] :: 7 root classes, 0 defaults, 0 updaters...
 7:56:47.171 [CE] :: WARNING :: Preset map "headsFirefighter" is EMPTY.
 7:56:47.173 [CE][TypeSetup] :: 557 classes setuped...
 7:56:51.47 [CE][RegisterBind] :: 0 classes binded...
 7:56:51.47 [CE][RegisterConfig] :: 16393 config classes registered, 0 sub-counters...
 7:56:51.47 [CE][Hive] :: Loading map data ... 
 7:56:51.83 !!! [CE] :: Unknown tag: 'shelves'.
 7:56:51.83 !!! [CE] :: Unknown category: 'books'.
 7:56:51.83 !!! [CE] :: Unknown tag: 'shelves'.
 7:56:51.84 !!! [CE] :: Unknown tag: 'shelves'.
 7:56:51.84 [CE][LoadPrototype] :: loaded 261 prototypes
 7:56:51.84   411 containers, 7544 points
 7:56:51.84   1 dispatches, 1 proxies
 7:56:51.84 !!! [CE][LoadPrototype] 1 groups have wrong points...
 7:56:51.84 !!! [CE][LoadPrototype] 2 groups were defined more than once and skipped...
 7:56:51.84 [CE][LoadPrototype] :: last group name: Land_Prison_Side...
 7:56:51.88 [CE][LoadPrototype] :: loaded 0 prototypes
 7:56:51.88   38 containers, 66 points
 7:56:51.88   0 dispatches, 0 proxies
 7:56:51.88 [CE][LoadPrototype] :: last group name: StoneLoc38...
 7:56:51.123 [CE][LoadMap] "Group" :: loaded 1644 groups, groups failed: 0, largest group range: 36.4
 7:56:51.124 [CE][LoadMap] "Dirt" :: loaded 0 groups, groups failed: 0, largest group range: 36.4
 7:56:51.132 [CE][Links] found 546 total links between groups, of 1644
 7:56:51.132 [CE][LoadClusters] "Cluster" :: Loading files...
 7:56:51.142 [CE][LoadClusters] :: file: "mapgroupcluster.xml", 1 types, 2418 instances
 7:56:51.143 [CE][Storage] ver:21 stamp:13798, valid:yes, name:"C:\TCAFiles\Users\ted\153052\mpmissions\hardcore.namalsk\storage_1\data\types.bin"
 7:56:51.144 [CE][Storage] ver:21 stamp:13799, valid:yes, name:"C:\TCAFiles\Users\ted\153052\mpmissions\hardcore.namalsk\storage_1\data\types.001"
 7:56:51.144 [CE][Storage] ver:21 stamp:13800, valid:yes, name:"C:\TCAFiles\Users\ted\153052\mpmissions\hardcore.namalsk\storage_1\data\types.002"
 7:56:51.145 [CE][Storage] Restoring file "C:\TCAFiles\Users\ted\153052\mpmissions\hardcore.namalsk\storage_1\data\types.002".
 7:56:51.300 [CE][offlineDB] :: Loaded 25 dynamic events 200 total types.
 7:56:51.314 !!! [CE] :: Unknown tag: 'shelves'.
 7:56:51.314 !!! [CE] :: Unknown tag: 'shelves'.
 7:56:51.314 !!! [CE] :: Unknown tag: 'floor'.
 7:56:51.314 !!! [CE] :: Unknown tag: 'floor'.
 7:56:51.314 !!! [CE] :: Unknown tag: 'floor'.
 7:56:51.314 !!! [CE] :: Unknown tag: 'floor'.
 7:56:51.314 !!! [CE] :: Unknown tag: 'floor'.
 7:56:51.314 !!! [CE] :: Unknown tag: 'floor'.
 7:56:51.314 !!! [CE] :: Unknown tag: 'floor'.
 7:56:51.315 !!! [CE] :: Unknown tag: 'floor'.
 7:56:51.315 !!! [CE] :: Unknown tag: 'floor'.
 7:56:51.315 !!! [CE] :: Unknown tag: 'floor'.
 7:56:51.315 !!! [CE] :: Unknown tag: 'floor'.
 7:56:51.315 !!! [CE] :: Unknown tag: 'floor'.
 7:56:51.315 !!! [CE][offlineDB] :: Type 'Leather_Cloak' will be ignored. (Type does not exist. (Typo?))
 7:56:51.315 !!! [CE] :: Unknown tag: 'floor'.
 7:56:51.315 !!! [CE] :: Unknown user defined value: 'Tier14'.
 7:56:51.315 !!! [CE][offlineDB] :: Type 'AD_LeupoldMk4' will be ignored. (Type does not exist. (Typo?))
 7:56:51.315 !!! [CE][offlineDB] :: Type 'AD_LeupoldMk4_MosinMount' will be ignored. (Type does not exist. (Typo?))
 7:56:51.315 !!! [CE][offlineDB] :: Type 'AD_LeupoldMk4_B13' will be ignored. (Type does not exist. (Typo?))
 7:56:51.316 !!! [CE][offlineDB] :: Type 'ChristmasTree' will be ignored. (Not spawnable. (Scope is not public?))
 7:56:51.322 [CE][DE][SPAWNS] :: Total positions: 254
 7:56:51.322 [CE][DE][GROUPS] :: Total eventgroups defined: 0, Eventgroups in use: 0
 7:56:51.323 [CE][Storage] ver:21 stamp:13798, valid:yes, name:"C:\TCAFiles\Users\ted\153052\mpmissions\hardcore.namalsk\storage_1\data\events.bin"
 7:56:51.323 [CE][Storage] ver:21 stamp:13799, valid:yes, name:"C:\TCAFiles\Users\ted\153052\mpmissions\hardcore.namalsk\storage_1\data\events.001"
 7:56:51.323 [CE][Storage] ver:21 stamp:13800, valid:yes, name:"C:\TCAFiles\Users\ted\153052\mpmissions\hardcore.namalsk\storage_1\data\events.002"
 7:56:51.324 [CE][Storage] Restoring file "C:\TCAFiles\Users\ted\153052\mpmissions\hardcore.namalsk\storage_1\data\events.002".
 7:56:51.324 [CE][DynamicEvent] Load  Events:[25] Primary spawners: 25 Secondary spawners: 0
 7:56:51.325 [CE][Storage] ver:25 stamp:13798, valid:yes, name:"C:\TCAFiles\Users\ted\153052\mpmissions\hardcore.namalsk\storage_1\data\dynamic_000.bin"
 7:56:51.325 [CE][Storage] ver:25 stamp:13799, valid:yes, name:"C:\TCAFiles\Users\ted\153052\mpmissions\hardcore.namalsk\storage_1\data\dynamic_000.001"
 7:56:51.325 [CE][Storage] ver:25 stamp:13800, valid:yes, name:"C:\TCAFiles\Users\ted\153052\mpmissions\hardcore.namalsk\storage_1\data\dynamic_000.002"
 7:56:51.325 [CE][Storage] Restoring file "C:\TCAFiles\Users\ted\153052\mpmissions\hardcore.namalsk\storage_1\data\dynamic_000.002" 1 items.
 7:56:51.327   1 items loaded. (0 failed)
 7:56:51.327 [CE][Storage] ver:25 stamp:13798, valid:yes, name:"C:\TCAFiles\Users\ted\153052\mpmissions\hardcore.namalsk\storage_1\data\dynamic_001.bin"
 7:56:51.328 [CE][Storage] ver:25 stamp:13799, valid:yes, name:"C:\TCAFiles\Users\ted\153052\mpmissions\hardcore.namalsk\storage_1\data\dynamic_001.001"
 7:56:51.329 [CE][Storage] ver:25 stamp:13800, valid:yes, name:"C:\TCAFiles\Users\ted\153052\mpmissions\hardcore.namalsk\storage_1\data\dynamic_001.002"
 7:56:51.329 [CE][Storage] Restoring file "C:\TCAFiles\Users\ted\153052\mpmissions\hardcore.namalsk\storage_1\data\dynamic_001.002" 162 items.
 7:56:51.528   162 items loaded. (0 failed)
 7:56:51.529 [CE][Storage] ver:25 stamp:13798, valid:yes, name:"C:\TCAFiles\Users\ted\153052\mpmissions\hardcore.namalsk\storage_1\data\dynamic_002.bin"
 7:56:51.529 [CE][Storage] ver:25 stamp:13799, valid:yes, name:"C:\TCAFiles\Users\ted\153052\mpmissions\hardcore.namalsk\storage_1\data\dynamic_002.001"
 7:56:51.530 [CE][Storage] ver:25 stamp:13800, valid:yes, name:"C:\TCAFiles\Users\ted\153052\mpmissions\hardcore.namalsk\storage_1\data\dynamic_002.002"
 7:56:51.530 [CE][Storage] Restoring file "C:\TCAFiles\Users\ted\153052\mpmissions\hardcore.namalsk\storage_1\data\dynamic_002.002" 71 items.
 7:56:51.614   71 items loaded. (0 failed)
 7:56:51.615 [CE][Storage] ver:25 stamp:13798, valid:yes, name:"C:\TCAFiles\Users\ted\153052\mpmissions\hardcore.namalsk\storage_1\data\dynamic_003.bin"
 7:56:51.616 [CE][Storage] ver:25 stamp:13799, valid:yes, name:"C:\TCAFiles\Users\ted\153052\mpmissions\hardcore.namalsk\storage_1\data\dynamic_003.001"
 7:56:51.617 [CE][Storage] ver:25 stamp:13800, valid:yes, name:"C:\TCAFiles\Users\ted\153052\mpmissions\hardcore.namalsk\storage_1\data\dynamic_003.002"
 7:56:51.617 [CE][Storage] Restoring file "C:\TCAFiles\Users\ted\153052\mpmissions\hardcore.namalsk\storage_1\data\dynamic_003.002" 1006 items.
 7:56:52.532   1006 items loaded. (0 failed)
 7:56:52.536 !!! [CE][Storage] Failed to read [Storage] data file "C:\TCAFiles\Users\ted\153052\mpmissions\hardcore.namalsk\storage_1\data\dynamic_004.bin".
 7:56:52.536   File not closed...
 7:56:52.536 [CE][Storage] ver:25 stamp:13801, valid:NO, name:"C:\TCAFiles\Users\ted\153052\mpmissions\hardcore.namalsk\storage_1\data\dynamic_004.bin"
 7:56:52.536 [CE][Storage] ver:25 stamp:13799, valid:yes, name:"C:\TCAFiles\Users\ted\153052\mpmissions\hardcore.namalsk\storage_1\data\dynamic_004.001"
 7:56:52.537 [CE][Storage] ver:25 stamp:13800, valid:yes, name:"C:\TCAFiles\Users\ted\153052\mpmissions\hardcore.namalsk\storage_1\data\dynamic_004.002"
 7:56:52.537 [CE][Storage] Restoring file "C:\TCAFiles\Users\ted\153052\mpmissions\hardcore.namalsk\storage_1\data\dynamic_004.002" 1917 items.
 7:56:53.788   1917 items loaded. (0 failed)
 7:56:53.789 [CE][Storage] ver:25 stamp:13801, valid:yes, name:"C:\TCAFiles\Users\ted\153052\mpmissions\hardcore.namalsk\storage_1\data\dynamic_005.bin"
 7:56:53.790 [CE][Storage] ver:25 stamp:13799, valid:yes, name:"C:\TCAFiles\Users\ted\153052\mpmissions\hardcore.namalsk\storage_1\data\dynamic_005.001"
 7:56:53.791 [CE][Storage] ver:25 stamp:13800, valid:yes, name:"C:\TCAFiles\Users\ted\153052\mpmissions\hardcore.namalsk\storage_1\data\dynamic_005.002"
 7:56:53.791 [CE][Storage] Restoring file "C:\TCAFiles\Users\ted\153052\mpmissions\hardcore.namalsk\storage_1\data\dynamic_005.bin" 896 items.
 7:56:54.398   896 items loaded. (0 failed)
 7:56:54.399 [CE][Storage] ver:25 stamp:13801, valid:yes, name:"C:\TCAFiles\Users\ted\153052\mpmissions\hardcore.namalsk\storage_1\data\dynamic_006.bin"
 7:56:54.399 [CE][Storage] ver:25 stamp:13799, valid:yes, name:"C:\TCAFiles\Users\ted\153052\mpmissions\hardcore.namalsk\storage_1\data\dynamic_006.001"
 7:56:54.400 [CE][Storage] ver:25 stamp:13800, valid:yes, name:"C:\TCAFiles\Users\ted\153052\mpmissions\hardcore.namalsk\storage_1\data\dynamic_006.002"
 7:56:54.400 [CE][Storage] Restoring file "C:\TCAFiles\Users\ted\153052\mpmissions\hardcore.namalsk\storage_1\data\dynamic_006.bin" 2154 items.
 7:56:55.667   2154 items loaded. (0 failed)
 7:56:55.667 [CE][Storage] ver:25 stamp:13801, valid:yes, name:"C:\TCAFiles\Users\ted\153052\mpmissions\hardcore.namalsk\storage_1\data\dynamic_007.bin"
 7:56:55.668 [CE][Storage] ver:25 stamp:13799, valid:yes, name:"C:\TCAFiles\Users\ted\153052\mpmissions\hardcore.namalsk\storage_1\data\dynamic_007.001"
 7:56:55.668 [CE][Storage] ver:25 stamp:13800, valid:yes, name:"C:\TCAFiles\Users\ted\153052\mpmissions\hardcore.namalsk\storage_1\data\dynamic_007.002"
 7:56:55.669 [CE][Storage] Restoring file "C:\TCAFiles\Users\ted\153052\mpmissions\hardcore.namalsk\storage_1\data\dynamic_007.bin" 670 items.
 7:56:56.72   670 items loaded. (0 failed)
 7:56:56.72 [CE][Storage] ver:25 stamp:13801, valid:yes, name:"C:\TCAFiles\Users\ted\153052\mpmissions\hardcore.namalsk\storage_1\data\dynamic_008.bin"
 7:56:56.73 [CE][Storage] ver:25 stamp:13799, valid:yes, name:"C:\TCAFiles\Users\ted\153052\mpmissions\hardcore.namalsk\storage_1\data\dynamic_008.001"
 7:56:56.74 [CE][Storage] ver:25 stamp:13800, valid:yes, name:"C:\TCAFiles\Users\ted\153052\mpmissions\hardcore.namalsk\storage_1\data\dynamic_008.002"
 7:56:56.74 [CE][Storage] Restoring file "C:\TCAFiles\Users\ted\153052\mpmissions\hardcore.namalsk\storage_1\data\dynamic_008.bin" 507 items.
 7:56:56.412   507 items loaded. (0 failed)
 7:56:56.412 [CE][Storage] ver:25 stamp:13801, valid:yes, name:"C:\TCAFiles\Users\ted\153052\mpmissions\hardcore.namalsk\storage_1\data\dynamic_009.bin"
 7:56:56.412 [CE][Storage] ver:25 stamp:13799, valid:yes, name:"C:\TCAFiles\Users\ted\153052\mpmissions\hardcore.namalsk\storage_1\data\dynamic_009.001"
 7:56:56.412 [CE][Storage] ver:25 stamp:13800, valid:yes, name:"C:\TCAFiles\Users\ted\153052\mpmissions\hardcore.namalsk\storage_1\data\dynamic_009.002"
 7:56:56.413 [CE][Storage] Restoring file "C:\TCAFiles\Users\ted\153052\mpmissions\hardcore.namalsk\storage_1\data\dynamic_009.bin" 0 items.
 7:56:56.413   0 items loaded. (0 failed)
 7:56:56.413 [CE][Storage] ver:25 stamp:13801, valid:yes, name:"C:\TCAFiles\Users\ted\153052\mpmissions\hardcore.namalsk\storage_1\data\dynamic_010.bin"
 7:56:56.413 [CE][Storage] ver:25 stamp:13799, valid:yes, name:"C:\TCAFiles\Users\ted\153052\mpmissions\hardcore.namalsk\storage_1\data\dynamic_010.001"
 7:56:56.414 [CE][Storage] ver:25 stamp:13800, valid:yes, name:"C:\TCAFiles\Users\ted\153052\mpmissions\hardcore.namalsk\storage_1\data\dynamic_010.002"
 7:56:56.414 [CE][Storage] Restoring file "C:\TCAFiles\Users\ted\153052\mpmissions\hardcore.namalsk\storage_1\data\dynamic_010.bin" 48 items.
 7:56:56.455   48 items loaded. (0 failed)
 7:56:56.456 [CE][Storage] ver:25 stamp:13801, valid:yes, name:"C:\TCAFiles\Users\ted\153052\mpmissions\hardcore.namalsk\storage_1\data\dynamic_011.bin"
 7:56:56.456 [CE][Storage] ver:25 stamp:13799, valid:yes, name:"C:\TCAFiles\Users\ted\153052\mpmissions\hardcore.namalsk\storage_1\data\dynamic_011.001"
 7:56:56.457 [CE][Storage] ver:25 stamp:13800, valid:yes, name:"C:\TCAFiles\Users\ted\153052\mpmissions\hardcore.namalsk\storage_1\data\dynamic_011.002"
 7:56:56.457 [CE][Storage] Restoring file "C:\TCAFiles\Users\ted\153052\mpmissions\hardcore.namalsk\storage_1\data\dynamic_011.bin" 51 items.
 7:56:56.498   51 items loaded. (0 failed)
 7:56:56.498 [CE][Storage] ver:26 stamp:13798, valid:yes, name:"C:\TCAFiles\Users\ted\153052\mpmissions\hardcore.namalsk\storage_1\data\building.bin"
 7:56:56.499 [CE][Storage] ver:26 stamp:13799, valid:yes, name:"C:\TCAFiles\Users\ted\153052\mpmissions\hardcore.namalsk\storage_1\data\building.001"
 7:56:56.499 [CE][Storage] ver:26 stamp:13800, valid:yes, name:"C:\TCAFiles\Users\ted\153052\mpmissions\hardcore.namalsk\storage_1\data\building.002"
 7:56:56.499 [CE][Storage] Restoring file "C:\TCAFiles\Users\ted\153052\mpmissions\hardcore.namalsk\storage_1\data\building.002" 2 items.
 7:56:56.499   2 items loaded. (0 failed)
 7:56:56.500 [CE][Storage] ver:25 stamp:13798, valid:yes, name:"C:\TCAFiles\Users\ted\153052\mpmissions\hardcore.namalsk\storage_1\data\vehicles.bin"
 7:56:56.501 [CE][Storage] ver:25 stamp:13799, valid:yes, name:"C:\TCAFiles\Users\ted\153052\mpmissions\hardcore.namalsk\storage_1\data\vehicles.001"
 7:56:56.501 [CE][Storage] ver:25 stamp:13800, valid:yes, name:"C:\TCAFiles\Users\ted\153052\mpmissions\hardcore.namalsk\storage_1\data\vehicles.002"
 7:56:56.501 [CE][Storage] Restoring file "C:\TCAFiles\Users\ted\153052\mpmissions\hardcore.namalsk\storage_1\data\vehicles.002" 111 items.
 7:56:56.699   111 items loaded. (0 failed)
 7:56:56.706 [CE][Hive] :: Storage load took:5.38 seconds, recovery stamp:13801
 7:56:56.706   entity: 8372, building: 2
 7:56:56.706   no lifetime: 30
 7:56:56.706   pathgraph's: 192
 7:56:56.707 [CE][Hive] :: Initializing ... 
 7:56:56.723 [CE][InitializeMap] :: initialized: 2
 7:56:56.723 [CE][Hive] :: Initializing spawners ... 
 7:56:56.740 [CE][LootRespawner] (PRIDummy) :: Item [0] causing search overtime: "SurgicalGloves_Blue"
 7:56:56.740 [CE][LootRespawner] (PRIDummy) :: Item [1] causing search overtime: "WoolGloves_Green"
 7:56:56.741 [CE][LootRespawner] (PRIDummy) :: Item [2] causing search overtime: "dzn_platecarrierpouches_nac"
 7:56:56.745 [CE][LootRespawner] (PRIDummy) :: Item [0] is hard to place, performance drops: "Jeans_Green"
 7:56:56.745 [CE][LootRespawner] (PRIDummy) :: Item [1] is hard to place, performance drops: "Jeans_Green"
 7:56:56.750 [CE][LootRespawner] (PRIDummy) :: Item [2] is hard to place, performance drops: "WoolCoat_RedCheck"
 7:56:56.753 [CE][LootRespawner] (PRIDummy) :: Item [3] is hard to place, performance drops: "dzn_gorka_pants_winter"
 7:56:56.761 [CE][LootRespawner] (PRIDummy) :: Item [4] is hard to place, performance drops: "dzn_ghillietoptandark"
 7:56:56.763 [CE][LootRespawner] (PRIDummy) :: Item [3] causing search overtime: "BandageDressing"
 7:56:56.763 [CE][LootRespawner] (PRIDummy) :: Item [4] causing search overtime: "SurgicalGloves_White"
 7:56:56.763 [CE][LootRespawner] (PRIDummy) :: Item [5] causing search overtime: "SurgicalGloves_White"
 7:56:56.764 [CE][LootRespawner] (PRIDummy) :: Item [6] causing search overtime: "SurgicalGloves_White"
 7:56:56.764 [CE][LootRespawner] (PRIDummy) :: Item [7] causing search overtime: "SurgicalGloves_White"
 7:56:56.764 [CE][LootRespawner] (PRIDummy) :: Item [8] causing search overtime: "SurgicalGloves_White"
 7:56:56.764 [CE][LootRespawner] (PRIDummy) :: Item [9] causing search overtime: "SurgicalGloves_White"
 7:56:56.764 [CE][LootRespawner] (PRIDummy) :: Item [5] is hard to place, performance drops: "M65Jacket_Black"
 7:56:56.764 [CE][LootRespawner] (PRIDummy) :: Item [6] is hard to place, performance drops: "M65Jacket_Black"
 7:56:56.767 [CE][LootRespawner] (PRIDummy) :: Item [10] causing search overtime: "WoolGlovesFingerless_Tan"
 7:56:56.768 [CE][LootRespawner] (PRIDummy) :: Item [11] causing search overtime: "dzn_SodaCan_Kvass"
 7:56:56.771 [CE][LootRespawner] (PRIDummy) :: Item [7] is hard to place, performance drops: "GorkaPants_Summer"
 7:56:56.771 [CE][LootRespawner] (PRIDummy) :: Item [8] is hard to place, performance drops: "GorkaPants_Summer"
 7:56:56.773 [CE][LootRespawner] (PRIDummy) :: Item [12] causing search overtime: "ParamedicJacket_Green"
 7:56:56.773 [CE][LootRespawner] (PRIDummy) :: Item [13] causing search overtime: "ParamedicJacket_Green"
 7:56:56.779 [CE][LootRespawner] (PRIDummy) :: Item [14] causing search overtime: "SurgicalGloves_LightBlue"
 7:56:56.779 [CE][LootRespawner] (PRIDummy) :: Item [15] causing search overtime: "SurgicalGloves_LightBlue"
 7:56:56.779 [CE][LootRespawner] (PRIDummy) :: Item [16] causing search overtime: "SurgicalGloves_LightBlue"
 7:56:56.779 [CE][LootRespawner] (PRIDummy) :: Item [17] causing search overtime: "SurgicalGloves_LightBlue"
 7:56:56.779 [CE][LootRespawner] (PRIDummy) :: Item [18] causing search overtime: "SurgicalGloves_LightBlue"
 7:56:56.779 [CE][LootRespawner] (PRIDummy) :: Item [19] causing search overtime: "SurgicalGloves_LightBlue"
 7:56:56.802 [CE][LootRespawner] (PRIDummy) :: Item [9] is hard to place, performance drops: "TTsKOJacket_Camo"
 7:56:56.803 !!! [CE][Point] Removing 4177.679688, 8071.848633 from land_datsun01T
 7:56:56.803 [CE][LootRespawner] (PRIDummy) :: Item [10] is hard to place, performance drops: "QuiltedJacket_Violet"
 7:56:56.818 [CE][LootRespawner] (PRIDummy) :: Item [11] is hard to place, performance drops: "MotoHelmet_Green"
 7:56:56.822 [CE][LootRespawner] (PRIDummy) :: Item [12] is hard to place, performance drops: "HunterPants_Brown"
 7:56:56.852 [CE][LootRespawner] (PRIDummy) :: Item [13] is hard to place, performance drops: "GhillieBushrag_White"
 7:56:56.859 [CE][LootRespawner] (PRIDummy) :: Item [14] is hard to place, performance drops: "WorkingGloves_Brown"
 7:56:56.864 [CE][LootRespawner] (PRIDummy) :: Item [15] is hard to place, performance drops: "Magnum"
 7:56:56.866 [CE][LootRespawner] (PRIDummy) :: Item [16] is hard to place, performance drops: "WorkingGloves_Yellow"
 7:56:56.868 [CE][LootRespawner] (PRIDummy) :: Item [17] is hard to place, performance drops: "WorkingGloves_Yellow"
 7:56:56.869 [CE][LootRespawner] (PRIDummy) :: Item [18] is hard to place, performance drops: "WorkingGloves_Yellow"
 7:56:56.896 [CE][LootRespawner] (PRIDummy) :: Item [19] is hard to place, performance drops: "GorkaEJacket_Summer"
 7:56:56.918 [CE][LootRespawner] (PRIDummy) :: Initially (re)spawned:722, Nominal:12180, Total in Map: 8350 at 0 (sec)
 7:56:56.918   tests:761, repeats:0 fails:39, overtime:856
 7:56:57.865 [CE][DynEvent] :: 25 types
 7:56:57.865 [00] AnimalRaptor1
 7:56:57.865   Primary Spawner: "Animal", active: yes, repeat: 1
 7:56:57.865 [01] AnimalRaptor1B
 7:56:57.865   Primary Spawner: "Animal", active: yes, repeat: 1
 7:56:57.865 [02] AnimalRaptor1C
 7:56:57.865   Primary Spawner: "Animal", active: yes, repeat: 1
 7:56:57.865 [03] AnimalRaptor2
 7:56:57.865   Primary Spawner: "Animal", active: yes, repeat: 1
 7:56:57.865 [04] AnimalRaptor3
 7:56:57.865   Primary Spawner: "Animal", active: yes, repeat: 1
 7:56:57.865 [05] AnimalRaptor4
 7:56:57.865   Primary Spawner: "Animal", active: yes, repeat: 1
 7:56:57.865 [06] Loot
 7:56:57.865   Primary Spawner: "Loot", active: yes, repeat: 2
 7:56:57.865 [07] StaticMedDrop
 7:56:57.865   Primary Spawner: "Static", active: yes, repeat: 1
 7:56:57.865 [08] StaticLifeboat
 7:56:57.865   Primary Spawner: "Static", active: yes, repeat: 1
 7:56:57.865 [09] TrajectoryStones
 7:56:57.865   Primary Spawner: "Trajectory", active: yes, repeat: 1
 7:56:57.865 [10] AnimalWildDog
 7:56:57.865   Primary Spawner: "Animal", active: yes, repeat: 1
 7:56:57.865 [11] InfectedSanta
 7:56:57.865   Primary Spawner: "Infected", active: yes, repeat: 1
 7:56:57.865 [12] InfectedArmy
 7:56:57.865   Primary Spawner: "Infected", active: yes, repeat: 1
 7:56:57.865 [13] InfectedIndustrial
 7:56:57.865   Primary Spawner: "Infected", active: yes, repeat: 1
 7:56:57.865 [14] InfectedCivil
 7:56:57.865   Primary Spawner: "Infected", active: yes, repeat: 1
 7:56:57.865 [15] InfectedMedic
 7:56:57.865   Primary Spawner: "Infected", active: yes, repeat: 1
 7:56:57.865 [16] AnimalGoat
 7:56:57.865   Primary Spawner: "Animal", active: yes, repeat: 1
 7:56:57.865 [17] AnimalSheep
 7:56:57.865   Primary Spawner: "Animal", active: yes, repeat: 1
 7:56:57.865 [18] AnimalRoeDeer
 7:56:57.865   Primary Spawner: "Animal", active: yes, repeat: 1
 7:56:57.865 [19] AnimalDeer
 7:56:57.865   Primary Spawner: "Animal", active: yes, repeat: 1
 7:56:57.865 [20] AnimalWildBoar
 7:56:57.865   Primary Spawner: "Animal", active: yes, repeat: 1
 7:56:57.865 [21] AnimalWolf
 7:56:57.865   Primary Spawner: "Animal", active: yes, repeat: 1
 7:56:57.865 [22] AnimalBrownBear
 7:56:57.865   Primary Spawner: "Animal", active: yes, repeat: 1
 7:56:57.865 [23] AnimalPolarBear
 7:56:57.865   Primary Spawner: "Animal", active: yes, repeat: 1
 7:56:57.865 [24] VehicleCivilianCars
 7:56:57.865   Primary Spawner: "Vehicle", active: yes, repeat: 1
 7:56:57.866 [CE][Hive] :: Initializing of spawners done.
 7:56:57.871 [CE][Hive] :: Init sequence finished.
 7:57:00.211 [CE][MapExport] :: entity found:12312, entity valid:1644, types total:261... took 2 sec
 7:57:00.211 Player connect enabled
 7:58:16.741 [CE][Links] found 0 total links between groups, of 1
 7:58:16.741 [CE][SpawnRandomLoot] (StaticMedDrop) :: Type: Misc_cargo_cont_net1, lootmin: 8, lootmax: 8, wanted: 8, deloot: 2, containermaxsum: 6
 7:58:16.741 [CE][SpawnRandomLoot] (StaticMedDrop) :: Type: Misc_cargo_cont_net1 :: !!! Sum of container LootMax is lower than event child LootMax (6 < 8)
 7:58:16.741 [CE][SpawnRandomLoot] (StaticMedDrop) :: Type: Misc_cargo_cont_net1 :: !!! Wanting to spawn more loot than possible (8 > 6)
 7:59:10.245 [CE][Links] found 0 total links between groups, of 2
 7:59:10.245 [CE][SpawnRandomLoot] (StaticMedDrop) :: Type: Misc_cargo_cont_net1, lootmin: 8, lootmax: 8, wanted: 8, deloot: 2, containermaxsum: 6
 7:59:10.245 [CE][SpawnRandomLoot] (StaticMedDrop) :: Type: Misc_cargo_cont_net1 :: !!! Sum of container LootMax is lower than event child LootMax (6 < 8)
 7:59:10.245 [CE][SpawnRandomLoot] (StaticMedDrop) :: Type: Misc_cargo_cont_net1 :: !!! Wanting to spawn more loot than possible (8 > 6)
 8:02:52.451 [Login]: Adding player Teddybear (1337599228) to login queue at position 0
 8:02:52.451 [LoginMachine]: Add player Teddybear (1337599228 71.1.250.54:2324)
 8:02:52.451 [StateMachine]: Player Teddybear (dpnid 1337599228 uid ) Entering AuthPlayerLoginState
 8:02:53.404 [StateMachine]: Player Teddybear (dpnid 1337599228 uid ) Entering WaitAuthPlayerLoginState
 8:02:55.971 Player Teddybear connected (id=Q74fxPdlRt8xzaRnXB-9fMyQ9RnGUPZVj3H_Kuu3Hsc=).
 8:02:55.971 Player "Teddybear" is connected (steamID=76561198190486863)
 8:02:55.971 [StateMachine]: Player Teddybear (dpnid 1337599228 uid ) Entering WaitPlayerAssignedLoginState
 8:02:59.486 [StateMachine]: Player Teddybear (dpnid 1337599228 uid Q74fxPdlRt8xzaRnXB-9fMyQ9RnGUPZVj3H_Kuu3Hsc=) Entering DBGetLoginTimeLoginState
 8:02:59.487 [StateMachine]: Player Teddybear (dpnid 1337599228 uid Q74fxPdlRt8xzaRnXB-9fMyQ9RnGUPZVj3H_Kuu3Hsc=) Entering DBWaitLoginTimeLoginState
 8:03:14.487 [StateMachine]: Player Teddybear (dpnid 1337599228 uid Q74fxPdlRt8xzaRnXB-9fMyQ9RnGUPZVj3H_Kuu3Hsc=) Entering DBGetCharacterLoginState
 8:03:14.488 [StateMachine]: Player Teddybear (dpnid 1337599228 uid Q74fxPdlRt8xzaRnXB-9fMyQ9RnGUPZVj3H_Kuu3Hsc=) Entering CreateNetObjectsLoginState
 8:03:14.490 [StateMachine]: Player Teddybear (dpnid 1337599228 uid Q74fxPdlRt8xzaRnXB-9fMyQ9RnGUPZVj3H_Kuu3Hsc=) Entering PreloadCamLoginState
 8:03:14.490 [StateMachine]: Player Teddybear (dpnid 1337599228 uid Q74fxPdlRt8xzaRnXB-9fMyQ9RnGUPZVj3H_Kuu3Hsc=) Entering WaitPreloadCamLoginState
 8:03:16.730 [StateMachine]: Player Teddybear (dpnid 1337599228 uid Q74fxPdlRt8xzaRnXB-9fMyQ9RnGUPZVj3H_Kuu3Hsc=) Entering GetLoadedCharLoginState
 8:03:20.344 <LOAD EXISTING CHAR>:
    charID 1
    playerID 1
    dpnid 1337599228
    uid Q74fxPdlRt8xzaRnXB-9fMyQ9RnGUPZVj3H_Kuu3Hsc=
 8:15:55.737 Respawn: Add player Teddybear (1337599228) to respawn machine
 8:15:55.737 [StateMachine]: Player Teddybear (dpnid 1337599228 uid ) Entering GetCharacterRespawnState
 8:15:55.737 [StateMachine]: Player Teddybear (dpnid 1337599228 uid ) Entering PreloadCamRespawnState
 8:15:55.738 [StateMachine]: Player Teddybear (dpnid 1337599228 uid ) Entering WaitPreloadCamRespawnState
 8:15:56.602 [StateMachine]: Player Teddybear (dpnid 1337599228 uid ) Entering GetNewCharRespawnState
 8:15:56.618 <RESPAWN NEW CHAR>:
    charID 1
    playerID 1
    dpnid 1337599228
    uid Q74fxPdlRt8xzaRnXB-9fMyQ9RnGUPZVj3H_Kuu3Hsc=
 8:21:57.60 [Login]: Adding player ChocoTuga (73920563) to login queue at position 0
 8:21:57.60 [LoginMachine]: Add player ChocoTuga (73920563 148.63.185.63:2324)
 8:21:57.60 [StateMachine]: Player ChocoTuga (dpnid 73920563 uid ) Entering AuthPlayerLoginState
 8:21:59.473 [StateMachine]: Player ChocoTuga (dpnid 73920563 uid ) Entering WaitAuthPlayerLoginState
 8:22:01.981 Player ChocoTuga connected (id=QlfMA6ZHTmhR4V1rzSWPaXappYWFzdRcnswz76kgf4I=).
 8:22:01.981 Player "ChocoTuga" is connected (steamID=76561199104773928)
 8:22:01.981 [StateMachine]: Player ChocoTuga (dpnid 73920563 uid ) Entering WaitPlayerAssignedLoginState
 8:22:02.496 [StateMachine]: Player ChocoTuga (dpnid 73920563 uid QlfMA6ZHTmhR4V1rzSWPaXappYWFzdRcnswz76kgf4I=) Entering DBGetLoginTimeLoginState
 8:22:02.498 [StateMachine]: Player ChocoTuga (dpnid 73920563 uid QlfMA6ZHTmhR4V1rzSWPaXappYWFzdRcnswz76kgf4I=) Entering DBWaitLoginTimeLoginState
 8:22:07.09 [Disconnect]: Client 73920563 disconnecting
 8:22:07.09 [Disconnect]: Client 73920563 early disconnect
 8:22:07.09 [Disconnect]: No player -> remove player info 73920563 
 8:22:07.09 [LoginMachine]: Force remove player ChocoTuga (73920563)
 8:22:07.09 [Disconnect]: DisconnectPlayerFinish 73920563
 8:22:07.09 [Disconnect]: Remove player info 73920563
 8:22:07.18 [Disconnect]: Player destroy 73920563 
 8:25:40.697 [CE][Links] found 0 total links between groups, of 3
 8:25:40.697 [CE][SpawnRandomLoot] (StaticMedDrop) :: Type: Misc_cargo_cont_net1, lootmin: 8, lootmax: 8, wanted: 8, deloot: 2, containermaxsum: 6
 8:25:40.697 [CE][SpawnRandomLoot] (StaticMedDrop) :: Type: Misc_cargo_cont_net1 :: !!! Sum of container LootMax is lower than event child LootMax (6 < 8)
 8:25:40.697 [CE][SpawnRandomLoot] (StaticMedDrop) :: Type: Misc_cargo_cont_net1 :: !!! Wanting to spawn more loot than possible (8 > 6)
 8:25:40.699 [CE][Links] found 0 total links between groups, of 4
 8:25:40.699 [CE][SpawnRandomLoot] (StaticMedDrop) :: Type: Misc_cargo_cont_net1, lootmin: 8, lootmax: 8, wanted: 8, deloot: 2, containermaxsum: 6
 8:25:40.699 [CE][SpawnRandomLoot] (StaticMedDrop) :: Type: Misc_cargo_cont_net1 :: !!! Sum of container LootMax is lower than event child LootMax (6 < 8)
 8:25:40.699 [CE][SpawnRandomLoot] (StaticMedDrop) :: Type: Misc_cargo_cont_net1 :: !!! Wanting to spawn more loot than possible (8 > 6)
