

=====================================================================
== C:\TCAFiles\Users\ted\153052\DayZServer_x64.exe
== "C:\TCAFiles\Users\ted\153052\DayZServer_x64.exe" -port=2322 -config=serverDZ_By_HostHavoc.cfg -profiles=C:\TCAFiles\Users\ted\153052\HostHavocDayZServer "-servermod=" "-mod=@Spring Namalsk;@Namalsk Island;@Namalsk Survival;@CF;@Dabs Framework;@Community-Online-Tools;@shd_retextures;@Spurgles_BagZ;@sFramework;@sGunplay;@WindstridesClothingPack;@Advanced Weapon Scopes;@VPPAdminTools;@sGunplay_AWS;@Survivor Animations;@DayZ-Bicycle;@DayZ-Dog;@Drones;@SpawnerBubaku;@PseudoGiant;@dbo_spiders;@TFServerPack;@DNA Keycards;@dbo_raptors;" 
=====================================================================
Exe timestamp: 2023/06/20 05:19:39
Current time:  2023/06/23 19:00:21

Version 1.21.156300
19:00:21.533 [Inputs] Loading inputs default "bin/constants.xml"
19:00:21.536 [Inputs] Loading inputs default "bin/specific.xml"
19:00:21.537 [Inputs] Loading inputs default "JM/COT/Scripts/Data/Inputs.xml"
19:00:21.538 !!! [Inputs] Cannot Register "UAObjectModuleDeleteOnCursor" non-existent input - Fix Preset!
19:00:21.538 [Inputs] Loading inputs default "MyMODS/sGunplay/scripts/data/inputs.xml"
19:00:21.538 [Inputs] Loading inputs default "nst/ns_dayz/scripts/Data/Inputs.xml"
19:00:21.539 [Inputs] Loading inputs default "VPPAdminTools/data/modded_Inputs.xml"
19:00:21.539 [Inputs] Loading inputs default "WindstrideClothing/Inputs.xml"
19:00:21.540 [Inputs] Loading inputs default "evg_drones/Inputs.xml"
19:00:21.541 [Inputs] Loading inputs default "Dayz_Dog/Data/Inputs.xml"
19:00:21.541 [Inputs] Loading inputs cfg "C:\TCAFiles\Users\ted\153052\HostHavocDayZServer\Users\Survivor\Server.core.xml"
19:00:21.545 [Inputs] Exporting inputs cfg "C:\TCAFiles\Users\ted\153052\HostHavocDayZServer\Users\Survivor\Server.core.xml"
19:00:35.117 [CE][Hive] :: Initializing OFFLINE
19:00:35.118 [StorageDirs] :: Selected storage directory: C:\TCAFiles\Users\ted\153052\mpmissions\hardcore.namalsk\storage_1\
19:00:35.118 [CE][Hive] :: Loading core data ... 
19:00:35.118 [CE][CoreData] :: 7 root classes, 0 defaults, 0 updaters...
19:00:40.264 [CE] :: WARNING :: Preset map "headsFirefighter" is EMPTY.
19:00:40.265 [CE][TypeSetup] :: 557 classes setuped...
19:00:45.637 [CE][RegisterBind] :: 0 classes binded...
19:00:45.638 [CE][RegisterConfig] :: 16393 config classes registered, 0 sub-counters...
19:00:45.638 [CE][Hive] :: Loading map data ... 
19:00:45.679 !!! [CE] :: Unknown tag: 'shelves'.
19:00:45.679 !!! [CE] :: Unknown category: 'books'.
19:00:45.679 !!! [CE] :: Unknown tag: 'shelves'.
19:00:45.679 !!! [CE] :: Unknown tag: 'shelves'.
19:00:45.679 [CE][LoadPrototype] :: loaded 261 prototypes
19:00:45.679   411 containers, 7544 points
19:00:45.679   1 dispatches, 1 proxies
19:00:45.679 !!! [CE][LoadPrototype] 1 groups have wrong points...
19:00:45.679 !!! [CE][LoadPrototype] 2 groups were defined more than once and skipped...
19:00:45.679 [CE][LoadPrototype] :: last group name: Land_Prison_Side...
19:00:45.684 [CE][LoadPrototype] :: loaded 0 prototypes
19:00:45.684   38 containers, 66 points
19:00:45.684   0 dispatches, 0 proxies
19:00:45.684 [CE][LoadPrototype] :: last group name: StoneLoc38...
19:00:45.722 [CE][LoadMap] "Group" :: loaded 1644 groups, groups failed: 0, largest group range: 36.4
19:00:45.723 [CE][LoadMap] "Dirt" :: loaded 0 groups, groups failed: 0, largest group range: 36.4
19:00:45.734 [CE][Links] found 546 total links between groups, of 1644
19:00:45.734 [CE][LoadClusters] "Cluster" :: Loading files...
19:00:45.744 [CE][LoadClusters] :: file: "mapgroupcluster.xml", 1 types, 2418 instances
19:00:45.745 [CE][Storage] ver:21 stamp:5961, valid:yes, name:"C:\TCAFiles\Users\ted\153052\mpmissions\hardcore.namalsk\storage_1\data\types.bin"
19:00:45.746 [CE][Storage] ver:21 stamp:5962, valid:yes, name:"C:\TCAFiles\Users\ted\153052\mpmissions\hardcore.namalsk\storage_1\data\types.001"
19:00:45.746 [CE][Storage] ver:21 stamp:5963, valid:yes, name:"C:\TCAFiles\Users\ted\153052\mpmissions\hardcore.namalsk\storage_1\data\types.002"
19:00:45.747 [CE][Storage] Restoring file "C:\TCAFiles\Users\ted\153052\mpmissions\hardcore.namalsk\storage_1\data\types.002".
19:00:45.931 [CE][offlineDB] :: Loaded 25 dynamic events 200 total types.
19:00:45.951 !!! [CE] :: Unknown tag: 'shelves'.
19:00:45.951 !!! [CE] :: Unknown tag: 'shelves'.
19:00:45.952 !!! [CE] :: Unknown tag: 'floor'.
19:00:45.952 !!! [CE] :: Unknown tag: 'floor'.
19:00:45.953 !!! [CE] :: Unknown tag: 'floor'.
19:00:45.953 !!! [CE] :: Unknown tag: 'floor'.
19:00:45.953 !!! [CE] :: Unknown tag: 'floor'.
19:00:45.953 !!! [CE] :: Unknown tag: 'floor'.
19:00:45.953 !!! [CE] :: Unknown tag: 'floor'.
19:00:45.953 !!! [CE] :: Unknown tag: 'floor'.
19:00:45.953 !!! [CE] :: Unknown tag: 'floor'.
19:00:45.953 !!! [CE] :: Unknown tag: 'floor'.
19:00:45.953 !!! [CE] :: Unknown tag: 'floor'.
19:00:45.953 !!! [CE] :: Unknown tag: 'floor'.
19:00:45.953 !!! [CE][offlineDB] :: Type 'Leather_Cloak' will be ignored. (Type does not exist. (Typo?))
19:00:45.953 !!! [CE] :: Unknown tag: 'floor'.
19:00:45.955 !!! [CE][offlineDB] :: Type 'AD_LeupoldMk4' will be ignored. (Type does not exist. (Typo?))
19:00:45.955 !!! [CE][offlineDB] :: Type 'AD_LeupoldMk4_MosinMount' will be ignored. (Type does not exist. (Typo?))
19:00:45.955 !!! [CE][offlineDB] :: Type 'AD_LeupoldMk4_B13' will be ignored. (Type does not exist. (Typo?))
19:00:45.955 !!! [CE][offlineDB] :: Type 'ChristmasTree' will be ignored. (Not spawnable. (Scope is not public?))
19:00:45.963 [CE][DE][SPAWNS] :: Total positions: 254
19:00:45.963 [CE][DE][GROUPS] :: Total eventgroups defined: 0, Eventgroups in use: 0
19:00:45.964 [CE][Storage] ver:21 stamp:5961, valid:yes, name:"C:\TCAFiles\Users\ted\153052\mpmissions\hardcore.namalsk\storage_1\data\events.bin"
19:00:45.964 [CE][Storage] ver:21 stamp:5962, valid:yes, name:"C:\TCAFiles\Users\ted\153052\mpmissions\hardcore.namalsk\storage_1\data\events.001"
19:00:45.965 [CE][Storage] ver:21 stamp:5963, valid:yes, name:"C:\TCAFiles\Users\ted\153052\mpmissions\hardcore.namalsk\storage_1\data\events.002"
19:00:45.965 [CE][Storage] Restoring file "C:\TCAFiles\Users\ted\153052\mpmissions\hardcore.namalsk\storage_1\data\events.002".
19:00:45.965 [CE][DynamicEvent] Load  Events:[25] Primary spawners: 25 Secondary spawners: 0
19:00:45.966 [CE][Storage] ver:25 stamp:5961, valid:yes, name:"C:\TCAFiles\Users\ted\153052\mpmissions\hardcore.namalsk\storage_1\data\dynamic_000.bin"
19:00:45.966 [CE][Storage] ver:25 stamp:5962, valid:yes, name:"C:\TCAFiles\Users\ted\153052\mpmissions\hardcore.namalsk\storage_1\data\dynamic_000.001"
19:00:45.966 [CE][Storage] ver:25 stamp:5963, valid:yes, name:"C:\TCAFiles\Users\ted\153052\mpmissions\hardcore.namalsk\storage_1\data\dynamic_000.002"
19:00:45.966 [CE][Storage] Restoring file "C:\TCAFiles\Users\ted\153052\mpmissions\hardcore.namalsk\storage_1\data\dynamic_000.002" 0 items.
19:00:45.966   0 items loaded. (0 failed)
19:00:45.967 [CE][Storage] ver:25 stamp:5961, valid:yes, name:"C:\TCAFiles\Users\ted\153052\mpmissions\hardcore.namalsk\storage_1\data\dynamic_001.bin"
19:00:45.967 [CE][Storage] ver:25 stamp:5962, valid:yes, name:"C:\TCAFiles\Users\ted\153052\mpmissions\hardcore.namalsk\storage_1\data\dynamic_001.001"
19:00:45.967 [CE][Storage] ver:25 stamp:5963, valid:yes, name:"C:\TCAFiles\Users\ted\153052\mpmissions\hardcore.namalsk\storage_1\data\dynamic_001.002"
19:00:45.967 [CE][Storage] Restoring file "C:\TCAFiles\Users\ted\153052\mpmissions\hardcore.namalsk\storage_1\data\dynamic_001.002" 11 items.
19:00:45.987   11 items loaded. (0 failed)
19:00:45.988 [CE][Storage] ver:25 stamp:5961, valid:yes, name:"C:\TCAFiles\Users\ted\153052\mpmissions\hardcore.namalsk\storage_1\data\dynamic_002.bin"
19:00:45.988 [CE][Storage] ver:25 stamp:5962, valid:yes, name:"C:\TCAFiles\Users\ted\153052\mpmissions\hardcore.namalsk\storage_1\data\dynamic_002.001"
19:00:45.989 [CE][Storage] ver:25 stamp:5963, valid:yes, name:"C:\TCAFiles\Users\ted\153052\mpmissions\hardcore.namalsk\storage_1\data\dynamic_002.002"
19:00:45.989 [CE][Storage] Restoring file "C:\TCAFiles\Users\ted\153052\mpmissions\hardcore.namalsk\storage_1\data\dynamic_002.002" 13 items.
19:00:46.08   13 items loaded. (0 failed)
19:00:46.08 [CE][Storage] ver:25 stamp:5961, valid:yes, name:"C:\TCAFiles\Users\ted\153052\mpmissions\hardcore.namalsk\storage_1\data\dynamic_003.bin"
19:00:46.09 [CE][Storage] ver:25 stamp:5962, valid:yes, name:"C:\TCAFiles\Users\ted\153052\mpmissions\hardcore.namalsk\storage_1\data\dynamic_003.001"
19:00:46.09 [CE][Storage] ver:25 stamp:5963, valid:yes, name:"C:\TCAFiles\Users\ted\153052\mpmissions\hardcore.namalsk\storage_1\data\dynamic_003.002"
19:00:46.09 [CE][Storage] Restoring file "C:\TCAFiles\Users\ted\153052\mpmissions\hardcore.namalsk\storage_1\data\dynamic_003.002" 142 items.
19:00:46.242   142 items loaded. (0 failed)
19:00:46.243 [CE][Storage] ver:25 stamp:5961, valid:yes, name:"C:\TCAFiles\Users\ted\153052\mpmissions\hardcore.namalsk\storage_1\data\dynamic_004.bin"
19:00:46.244 [CE][Storage] ver:25 stamp:5962, valid:yes, name:"C:\TCAFiles\Users\ted\153052\mpmissions\hardcore.namalsk\storage_1\data\dynamic_004.001"
19:00:46.244 [CE][Storage] ver:25 stamp:5963, valid:yes, name:"C:\TCAFiles\Users\ted\153052\mpmissions\hardcore.namalsk\storage_1\data\dynamic_004.002"
19:00:46.245 [CE][Storage] Restoring file "C:\TCAFiles\Users\ted\153052\mpmissions\hardcore.namalsk\storage_1\data\dynamic_004.002" 183 items.
19:00:46.445   183 items loaded. (0 failed)
19:00:46.446 [CE][Storage] ver:25 stamp:5961, valid:yes, name:"C:\TCAFiles\Users\ted\153052\mpmissions\hardcore.namalsk\storage_1\data\dynamic_005.bin"
19:00:46.446 [CE][Storage] ver:25 stamp:5962, valid:yes, name:"C:\TCAFiles\Users\ted\153052\mpmissions\hardcore.namalsk\storage_1\data\dynamic_005.001"
19:00:46.447 [CE][Storage] ver:25 stamp:5963, valid:yes, name:"C:\TCAFiles\Users\ted\153052\mpmissions\hardcore.namalsk\storage_1\data\dynamic_005.002"
19:00:46.447 [CE][Storage] Restoring file "C:\TCAFiles\Users\ted\153052\mpmissions\hardcore.namalsk\storage_1\data\dynamic_005.002" 113 items.
19:00:46.584   113 items loaded. (0 failed)
19:00:46.585 [CE][Storage] ver:25 stamp:5961, valid:yes, name:"C:\TCAFiles\Users\ted\153052\mpmissions\hardcore.namalsk\storage_1\data\dynamic_006.bin"
19:00:46.586 [CE][Storage] ver:25 stamp:5962, valid:yes, name:"C:\TCAFiles\Users\ted\153052\mpmissions\hardcore.namalsk\storage_1\data\dynamic_006.001"
19:00:46.586 [CE][Storage] ver:25 stamp:5963, valid:yes, name:"C:\TCAFiles\Users\ted\153052\mpmissions\hardcore.namalsk\storage_1\data\dynamic_006.002"
19:00:46.586 [CE][Storage] Restoring file "C:\TCAFiles\Users\ted\153052\mpmissions\hardcore.namalsk\storage_1\data\dynamic_006.002" 220 items.
19:00:46.820   220 items loaded. (0 failed)
19:00:46.820 !!! [CE][Storage] Failed to read [Storage] data file "C:\TCAFiles\Users\ted\153052\mpmissions\hardcore.namalsk\storage_1\data\dynamic_007.bin".
19:00:46.820   File is empty...
19:00:46.820 [CE][Storage] ver:0 stamp:0, valid:NO, name:"C:\TCAFiles\Users\ted\153052\mpmissions\hardcore.namalsk\storage_1\data\dynamic_007.bin"
19:00:46.820 [CE][Storage] ver:25 stamp:5962, valid:yes, name:"C:\TCAFiles\Users\ted\153052\mpmissions\hardcore.namalsk\storage_1\data\dynamic_007.001"
19:00:46.821 [CE][Storage] ver:25 stamp:5963, valid:yes, name:"C:\TCAFiles\Users\ted\153052\mpmissions\hardcore.namalsk\storage_1\data\dynamic_007.002"
19:00:46.821 [CE][Storage] Restoring file "C:\TCAFiles\Users\ted\153052\mpmissions\hardcore.namalsk\storage_1\data\dynamic_007.002" 94 items.
19:00:46.903   94 items loaded. (0 failed)
19:00:46.904 [CE][Storage] ver:25 stamp:5964, valid:yes, name:"C:\TCAFiles\Users\ted\153052\mpmissions\hardcore.namalsk\storage_1\data\dynamic_008.bin"
19:00:46.904 [CE][Storage] ver:25 stamp:5962, valid:yes, name:"C:\TCAFiles\Users\ted\153052\mpmissions\hardcore.namalsk\storage_1\data\dynamic_008.001"
19:00:46.905 [CE][Storage] ver:25 stamp:5963, valid:yes, name:"C:\TCAFiles\Users\ted\153052\mpmissions\hardcore.namalsk\storage_1\data\dynamic_008.002"
19:00:46.905 [CE][Storage] Restoring file "C:\TCAFiles\Users\ted\153052\mpmissions\hardcore.namalsk\storage_1\data\dynamic_008.bin" 86 items.
19:00:46.984   86 items loaded. (0 failed)
19:00:46.985 [CE][Storage] ver:25 stamp:5964, valid:yes, name:"C:\TCAFiles\Users\ted\153052\mpmissions\hardcore.namalsk\storage_1\data\dynamic_009.bin"
19:00:46.986 [CE][Storage] ver:25 stamp:5962, valid:yes, name:"C:\TCAFiles\Users\ted\153052\mpmissions\hardcore.namalsk\storage_1\data\dynamic_009.001"
19:00:46.986 [CE][Storage] ver:25 stamp:5963, valid:yes, name:"C:\TCAFiles\Users\ted\153052\mpmissions\hardcore.namalsk\storage_1\data\dynamic_009.002"
19:00:46.986 [CE][Storage] Restoring file "C:\TCAFiles\Users\ted\153052\mpmissions\hardcore.namalsk\storage_1\data\dynamic_009.bin" 0 items.
19:00:46.986   0 items loaded. (0 failed)
19:00:46.986 [CE][Storage] ver:25 stamp:5964, valid:yes, name:"C:\TCAFiles\Users\ted\153052\mpmissions\hardcore.namalsk\storage_1\data\dynamic_010.bin"
19:00:46.987 [CE][Storage] ver:25 stamp:5962, valid:yes, name:"C:\TCAFiles\Users\ted\153052\mpmissions\hardcore.namalsk\storage_1\data\dynamic_010.001"
19:00:46.987 [CE][Storage] ver:25 stamp:5963, valid:yes, name:"C:\TCAFiles\Users\ted\153052\mpmissions\hardcore.namalsk\storage_1\data\dynamic_010.002"
19:00:46.987 [CE][Storage] Restoring file "C:\TCAFiles\Users\ted\153052\mpmissions\hardcore.namalsk\storage_1\data\dynamic_010.bin" 1 items.
19:00:46.993   1 items loaded. (0 failed)
19:00:46.993 [CE][Storage] ver:25 stamp:5964, valid:yes, name:"C:\TCAFiles\Users\ted\153052\mpmissions\hardcore.namalsk\storage_1\data\dynamic_011.bin"
19:00:46.994 [CE][Storage] ver:25 stamp:5962, valid:yes, name:"C:\TCAFiles\Users\ted\153052\mpmissions\hardcore.namalsk\storage_1\data\dynamic_011.001"
19:00:46.994 [CE][Storage] ver:25 stamp:5963, valid:yes, name:"C:\TCAFiles\Users\ted\153052\mpmissions\hardcore.namalsk\storage_1\data\dynamic_011.002"
19:00:46.995 [CE][Storage] Restoring file "C:\TCAFiles\Users\ted\153052\mpmissions\hardcore.namalsk\storage_1\data\dynamic_011.bin" 6 items.
19:00:47.12   6 items loaded. (0 failed)
19:00:47.13 [CE][Storage] ver:26 stamp:5961, valid:yes, name:"C:\TCAFiles\Users\ted\153052\mpmissions\hardcore.namalsk\storage_1\data\building.bin"
19:00:47.13 [CE][Storage] ver:26 stamp:5962, valid:yes, name:"C:\TCAFiles\Users\ted\153052\mpmissions\hardcore.namalsk\storage_1\data\building.001"
19:00:47.14 [CE][Storage] ver:26 stamp:5963, valid:yes, name:"C:\TCAFiles\Users\ted\153052\mpmissions\hardcore.namalsk\storage_1\data\building.002"
19:00:47.14 [CE][Storage] Restoring file "C:\TCAFiles\Users\ted\153052\mpmissions\hardcore.namalsk\storage_1\data\building.002" 2 items.
19:00:47.14   2 items loaded. (0 failed)
19:00:47.14 [CE][Storage] ver:25 stamp:5961, valid:yes, name:"C:\TCAFiles\Users\ted\153052\mpmissions\hardcore.namalsk\storage_1\data\vehicles.bin"
19:00:47.14 [CE][Storage] ver:25 stamp:5962, valid:yes, name:"C:\TCAFiles\Users\ted\153052\mpmissions\hardcore.namalsk\storage_1\data\vehicles.001"
19:00:47.15 [CE][Storage] ver:25 stamp:5963, valid:yes, name:"C:\TCAFiles\Users\ted\153052\mpmissions\hardcore.namalsk\storage_1\data\vehicles.002"
19:00:47.15 [CE][Storage] Restoring file "C:\TCAFiles\Users\ted\153052\mpmissions\hardcore.namalsk\storage_1\data\vehicles.002" 36 items.
19:00:47.170   36 items loaded. (0 failed)
19:00:47.176 [CE][Hive] :: Storage load took:1.20 seconds, recovery stamp:5964
19:00:47.176   entity: 1134, building: 2
19:00:47.176   no lifetime: 30
19:00:47.176   pathgraph's: 119
19:00:47.177 [CE][Hive] :: Initializing ... 
19:00:47.182 [CE][InitializeMap] :: initialized: 2
19:00:47.182 [CE][Hive] :: Initializing spawners ... 
19:00:47.296 [CE][LootRespawner] (PRIDummy) :: Item [0] causing search overtime: "SurgicalGloves_Blue"
19:00:47.350 [CE][LootRespawner] (PRIDummy) :: Item [1] causing search overtime: "Mag_CZ75_15Rnd"
19:00:47.379 [CE][LootRespawner] (PRIDummy) :: Item [2] causing search overtime: "NBCBootsYellow"
19:00:47.541 [CE][LootRespawner] (PRIDummy) :: Item [0] is hard to place, performance drops: "WoolCoat_Red"
19:00:47.682 !!! [CE][Point] Removing 6504.311523, 9286.791016 from land_wrecked_ural
19:00:47.682 [CE][LootRespawner] (PRIDummy) :: Item [1] is hard to place, performance drops: "CombatKnife"
19:00:47.741 [CE][LootRespawner] (PRIDummy) :: Item [2] is hard to place, performance drops: "QuiltedJacket_Orange"
19:00:47.747 [CE][LootRespawner] (PRIDummy) :: Item [3] causing search overtime: "DressShoes_White"
19:00:47.748 [CE][LootRespawner] (PRIDummy) :: Item [4] causing search overtime: "DressShoes_White"
19:00:47.758 [CE][LootRespawner] (PRIDummy) :: Item [3] is hard to place, performance drops: "MotoHelmet_Lime"
19:00:47.766 [CE][LootRespawner] (PRIDummy) :: Item [4] is hard to place, performance drops: "WoolCoat_RedCheck"
19:00:47.766 [CE][LootRespawner] (PRIDummy) :: Item [5] is hard to place, performance drops: "WoolCoat_RedCheck"
19:00:47.770 [CE][LootRespawner] (PRIDummy) :: Item [6] is hard to place, performance drops: "GorkaPants_PautRev"
19:00:47.787 [CE][LootRespawner] (PRIDummy) :: Item [5] causing search overtime: "Jeans_Grey"
19:00:47.789 [CE][LootRespawner] (PRIDummy) :: Item [7] is hard to place, performance drops: "Jeans_Grey"
19:00:47.818 [CE][LootRespawner] (PRIDummy) :: Item [8] is hard to place, performance drops: "ParamedicPants_Green"
19:00:47.818 [CE][LootRespawner] (PRIDummy) :: Item [9] is hard to place, performance drops: "ParamedicPants_Green"
19:00:47.818 [CE][LootRespawner] (PRIDummy) :: Item [10] is hard to place, performance drops: "ParamedicPants_Green"
19:00:47.823 [CE][LootRespawner] (PRIDummy) :: Item [6] causing search overtime: "IodineTincture"
19:00:47.824 [CE][LootRespawner] (PRIDummy) :: Item [7] causing search overtime: "IodineTincture"
19:00:47.824 [CE][LootRespawner] (PRIDummy) :: Item [8] causing search overtime: "IodineTincture"
19:00:47.859 [CE][LootRespawner] (PRIDummy) :: Item [11] is hard to place, performance drops: "HuntingBag"
19:00:47.862 [CE][LootRespawner] (PRIDummy) :: Item [12] is hard to place, performance drops: "WoolCoat_Blue"
19:00:47.897 [CE][LootRespawner] (PRIDummy) :: Item [13] is hard to place, performance drops: "BaseRadio"
19:00:47.909 [CE][LootRespawner] (PRIDummy) :: Item [14] is hard to place, performance drops: "SlacksPants_Brown"
19:00:47.916 [CE][LootRespawner] (PRIDummy) :: Item [9] causing search overtime: "PoliceJacketOrel"
19:00:47.950 [CE][LootRespawner] (PRIDummy) :: Item [10] causing search overtime: "BandageDressing"
19:00:47.951 [CE][LootRespawner] (PRIDummy) :: Item [11] causing search overtime: "BandageDressing"
19:00:47.957 [CE][LootRespawner] (PRIDummy) :: Item [12] causing search overtime: "SurgicalGloves_White"
19:00:47.957 [CE][LootRespawner] (PRIDummy) :: Item [13] causing search overtime: "SurgicalGloves_White"
19:00:47.957 [CE][LootRespawner] (PRIDummy) :: Item [14] causing search overtime: "SurgicalGloves_White"
19:00:47.971 [CE][LootRespawner] (PRIDummy) :: Item [15] causing search overtime: "MetalWire"
19:00:48.05 [CE][LootRespawner] (PRIDummy) :: Item [15] is hard to place, performance drops: "Sneakers_Gray"
19:00:48.17 [CE][LootRespawner] (PRIDummy) :: Item [16] causing search overtime: "WoolGlovesFingerless_Tan"
19:00:48.18 [CE][LootRespawner] (PRIDummy) :: Item [16] is hard to place, performance drops: "KukriKnife"
19:00:48.18 [CE][LootRespawner] (PRIDummy) :: Item [17] is hard to place, performance drops: "KukriKnife"
19:00:48.21 [CE][LootRespawner] (PRIDummy) :: Item [17] causing search overtime: "dzn_SardinesCan"
19:00:48.36 [CE][LootRespawner] (PRIDummy) :: Item [18] is hard to place, performance drops: "HuntingVest"
19:00:48.36 [CE][LootRespawner] (PRIDummy) :: Item [19] is hard to place, performance drops: "HuntingVest"
19:00:48.60 [CE][LootRespawner] (PRIDummy) :: Item [18] causing search overtime: "dzn_detector"
19:00:48.70 [CE][LootRespawner] (PRIDummy) :: Item [19] causing search overtime: "dzn_SodaCan_Pipsi"
19:00:48.464 !!! [CE][Point] Removing 9484.019531, 7996.927246 from land_wrecked_mi8
19:00:48.874 !!! [CE][Point] Removing 5032.167480, 8197.083984 from land_wrecked_ural_onside
19:00:48.936 !!! [CE][Point] Removing 4931.937988, 6660.574707 from land_wrecked_ural
19:00:49.573 !!! [CE][Point] Removing 3733.210693, 8235.766602 from Land_Mil_Tent_Big2_2
19:00:49.787 [CE][LootRespawner] (PRIDummy) :: Initially (re)spawned:7543, Nominal:12230, Total in Map: 8482 at 2 (sec)
19:00:49.787   tests:8247, repeats:1 fails:703, overtime:1381
19:00:50.798 [CE][DynEvent] :: 25 types
19:00:50.798 [00] AnimalRaptor1
19:00:50.798   Primary Spawner: "Animal", active: yes, repeat: 1
19:00:50.798 [01] AnimalRaptor1B
19:00:50.798   Primary Spawner: "Animal", active: yes, repeat: 1
19:00:50.798 [02] AnimalRaptor1C
19:00:50.798   Primary Spawner: "Animal", active: yes, repeat: 1
19:00:50.798 [03] AnimalRaptor2
19:00:50.798   Primary Spawner: "Animal", active: yes, repeat: 1
19:00:50.798 [04] AnimalRaptor3
19:00:50.798   Primary Spawner: "Animal", active: yes, repeat: 1
19:00:50.798 [05] AnimalRaptor4
19:00:50.798   Primary Spawner: "Animal", active: yes, repeat: 1
19:00:50.798 [06] Loot
19:00:50.798   Primary Spawner: "Loot", active: yes, repeat: 2
19:00:50.798 [07] StaticMedDrop
19:00:50.798   Primary Spawner: "Static", active: yes, repeat: 1
19:00:50.798 [08] StaticLifeboat
19:00:50.798   Primary Spawner: "Static", active: yes, repeat: 1
19:00:50.798 [09] TrajectoryStones
19:00:50.798   Primary Spawner: "Trajectory", active: yes, repeat: 1
19:00:50.798 [10] AnimalWildDog
19:00:50.798   Primary Spawner: "Animal", active: yes, repeat: 1
19:00:50.798 [11] InfectedSanta
19:00:50.798   Primary Spawner: "Infected", active: yes, repeat: 1
19:00:50.798 [12] InfectedArmy
19:00:50.798   Primary Spawner: "Infected", active: yes, repeat: 1
19:00:50.798 [13] InfectedIndustrial
19:00:50.798   Primary Spawner: "Infected", active: yes, repeat: 1
19:00:50.798 [14] InfectedCivil
19:00:50.798   Primary Spawner: "Infected", active: yes, repeat: 1
19:00:50.798 [15] InfectedMedic
19:00:50.798   Primary Spawner: "Infected", active: yes, repeat: 1
19:00:50.798 [16] AnimalGoat
19:00:50.798   Primary Spawner: "Animal", active: yes, repeat: 1
19:00:50.798 [17] AnimalSheep
19:00:50.798   Primary Spawner: "Animal", active: yes, repeat: 1
19:00:50.798 [18] AnimalRoeDeer
19:00:50.798   Primary Spawner: "Animal", active: yes, repeat: 1
19:00:50.798 [19] AnimalDeer
19:00:50.799   Primary Spawner: "Animal", active: yes, repeat: 1
19:00:50.799 [20] AnimalWildBoar
19:00:50.799   Primary Spawner: "Animal", active: yes, repeat: 1
19:00:50.799 [21] AnimalWolf
19:00:50.799   Primary Spawner: "Animal", active: yes, repeat: 1
19:00:50.799 [22] AnimalBrownBear
19:00:50.799   Primary Spawner: "Animal", active: yes, repeat: 1
19:00:50.799 [23] AnimalPolarBear
19:00:50.799   Primary Spawner: "Animal", active: yes, repeat: 1
19:00:50.799 [24] VehicleCivilianCars
19:00:50.799   Primary Spawner: "Vehicle", active: yes, repeat: 1
19:00:50.799 [CE][Hive] :: Initializing of spawners done.
19:00:50.804 [CE][Hive] :: Init sequence finished.
19:00:52.991 [CE][MapExport] :: entity found:12442, entity valid:1644, types total:261... took 2 sec
19:00:52.993 Player connect enabled
19:32:10.542 [CE][Links] found 0 total links between groups, of 1
19:32:10.542 [CE][SpawnRandomLoot] (StaticMedDrop) :: Type: Misc_cargo_cont_net1, lootmin: 8, lootmax: 8, wanted: 8, deloot: 2, containermaxsum: 6
19:32:10.542 [CE][SpawnRandomLoot] (StaticMedDrop) :: Type: Misc_cargo_cont_net1 :: !!! Sum of container LootMax is lower than event child LootMax (6 < 8)
19:32:10.542 [CE][SpawnRandomLoot] (StaticMedDrop) :: Type: Misc_cargo_cont_net1 :: !!! Wanting to spawn more loot than possible (8 > 6)
19:32:10.546 [CE][Links] found 0 total links between groups, of 2
19:32:10.546 [CE][SpawnRandomLoot] (StaticMedDrop) :: Type: Misc_cargo_cont_net1, lootmin: 8, lootmax: 8, wanted: 8, deloot: 2, containermaxsum: 6
19:32:10.546 [CE][SpawnRandomLoot] (StaticMedDrop) :: Type: Misc_cargo_cont_net1 :: !!! Sum of container LootMax is lower than event child LootMax (6 < 8)
19:32:10.546 [CE][SpawnRandomLoot] (StaticMedDrop) :: Type: Misc_cargo_cont_net1 :: !!! Wanting to spawn more loot than possible (8 > 6)
19:32:10.548 [CE][Links] found 0 total links between groups, of 3
19:32:10.548 [CE][SpawnRandomLoot] (StaticMedDrop) :: Type: Misc_cargo_cont_net1, lootmin: 8, lootmax: 8, wanted: 8, deloot: 2, containermaxsum: 6
19:32:10.548 [CE][SpawnRandomLoot] (StaticMedDrop) :: Type: Misc_cargo_cont_net1 :: !!! Sum of container LootMax is lower than event child LootMax (6 < 8)
19:32:10.548 [CE][SpawnRandomLoot] (StaticMedDrop) :: Type: Misc_cargo_cont_net1 :: !!! Wanting to spawn more loot than possible (8 > 6)
19:32:10.551 [CE][Links] found 0 total links between groups, of 4
19:32:10.551 [CE][SpawnRandomLoot] (StaticMedDrop) :: Type: Misc_cargo_cont_net1, lootmin: 8, lootmax: 8, wanted: 8, deloot: 2, containermaxsum: 6
19:32:10.551 [CE][SpawnRandomLoot] (StaticMedDrop) :: Type: Misc_cargo_cont_net1 :: !!! Sum of container LootMax is lower than event child LootMax (6 < 8)
19:32:10.551 [CE][SpawnRandomLoot] (StaticMedDrop) :: Type: Misc_cargo_cont_net1 :: !!! Wanting to spawn more loot than possible (8 > 6)
19:32:10.553 [CE][Links] found 0 total links between groups, of 5
19:32:10.553 [CE][SpawnRandomLoot] (StaticMedDrop) :: Type: Misc_cargo_cont_net1, lootmin: 8, lootmax: 8, wanted: 8, deloot: 2, containermaxsum: 6
19:32:10.553 [CE][SpawnRandomLoot] (StaticMedDrop) :: Type: Misc_cargo_cont_net1 :: !!! Sum of container LootMax is lower than event child LootMax (6 < 8)
19:32:10.553 [CE][SpawnRandomLoot] (StaticMedDrop) :: Type: Misc_cargo_cont_net1 :: !!! Wanting to spawn more loot than possible (8 > 6)
19:32:10.558 [CE][Links] found 0 total links between groups, of 6
19:32:10.558 [CE][SpawnRandomLoot] (StaticMedDrop) :: Type: Misc_cargo_cont_net1, lootmin: 8, lootmax: 8, wanted: 8, deloot: 2, containermaxsum: 6
19:32:10.558 [CE][SpawnRandomLoot] (StaticMedDrop) :: Type: Misc_cargo_cont_net1 :: !!! Sum of container LootMax is lower than event child LootMax (6 < 8)
19:32:10.558 [CE][SpawnRandomLoot] (StaticMedDrop) :: Type: Misc_cargo_cont_net1 :: !!! Wanting to spawn more loot than possible (8 > 6)
19:33:04.342 [CE][Links] found 0 total links between groups, of 7
19:33:04.342 [CE][SpawnRandomLoot] (StaticLifeboat) :: Type: sea_oilrig_lifeboat, lootmin: 4, lootmax: 5, wanted: 4, deloot: 2, containermaxsum: 5
19:33:04.343 [CE][SpawnRandomLoot] (StaticLifeboat) :: No item found to spawn for DE! Spawned: 2 / 4 (enable log_ce_dynamicevent to see item lists for event)
20:14:46.56 [CE][Links] found 0 total links between groups, of 8
20:14:46.56 [CE][SpawnRandomLoot] (StaticMedDrop) :: Type: Misc_cargo_cont_net1, lootmin: 8, lootmax: 8, wanted: 8, deloot: 2, containermaxsum: 6
20:14:46.56 [CE][SpawnRandomLoot] (StaticMedDrop) :: Type: Misc_cargo_cont_net1 :: !!! Sum of container LootMax is lower than event child LootMax (6 < 8)
20:14:46.56 [CE][SpawnRandomLoot] (StaticMedDrop) :: Type: Misc_cargo_cont_net1 :: !!! Wanting to spawn more loot than possible (8 > 6)
20:14:46.57 [CE][Links] found 0 total links between groups, of 9
20:14:46.57 [CE][SpawnRandomLoot] (StaticMedDrop) :: Type: Misc_cargo_cont_net1, lootmin: 8, lootmax: 8, wanted: 8, deloot: 2, containermaxsum: 6
20:14:46.58 [CE][SpawnRandomLoot] (StaticMedDrop) :: Type: Misc_cargo_cont_net1 :: !!! Sum of container LootMax is lower than event child LootMax (6 < 8)
20:14:46.58 [CE][SpawnRandomLoot] (StaticMedDrop) :: Type: Misc_cargo_cont_net1 :: !!! Wanting to spawn more loot than possible (8 > 6)
20:14:46.59 [CE][Links] found 0 total links between groups, of 10
20:14:46.59 [CE][SpawnRandomLoot] (StaticMedDrop) :: Type: Misc_cargo_cont_net1, lootmin: 8, lootmax: 8, wanted: 8, deloot: 2, containermaxsum: 6
20:14:46.59 [CE][SpawnRandomLoot] (StaticMedDrop) :: Type: Misc_cargo_cont_net1 :: !!! Sum of container LootMax is lower than event child LootMax (6 < 8)
20:14:46.59 [CE][SpawnRandomLoot] (StaticMedDrop) :: Type: Misc_cargo_cont_net1 :: !!! Wanting to spawn more loot than possible (8 > 6)
20:14:46.61 [CE][Links] found 0 total links between groups, of 11
20:14:46.61 [CE][SpawnRandomLoot] (StaticMedDrop) :: Type: Misc_cargo_cont_net1, lootmin: 8, lootmax: 8, wanted: 8, deloot: 2, containermaxsum: 6
20:14:46.61 [CE][SpawnRandomLoot] (StaticMedDrop) :: Type: Misc_cargo_cont_net1 :: !!! Sum of container LootMax is lower than event child LootMax (6 < 8)
20:14:46.61 [CE][SpawnRandomLoot] (StaticMedDrop) :: Type: Misc_cargo_cont_net1 :: !!! Wanting to spawn more loot than possible (8 > 6)
20:14:46.63 [CE][Links] found 0 total links between groups, of 12
20:14:46.63 [CE][SpawnRandomLoot] (StaticMedDrop) :: Type: Misc_cargo_cont_net1, lootmin: 8, lootmax: 8, wanted: 8, deloot: 2, containermaxsum: 6
20:14:46.63 [CE][SpawnRandomLoot] (StaticMedDrop) :: Type: Misc_cargo_cont_net1 :: !!! Sum of container LootMax is lower than event child LootMax (6 < 8)
20:14:46.63 [CE][SpawnRandomLoot] (StaticMedDrop) :: Type: Misc_cargo_cont_net1 :: !!! Wanting to spawn more loot than possible (8 > 6)
20:14:46.65 [CE][Links] found 0 total links between groups, of 13
20:14:46.65 [CE][SpawnRandomLoot] (StaticMedDrop) :: Type: Misc_cargo_cont_net1, lootmin: 8, lootmax: 8, wanted: 8, deloot: 2, containermaxsum: 6
20:14:46.65 [CE][SpawnRandomLoot] (StaticMedDrop) :: Type: Misc_cargo_cont_net1 :: !!! Sum of container LootMax is lower than event child LootMax (6 < 8)
