

=====================================================================
== C:\SERVICES\ni9180513_1_SHARE\ftproot\dayzstandalone\DayZServer_x64.exe
== "C:\SERVICES\ni9180513_1_SHARE\ftproot\dayzstandalone\DayZServer_x64.exe" -ip=37.10.124.137 -port=28000 -cpuCount=4 -limitFPS=100 -adminlog -config=serverDZ.cfg "-mod=@Namalsk Island;@Namalsk Survival;@CF;@Dabs Framework;@Community-Online-Tools;@shd_retextures;@BuilderItems;@Spurgles_BagZ;@sFramework;@sGunplay;@WindstridesClothingPack;@Advanced Weapon Scopes;@VPPAdminTools;@Zen's Zombie Door Bangers;@Unknown Ghillie Mod;@Zen's Chicken Coops;@Wolf Packs;@sGunplay_AWS" -profiles=C:\SERVICES\ni9180513_1_SHARE\ftproot\dayzstandalone/config -BEPath=C:\SERVICES\ni9180513_1_SHARE\ftproot\dayzstandalone\battleye -noFilePatching -nologs -freezecheck
=====================================================================
Exe timestamp: 2023/06/06 04:56:18
Current time:  2023/06/18 20:51:26

Version 1.21.156243
20:51:26.759 [Inputs] Loading inputs default "bin/constants.xml"
20:51:26.775 [Inputs] Loading inputs default "bin/specific.xml"
20:51:26.780 [Inputs] Loading inputs default "JM/COT/Scripts/Data/Inputs.xml"
20:51:26.783 !!! [Inputs] Cannot Register "UAObjectModuleDeleteOnCursor" non-existent input - Fix Preset!
20:51:26.785 [Inputs] Loading inputs default "MyMODS/sGunplay/scripts/data/inputs.xml"
20:51:26.790 [Inputs] Loading inputs default "nst/ns_dayz/scripts/Data/Inputs.xml"
20:51:26.795 [Inputs] Loading inputs default "VPPAdminTools/data/modded_Inputs.xml"
20:51:26.801 [Inputs] Loading inputs default "WindstrideClothing/Inputs.xml"
20:51:26.806 [Inputs] Loading inputs cfg "C:\SERVICES\ni9180513_1_SHARE\ftproot\dayzstandalone/config\Users\Survivor\Server.core.xml"
20:51:26.833 [Inputs] Exporting inputs cfg "C:\SERVICES\ni9180513_1_SHARE\ftproot\dayzstandalone/config\Users\Survivor\Server.core.xml"
20:52:11.276 [CE][Hive] :: Initializing OFFLINE
20:52:11.280 [StorageDirs] :: Selected storage directory: C:\SERVICES\ni9180513_1_SHARE\ftproot\dayzstandalone\mpmissions\hardcore.namalsk\storage_1\
20:52:11.289 [CE][Hive] :: Loading core data ... 
20:52:11.300 [CE][CoreData] :: 7 root classes, 0 defaults, 0 updaters...
20:52:21.132 [CE] :: WARNING :: Preset map "headsFirefighter" is EMPTY.
20:52:21.134 [CE][TypeSetup] :: 556 classes setuped...
20:52:24.866 [CE][RegisterBind] :: 0 classes binded...
20:52:24.866 [CE][RegisterConfig] :: 15901 config classes registered, 0 sub-counters...
20:52:24.866 [CE][Hive] :: Loading map data ... 
20:52:24.942 !!! [CE] :: Unknown tag: 'shelves'.
20:52:24.942 !!! [CE] :: Unknown category: 'books'.
20:52:24.942 !!! [CE] :: Unknown tag: 'shelves'.
20:52:24.942 !!! [CE] :: Unknown tag: 'shelves'.
20:52:24.942 [CE][LoadPrototype] :: loaded 261 prototypes
20:52:24.942   411 containers, 7544 points
20:52:24.942   1 dispatches, 1 proxies
20:52:24.942 !!! [CE][LoadPrototype] 1 groups have wrong points...
20:52:24.942 [CE][LoadPrototype] :: last group name: Land_Prison_Side...
20:52:24.957 [CE][LoadPrototype] :: loaded 0 prototypes
20:52:24.957   38 containers, 66 points
20:52:24.957   0 dispatches, 0 proxies
20:52:24.957 [CE][LoadPrototype] :: last group name: StoneLoc38...
20:52:25.66 [CE][LoadMap] "Group" :: loaded 1610 groups, groups failed: 0, largest group range: 36.4
20:52:25.77 [CE][LoadMap] "Dirt" :: loaded 0 groups, groups failed: 0, largest group range: 36.4
20:52:25.85 [CE][Links] found 534 total links between groups, of 1610
20:52:25.85 [CE][LoadClusters] "Cluster" :: Loading files...
20:52:25.107 [CE][LoadClusters] :: file: "mapgroupcluster.xml", 1 types, 2418 instances
20:52:25.112 [CE][Storage] ver:21 stamp:80, valid:yes, name:"C:\SERVICES\ni9180513_1_SHARE\ftproot\dayzstandalone\mpmissions\hardcore.namalsk\storage_1\data\types.bin"
20:52:25.115 [CE][Storage] ver:21 stamp:78, valid:yes, name:"C:\SERVICES\ni9180513_1_SHARE\ftproot\dayzstandalone\mpmissions\hardcore.namalsk\storage_1\data\types.001"
20:52:25.119 [CE][Storage] ver:21 stamp:79, valid:yes, name:"C:\SERVICES\ni9180513_1_SHARE\ftproot\dayzstandalone\mpmissions\hardcore.namalsk\storage_1\data\types.002"
20:52:25.120 [CE][Storage] Restoring file "C:\SERVICES\ni9180513_1_SHARE\ftproot\dayzstandalone\mpmissions\hardcore.namalsk\storage_1\data\types.bin".
20:52:25.393 [CE][offlineDB] :: Loaded 17 dynamic events 169 total types.
20:52:25.432 !!! [CE] :: Unknown tag: 'floor'.
20:52:25.432 !!! [CE] :: Unknown tag: 'floor'.
20:52:25.432 !!! [CE] :: Unknown tag: 'floor'.
20:52:25.432 !!! [CE] :: Unknown tag: 'floor'.
20:52:25.432 !!! [CE] :: Unknown tag: 'floor'.
20:52:25.432 !!! [CE] :: Unknown tag: 'floor'.
20:52:25.432 !!! [CE] :: Unknown tag: 'floor'.
20:52:25.432 !!! [CE] :: Unknown tag: 'floor'.
20:52:25.432 !!! [CE] :: Unknown tag: 'floor'.
20:52:25.433 !!! [CE] :: Unknown tag: 'floor'.
20:52:25.433 !!! [CE][offlineDB] :: Type 'Leather_Cloak' will be ignored. (Type does not exist. (Typo?))
20:52:25.433 !!! [CE] :: Unknown tag: 'floor'.
20:52:25.434 !!! [CE][offlineDB] :: Type 'AD_LeupoldMk4' will be ignored. (Type does not exist. (Typo?))
20:52:25.434 !!! [CE][offlineDB] :: Type 'AD_LeupoldMk4_MosinMount' will be ignored. (Type does not exist. (Typo?))
20:52:25.434 !!! [CE][offlineDB] :: Type 'AD_LeupoldMk4_B13' will be ignored. (Type does not exist. (Typo?))
20:52:25.434 !!! [CE][offlineDB] :: Type 'ChristmasTree' will be ignored. (Not spawnable. (Scope is not public?))
20:52:25.480 [CE][DE][SPAWNS] :: Total positions: 129
20:52:25.480 [CE][DE][GROUPS] :: Total eventgroups defined: 0, Eventgroups in use: 0
20:52:25.484 [CE][Storage] ver:21 stamp:80, valid:yes, name:"C:\SERVICES\ni9180513_1_SHARE\ftproot\dayzstandalone\mpmissions\hardcore.namalsk\storage_1\data\events.bin"
20:52:25.487 [CE][Storage] ver:21 stamp:78, valid:yes, name:"C:\SERVICES\ni9180513_1_SHARE\ftproot\dayzstandalone\mpmissions\hardcore.namalsk\storage_1\data\events.001"
20:52:25.490 [CE][Storage] ver:21 stamp:79, valid:yes, name:"C:\SERVICES\ni9180513_1_SHARE\ftproot\dayzstandalone\mpmissions\hardcore.namalsk\storage_1\data\events.002"
20:52:25.490 [CE][Storage] Restoring file "C:\SERVICES\ni9180513_1_SHARE\ftproot\dayzstandalone\mpmissions\hardcore.namalsk\storage_1\data\events.bin".
20:52:25.490 [CE][DynamicEvent] Load  Events:[17] Primary spawners: 17 Secondary spawners: 0
20:52:25.494 [CE][Storage] ver:25 stamp:80, valid:yes, name:"C:\SERVICES\ni9180513_1_SHARE\ftproot\dayzstandalone\mpmissions\hardcore.namalsk\storage_1\data\dynamic_000.bin"
20:52:25.497 [CE][Storage] ver:25 stamp:78, valid:yes, name:"C:\SERVICES\ni9180513_1_SHARE\ftproot\dayzstandalone\mpmissions\hardcore.namalsk\storage_1\data\dynamic_000.001"
20:52:25.500 [CE][Storage] ver:25 stamp:79, valid:yes, name:"C:\SERVICES\ni9180513_1_SHARE\ftproot\dayzstandalone\mpmissions\hardcore.namalsk\storage_1\data\dynamic_000.002"
20:52:25.500 [CE][Storage] Restoring file "C:\SERVICES\ni9180513_1_SHARE\ftproot\dayzstandalone\mpmissions\hardcore.namalsk\storage_1\data\dynamic_000.bin" 0 items.
20:52:25.500   0 items loaded. (0 failed)
20:52:25.504 [CE][Storage] ver:25 stamp:80, valid:yes, name:"C:\SERVICES\ni9180513_1_SHARE\ftproot\dayzstandalone\mpmissions\hardcore.namalsk\storage_1\data\dynamic_001.bin"
20:52:25.508 [CE][Storage] ver:25 stamp:78, valid:yes, name:"C:\SERVICES\ni9180513_1_SHARE\ftproot\dayzstandalone\mpmissions\hardcore.namalsk\storage_1\data\dynamic_001.001"
20:52:25.511 [CE][Storage] ver:25 stamp:79, valid:yes, name:"C:\SERVICES\ni9180513_1_SHARE\ftproot\dayzstandalone\mpmissions\hardcore.namalsk\storage_1\data\dynamic_001.002"
20:52:25.511 [CE][Storage] Restoring file "C:\SERVICES\ni9180513_1_SHARE\ftproot\dayzstandalone\mpmissions\hardcore.namalsk\storage_1\data\dynamic_001.bin" 143 items.
20:52:25.720   143 items loaded. (0 failed)
20:52:25.724 [CE][Storage] ver:25 stamp:80, valid:yes, name:"C:\SERVICES\ni9180513_1_SHARE\ftproot\dayzstandalone\mpmissions\hardcore.namalsk\storage_1\data\dynamic_002.bin"
20:52:25.728 [CE][Storage] ver:25 stamp:78, valid:yes, name:"C:\SERVICES\ni9180513_1_SHARE\ftproot\dayzstandalone\mpmissions\hardcore.namalsk\storage_1\data\dynamic_002.001"
20:52:25.731 [CE][Storage] ver:25 stamp:79, valid:yes, name:"C:\SERVICES\ni9180513_1_SHARE\ftproot\dayzstandalone\mpmissions\hardcore.namalsk\storage_1\data\dynamic_002.002"
20:52:25.731 [CE][Storage] Restoring file "C:\SERVICES\ni9180513_1_SHARE\ftproot\dayzstandalone\mpmissions\hardcore.namalsk\storage_1\data\dynamic_002.bin" 73 items.
20:52:25.883   73 items loaded. (0 failed)
20:52:25.886 [CE][Storage] ver:25 stamp:80, valid:yes, name:"C:\SERVICES\ni9180513_1_SHARE\ftproot\dayzstandalone\mpmissions\hardcore.namalsk\storage_1\data\dynamic_003.bin"
20:52:25.890 [CE][Storage] ver:25 stamp:78, valid:yes, name:"C:\SERVICES\ni9180513_1_SHARE\ftproot\dayzstandalone\mpmissions\hardcore.namalsk\storage_1\data\dynamic_003.001"
20:52:25.894 [CE][Storage] ver:25 stamp:79, valid:yes, name:"C:\SERVICES\ni9180513_1_SHARE\ftproot\dayzstandalone\mpmissions\hardcore.namalsk\storage_1\data\dynamic_003.002"
20:52:25.894 [CE][Storage] Restoring file "C:\SERVICES\ni9180513_1_SHARE\ftproot\dayzstandalone\mpmissions\hardcore.namalsk\storage_1\data\dynamic_003.bin" 834 items.
20:52:26.638   834 items loaded. (0 failed)
20:52:26.642 [CE][Storage] ver:25 stamp:80, valid:yes, name:"C:\SERVICES\ni9180513_1_SHARE\ftproot\dayzstandalone\mpmissions\hardcore.namalsk\storage_1\data\dynamic_004.bin"
20:52:26.646 [CE][Storage] ver:25 stamp:78, valid:yes, name:"C:\SERVICES\ni9180513_1_SHARE\ftproot\dayzstandalone\mpmissions\hardcore.namalsk\storage_1\data\dynamic_004.001"
20:52:26.650 [CE][Storage] ver:25 stamp:79, valid:yes, name:"C:\SERVICES\ni9180513_1_SHARE\ftproot\dayzstandalone\mpmissions\hardcore.namalsk\storage_1\data\dynamic_004.002"
20:52:26.650 [CE][Storage] Restoring file "C:\SERVICES\ni9180513_1_SHARE\ftproot\dayzstandalone\mpmissions\hardcore.namalsk\storage_1\data\dynamic_004.bin" 1627 items.
20:52:27.603   1627 items loaded. (0 failed)
20:52:27.607 [CE][Storage] ver:25 stamp:80, valid:yes, name:"C:\SERVICES\ni9180513_1_SHARE\ftproot\dayzstandalone\mpmissions\hardcore.namalsk\storage_1\data\dynamic_005.bin"
20:52:27.612 [CE][Storage] ver:25 stamp:78, valid:yes, name:"C:\SERVICES\ni9180513_1_SHARE\ftproot\dayzstandalone\mpmissions\hardcore.namalsk\storage_1\data\dynamic_005.001"
20:52:27.616 [CE][Storage] ver:25 stamp:79, valid:yes, name:"C:\SERVICES\ni9180513_1_SHARE\ftproot\dayzstandalone\mpmissions\hardcore.namalsk\storage_1\data\dynamic_005.002"
20:52:27.616 [CE][Storage] Restoring file "C:\SERVICES\ni9180513_1_SHARE\ftproot\dayzstandalone\mpmissions\hardcore.namalsk\storage_1\data\dynamic_005.bin" 655 items.
20:52:27.984   655 items loaded. (0 failed)
20:52:27.988 [CE][Storage] ver:25 stamp:80, valid:yes, name:"C:\SERVICES\ni9180513_1_SHARE\ftproot\dayzstandalone\mpmissions\hardcore.namalsk\storage_1\data\dynamic_006.bin"
20:52:27.991 [CE][Storage] ver:25 stamp:78, valid:yes, name:"C:\SERVICES\ni9180513_1_SHARE\ftproot\dayzstandalone\mpmissions\hardcore.namalsk\storage_1\data\dynamic_006.001"
20:52:27.995 [CE][Storage] ver:25 stamp:79, valid:yes, name:"C:\SERVICES\ni9180513_1_SHARE\ftproot\dayzstandalone\mpmissions\hardcore.namalsk\storage_1\data\dynamic_006.002"
20:52:27.995 [CE][Storage] Restoring file "C:\SERVICES\ni9180513_1_SHARE\ftproot\dayzstandalone\mpmissions\hardcore.namalsk\storage_1\data\dynamic_006.bin" 1803 items.
20:52:28.955   1803 items loaded. (0 failed)
20:52:28.959 [CE][Storage] ver:25 stamp:80, valid:yes, name:"C:\SERVICES\ni9180513_1_SHARE\ftproot\dayzstandalone\mpmissions\hardcore.namalsk\storage_1\data\dynamic_007.bin"
20:52:28.963 [CE][Storage] ver:25 stamp:78, valid:yes, name:"C:\SERVICES\ni9180513_1_SHARE\ftproot\dayzstandalone\mpmissions\hardcore.namalsk\storage_1\data\dynamic_007.001"
20:52:28.967 [CE][Storage] ver:25 stamp:79, valid:yes, name:"C:\SERVICES\ni9180513_1_SHARE\ftproot\dayzstandalone\mpmissions\hardcore.namalsk\storage_1\data\dynamic_007.002"
20:52:28.967 [CE][Storage] Restoring file "C:\SERVICES\ni9180513_1_SHARE\ftproot\dayzstandalone\mpmissions\hardcore.namalsk\storage_1\data\dynamic_007.bin" 580 items.
20:52:29.293   580 items loaded. (0 failed)
20:52:29.297 [CE][Storage] ver:25 stamp:80, valid:yes, name:"C:\SERVICES\ni9180513_1_SHARE\ftproot\dayzstandalone\mpmissions\hardcore.namalsk\storage_1\data\dynamic_008.bin"
20:52:29.301 [CE][Storage] ver:25 stamp:78, valid:yes, name:"C:\SERVICES\ni9180513_1_SHARE\ftproot\dayzstandalone\mpmissions\hardcore.namalsk\storage_1\data\dynamic_008.001"
20:52:29.304 [CE][Storage] ver:25 stamp:79, valid:yes, name:"C:\SERVICES\ni9180513_1_SHARE\ftproot\dayzstandalone\mpmissions\hardcore.namalsk\storage_1\data\dynamic_008.002"
20:52:29.304 [CE][Storage] Restoring file "C:\SERVICES\ni9180513_1_SHARE\ftproot\dayzstandalone\mpmissions\hardcore.namalsk\storage_1\data\dynamic_008.bin" 369 items.
20:52:29.513   369 items loaded. (0 failed)
20:52:29.517 [CE][Storage] ver:25 stamp:80, valid:yes, name:"C:\SERVICES\ni9180513_1_SHARE\ftproot\dayzstandalone\mpmissions\hardcore.namalsk\storage_1\data\dynamic_009.bin"
20:52:29.520 [CE][Storage] ver:25 stamp:78, valid:yes, name:"C:\SERVICES\ni9180513_1_SHARE\ftproot\dayzstandalone\mpmissions\hardcore.namalsk\storage_1\data\dynamic_009.001"
20:52:29.523 [CE][Storage] ver:25 stamp:79, valid:yes, name:"C:\SERVICES\ni9180513_1_SHARE\ftproot\dayzstandalone\mpmissions\hardcore.namalsk\storage_1\data\dynamic_009.002"
20:52:29.523 [CE][Storage] Restoring file "C:\SERVICES\ni9180513_1_SHARE\ftproot\dayzstandalone\mpmissions\hardcore.namalsk\storage_1\data\dynamic_009.bin" 0 items.
20:52:29.523   0 items loaded. (0 failed)
20:52:29.527 [CE][Storage] ver:25 stamp:80, valid:yes, name:"C:\SERVICES\ni9180513_1_SHARE\ftproot\dayzstandalone\mpmissions\hardcore.namalsk\storage_1\data\dynamic_010.bin"
20:52:29.530 [CE][Storage] ver:25 stamp:78, valid:yes, name:"C:\SERVICES\ni9180513_1_SHARE\ftproot\dayzstandalone\mpmissions\hardcore.namalsk\storage_1\data\dynamic_010.001"
20:52:29.533 [CE][Storage] ver:25 stamp:79, valid:yes, name:"C:\SERVICES\ni9180513_1_SHARE\ftproot\dayzstandalone\mpmissions\hardcore.namalsk\storage_1\data\dynamic_010.002"
20:52:29.533 [CE][Storage] Restoring file "C:\SERVICES\ni9180513_1_SHARE\ftproot\dayzstandalone\mpmissions\hardcore.namalsk\storage_1\data\dynamic_010.bin" 49 items.
20:52:29.563   49 items loaded. (0 failed)
20:52:29.567 [CE][Storage] ver:25 stamp:80, valid:yes, name:"C:\SERVICES\ni9180513_1_SHARE\ftproot\dayzstandalone\mpmissions\hardcore.namalsk\storage_1\data\dynamic_011.bin"
20:52:29.570 [CE][Storage] ver:25 stamp:78, valid:yes, name:"C:\SERVICES\ni9180513_1_SHARE\ftproot\dayzstandalone\mpmissions\hardcore.namalsk\storage_1\data\dynamic_011.001"
20:52:29.574 [CE][Storage] ver:25 stamp:79, valid:yes, name:"C:\SERVICES\ni9180513_1_SHARE\ftproot\dayzstandalone\mpmissions\hardcore.namalsk\storage_1\data\dynamic_011.002"
20:52:29.574 [CE][Storage] Restoring file "C:\SERVICES\ni9180513_1_SHARE\ftproot\dayzstandalone\mpmissions\hardcore.namalsk\storage_1\data\dynamic_011.bin" 40 items.
20:52:29.602   40 items loaded. (0 failed)
20:52:29.606 [CE][Storage] ver:26 stamp:80, valid:yes, name:"C:\SERVICES\ni9180513_1_SHARE\ftproot\dayzstandalone\mpmissions\hardcore.namalsk\storage_1\data\building.bin"
20:52:29.609 [CE][Storage] ver:26 stamp:78, valid:yes, name:"C:\SERVICES\ni9180513_1_SHARE\ftproot\dayzstandalone\mpmissions\hardcore.namalsk\storage_1\data\building.001"
20:52:29.612 [CE][Storage] ver:26 stamp:79, valid:yes, name:"C:\SERVICES\ni9180513_1_SHARE\ftproot\dayzstandalone\mpmissions\hardcore.namalsk\storage_1\data\building.002"
20:52:29.613 [CE][Storage] Restoring file "C:\SERVICES\ni9180513_1_SHARE\ftproot\dayzstandalone\mpmissions\hardcore.namalsk\storage_1\data\building.bin" 0 items.
20:52:29.613   0 items loaded. (0 failed)
20:52:29.617 [CE][Storage] ver:25 stamp:80, valid:yes, name:"C:\SERVICES\ni9180513_1_SHARE\ftproot\dayzstandalone\mpmissions\hardcore.namalsk\storage_1\data\vehicles.bin"
20:52:29.620 [CE][Storage] ver:25 stamp:78, valid:yes, name:"C:\SERVICES\ni9180513_1_SHARE\ftproot\dayzstandalone\mpmissions\hardcore.namalsk\storage_1\data\vehicles.001"
20:52:29.624 [CE][Storage] ver:25 stamp:79, valid:yes, name:"C:\SERVICES\ni9180513_1_SHARE\ftproot\dayzstandalone\mpmissions\hardcore.namalsk\storage_1\data\vehicles.002"
20:52:29.624 [CE][Storage] Restoring file "C:\SERVICES\ni9180513_1_SHARE\ftproot\dayzstandalone\mpmissions\hardcore.namalsk\storage_1\data\vehicles.bin" 52 items.
20:52:29.685   52 items loaded. (0 failed)
20:52:29.720 [CE][Hive] :: Storage load took:4.22 seconds, recovery stamp:80
20:52:29.720   entity: 6763, building: 0
20:52:29.720   no lifetime: 6
20:52:29.720   pathgraph's: 116
20:52:29.729 [CE][Hive] :: Initializing ... 
20:52:29.747 [CE][InitializeMap] :: initialized: 0
20:52:29.747 [CE][Hive] :: Initializing spawners ... 
20:52:29.747 [CE][LootRespawner] (PRIDummy) :: Initially (re)spawned:0, Nominal:6736, Total in Map: 6259 at 0 (sec)
20:52:29.747   tests:0, repeats:0 fails:0, overtime:0
20:52:32.772 [CE][DynEvent] :: 17 types
20:52:32.772 [00] Loot
20:52:32.772   Primary Spawner: "Loot", active: yes, repeat: 2
20:52:32.772 [01] StaticMedDrop
20:52:32.772   Primary Spawner: "Static", active: yes, repeat: 1
20:52:32.772 [02] StaticLifeboat
20:52:32.772   Primary Spawner: "Static", active: yes, repeat: 1
20:52:32.772 [03] TrajectoryStones
20:52:32.772   Primary Spawner: "Trajectory", active: yes, repeat: 1
20:52:32.772 [04] InfectedSanta
20:52:32.772   Primary Spawner: "Infected", active: yes, repeat: 1
20:52:32.772 [05] InfectedArmy
20:52:32.772   Primary Spawner: "Infected", active: yes, repeat: 1
20:52:32.772 [06] InfectedIndustrial
20:52:32.772   Primary Spawner: "Infected", active: yes, repeat: 1
20:52:32.772 [07] InfectedCivil
20:52:32.772   Primary Spawner: "Infected", active: yes, repeat: 1
20:52:32.772 [08] InfectedMedic
20:52:32.772   Primary Spawner: "Infected", active: yes, repeat: 1
20:52:32.772 [09] AnimalGoat
20:52:32.772   Primary Spawner: "Animal", active: yes, repeat: 1
20:52:32.772 [10] AnimalSheep
20:52:32.772   Primary Spawner: "Animal", active: yes, repeat: 1
20:52:32.772 [11] AnimalRoeDeer
20:52:32.772   Primary Spawner: "Animal", active: yes, repeat: 1
20:52:32.772 [12] AnimalDeer
20:52:32.772   Primary Spawner: "Animal", active: yes, repeat: 1
20:52:32.772 [13] AnimalWildBoar
20:52:32.772   Primary Spawner: "Animal", active: yes, repeat: 1
20:52:32.772 [14] AnimalWolf
20:52:32.772   Primary Spawner: "Animal", active: yes, repeat: 1
20:52:32.772 [15] AnimalBrownBear
20:52:32.772   Primary Spawner: "Animal", active: yes, repeat: 1
20:52:32.772 [16] AnimalPolarBear
20:52:32.772   Primary Spawner: "Animal", active: yes, repeat: 1
20:52:32.772 [CE][Hive] :: Initializing of spawners done.
20:52:32.778 [CE][Hive] :: Init sequence finished.
20:53:30.157 [CE][MapExport] :: entity found:10114, entity valid:1610, types total:261... took 57 sec
20:53:30.159 Player connect enabled
20:53:31.651 [IdleMode] Entering IN - save processed
21:00:55.509 [Login]: Adding player Teddybear (5145319) to login queue at position 0
21:00:55.509 [LoginMachine]: Add player Teddybear (5145319 71.1.247.249:28002)
21:00:55.509 [StateMachine]: Player Teddybear (dpnid 5145319 uid ) Entering AuthPlayerLoginState
21:00:56.293 [StateMachine]: Player Teddybear (dpnid 5145319 uid ) Entering WaitAuthPlayerLoginState
21:00:57.364 [IdleMode] Leaving OUT
21:00:59.31 Player Teddybear connected (id=Q74fxPdlRt8xzaRnXB-9fMyQ9RnGUPZVj3H_Kuu3Hsc=).
21:00:59.31 Player "Teddybear" is connected (steamID=76561198190486863)
21:00:59.40 [StateMachine]: Player Teddybear (dpnid 5145319 uid ) Entering WaitPlayerAssignedLoginState
21:01:02.371 [StateMachine]: Player Teddybear (dpnid 5145319 uid Q74fxPdlRt8xzaRnXB-9fMyQ9RnGUPZVj3H_Kuu3Hsc=) Entering DBGetLoginTimeLoginState
21:01:02.402 [StateMachine]: Player Teddybear (dpnid 5145319 uid Q74fxPdlRt8xzaRnXB-9fMyQ9RnGUPZVj3H_Kuu3Hsc=) Entering DBWaitLoginTimeLoginState
21:01:17.410 [StateMachine]: Player Teddybear (dpnid 5145319 uid Q74fxPdlRt8xzaRnXB-9fMyQ9RnGUPZVj3H_Kuu3Hsc=) Entering DBGetCharacterLoginState
21:01:17.440 [StateMachine]: Player Teddybear (dpnid 5145319 uid Q74fxPdlRt8xzaRnXB-9fMyQ9RnGUPZVj3H_Kuu3Hsc=) Entering CreateNetObjectsLoginState
21:01:17.455 [StateMachine]: Player Teddybear (dpnid 5145319 uid Q74fxPdlRt8xzaRnXB-9fMyQ9RnGUPZVj3H_Kuu3Hsc=) Entering PreloadCamLoginState
21:01:17.460 [StateMachine]: Player Teddybear (dpnid 5145319 uid Q74fxPdlRt8xzaRnXB-9fMyQ9RnGUPZVj3H_Kuu3Hsc=) Entering WaitPreloadCamLoginState
21:01:18.580 [StateMachine]: Player Teddybear (dpnid 5145319 uid Q74fxPdlRt8xzaRnXB-9fMyQ9RnGUPZVj3H_Kuu3Hsc=) Entering GetNewCharLoginState
21:01:30.51 <CREATE NEW CHAR>:
    charID 1
    playerID 1
    dpnid 5145319
    uid Q74fxPdlRt8xzaRnXB-9fMyQ9RnGUPZVj3H_Kuu3Hsc=
21:01:31.945 [CE][LootRespawner] (PRIDummy) :: Item [0] causing search overtime: "WorkingGloves_Beige"
21:01:32.48 [CE][LootRespawner] (PRIDummy) :: Item [1] causing search overtime: "WorkingGloves_Black"
21:01:32.158 [CE][LootRespawner] (PRIDummy) :: Item [2] causing search overtime: "WorkingGloves_Brown"
21:01:32.263 [CE][LootRespawner] (PRIDummy) :: Item [3] causing search overtime: "WorkingGloves_Yellow"
21:01:32.370 [CE][LootRespawner] (PRIDummy) :: Item [4] causing search overtime: "dzn_WaterBottle"
21:01:32.470 [CE][LootRespawner] (PRIDummy) :: Item [5] causing search overtime: "dzn_Canteen"
21:01:32.570 [CE][LootRespawner] (PRIDummy) :: Item [6] causing search overtime: "dzn_UnknownFoodCan"
21:01:32.674 [CE][LootRespawner] (PRIDummy) :: Item [7] causing search overtime: "TacticalGloves_Beige"
21:01:32.780 [CE][LootRespawner] (PRIDummy) :: Item [8] causing search overtime: "TacticalGloves_Black"
21:01:32.889 [CE][LootRespawner] (PRIDummy) :: Item [9] causing search overtime: "OMNOGloves_Brown"
21:01:32.993 [CE][LootRespawner] (PRIDummy) :: Item [10] causing search overtime: "OMNOGloves_Gray"
21:01:33.95 [CE][LootRespawner] (PRIDummy) :: Item [11] causing search overtime: "TacticalGloves_Green"
21:01:33.197 [CE][LootRespawner] (PRIDummy) :: Item [12] causing search overtime: "dzn_Marmalade"
21:01:33.298 [CE][LootRespawner] (PRIDummy) :: Item [13] causing search overtime: "dzn_BrisketSpread"
21:01:33.407 [CE][LootRespawner] (PRIDummy) :: Item [14] causing search overtime: "dzn_Pate"
21:01:33.516 [CE][LootRespawner] (PRIDummy) :: Item [15] causing search overtime: "dzn_Honey"
21:01:33.621 [CE][LootRespawner] (PRIDummy) :: Item [16] causing search overtime: "dzn_Pajka"
21:01:33.723 [CE][LootRespawner] (PRIDummy) :: Item [17] causing search overtime: "dzn_CatFoodCan"
21:01:33.827 [CE][LootRespawner] (PRIDummy) :: Item [18] causing search overtime: "dzn_Lunchmeat"
21:01:33.932 [CE][LootRespawner] (PRIDummy) :: Item [19] causing search overtime: "dzn_DogFoodCan"
21:09:35.208 [CE][Links] found 0 total links between groups, of 1
21:09:35.208 [CE][SpawnRandomLoot] (StaticMedDrop) :: Type: Misc_cargo_cont_net1, lootmin: 4, lootmax: 6, wanted: 4, deloot: 2, containermaxsum: 6
21:09:35.211 [CE][Links] found 0 total links between groups, of 2
21:09:35.211 [CE][SpawnRandomLoot] (StaticMedDrop) :: Type: Misc_cargo_cont_net1, lootmin: 4, lootmax: 6, wanted: 5, deloot: 2, containermaxsum: 6
21:09:35.213 [CE][Links] found 0 total links between groups, of 3
21:09:35.213 [CE][SpawnRandomLoot] (StaticMedDrop) :: Type: Misc_cargo_cont_net1, lootmin: 4, lootmax: 6, wanted: 5, deloot: 2, containermaxsum: 6
21:09:35.216 [CE][Links] found 0 total links between groups, of 4
21:09:35.216 [CE][SpawnRandomLoot] (StaticMedDrop) :: Type: Misc_cargo_cont_net1, lootmin: 4, lootmax: 6, wanted: 5, deloot: 2, containermaxsum: 6
21:09:35.218 [CE][Links] found 0 total links between groups, of 5
21:09:35.218 [CE][SpawnRandomLoot] (StaticMedDrop) :: Type: Misc_cargo_cont_net1, lootmin: 4, lootmax: 6, wanted: 5, deloot: 2, containermaxsum: 6
21:09:35.220 [CE][Links] found 0 total links between groups, of 6
21:09:35.220 [CE][SpawnRandomLoot] (StaticMedDrop) :: Type: Misc_cargo_cont_net1, lootmin: 4, lootmax: 6, wanted: 4, deloot: 2, containermaxsum: 6
21:09:35.525 [CE][Links] found 0 total links between groups, of 7
21:09:35.525 [CE][SpawnRandomLoot] (StaticLifeboat) :: Type: sea_oilrig_lifeboat, lootmin: 2, lootmax: 5, wanted: 3, deloot: 2, containermaxsum: 5
21:09:35.525 [CE][SpawnRandomLoot] (StaticLifeboat) :: No item found to spawn for DE! Spawned: 1 / 3 (enable log_ce_dynamicevent to see item lists for event)
21:12:23.750 Respawn: Add player Teddybear (5145319) to respawn machine
21:12:23.750 [StateMachine]: Player Teddybear (dpnid 5145319 uid ) Entering GetCharacterRespawnState
21:12:23.761 [StateMachine]: Player Teddybear (dpnid 5145319 uid ) Entering PreloadCamRespawnState
21:12:23.772 [StateMachine]: Player Teddybear (dpnid 5145319 uid ) Entering WaitPreloadCamRespawnState
21:12:24.590 [StateMachine]: Player Teddybear (dpnid 5145319 uid ) Entering GetNewCharRespawnState
21:12:24.630 <RESPAWN NEW CHAR>:
    charID 1
    playerID 1
    dpnid 5145319
    uid Q74fxPdlRt8xzaRnXB-9fMyQ9RnGUPZVj3H_Kuu3Hsc=
21:16:43.371 Respawn: Add player Teddybear (5145319) to respawn machine
21:16:43.371 [StateMachine]: Player Teddybear (dpnid 5145319 uid ) Entering GetCharacterRespawnState
21:16:43.381 [StateMachine]: Player Teddybear (dpnid 5145319 uid ) Entering PreloadCamRespawnState
21:16:43.391 [StateMachine]: Player Teddybear (dpnid 5145319 uid ) Entering WaitPreloadCamRespawnState
21:16:49.468 [StateMachine]: Player Teddybear (dpnid 5145319 uid ) Entering GetNewCharRespawnState
21:16:49.502 <RESPAWN NEW CHAR>:
    charID 1
    playerID 1
    dpnid 5145319
    uid Q74fxPdlRt8xzaRnXB-9fMyQ9RnGUPZVj3H_Kuu3Hsc=
21:17:56.742 [Disconnect]: Start script disconnect 5145319 (dbCharacterId 1 dbPlayerId 1) logoutTime 15
21:17:57.901 [Disconnect]: Client 5145319 disconnecting
21:17:57.901 [Disconnect]: Client 5145319 early disconnect
21:17:57.903 [Disconnect]: Start script disconnect 5145319 (dbCharacterId 1 dbPlayerId 1) logoutTime 15
21:18:08.802 [Disconnect]: No packets from 5145319
21:18:08.802 Player Teddybear (5145319) kicked from server: 4 (Connection with host has been lost.)