

=====================================================================
== C:\SERVICES\ni9180513_1_SHARE\ftproot\dayzstandalone\DayZServer_x64.exe
== "C:\SERVICES\ni9180513_1_SHARE\ftproot\dayzstandalone\DayZServer_x64.exe" -ip=37.10.124.137 -port=28000 -cpuCount=4 -limitFPS=100 -adminlog -config=serverDZ.cfg "-mod=@Namalsk Island;@Namalsk Survival;@CF;@Dabs Framework;@Community-Online-Tools;@shd_retextures;@BuilderItems;@Spurgles_BagZ;@sFramework;@sGunplay;@WindstridesClothingPack;@Advanced Weapon Scopes;@VPPAdminTools;@Zen's Zombie Door Bangers;@Unknown Ghillie Mod;@Zen's Chicken Coops;@Wolf Packs;@sGunplay_AWS" -profiles=C:\SERVICES\ni9180513_1_SHARE\ftproot\dayzstandalone/config -BEPath=C:\SERVICES\ni9180513_1_SHARE\ftproot\dayzstandalone\battleye -noFilePatching -nologs -freezecheck
=====================================================================
Exe timestamp: 2023/06/06 04:56:18
Current time:  2023/06/18 20:00:37

Version 1.21.156243
20:00:37.119 [Inputs] Loading inputs default "bin/constants.xml"
20:00:37.136 [Inputs] Loading inputs default "bin/specific.xml"
20:00:37.140 [Inputs] Loading inputs default "JM/COT/Scripts/Data/Inputs.xml"
20:00:37.143 !!! [Inputs] Cannot Register "UAObjectModuleDeleteOnCursor" non-existent input - Fix Preset!
20:00:37.146 [Inputs] Loading inputs default "MyMODS/sGunplay/scripts/data/inputs.xml"
20:00:37.151 [Inputs] Loading inputs default "nst/ns_dayz/scripts/Data/Inputs.xml"
20:00:37.156 [Inputs] Loading inputs default "VPPAdminTools/data/modded_Inputs.xml"
20:00:37.162 [Inputs] Loading inputs default "WindstrideClothing/Inputs.xml"
20:00:37.169 [Inputs] Loading inputs cfg "C:\SERVICES\ni9180513_1_SHARE\ftproot\dayzstandalone/config\Users\Survivor\Server.core.xml"
20:00:37.196 [Inputs] Exporting inputs cfg "C:\SERVICES\ni9180513_1_SHARE\ftproot\dayzstandalone/config\Users\Survivor\Server.core.xml"
20:01:22.727 [CE][Hive] :: Initializing OFFLINE
20:01:22.731 [StorageDirs] :: Selected storage directory: C:\SERVICES\ni9180513_1_SHARE\ftproot\dayzstandalone\mpmissions\hardcore.namalsk\storage_1\
20:01:22.741 [CE][Hive] :: Loading core data ... 
20:01:22.751 [CE][CoreData] :: 7 root classes, 0 defaults, 0 updaters...
20:01:32.667 [CE] :: WARNING :: Preset map "headsFirefighter" is EMPTY.
20:01:32.669 [CE][TypeSetup] :: 556 classes setuped...
20:01:36.588 [CE][RegisterBind] :: 0 classes binded...
20:01:36.588 [CE][RegisterConfig] :: 15901 config classes registered, 0 sub-counters...
20:01:36.588 [CE][Hive] :: Loading map data ... 
20:01:36.663 !!! [CE] :: Unknown tag: 'shelves'.
20:01:36.663 !!! [CE] :: Unknown category: 'books'.
20:01:36.663 !!! [CE] :: Unknown tag: 'shelves'.
20:01:36.663 !!! [CE] :: Unknown tag: 'shelves'.
20:01:36.663 [CE][LoadPrototype] :: loaded 261 prototypes
20:01:36.663   411 containers, 7544 points
20:01:36.663   1 dispatches, 1 proxies
20:01:36.663 !!! [CE][LoadPrototype] 1 groups have wrong points...
20:01:36.663 [CE][LoadPrototype] :: last group name: Land_Prison_Side...
20:01:36.678 [CE][LoadPrototype] :: loaded 0 prototypes
20:01:36.678   38 containers, 66 points
20:01:36.678   0 dispatches, 0 proxies
20:01:36.678 [CE][LoadPrototype] :: last group name: StoneLoc38...
20:01:36.785 [CE][LoadMap] "Group" :: loaded 1610 groups, groups failed: 0, largest group range: 36.4
20:01:36.797 [CE][LoadMap] "Dirt" :: loaded 0 groups, groups failed: 0, largest group range: 36.4
20:01:36.804 [CE][Links] found 534 total links between groups, of 1610
20:01:36.804 [CE][LoadClusters] "Cluster" :: Loading files...
20:01:36.826 [CE][LoadClusters] :: file: "mapgroupcluster.xml", 1 types, 2418 instances
20:01:36.830 [CE][Storage] ver:21 stamp:227, valid:yes, name:"C:\SERVICES\ni9180513_1_SHARE\ftproot\dayzstandalone\mpmissions\hardcore.namalsk\storage_1\data\types.bin"
20:01:36.834 [CE][Storage] ver:21 stamp:34, valid:yes, name:"C:\SERVICES\ni9180513_1_SHARE\ftproot\dayzstandalone\mpmissions\hardcore.namalsk\storage_1\data\types.001"
20:01:36.838 [CE][Storage] ver:21 stamp:35, valid:yes, name:"C:\SERVICES\ni9180513_1_SHARE\ftproot\dayzstandalone\mpmissions\hardcore.namalsk\storage_1\data\types.002"
20:01:36.838 [CE][Storage] Restoring file "C:\SERVICES\ni9180513_1_SHARE\ftproot\dayzstandalone\mpmissions\hardcore.namalsk\storage_1\data\types.bin".
20:01:37.119 [CE][offlineDB] :: Loaded 17 dynamic events 169 total types.
20:01:37.159 !!! [CE] :: Unknown tag: 'floor'.
20:01:37.159 !!! [CE] :: Unknown tag: 'floor'.
20:01:37.159 !!! [CE] :: Unknown tag: 'floor'.
20:01:37.159 !!! [CE] :: Unknown tag: 'floor'.
20:01:37.159 !!! [CE] :: Unknown tag: 'floor'.
20:01:37.159 !!! [CE] :: Unknown tag: 'floor'.
20:01:37.159 !!! [CE] :: Unknown tag: 'floor'.
20:01:37.159 !!! [CE] :: Unknown tag: 'floor'.
20:01:37.159 !!! [CE] :: Unknown tag: 'floor'.
20:01:37.160 !!! [CE] :: Unknown tag: 'floor'.
20:01:37.160 !!! [CE][offlineDB] :: Type 'Leather_Cloak' will be ignored. (Type does not exist. (Typo?))
20:01:37.160 !!! [CE] :: Unknown tag: 'floor'.
20:01:37.161 !!! [CE][offlineDB] :: Type 'AD_LeupoldMk4' will be ignored. (Type does not exist. (Typo?))
20:01:37.161 !!! [CE][offlineDB] :: Type 'AD_LeupoldMk4_MosinMount' will be ignored. (Type does not exist. (Typo?))
20:01:37.161 !!! [CE][offlineDB] :: Type 'AD_LeupoldMk4_B13' will be ignored. (Type does not exist. (Typo?))
20:01:37.161 !!! [CE][offlineDB] :: Type 'ChristmasTree' will be ignored. (Not spawnable. (Scope is not public?))
20:01:37.207 [CE][DE][SPAWNS] :: Total positions: 129
20:01:37.207 [CE][DE][GROUPS] :: Total eventgroups defined: 0, Eventgroups in use: 0
20:01:37.210 [CE][Storage] ver:21 stamp:227, valid:yes, name:"C:\SERVICES\ni9180513_1_SHARE\ftproot\dayzstandalone\mpmissions\hardcore.namalsk\storage_1\data\events.bin"
20:01:37.214 [CE][Storage] ver:21 stamp:34, valid:yes, name:"C:\SERVICES\ni9180513_1_SHARE\ftproot\dayzstandalone\mpmissions\hardcore.namalsk\storage_1\data\events.001"
20:01:37.217 [CE][Storage] ver:21 stamp:35, valid:yes, name:"C:\SERVICES\ni9180513_1_SHARE\ftproot\dayzstandalone\mpmissions\hardcore.namalsk\storage_1\data\events.002"
20:01:37.217 [CE][Storage] Restoring file "C:\SERVICES\ni9180513_1_SHARE\ftproot\dayzstandalone\mpmissions\hardcore.namalsk\storage_1\data\events.bin".
20:01:37.217 [CE][DynamicEvent] Load  Events:[17] Primary spawners: 17 Secondary spawners: 0
20:01:37.220 [CE][Storage] ver:25 stamp:227, valid:yes, name:"C:\SERVICES\ni9180513_1_SHARE\ftproot\dayzstandalone\mpmissions\hardcore.namalsk\storage_1\data\dynamic_000.bin"
20:01:37.223 [CE][Storage] ver:25 stamp:34, valid:yes, name:"C:\SERVICES\ni9180513_1_SHARE\ftproot\dayzstandalone\mpmissions\hardcore.namalsk\storage_1\data\dynamic_000.001"
20:01:37.227 [CE][Storage] ver:25 stamp:35, valid:yes, name:"C:\SERVICES\ni9180513_1_SHARE\ftproot\dayzstandalone\mpmissions\hardcore.namalsk\storage_1\data\dynamic_000.002"
20:01:37.227 [CE][Storage] Restoring file "C:\SERVICES\ni9180513_1_SHARE\ftproot\dayzstandalone\mpmissions\hardcore.namalsk\storage_1\data\dynamic_000.bin" 1 items.
20:01:37.229   1 items loaded. (0 failed)
20:01:37.233 [CE][Storage] ver:25 stamp:227, valid:yes, name:"C:\SERVICES\ni9180513_1_SHARE\ftproot\dayzstandalone\mpmissions\hardcore.namalsk\storage_1\data\dynamic_001.bin"
20:01:37.236 [CE][Storage] ver:25 stamp:34, valid:yes, name:"C:\SERVICES\ni9180513_1_SHARE\ftproot\dayzstandalone\mpmissions\hardcore.namalsk\storage_1\data\dynamic_001.001"
20:01:37.240 [CE][Storage] ver:25 stamp:35, valid:yes, name:"C:\SERVICES\ni9180513_1_SHARE\ftproot\dayzstandalone\mpmissions\hardcore.namalsk\storage_1\data\dynamic_001.002"
20:01:37.240 [CE][Storage] Restoring file "C:\SERVICES\ni9180513_1_SHARE\ftproot\dayzstandalone\mpmissions\hardcore.namalsk\storage_1\data\dynamic_001.bin" 147 items.
20:01:37.453   147 items loaded. (0 failed)
20:01:37.457 [CE][Storage] ver:25 stamp:227, valid:yes, name:"C:\SERVICES\ni9180513_1_SHARE\ftproot\dayzstandalone\mpmissions\hardcore.namalsk\storage_1\data\dynamic_002.bin"
20:01:37.460 [CE][Storage] ver:25 stamp:34, valid:yes, name:"C:\SERVICES\ni9180513_1_SHARE\ftproot\dayzstandalone\mpmissions\hardcore.namalsk\storage_1\data\dynamic_002.001"
20:01:37.463 [CE][Storage] ver:25 stamp:35, valid:yes, name:"C:\SERVICES\ni9180513_1_SHARE\ftproot\dayzstandalone\mpmissions\hardcore.namalsk\storage_1\data\dynamic_002.002"
20:01:37.463 [CE][Storage] Restoring file "C:\SERVICES\ni9180513_1_SHARE\ftproot\dayzstandalone\mpmissions\hardcore.namalsk\storage_1\data\dynamic_002.bin" 69 items.
20:01:37.595   69 items loaded. (0 failed)
20:01:37.599 [CE][Storage] ver:25 stamp:227, valid:yes, name:"C:\SERVICES\ni9180513_1_SHARE\ftproot\dayzstandalone\mpmissions\hardcore.namalsk\storage_1\data\dynamic_003.bin"
20:01:37.603 [CE][Storage] ver:25 stamp:34, valid:yes, name:"C:\SERVICES\ni9180513_1_SHARE\ftproot\dayzstandalone\mpmissions\hardcore.namalsk\storage_1\data\dynamic_003.001"
20:01:37.607 [CE][Storage] ver:25 stamp:35, valid:yes, name:"C:\SERVICES\ni9180513_1_SHARE\ftproot\dayzstandalone\mpmissions\hardcore.namalsk\storage_1\data\dynamic_003.002"
20:01:37.607 [CE][Storage] Restoring file "C:\SERVICES\ni9180513_1_SHARE\ftproot\dayzstandalone\mpmissions\hardcore.namalsk\storage_1\data\dynamic_003.bin" 883 items.
20:01:38.400   883 items loaded. (0 failed)
20:01:38.404 [CE][Storage] ver:25 stamp:227, valid:yes, name:"C:\SERVICES\ni9180513_1_SHARE\ftproot\dayzstandalone\mpmissions\hardcore.namalsk\storage_1\data\dynamic_004.bin"
20:01:38.408 [CE][Storage] ver:25 stamp:34, valid:yes, name:"C:\SERVICES\ni9180513_1_SHARE\ftproot\dayzstandalone\mpmissions\hardcore.namalsk\storage_1\data\dynamic_004.001"
20:01:38.412 [CE][Storage] ver:25 stamp:35, valid:yes, name:"C:\SERVICES\ni9180513_1_SHARE\ftproot\dayzstandalone\mpmissions\hardcore.namalsk\storage_1\data\dynamic_004.002"
20:01:38.412 [CE][Storage] Restoring file "C:\SERVICES\ni9180513_1_SHARE\ftproot\dayzstandalone\mpmissions\hardcore.namalsk\storage_1\data\dynamic_004.bin" 1675 items.
20:01:39.506   1675 items loaded. (0 failed)
20:01:39.511 [CE][Storage] ver:25 stamp:227, valid:yes, name:"C:\SERVICES\ni9180513_1_SHARE\ftproot\dayzstandalone\mpmissions\hardcore.namalsk\storage_1\data\dynamic_005.bin"
20:01:39.516 [CE][Storage] ver:25 stamp:34, valid:yes, name:"C:\SERVICES\ni9180513_1_SHARE\ftproot\dayzstandalone\mpmissions\hardcore.namalsk\storage_1\data\dynamic_005.001"
20:01:39.519 [CE][Storage] ver:25 stamp:35, valid:yes, name:"C:\SERVICES\ni9180513_1_SHARE\ftproot\dayzstandalone\mpmissions\hardcore.namalsk\storage_1\data\dynamic_005.002"
20:01:39.520 [CE][Storage] Restoring file "C:\SERVICES\ni9180513_1_SHARE\ftproot\dayzstandalone\mpmissions\hardcore.namalsk\storage_1\data\dynamic_005.bin" 678 items.
20:01:39.901   678 items loaded. (0 failed)
20:01:39.905 [CE][Storage] ver:25 stamp:227, valid:yes, name:"C:\SERVICES\ni9180513_1_SHARE\ftproot\dayzstandalone\mpmissions\hardcore.namalsk\storage_1\data\dynamic_006.bin"
20:01:39.909 [CE][Storage] ver:25 stamp:34, valid:yes, name:"C:\SERVICES\ni9180513_1_SHARE\ftproot\dayzstandalone\mpmissions\hardcore.namalsk\storage_1\data\dynamic_006.001"
20:01:39.912 [CE][Storage] ver:25 stamp:35, valid:yes, name:"C:\SERVICES\ni9180513_1_SHARE\ftproot\dayzstandalone\mpmissions\hardcore.namalsk\storage_1\data\dynamic_006.002"
20:01:39.913 [CE][Storage] Restoring file "C:\SERVICES\ni9180513_1_SHARE\ftproot\dayzstandalone\mpmissions\hardcore.namalsk\storage_1\data\dynamic_006.bin" 1895 items.
20:01:40.869   1895 items loaded. (0 failed)
20:01:40.873 [CE][Storage] ver:25 stamp:227, valid:yes, name:"C:\SERVICES\ni9180513_1_SHARE\ftproot\dayzstandalone\mpmissions\hardcore.namalsk\storage_1\data\dynamic_007.bin"
20:01:40.877 [CE][Storage] ver:25 stamp:34, valid:yes, name:"C:\SERVICES\ni9180513_1_SHARE\ftproot\dayzstandalone\mpmissions\hardcore.namalsk\storage_1\data\dynamic_007.001"
20:01:40.881 [CE][Storage] ver:25 stamp:35, valid:yes, name:"C:\SERVICES\ni9180513_1_SHARE\ftproot\dayzstandalone\mpmissions\hardcore.namalsk\storage_1\data\dynamic_007.002"
20:01:40.881 [CE][Storage] Restoring file "C:\SERVICES\ni9180513_1_SHARE\ftproot\dayzstandalone\mpmissions\hardcore.namalsk\storage_1\data\dynamic_007.bin" 601 items.
20:01:41.203   601 items loaded. (0 failed)
20:01:41.207 [CE][Storage] ver:25 stamp:227, valid:yes, name:"C:\SERVICES\ni9180513_1_SHARE\ftproot\dayzstandalone\mpmissions\hardcore.namalsk\storage_1\data\dynamic_008.bin"
20:01:41.211 [CE][Storage] ver:25 stamp:34, valid:yes, name:"C:\SERVICES\ni9180513_1_SHARE\ftproot\dayzstandalone\mpmissions\hardcore.namalsk\storage_1\data\dynamic_008.001"
20:01:41.215 [CE][Storage] ver:25 stamp:35, valid:yes, name:"C:\SERVICES\ni9180513_1_SHARE\ftproot\dayzstandalone\mpmissions\hardcore.namalsk\storage_1\data\dynamic_008.002"
20:01:41.215 [CE][Storage] Restoring file "C:\SERVICES\ni9180513_1_SHARE\ftproot\dayzstandalone\mpmissions\hardcore.namalsk\storage_1\data\dynamic_008.bin" 365 items.
20:01:41.429   365 items loaded. (0 failed)
20:01:41.432 [CE][Storage] ver:25 stamp:227, valid:yes, name:"C:\SERVICES\ni9180513_1_SHARE\ftproot\dayzstandalone\mpmissions\hardcore.namalsk\storage_1\data\dynamic_009.bin"
20:01:41.436 [CE][Storage] ver:25 stamp:34, valid:yes, name:"C:\SERVICES\ni9180513_1_SHARE\ftproot\dayzstandalone\mpmissions\hardcore.namalsk\storage_1\data\dynamic_009.001"
20:01:41.439 [CE][Storage] ver:25 stamp:35, valid:yes, name:"C:\SERVICES\ni9180513_1_SHARE\ftproot\dayzstandalone\mpmissions\hardcore.namalsk\storage_1\data\dynamic_009.002"
20:01:41.439 [CE][Storage] Restoring file "C:\SERVICES\ni9180513_1_SHARE\ftproot\dayzstandalone\mpmissions\hardcore.namalsk\storage_1\data\dynamic_009.bin" 0 items.
20:01:41.439   0 items loaded. (0 failed)
20:01:41.442 [CE][Storage] ver:25 stamp:227, valid:yes, name:"C:\SERVICES\ni9180513_1_SHARE\ftproot\dayzstandalone\mpmissions\hardcore.namalsk\storage_1\data\dynamic_010.bin"
20:01:41.446 [CE][Storage] ver:25 stamp:34, valid:yes, name:"C:\SERVICES\ni9180513_1_SHARE\ftproot\dayzstandalone\mpmissions\hardcore.namalsk\storage_1\data\dynamic_010.001"
20:01:41.449 [CE][Storage] ver:25 stamp:35, valid:yes, name:"C:\SERVICES\ni9180513_1_SHARE\ftproot\dayzstandalone\mpmissions\hardcore.namalsk\storage_1\data\dynamic_010.002"
20:01:41.449 [CE][Storage] Restoring file "C:\SERVICES\ni9180513_1_SHARE\ftproot\dayzstandalone\mpmissions\hardcore.namalsk\storage_1\data\dynamic_010.bin" 44 items.
20:01:41.486   44 items loaded. (0 failed)
20:01:41.490 [CE][Storage] ver:25 stamp:227, valid:yes, name:"C:\SERVICES\ni9180513_1_SHARE\ftproot\dayzstandalone\mpmissions\hardcore.namalsk\storage_1\data\dynamic_011.bin"
20:01:41.493 [CE][Storage] ver:25 stamp:34, valid:yes, name:"C:\SERVICES\ni9180513_1_SHARE\ftproot\dayzstandalone\mpmissions\hardcore.namalsk\storage_1\data\dynamic_011.001"
20:01:41.496 [CE][Storage] ver:25 stamp:35, valid:yes, name:"C:\SERVICES\ni9180513_1_SHARE\ftproot\dayzstandalone\mpmissions\hardcore.namalsk\storage_1\data\dynamic_011.002"
20:01:41.497 [CE][Storage] Restoring file "C:\SERVICES\ni9180513_1_SHARE\ftproot\dayzstandalone\mpmissions\hardcore.namalsk\storage_1\data\dynamic_011.bin" 40 items.
20:01:41.523   40 items loaded. (0 failed)
20:01:41.527 [CE][Storage] ver:26 stamp:227, valid:yes, name:"C:\SERVICES\ni9180513_1_SHARE\ftproot\dayzstandalone\mpmissions\hardcore.namalsk\storage_1\data\building.bin"
20:01:41.530 [CE][Storage] ver:26 stamp:34, valid:yes, name:"C:\SERVICES\ni9180513_1_SHARE\ftproot\dayzstandalone\mpmissions\hardcore.namalsk\storage_1\data\building.001"
20:01:41.533 [CE][Storage] ver:26 stamp:35, valid:yes, name:"C:\SERVICES\ni9180513_1_SHARE\ftproot\dayzstandalone\mpmissions\hardcore.namalsk\storage_1\data\building.002"
20:01:41.533 [CE][Storage] Restoring file "C:\SERVICES\ni9180513_1_SHARE\ftproot\dayzstandalone\mpmissions\hardcore.namalsk\storage_1\data\building.bin" 0 items.
20:01:41.534   0 items loaded. (0 failed)
20:01:41.537 [CE][Storage] ver:25 stamp:227, valid:yes, name:"C:\SERVICES\ni9180513_1_SHARE\ftproot\dayzstandalone\mpmissions\hardcore.namalsk\storage_1\data\vehicles.bin"
20:01:41.541 [CE][Storage] ver:25 stamp:34, valid:yes, name:"C:\SERVICES\ni9180513_1_SHARE\ftproot\dayzstandalone\mpmissions\hardcore.namalsk\storage_1\data\vehicles.001"
20:01:41.544 [CE][Storage] ver:25 stamp:35, valid:yes, name:"C:\SERVICES\ni9180513_1_SHARE\ftproot\dayzstandalone\mpmissions\hardcore.namalsk\storage_1\data\vehicles.002"
20:01:41.544 [CE][Storage] Restoring file "C:\SERVICES\ni9180513_1_SHARE\ftproot\dayzstandalone\mpmissions\hardcore.namalsk\storage_1\data\vehicles.bin" 52 items.
20:01:41.611   52 items loaded. (0 failed)
20:01:41.651 [CE][Hive] :: Storage load took:4.44 seconds, recovery stamp:227
20:01:41.651   entity: 6974, building: 0
20:01:41.651   no lifetime: 6
20:01:41.651   pathgraph's: 116
20:01:41.661 [CE][Hive] :: Initializing ... 
20:01:41.681 [CE][InitializeMap] :: initialized: 0
20:01:41.681 [CE][Hive] :: Initializing spawners ... 
20:01:41.682 [CE][LootRespawner] (PRIDummy) :: Initially (re)spawned:0, Nominal:6753, Total in Map: 6484 at 0 (sec)
20:01:41.682   tests:0, repeats:0 fails:0, overtime:0
20:01:44.705 [CE][DynEvent] :: 17 types
20:01:44.705 [00] Loot
20:01:44.705   Primary Spawner: "Loot", active: yes, repeat: 2
20:01:44.705 [01] StaticMedDrop
20:01:44.705   Primary Spawner: "Static", active: yes, repeat: 1
20:01:44.705 [02] StaticLifeboat
20:01:44.705   Primary Spawner: "Static", active: yes, repeat: 1
20:01:44.705 [03] TrajectoryStones
20:01:44.705   Primary Spawner: "Trajectory", active: yes, repeat: 1
20:01:44.705 [04] InfectedSanta
20:01:44.705   Primary Spawner: "Infected", active: yes, repeat: 1
20:01:44.705 [05] InfectedArmy
20:01:44.705   Primary Spawner: "Infected", active: yes, repeat: 1
20:01:44.705 [06] InfectedIndustrial
20:01:44.705   Primary Spawner: "Infected", active: yes, repeat: 1
20:01:44.705 [07] InfectedCivil
20:01:44.705   Primary Spawner: "Infected", active: yes, repeat: 1
20:01:44.705 [08] InfectedMedic
20:01:44.705   Primary Spawner: "Infected", active: yes, repeat: 1
20:01:44.705 [09] AnimalGoat
20:01:44.705   Primary Spawner: "Animal", active: yes, repeat: 1
20:01:44.705 [10] AnimalSheep
20:01:44.705   Primary Spawner: "Animal", active: yes, repeat: 1
20:01:44.705 [11] AnimalRoeDeer
20:01:44.705   Primary Spawner: "Animal", active: yes, repeat: 1
20:01:44.705 [12] AnimalDeer
20:01:44.705   Primary Spawner: "Animal", active: yes, repeat: 1
20:01:44.705 [13] AnimalWildBoar
20:01:44.705   Primary Spawner: "Animal", active: yes, repeat: 1
20:01:44.705 [14] AnimalWolf
20:01:44.705   Primary Spawner: "Animal", active: yes, repeat: 1
20:01:44.705 [15] AnimalBrownBear
20:01:44.705   Primary Spawner: "Animal", active: yes, repeat: 1
20:01:44.705 [16] AnimalPolarBear
20:01:44.705   Primary Spawner: "Animal", active: yes, repeat: 1
20:01:44.705 [CE][Hive] :: Initializing of spawners done.
20:01:44.712 [CE][Hive] :: Init sequence finished.
20:02:41.321 [CE][MapExport] :: entity found:10342, entity valid:1610, types total:261... took 56 sec
20:02:41.324 Player connect enabled
20:02:41.475 [Login]: Adding player Teddybear (780287633) to login queue at position 0
20:02:41.475 [LoginMachine]: Add player Teddybear (780287633 71.1.247.249:28002)
20:02:41.475 [StateMachine]: Player Teddybear (dpnid 780287633 uid ) Entering AuthPlayerLoginState
20:02:42.817 [IdleMode] Entering IN - save processed
20:02:43.117 [StateMachine]: Player Teddybear (dpnid 780287633 uid ) Entering WaitAuthPlayerLoginState
20:02:44.337 [IdleMode] Leaving OUT
20:02:45.678 Player Teddybear connected (id=Q74fxPdlRt8xzaRnXB-9fMyQ9RnGUPZVj3H_Kuu3Hsc=).
20:02:45.678 Player "Teddybear" is connected (steamID=76561198190486863)
20:02:45.687 [StateMachine]: Player Teddybear (dpnid 780287633 uid ) Entering WaitPlayerAssignedLoginState
20:02:48.341 [StateMachine]: Player Teddybear (dpnid 780287633 uid Q74fxPdlRt8xzaRnXB-9fMyQ9RnGUPZVj3H_Kuu3Hsc=) Entering DBGetLoginTimeLoginState
20:02:48.371 [StateMachine]: Player Teddybear (dpnid 780287633 uid Q74fxPdlRt8xzaRnXB-9fMyQ9RnGUPZVj3H_Kuu3Hsc=) Entering DBWaitLoginTimeLoginState
20:03:03.378 [StateMachine]: Player Teddybear (dpnid 780287633 uid Q74fxPdlRt8xzaRnXB-9fMyQ9RnGUPZVj3H_Kuu3Hsc=) Entering DBGetCharacterLoginState
20:03:03.408 [StateMachine]: Player Teddybear (dpnid 780287633 uid Q74fxPdlRt8xzaRnXB-9fMyQ9RnGUPZVj3H_Kuu3Hsc=) Entering CreateNetObjectsLoginState
20:03:03.422 [StateMachine]: Player Teddybear (dpnid 780287633 uid Q74fxPdlRt8xzaRnXB-9fMyQ9RnGUPZVj3H_Kuu3Hsc=) Entering PreloadCamLoginState
20:03:03.428 [StateMachine]: Player Teddybear (dpnid 780287633 uid Q74fxPdlRt8xzaRnXB-9fMyQ9RnGUPZVj3H_Kuu3Hsc=) Entering WaitPreloadCamLoginState
20:03:05.395 [StateMachine]: Player Teddybear (dpnid 780287633 uid Q74fxPdlRt8xzaRnXB-9fMyQ9RnGUPZVj3H_Kuu3Hsc=) Entering GetLoadedCharLoginState
20:03:17.357 <LOAD EXISTING CHAR>:
    charID 1
    playerID 1
    dpnid 780287633
    uid Q74fxPdlRt8xzaRnXB-9fMyQ9RnGUPZVj3H_Kuu3Hsc=
20:03:19.156 [CE][LootRespawner] (PRIDummy) :: Item [0] causing search overtime: "AD_RMR_LM"
20:03:19.261 [CE][LootRespawner] (PRIDummy) :: Item [1] causing search overtime: "AD_RMR_TM"
