

=====================================================================
== C:\TCAFiles\Users\ted\153052\DayZServer_x64.exe
== "C:\TCAFiles\Users\ted\153052\DayZServer_x64.exe" -port=2322 -config=serverDZ_By_HostHavoc.cfg -profiles=C:\TCAFiles\Users\ted\153052\HostHavocDayZServer "-servermod=" "-mod=@Spring Namalsk;@Namalsk Island;@Namalsk Survival;@CF;@Dabs Framework;@Community-Online-Tools;@shd_retextures;@Spurgles_BagZ;@sFramework;@sGunplay;@WindstridesClothingPack;@Advanced Weapon Scopes;@VPPAdminTools;@sGunplay_AWS;@Survivor Animations;@DayZ-Bicycle;@DayZ-Dog;@Drones;@SpawnerBubaku;@PseudoGiant;@dbo_spiders;@TFServerPack;@DNA Keycards;@dbo_raptors;" 
=====================================================================
Exe timestamp: 2023/06/20 05:19:39
Current time:  2023/06/26 06:54:50

Version 1.21.156300
 6:54:50.376 [Inputs] Loading inputs default "bin/constants.xml"
 6:54:50.381 [Inputs] Loading inputs default "bin/specific.xml"
 6:54:50.382 [Inputs] Loading inputs default "JM/COT/Scripts/Data/Inputs.xml"
 6:54:50.383 !!! [Inputs] Cannot Register "UAObjectModuleDeleteOnCursor" non-existent input - Fix Preset!
 6:54:50.383 [Inputs] Loading inputs default "MyMODS/sGunplay/scripts/data/inputs.xml"
 6:54:50.384 [Inputs] Loading inputs default "nst/ns_dayz/scripts/Data/Inputs.xml"
 6:54:50.384 [Inputs] Loading inputs default "VPPAdminTools/data/modded_Inputs.xml"
 6:54:50.385 [Inputs] Loading inputs default "WindstrideClothing/Inputs.xml"
 6:54:50.386 [Inputs] Loading inputs default "evg_drones/Inputs.xml"
 6:54:50.387 [Inputs] Loading inputs default "Dayz_Dog/Data/Inputs.xml"
 6:54:50.387 [Inputs] Loading inputs cfg "C:\TCAFiles\Users\ted\153052\HostHavocDayZServer\Users\Survivor\Server.core.xml"
 6:54:50.392 [Inputs] Exporting inputs cfg "C:\TCAFiles\Users\ted\153052\HostHavocDayZServer\Users\Survivor\Server.core.xml"
 6:55:03.195 [CE][Hive] :: Initializing OFFLINE
 6:55:03.195 [StorageDirs] :: Selected storage directory: C:\TCAFiles\Users\ted\153052\mpmissions\hardcore.namalsk\storage_1\
 6:55:03.195 [CE][Hive] :: Loading core data ... 
 6:55:03.196 [CE][CoreData] :: 7 root classes, 0 defaults, 0 updaters...
 6:55:08.156 [CE] :: WARNING :: Preset map "headsFirefighter" is EMPTY.
 6:55:08.158 [CE][TypeSetup] :: 557 classes setuped...
 6:55:12.675 [CE][RegisterBind] :: 0 classes binded...
 6:55:12.675 [CE][RegisterConfig] :: 16393 config classes registered, 0 sub-counters...
 6:55:12.675 [CE][Hive] :: Loading map data ... 
 6:55:12.709 !!! [CE] :: Unknown tag: 'shelves'.
 6:55:12.709 !!! [CE] :: Unknown category: 'books'.
 6:55:12.709 !!! [CE] :: Unknown tag: 'shelves'.
 6:55:12.709 !!! [CE] :: Unknown tag: 'shelves'.
 6:55:12.710 [CE][LoadPrototype] :: loaded 261 prototypes
 6:55:12.710   411 containers, 7544 points
 6:55:12.710   1 dispatches, 1 proxies
 6:55:12.710 !!! [CE][LoadPrototype] 1 groups have wrong points...
 6:55:12.710 !!! [CE][LoadPrototype] 2 groups were defined more than once and skipped...
 6:55:12.710 [CE][LoadPrototype] :: last group name: Land_Prison_Side...
 6:55:12.713 [CE][LoadPrototype] :: loaded 0 prototypes
 6:55:12.713   38 containers, 66 points
 6:55:12.713   0 dispatches, 0 proxies
 6:55:12.713 [CE][LoadPrototype] :: last group name: StoneLoc38...
 6:55:12.750 [CE][LoadMap] "Group" :: loaded 1644 groups, groups failed: 0, largest group range: 36.4
 6:55:12.751 [CE][LoadMap] "Dirt" :: loaded 0 groups, groups failed: 0, largest group range: 36.4
 6:55:12.762 [CE][Links] found 546 total links between groups, of 1644
 6:55:12.762 [CE][LoadClusters] "Cluster" :: Loading files...
 6:55:12.770 [CE][LoadClusters] :: file: "mapgroupcluster.xml", 1 types, 2418 instances
 6:55:12.771 [CE][Storage] ver:21 stamp:13708, valid:yes, name:"C:\TCAFiles\Users\ted\153052\mpmissions\hardcore.namalsk\storage_1\data\types.bin"
 6:55:12.772 [CE][Storage] ver:21 stamp:13709, valid:yes, name:"C:\TCAFiles\Users\ted\153052\mpmissions\hardcore.namalsk\storage_1\data\types.001"
 6:55:12.772 [CE][Storage] ver:21 stamp:13707, valid:yes, name:"C:\TCAFiles\Users\ted\153052\mpmissions\hardcore.namalsk\storage_1\data\types.002"
 6:55:12.772 [CE][Storage] Restoring file "C:\TCAFiles\Users\ted\153052\mpmissions\hardcore.namalsk\storage_1\data\types.001".
 6:55:12.932 [CE][offlineDB] :: Loaded 25 dynamic events 200 total types.
 6:55:12.945 !!! [CE] :: Unknown tag: 'shelves'.
 6:55:12.945 !!! [CE] :: Unknown tag: 'shelves'.
 6:55:12.945 !!! [CE] :: Unknown tag: 'floor'.
 6:55:12.945 !!! [CE] :: Unknown tag: 'floor'.
 6:55:12.946 !!! [CE] :: Unknown tag: 'floor'.
 6:55:12.946 !!! [CE] :: Unknown tag: 'floor'.
 6:55:12.946 !!! [CE] :: Unknown tag: 'floor'.
 6:55:12.946 !!! [CE] :: Unknown tag: 'floor'.
 6:55:12.946 !!! [CE] :: Unknown tag: 'floor'.
 6:55:12.946 !!! [CE] :: Unknown tag: 'floor'.
 6:55:12.946 !!! [CE] :: Unknown tag: 'floor'.
 6:55:12.946 !!! [CE] :: Unknown tag: 'floor'.
 6:55:12.946 !!! [CE] :: Unknown tag: 'floor'.
 6:55:12.946 !!! [CE] :: Unknown tag: 'floor'.
 6:55:12.946 !!! [CE][offlineDB] :: Type 'Leather_Cloak' will be ignored. (Type does not exist. (Typo?))
 6:55:12.946 !!! [CE] :: Unknown tag: 'floor'.
 6:55:12.947 !!! [CE][offlineDB] :: Type 'AD_LeupoldMk4' will be ignored. (Type does not exist. (Typo?))
 6:55:12.947 !!! [CE][offlineDB] :: Type 'AD_LeupoldMk4_MosinMount' will be ignored. (Type does not exist. (Typo?))
 6:55:12.947 !!! [CE][offlineDB] :: Type 'AD_LeupoldMk4_B13' will be ignored. (Type does not exist. (Typo?))
 6:55:12.947 !!! [CE][offlineDB] :: Type 'ChristmasTree' will be ignored. (Not spawnable. (Scope is not public?))
 6:55:12.955 [CE][DE][SPAWNS] :: Total positions: 254
 6:55:12.955 [CE][DE][GROUPS] :: Total eventgroups defined: 0, Eventgroups in use: 0
 6:55:12.956 [CE][Storage] ver:21 stamp:13708, valid:yes, name:"C:\TCAFiles\Users\ted\153052\mpmissions\hardcore.namalsk\storage_1\data\events.bin"
 6:55:12.956 [CE][Storage] ver:21 stamp:13709, valid:yes, name:"C:\TCAFiles\Users\ted\153052\mpmissions\hardcore.namalsk\storage_1\data\events.001"
 6:55:12.956 [CE][Storage] ver:21 stamp:13707, valid:yes, name:"C:\TCAFiles\Users\ted\153052\mpmissions\hardcore.namalsk\storage_1\data\events.002"
 6:55:12.957 [CE][Storage] Restoring file "C:\TCAFiles\Users\ted\153052\mpmissions\hardcore.namalsk\storage_1\data\events.001".
 6:55:12.957 [CE][DynamicEvent] Load  Events:[25] Primary spawners: 25 Secondary spawners: 0
 6:55:12.957 [CE][Storage] ver:25 stamp:13708, valid:yes, name:"C:\TCAFiles\Users\ted\153052\mpmissions\hardcore.namalsk\storage_1\data\dynamic_000.bin"
 6:55:12.957 [CE][Storage] ver:25 stamp:13709, valid:yes, name:"C:\TCAFiles\Users\ted\153052\mpmissions\hardcore.namalsk\storage_1\data\dynamic_000.001"
 6:55:12.957 [CE][Storage] ver:25 stamp:13707, valid:yes, name:"C:\TCAFiles\Users\ted\153052\mpmissions\hardcore.namalsk\storage_1\data\dynamic_000.002"
 6:55:12.958 [CE][Storage] Restoring file "C:\TCAFiles\Users\ted\153052\mpmissions\hardcore.namalsk\storage_1\data\dynamic_000.001" 0 items.
 6:55:12.958   0 items loaded. (0 failed)
 6:55:12.958 [CE][Storage] ver:25 stamp:13708, valid:yes, name:"C:\TCAFiles\Users\ted\153052\mpmissions\hardcore.namalsk\storage_1\data\dynamic_001.bin"
 6:55:12.958 [CE][Storage] ver:25 stamp:13709, valid:yes, name:"C:\TCAFiles\Users\ted\153052\mpmissions\hardcore.namalsk\storage_1\data\dynamic_001.001"
 6:55:12.959 [CE][Storage] ver:25 stamp:13707, valid:yes, name:"C:\TCAFiles\Users\ted\153052\mpmissions\hardcore.namalsk\storage_1\data\dynamic_001.002"
 6:55:12.959 [CE][Storage] Restoring file "C:\TCAFiles\Users\ted\153052\mpmissions\hardcore.namalsk\storage_1\data\dynamic_001.001" 13 items.
 6:55:12.986   13 items loaded. (0 failed)
 6:55:12.987 [CE][Storage] ver:25 stamp:13708, valid:yes, name:"C:\TCAFiles\Users\ted\153052\mpmissions\hardcore.namalsk\storage_1\data\dynamic_002.bin"
 6:55:12.987 [CE][Storage] ver:25 stamp:13709, valid:yes, name:"C:\TCAFiles\Users\ted\153052\mpmissions\hardcore.namalsk\storage_1\data\dynamic_002.001"
 6:55:12.988 [CE][Storage] ver:25 stamp:13707, valid:yes, name:"C:\TCAFiles\Users\ted\153052\mpmissions\hardcore.namalsk\storage_1\data\dynamic_002.002"
 6:55:12.988 [CE][Storage] Restoring file "C:\TCAFiles\Users\ted\153052\mpmissions\hardcore.namalsk\storage_1\data\dynamic_002.001" 17 items.
 6:55:13.28   17 items loaded. (0 failed)
 6:55:13.29 [CE][Storage] ver:25 stamp:13708, valid:yes, name:"C:\TCAFiles\Users\ted\153052\mpmissions\hardcore.namalsk\storage_1\data\dynamic_003.bin"
 6:55:13.29 [CE][Storage] ver:25 stamp:13709, valid:yes, name:"C:\TCAFiles\Users\ted\153052\mpmissions\hardcore.namalsk\storage_1\data\dynamic_003.001"
 6:55:13.30 [CE][Storage] ver:25 stamp:13707, valid:yes, name:"C:\TCAFiles\Users\ted\153052\mpmissions\hardcore.namalsk\storage_1\data\dynamic_003.002"
 6:55:13.30 [CE][Storage] Restoring file "C:\TCAFiles\Users\ted\153052\mpmissions\hardcore.namalsk\storage_1\data\dynamic_003.001" 150 items.
 6:55:13.256   150 items loaded. (0 failed)
 6:55:13.257 [CE][Storage] ver:25 stamp:13708, valid:yes, name:"C:\TCAFiles\Users\ted\153052\mpmissions\hardcore.namalsk\storage_1\data\dynamic_004.bin"
 6:55:13.257 [CE][Storage] ver:25 stamp:13709, valid:yes, name:"C:\TCAFiles\Users\ted\153052\mpmissions\hardcore.namalsk\storage_1\data\dynamic_004.001"
 6:55:13.258 [CE][Storage] ver:25 stamp:13707, valid:yes, name:"C:\TCAFiles\Users\ted\153052\mpmissions\hardcore.namalsk\storage_1\data\dynamic_004.002"
 6:55:13.258 [CE][Storage] Restoring file "C:\TCAFiles\Users\ted\153052\mpmissions\hardcore.namalsk\storage_1\data\dynamic_004.001" 231 items.
 6:55:13.507   231 items loaded. (0 failed)
 6:55:13.507 [CE][Storage] ver:25 stamp:13708, valid:yes, name:"C:\TCAFiles\Users\ted\153052\mpmissions\hardcore.namalsk\storage_1\data\dynamic_005.bin"
 6:55:13.508 [CE][Storage] ver:25 stamp:13709, valid:yes, name:"C:\TCAFiles\Users\ted\153052\mpmissions\hardcore.namalsk\storage_1\data\dynamic_005.001"
 6:55:13.508 [CE][Storage] ver:25 stamp:13707, valid:yes, name:"C:\TCAFiles\Users\ted\153052\mpmissions\hardcore.namalsk\storage_1\data\dynamic_005.002"
 6:55:13.508 [CE][Storage] Restoring file "C:\TCAFiles\Users\ted\153052\mpmissions\hardcore.namalsk\storage_1\data\dynamic_005.001" 137 items.
 6:55:13.629   137 items loaded. (0 failed)
 6:55:13.629 [CE][Storage] ver:25 stamp:13708, valid:yes, name:"C:\TCAFiles\Users\ted\153052\mpmissions\hardcore.namalsk\storage_1\data\dynamic_006.bin"
 6:55:13.630 [CE][Storage] ver:25 stamp:13709, valid:yes, name:"C:\TCAFiles\Users\ted\153052\mpmissions\hardcore.namalsk\storage_1\data\dynamic_006.001"
 6:55:13.630 !!! [CE][Storage] Failed to read [Storage] data file "C:\TCAFiles\Users\ted\153052\mpmissions\hardcore.namalsk\storage_1\data\dynamic_006.002".
 6:55:13.630   File is empty...
 6:55:13.630 [CE][Storage] ver:0 stamp:0, valid:NO, name:"C:\TCAFiles\Users\ted\153052\mpmissions\hardcore.namalsk\storage_1\data\dynamic_006.002"
 6:55:13.630 [CE][Storage] Restoring file "C:\TCAFiles\Users\ted\153052\mpmissions\hardcore.namalsk\storage_1\data\dynamic_006.001" 268 items.
 6:55:13.844   268 items loaded. (0 failed)
 6:55:13.845 [CE][Storage] ver:25 stamp:13708, valid:yes, name:"C:\TCAFiles\Users\ted\153052\mpmissions\hardcore.namalsk\storage_1\data\dynamic_007.bin"
 6:55:13.846 [CE][Storage] ver:25 stamp:13709, valid:yes, name:"C:\TCAFiles\Users\ted\153052\mpmissions\hardcore.namalsk\storage_1\data\dynamic_007.001"
 6:55:13.846 [CE][Storage] ver:25 stamp:13710, valid:yes, name:"C:\TCAFiles\Users\ted\153052\mpmissions\hardcore.namalsk\storage_1\data\dynamic_007.002"
 6:55:13.846 [CE][Storage] Restoring file "C:\TCAFiles\Users\ted\153052\mpmissions\hardcore.namalsk\storage_1\data\dynamic_007.002" 81 items.
 6:55:13.896   81 items loaded. (0 failed)
 6:55:13.897 [CE][Storage] ver:25 stamp:13708, valid:yes, name:"C:\TCAFiles\Users\ted\153052\mpmissions\hardcore.namalsk\storage_1\data\dynamic_008.bin"
 6:55:13.897 [CE][Storage] ver:25 stamp:13709, valid:yes, name:"C:\TCAFiles\Users\ted\153052\mpmissions\hardcore.namalsk\storage_1\data\dynamic_008.001"
 6:55:13.898 [CE][Storage] ver:25 stamp:13710, valid:yes, name:"C:\TCAFiles\Users\ted\153052\mpmissions\hardcore.namalsk\storage_1\data\dynamic_008.002"
 6:55:13.898 [CE][Storage] Restoring file "C:\TCAFiles\Users\ted\153052\mpmissions\hardcore.namalsk\storage_1\data\dynamic_008.002" 70 items.
 6:55:13.956   70 items loaded. (0 failed)
 6:55:13.956 [CE][Storage] ver:25 stamp:13708, valid:yes, name:"C:\TCAFiles\Users\ted\153052\mpmissions\hardcore.namalsk\storage_1\data\dynamic_009.bin"
 6:55:13.957 [CE][Storage] ver:25 stamp:13709, valid:yes, name:"C:\TCAFiles\Users\ted\153052\mpmissions\hardcore.namalsk\storage_1\data\dynamic_009.001"
 6:55:13.957 [CE][Storage] ver:25 stamp:13710, valid:yes, name:"C:\TCAFiles\Users\ted\153052\mpmissions\hardcore.namalsk\storage_1\data\dynamic_009.002"
 6:55:13.957 [CE][Storage] Restoring file "C:\TCAFiles\Users\ted\153052\mpmissions\hardcore.namalsk\storage_1\data\dynamic_009.002" 0 items.
 6:55:13.957   0 items loaded. (0 failed)
 6:55:13.958 [CE][Storage] ver:25 stamp:13708, valid:yes, name:"C:\TCAFiles\Users\ted\153052\mpmissions\hardcore.namalsk\storage_1\data\dynamic_010.bin"
 6:55:13.958 [CE][Storage] ver:25 stamp:13709, valid:yes, name:"C:\TCAFiles\Users\ted\153052\mpmissions\hardcore.namalsk\storage_1\data\dynamic_010.001"
 6:55:13.958 [CE][Storage] ver:25 stamp:13710, valid:yes, name:"C:\TCAFiles\Users\ted\153052\mpmissions\hardcore.namalsk\storage_1\data\dynamic_010.002"
 6:55:13.958 [CE][Storage] Restoring file "C:\TCAFiles\Users\ted\153052\mpmissions\hardcore.namalsk\storage_1\data\dynamic_010.002" 2 items.
 6:55:13.968   2 items loaded. (0 failed)
 6:55:13.968 [CE][Storage] ver:25 stamp:13708, valid:yes, name:"C:\TCAFiles\Users\ted\153052\mpmissions\hardcore.namalsk\storage_1\data\dynamic_011.bin"
 6:55:13.969 [CE][Storage] ver:25 stamp:13709, valid:yes, name:"C:\TCAFiles\Users\ted\153052\mpmissions\hardcore.namalsk\storage_1\data\dynamic_011.001"
 6:55:13.970 [CE][Storage] ver:25 stamp:13710, valid:yes, name:"C:\TCAFiles\Users\ted\153052\mpmissions\hardcore.namalsk\storage_1\data\dynamic_011.002"
 6:55:13.970 [CE][Storage] Restoring file "C:\TCAFiles\Users\ted\153052\mpmissions\hardcore.namalsk\storage_1\data\dynamic_011.002" 4 items.
 6:55:13.976   4 items loaded. (0 failed)
 6:55:13.976 [CE][Storage] ver:26 stamp:13708, valid:yes, name:"C:\TCAFiles\Users\ted\153052\mpmissions\hardcore.namalsk\storage_1\data\building.bin"
 6:55:13.977 [CE][Storage] ver:26 stamp:13709, valid:yes, name:"C:\TCAFiles\Users\ted\153052\mpmissions\hardcore.namalsk\storage_1\data\building.001"
 6:55:13.977 [CE][Storage] ver:26 stamp:13707, valid:yes, name:"C:\TCAFiles\Users\ted\153052\mpmissions\hardcore.namalsk\storage_1\data\building.002"
 6:55:13.977 [CE][Storage] Restoring file "C:\TCAFiles\Users\ted\153052\mpmissions\hardcore.namalsk\storage_1\data\building.001" 2 items.
 6:55:13.977   2 items loaded. (0 failed)
 6:55:13.978 [CE][Storage] ver:25 stamp:13708, valid:yes, name:"C:\TCAFiles\Users\ted\153052\mpmissions\hardcore.namalsk\storage_1\data\vehicles.bin"
 6:55:13.978 [CE][Storage] ver:25 stamp:13709, valid:yes, name:"C:\TCAFiles\Users\ted\153052\mpmissions\hardcore.namalsk\storage_1\data\vehicles.001"
 6:55:13.979 [CE][Storage] ver:25 stamp:13707, valid:yes, name:"C:\TCAFiles\Users\ted\153052\mpmissions\hardcore.namalsk\storage_1\data\vehicles.002"
 6:55:13.979 [CE][Storage] Restoring file "C:\TCAFiles\Users\ted\153052\mpmissions\hardcore.namalsk\storage_1\data\vehicles.001" 37 items.
 6:55:14.124   37 items loaded. (0 failed)
 6:55:14.127 [CE][Hive] :: Storage load took:1.16 seconds, recovery stamp:13710
 6:55:14.127   entity: 1278, building: 2
 6:55:14.127   no lifetime: 30
 6:55:14.127   pathgraph's: 119
 6:55:14.128 [CE][Hive] :: Initializing ... 
 6:55:14.133 [CE][InitializeMap] :: initialized: 2
 6:55:14.133 [CE][Hive] :: Initializing spawners ... 
 6:55:14.263 [CE][LootRespawner] (PRIDummy) :: Item [0] causing search overtime: "SurgicalGloves_Blue"
 6:55:14.288 [CE][LootRespawner] (PRIDummy) :: Item [1] causing search overtime: "dzn_platecarrierpouches_nac"
 6:55:14.410 !!! [CE][Point] Removing 5608.094727, 11072.156250 from land_ala_warehouse_small
 6:55:14.426 [CE][LootRespawner] (PRIDummy) :: Item [2] causing search overtime: "dzn_apsi"
 6:55:14.426 [CE][LootRespawner] (PRIDummy) :: Item [3] causing search overtime: "dzn_apsi"
 6:55:14.454 [CE][LootRespawner] (PRIDummy) :: Item [4] causing search overtime: "dzn_vinyl_bubson"
 6:55:14.611 !!! [CE][Point] Removing 7662.071289, 8789.262695 from land_hiluxT
 6:55:14.611 [CE][LootRespawner] (PRIDummy) :: Item [0] is hard to place, performance drops: "Balaclava3Holes_Beige"
 6:55:14.612 [CE][LootRespawner] (PRIDummy) :: Item [1] is hard to place, performance drops: "Balaclava3Holes_Beige"
 6:55:14.627 [CE][LootRespawner] (PRIDummy) :: Item [2] is hard to place, performance drops: "NBCPantsYellow"
 6:55:14.627 [CE][LootRespawner] (PRIDummy) :: Item [3] is hard to place, performance drops: "NBCPantsYellow"
 6:55:14.660 [CE][LootRespawner] (PRIDummy) :: Item [5] causing search overtime: "MotoHelmet_Grey"
 6:55:14.662 [CE][LootRespawner] (PRIDummy) :: Item [4] is hard to place, performance drops: "DressShoes_White"
 6:55:14.706 [CE][LootRespawner] (PRIDummy) :: Item [5] is hard to place, performance drops: "DressShoes_Beige"
 6:55:14.706 [CE][LootRespawner] (PRIDummy) :: Item [6] is hard to place, performance drops: "DressShoes_Beige"
 6:55:14.749 [CE][LootRespawner] (PRIDummy) :: Item [7] is hard to place, performance drops: "HuntingBag"
 6:55:14.749 [CE][LootRespawner] (PRIDummy) :: Item [8] is hard to place, performance drops: "HuntingBag"
 6:55:14.750 [CE][LootRespawner] (PRIDummy) :: Item [9] is hard to place, performance drops: "HuntingBag"
 6:55:14.750 [CE][LootRespawner] (PRIDummy) :: Item [10] is hard to place, performance drops: "HuntingBag"
 6:55:14.750 [CE][LootRespawner] (PRIDummy) :: Item [11] is hard to place, performance drops: "HuntingBag"
 6:55:14.750 [CE][LootRespawner] (PRIDummy) :: Item [6] causing search overtime: "PolicePantsOrel"
 6:55:14.756 [CE][LootRespawner] (PRIDummy) :: Item [12] is hard to place, performance drops: "Jeans_Blue"
 6:55:14.780 [CE][LootRespawner] (PRIDummy) :: Item [13] is hard to place, performance drops: "SlacksPants_Brown"
 6:55:14.788 [CE][LootRespawner] (PRIDummy) :: Item [7] causing search overtime: "PoliceJacketOrel"
 6:55:14.798 [CE][LootRespawner] (PRIDummy) :: Item [14] is hard to place, performance drops: "LeatherSewingKit"
 6:55:14.805 [CE][LootRespawner] (PRIDummy) :: Item [8] causing search overtime: "BandageDressing"
 6:55:14.807 [CE][LootRespawner] (PRIDummy) :: Item [9] causing search overtime: "BandageDressing"
 6:55:14.807 [CE][LootRespawner] (PRIDummy) :: Item [10] causing search overtime: "BandageDressing"
 6:55:14.807 [CE][LootRespawner] (PRIDummy) :: Item [11] causing search overtime: "BandageDressing"
 6:55:14.808 [CE][LootRespawner] (PRIDummy) :: Item [12] causing search overtime: "BandageDressing"
 6:55:14.808 [CE][LootRespawner] (PRIDummy) :: Item [13] causing search overtime: "BandageDressing"
 6:55:14.808 [CE][LootRespawner] (PRIDummy) :: Item [14] causing search overtime: "BandageDressing"
 6:55:14.808 [CE][LootRespawner] (PRIDummy) :: Item [15] causing search overtime: "BandageDressing"
 6:55:14.877 [CE][LootRespawner] (PRIDummy) :: Item [16] causing search overtime: "MetalWire"
 6:55:14.894 [CE][LootRespawner] (PRIDummy) :: Item [15] is hard to place, performance drops: "Ushanka_Black"
 6:55:14.910 [CE][LootRespawner] (PRIDummy) :: Item [16] is hard to place, performance drops: "KukriKnife"
 6:55:14.915 [CE][LootRespawner] (PRIDummy) :: Item [17] causing search overtime: "dzn_SardinesCan"
 6:55:14.927 [CE][LootRespawner] (PRIDummy) :: Item [17] is hard to place, performance drops: "HuntingVest"
 6:55:14.934 [CE][LootRespawner] (PRIDummy) :: Item [18] is hard to place, performance drops: "Megaphone"
 6:55:14.937 [CE][LootRespawner] (PRIDummy) :: Item [19] is hard to place, performance drops: "Megaphone"
 6:55:14.944 [CE][LootRespawner] (PRIDummy) :: Item [18] causing search overtime: "dzn_detector"
 6:55:14.948 [CE][LootRespawner] (PRIDummy) :: Item [19] causing search overtime: "ParamedicJacket_Crimson"
 6:55:15.204 !!! [CE][Point] Removing 5035.500977, 8162.964844 from land_hut_old01
 6:55:15.420 !!! [CE][Point] Removing 5032.167480, 8197.083984 from land_wrecked_ural_onside
 6:55:15.530 !!! [CE][Point] Removing 6504.356445, 9291.453125 from land_wrecked_ural
 6:55:16.366 [CE][LootRespawner] (PRIDummy) :: Initially (re)spawned:7441, Nominal:12252, Total in Map: 8483 at 2 (sec)
 6:55:16.366   tests:8730, repeats:1 fails:1288, overtime:1380
 6:55:17.323 [CE][DynEvent] :: 25 types
 6:55:17.323 [00] AnimalRaptor1
 6:55:17.323   Primary Spawner: "Animal", active: yes, repeat: 1
 6:55:17.323 [01] AnimalRaptor1B
 6:55:17.323   Primary Spawner: "Animal", active: yes, repeat: 1
 6:55:17.323 [02] AnimalRaptor1C
 6:55:17.323   Primary Spawner: "Animal", active: yes, repeat: 1
 6:55:17.323 [03] AnimalRaptor2
 6:55:17.323   Primary Spawner: "Animal", active: yes, repeat: 1
 6:55:17.323 [04] AnimalRaptor3
 6:55:17.323   Primary Spawner: "Animal", active: yes, repeat: 1
 6:55:17.323 [05] AnimalRaptor4
 6:55:17.323   Primary Spawner: "Animal", active: yes, repeat: 1
 6:55:17.323 [06] Loot
 6:55:17.323   Primary Spawner: "Loot", active: yes, repeat: 2
 6:55:17.323 [07] StaticMedDrop
 6:55:17.323   Primary Spawner: "Static", active: yes, repeat: 1
 6:55:17.323 [08] StaticLifeboat
 6:55:17.323   Primary Spawner: "Static", active: yes, repeat: 1
 6:55:17.323 [09] TrajectoryStones
 6:55:17.323   Primary Spawner: "Trajectory", active: yes, repeat: 1
 6:55:17.323 [10] AnimalWildDog
 6:55:17.323   Primary Spawner: "Animal", active: yes, repeat: 1
 6:55:17.323 [11] InfectedSanta
 6:55:17.323   Primary Spawner: "Infected", active: yes, repeat: 1
 6:55:17.323 [12] InfectedArmy
 6:55:17.323   Primary Spawner: "Infected", active: yes, repeat: 1
 6:55:17.323 [13] InfectedIndustrial
 6:55:17.323   Primary Spawner: "Infected", active: yes, repeat: 1
 6:55:17.323 [14] InfectedCivil
 6:55:17.324   Primary Spawner: "Infected", active: yes, repeat: 1
 6:55:17.324 [15] InfectedMedic
 6:55:17.324   Primary Spawner: "Infected", active: yes, repeat: 1
 6:55:17.324 [16] AnimalGoat
 6:55:17.324   Primary Spawner: "Animal", active: yes, repeat: 1
 6:55:17.324 [17] AnimalSheep
 6:55:17.324   Primary Spawner: "Animal", active: yes, repeat: 1
 6:55:17.324 [18] AnimalRoeDeer
 6:55:17.324   Primary Spawner: "Animal", active: yes, repeat: 1
 6:55:17.324 [19] AnimalDeer
 6:55:17.324   Primary Spawner: "Animal", active: yes, repeat: 1
 6:55:17.324 [20] AnimalWildBoar
 6:55:17.324   Primary Spawner: "Animal", active: yes, repeat: 1
 6:55:17.324 [21] AnimalWolf
 6:55:17.324   Primary Spawner: "Animal", active: yes, repeat: 1
 6:55:17.324 [22] AnimalBrownBear
 6:55:17.324   Primary Spawner: "Animal", active: yes, repeat: 1
 6:55:17.324 [23] AnimalPolarBear
 6:55:17.324   Primary Spawner: "Animal", active: yes, repeat: 1
 6:55:17.324 [24] VehicleCivilianCars
 6:55:17.324   Primary Spawner: "Vehicle", active: yes, repeat: 1
 6:55:17.324 [CE][Hive] :: Initializing of spawners done.
 6:55:17.330 [CE][Hive] :: Init sequence finished.
 6:55:19.459 [CE][MapExport] :: entity found:12446, entity valid:1644, types total:261... took 2 sec
 6:55:19.461 Player connect enabled