

=====================================================================
== C:\SERVICES\ni9180513_1_SHARE\ftproot\dayzstandalone\DayZServer_x64.exe
== "C:\SERVICES\ni9180513_1_SHARE\ftproot\dayzstandalone\DayZServer_x64.exe" -ip=37.10.124.137 -port=28000 -cpuCount=4 -limitFPS=100 -adminlog -config=serverDZ.cfg "-mod=@Namalsk Island;@Namalsk Survival;@CF;@Dabs Framework;@Community-Online-Tools;@shd_retextures;@BuilderItems;@Spurgles_BagZ;@sFramework;@sGunplay" -profiles=C:\SERVICES\ni9180513_1_SHARE\ftproot\dayzstandalone/config -BEPath=C:\SERVICES\ni9180513_1_SHARE\ftproot\dayzstandalone\battleye -noFilePatching -nologs -freezecheck
=====================================================================
Exe timestamp: 2023/06/06 04:56:18
Current time:  2023/06/18 03:09:33

Version 1.21.156243
 3:09:33.492 [Inputs] Loading inputs default "bin/constants.xml"
 3:09:33.509 [Inputs] Loading inputs default "bin/specific.xml"
 3:09:33.513 [Inputs] Loading inputs default "JM/COT/Scripts/Data/Inputs.xml"
 3:09:33.516 !!! [Inputs] Cannot Register "UAObjectModuleDeleteOnCursor" non-existent input - Fix Preset!
 3:09:33.519 [Inputs] Loading inputs default "MyMODS/sGunplay/scripts/data/inputs.xml"
 3:09:33.523 [Inputs] Loading inputs default "nst/ns_dayz/scripts/Data/Inputs.xml"
 3:09:33.528 [Inputs] Loading inputs cfg "C:\SERVICES\ni9180513_1_SHARE\ftproot\dayzstandalone/config\Users\Survivor\Server.core.xml"
 3:09:33.554 [Inputs] Exporting inputs cfg "C:\SERVICES\ni9180513_1_SHARE\ftproot\dayzstandalone/config\Users\Survivor\Server.core.xml"
 3:10:14.970 [CE][Hive] :: Initializing OFFLINE
 3:10:14.973 [StorageDirs] :: Selected storage directory: C:\SERVICES\ni9180513_1_SHARE\ftproot\dayzstandalone\mpmissions\hardcore.namalsk\storage_1\
 3:10:14.982 [CE][Hive] :: Loading core data ... 
 3:10:14.991 [CE][CoreData] :: 7 root classes, 0 defaults, 0 updaters...
 3:10:24.799 [CE] :: WARNING :: Preset map "headsFirefighter" is EMPTY.
 3:10:24.800 [CE][TypeSetup] :: 556 classes setuped...
 3:10:26.264 [CE][RegisterBind] :: 0 classes binded...
 3:10:26.264 [CE][RegisterConfig] :: 9593 config classes registered, 0 sub-counters...
 3:10:26.264 [CE][Hive] :: Loading map data ... 
 3:10:26.338 !!! [CE] :: Unknown tag: 'shelves'.
 3:10:26.338 !!! [CE] :: Unknown category: 'books'.
 3:10:26.338 !!! [CE] :: Unknown tag: 'shelves'.
 3:10:26.338 !!! [CE] :: Unknown tag: 'shelves'.
 3:10:26.338 [CE][LoadPrototype] :: loaded 261 prototypes
 3:10:26.338   411 containers, 7544 points
 3:10:26.338   1 dispatches, 1 proxies
 3:10:26.338 !!! [CE][LoadPrototype] 1 groups have wrong points...
 3:10:26.338 [CE][LoadPrototype] :: last group name: Land_Prison_Side...
 3:10:26.352 [CE][LoadPrototype] :: loaded 0 prototypes
 3:10:26.352   38 containers, 66 points
 3:10:26.352   0 dispatches, 0 proxies
 3:10:26.352 [CE][LoadPrototype] :: last group name: StoneLoc38...
 3:10:26.505 [CE][LoadMap] "Group" :: loaded 1610 groups, groups failed: 0, largest group range: 36.4
 3:10:26.516 [CE][LoadMap] "Dirt" :: loaded 0 groups, groups failed: 0, largest group range: 36.4
 3:10:26.522 [CE][Links] found 534 total links between groups, of 1610
 3:10:26.522 [CE][LoadClusters] "Cluster" :: Loading files...
 3:10:26.543 [CE][LoadClusters] :: file: "mapgroupcluster.xml", 1 types, 2418 instances
 3:10:26.548 [CE][Storage] ver:21 stamp:2, valid:yes, name:"C:\SERVICES\ni9180513_1_SHARE\ftproot\dayzstandalone\mpmissions\hardcore.namalsk\storage_1\data\types.bin"
 3:10:26.549 [CE][Storage] ver:0 stamp:0, valid:NO, name:"C:\SERVICES\ni9180513_1_SHARE\ftproot\dayzstandalone\mpmissions\hardcore.namalsk\storage_1\data\types.001"
 3:10:26.550 [CE][Storage] ver:0 stamp:0, valid:NO, name:"C:\SERVICES\ni9180513_1_SHARE\ftproot\dayzstandalone\mpmissions\hardcore.namalsk\storage_1\data\types.002"
 3:10:26.550 [CE][Storage] Restoring file "C:\SERVICES\ni9180513_1_SHARE\ftproot\dayzstandalone\mpmissions\hardcore.namalsk\storage_1\data\types.bin".
 3:10:26.694 [CE][offlineDB] :: Loaded 17 dynamic events 166 total types.
 3:10:26.731 !!! [CE][offlineDB] :: Type 'ChristmasTree' will be ignored. (Not spawnable. (Scope is not public?))
 3:10:26.776 [CE][DE][SPAWNS] :: Total positions: 129
 3:10:26.776 [CE][DE][GROUPS] :: Total eventgroups defined: 0, Eventgroups in use: 0
 3:10:26.779 [CE][Storage] ver:21 stamp:2, valid:yes, name:"C:\SERVICES\ni9180513_1_SHARE\ftproot\dayzstandalone\mpmissions\hardcore.namalsk\storage_1\data\events.bin"
 3:10:26.780 [CE][Storage] ver:0 stamp:0, valid:NO, name:"C:\SERVICES\ni9180513_1_SHARE\ftproot\dayzstandalone\mpmissions\hardcore.namalsk\storage_1\data\events.001"
 3:10:26.781 [CE][Storage] ver:0 stamp:0, valid:NO, name:"C:\SERVICES\ni9180513_1_SHARE\ftproot\dayzstandalone\mpmissions\hardcore.namalsk\storage_1\data\events.002"
 3:10:26.781 [CE][Storage] Restoring file "C:\SERVICES\ni9180513_1_SHARE\ftproot\dayzstandalone\mpmissions\hardcore.namalsk\storage_1\data\events.bin".
 3:10:26.782 [CE][DynamicEvent] Load  Events:[17] Primary spawners: 17 Secondary spawners: 0
 3:10:26.786 [CE][Storage] ver:25 stamp:2, valid:yes, name:"C:\SERVICES\ni9180513_1_SHARE\ftproot\dayzstandalone\mpmissions\hardcore.namalsk\storage_1\data\dynamic_000.bin"
 3:10:26.787 [CE][Storage] ver:0 stamp:0, valid:NO, name:"C:\SERVICES\ni9180513_1_SHARE\ftproot\dayzstandalone\mpmissions\hardcore.namalsk\storage_1\data\dynamic_000.001"
 3:10:26.787 [CE][Storage] ver:0 stamp:0, valid:NO, name:"C:\SERVICES\ni9180513_1_SHARE\ftproot\dayzstandalone\mpmissions\hardcore.namalsk\storage_1\data\dynamic_000.002"
 3:10:26.788 [CE][Storage] Restoring file "C:\SERVICES\ni9180513_1_SHARE\ftproot\dayzstandalone\mpmissions\hardcore.namalsk\storage_1\data\dynamic_000.bin" 1 items.
 3:10:26.790   1 items loaded. (0 failed)
 3:10:26.793 [CE][Storage] ver:25 stamp:2, valid:yes, name:"C:\SERVICES\ni9180513_1_SHARE\ftproot\dayzstandalone\mpmissions\hardcore.namalsk\storage_1\data\dynamic_001.bin"
 3:10:26.794 [CE][Storage] ver:0 stamp:0, valid:NO, name:"C:\SERVICES\ni9180513_1_SHARE\ftproot\dayzstandalone\mpmissions\hardcore.namalsk\storage_1\data\dynamic_001.001"
 3:10:26.795 [CE][Storage] ver:0 stamp:0, valid:NO, name:"C:\SERVICES\ni9180513_1_SHARE\ftproot\dayzstandalone\mpmissions\hardcore.namalsk\storage_1\data\dynamic_001.002"
 3:10:26.795 [CE][Storage] Restoring file "C:\SERVICES\ni9180513_1_SHARE\ftproot\dayzstandalone\mpmissions\hardcore.namalsk\storage_1\data\dynamic_001.bin" 127 items.
 3:10:26.995   127 items loaded. (0 failed)
 3:10:26.999 [CE][Storage] ver:25 stamp:2, valid:yes, name:"C:\SERVICES\ni9180513_1_SHARE\ftproot\dayzstandalone\mpmissions\hardcore.namalsk\storage_1\data\dynamic_002.bin"
 3:10:27.00 [CE][Storage] ver:0 stamp:0, valid:NO, name:"C:\SERVICES\ni9180513_1_SHARE\ftproot\dayzstandalone\mpmissions\hardcore.namalsk\storage_1\data\dynamic_002.001"
 3:10:27.01 [CE][Storage] ver:0 stamp:0, valid:NO, name:"C:\SERVICES\ni9180513_1_SHARE\ftproot\dayzstandalone\mpmissions\hardcore.namalsk\storage_1\data\dynamic_002.002"
 3:10:27.01 [CE][Storage] Restoring file "C:\SERVICES\ni9180513_1_SHARE\ftproot\dayzstandalone\mpmissions\hardcore.namalsk\storage_1\data\dynamic_002.bin" 59 items.
 3:10:27.55   59 items loaded. (0 failed)
 3:10:27.59 [CE][Storage] ver:25 stamp:2, valid:yes, name:"C:\SERVICES\ni9180513_1_SHARE\ftproot\dayzstandalone\mpmissions\hardcore.namalsk\storage_1\data\dynamic_003.bin"
 3:10:27.60 [CE][Storage] ver:0 stamp:0, valid:NO, name:"C:\SERVICES\ni9180513_1_SHARE\ftproot\dayzstandalone\mpmissions\hardcore.namalsk\storage_1\data\dynamic_003.001"
 3:10:27.61 [CE][Storage] ver:0 stamp:0, valid:NO, name:"C:\SERVICES\ni9180513_1_SHARE\ftproot\dayzstandalone\mpmissions\hardcore.namalsk\storage_1\data\dynamic_003.002"
 3:10:27.61 [CE][Storage] Restoring file "C:\SERVICES\ni9180513_1_SHARE\ftproot\dayzstandalone\mpmissions\hardcore.namalsk\storage_1\data\dynamic_003.bin" 787 items.
 3:10:27.657   787 items loaded. (0 failed)
 3:10:27.661 [CE][Storage] ver:25 stamp:2, valid:yes, name:"C:\SERVICES\ni9180513_1_SHARE\ftproot\dayzstandalone\mpmissions\hardcore.namalsk\storage_1\data\dynamic_004.bin"
 3:10:27.662 [CE][Storage] ver:0 stamp:0, valid:NO, name:"C:\SERVICES\ni9180513_1_SHARE\ftproot\dayzstandalone\mpmissions\hardcore.namalsk\storage_1\data\dynamic_004.001"
 3:10:27.663 [CE][Storage] ver:0 stamp:0, valid:NO, name:"C:\SERVICES\ni9180513_1_SHARE\ftproot\dayzstandalone\mpmissions\hardcore.namalsk\storage_1\data\dynamic_004.002"
 3:10:27.663 [CE][Storage] Restoring file "C:\SERVICES\ni9180513_1_SHARE\ftproot\dayzstandalone\mpmissions\hardcore.namalsk\storage_1\data\dynamic_004.bin" 1644 items.
 3:10:28.525   1644 items loaded. (0 failed)
 3:10:28.529 [CE][Storage] ver:25 stamp:2, valid:yes, name:"C:\SERVICES\ni9180513_1_SHARE\ftproot\dayzstandalone\mpmissions\hardcore.namalsk\storage_1\data\dynamic_005.bin"
 3:10:28.530 [CE][Storage] ver:0 stamp:0, valid:NO, name:"C:\SERVICES\ni9180513_1_SHARE\ftproot\dayzstandalone\mpmissions\hardcore.namalsk\storage_1\data\dynamic_005.001"
 3:10:28.531 [CE][Storage] ver:0 stamp:0, valid:NO, name:"C:\SERVICES\ni9180513_1_SHARE\ftproot\dayzstandalone\mpmissions\hardcore.namalsk\storage_1\data\dynamic_005.002"
 3:10:28.531 [CE][Storage] Restoring file "C:\SERVICES\ni9180513_1_SHARE\ftproot\dayzstandalone\mpmissions\hardcore.namalsk\storage_1\data\dynamic_005.bin" 635 items.
 3:10:28.835   635 items loaded. (0 failed)
 3:10:28.839 [CE][Storage] ver:25 stamp:2, valid:yes, name:"C:\SERVICES\ni9180513_1_SHARE\ftproot\dayzstandalone\mpmissions\hardcore.namalsk\storage_1\data\dynamic_006.bin"
 3:10:28.840 [CE][Storage] ver:0 stamp:0, valid:NO, name:"C:\SERVICES\ni9180513_1_SHARE\ftproot\dayzstandalone\mpmissions\hardcore.namalsk\storage_1\data\dynamic_006.001"
 3:10:28.841 [CE][Storage] ver:0 stamp:0, valid:NO, name:"C:\SERVICES\ni9180513_1_SHARE\ftproot\dayzstandalone\mpmissions\hardcore.namalsk\storage_1\data\dynamic_006.002"
 3:10:28.841 [CE][Storage] Restoring file "C:\SERVICES\ni9180513_1_SHARE\ftproot\dayzstandalone\mpmissions\hardcore.namalsk\storage_1\data\dynamic_006.bin" 1782 items.
 3:10:29.560   1782 items loaded. (0 failed)
 3:10:29.564 [CE][Storage] ver:25 stamp:2, valid:yes, name:"C:\SERVICES\ni9180513_1_SHARE\ftproot\dayzstandalone\mpmissions\hardcore.namalsk\storage_1\data\dynamic_007.bin"
 3:10:29.565 [CE][Storage] ver:0 stamp:0, valid:NO, name:"C:\SERVICES\ni9180513_1_SHARE\ftproot\dayzstandalone\mpmissions\hardcore.namalsk\storage_1\data\dynamic_007.001"
 3:10:29.566 [CE][Storage] ver:0 stamp:0, valid:NO, name:"C:\SERVICES\ni9180513_1_SHARE\ftproot\dayzstandalone\mpmissions\hardcore.namalsk\storage_1\data\dynamic_007.002"
 3:10:29.566 [CE][Storage] Restoring file "C:\SERVICES\ni9180513_1_SHARE\ftproot\dayzstandalone\mpmissions\hardcore.namalsk\storage_1\data\dynamic_007.bin" 586 items.
 3:10:29.811   586 items loaded. (0 failed)
 3:10:29.815 [CE][Storage] ver:25 stamp:2, valid:yes, name:"C:\SERVICES\ni9180513_1_SHARE\ftproot\dayzstandalone\mpmissions\hardcore.namalsk\storage_1\data\dynamic_008.bin"
 3:10:29.816 [CE][Storage] ver:0 stamp:0, valid:NO, name:"C:\SERVICES\ni9180513_1_SHARE\ftproot\dayzstandalone\mpmissions\hardcore.namalsk\storage_1\data\dynamic_008.001"
 3:10:29.817 [CE][Storage] ver:0 stamp:0, valid:NO, name:"C:\SERVICES\ni9180513_1_SHARE\ftproot\dayzstandalone\mpmissions\hardcore.namalsk\storage_1\data\dynamic_008.002"
 3:10:29.817 [CE][Storage] Restoring file "C:\SERVICES\ni9180513_1_SHARE\ftproot\dayzstandalone\mpmissions\hardcore.namalsk\storage_1\data\dynamic_008.bin" 317 items.
 3:10:29.962   317 items loaded. (0 failed)
 3:10:29.965 [CE][Storage] ver:25 stamp:2, valid:yes, name:"C:\SERVICES\ni9180513_1_SHARE\ftproot\dayzstandalone\mpmissions\hardcore.namalsk\storage_1\data\dynamic_009.bin"
 3:10:29.966 [CE][Storage] ver:0 stamp:0, valid:NO, name:"C:\SERVICES\ni9180513_1_SHARE\ftproot\dayzstandalone\mpmissions\hardcore.namalsk\storage_1\data\dynamic_009.001"
 3:10:29.967 [CE][Storage] ver:0 stamp:0, valid:NO, name:"C:\SERVICES\ni9180513_1_SHARE\ftproot\dayzstandalone\mpmissions\hardcore.namalsk\storage_1\data\dynamic_009.002"
 3:10:29.967 [CE][Storage] Restoring file "C:\SERVICES\ni9180513_1_SHARE\ftproot\dayzstandalone\mpmissions\hardcore.namalsk\storage_1\data\dynamic_009.bin" 0 items.
 3:10:29.967   0 items loaded. (0 failed)
 3:10:29.971 [CE][Storage] ver:25 stamp:2, valid:yes, name:"C:\SERVICES\ni9180513_1_SHARE\ftproot\dayzstandalone\mpmissions\hardcore.namalsk\storage_1\data\dynamic_010.bin"
 3:10:29.972 [CE][Storage] ver:0 stamp:0, valid:NO, name:"C:\SERVICES\ni9180513_1_SHARE\ftproot\dayzstandalone\mpmissions\hardcore.namalsk\storage_1\data\dynamic_010.001"
 3:10:29.972 [CE][Storage] ver:0 stamp:0, valid:NO, name:"C:\SERVICES\ni9180513_1_SHARE\ftproot\dayzstandalone\mpmissions\hardcore.namalsk\storage_1\data\dynamic_010.002"
 3:10:29.973 [CE][Storage] Restoring file "C:\SERVICES\ni9180513_1_SHARE\ftproot\dayzstandalone\mpmissions\hardcore.namalsk\storage_1\data\dynamic_010.bin" 43 items.
 3:10:30.03   43 items loaded. (0 failed)
 3:10:30.06 [CE][Storage] ver:25 stamp:2, valid:yes, name:"C:\SERVICES\ni9180513_1_SHARE\ftproot\dayzstandalone\mpmissions\hardcore.namalsk\storage_1\data\dynamic_011.bin"
 3:10:30.07 [CE][Storage] ver:0 stamp:0, valid:NO, name:"C:\SERVICES\ni9180513_1_SHARE\ftproot\dayzstandalone\mpmissions\hardcore.namalsk\storage_1\data\dynamic_011.001"
 3:10:30.08 [CE][Storage] ver:0 stamp:0, valid:NO, name:"C:\SERVICES\ni9180513_1_SHARE\ftproot\dayzstandalone\mpmissions\hardcore.namalsk\storage_1\data\dynamic_011.002"
 3:10:30.08 [CE][Storage] Restoring file "C:\SERVICES\ni9180513_1_SHARE\ftproot\dayzstandalone\mpmissions\hardcore.namalsk\storage_1\data\dynamic_011.bin" 38 items.
 3:10:30.27   38 items loaded. (0 failed)
 3:10:30.30 [CE][Storage] ver:26 stamp:2, valid:yes, name:"C:\SERVICES\ni9180513_1_SHARE\ftproot\dayzstandalone\mpmissions\hardcore.namalsk\storage_1\data\building.bin"
 3:10:30.31 [CE][Storage] ver:0 stamp:0, valid:NO, name:"C:\SERVICES\ni9180513_1_SHARE\ftproot\dayzstandalone\mpmissions\hardcore.namalsk\storage_1\data\building.001"
 3:10:30.32 [CE][Storage] ver:0 stamp:0, valid:NO, name:"C:\SERVICES\ni9180513_1_SHARE\ftproot\dayzstandalone\mpmissions\hardcore.namalsk\storage_1\data\building.002"
 3:10:30.32 [CE][Storage] Restoring file "C:\SERVICES\ni9180513_1_SHARE\ftproot\dayzstandalone\mpmissions\hardcore.namalsk\storage_1\data\building.bin" 0 items.
 3:10:30.32   0 items loaded. (0 failed)
 3:10:30.35 [CE][Storage] ver:25 stamp:2, valid:yes, name:"C:\SERVICES\ni9180513_1_SHARE\ftproot\dayzstandalone\mpmissions\hardcore.namalsk\storage_1\data\vehicles.bin"
 3:10:30.36 [CE][Storage] ver:0 stamp:0, valid:NO, name:"C:\SERVICES\ni9180513_1_SHARE\ftproot\dayzstandalone\mpmissions\hardcore.namalsk\storage_1\data\vehicles.001"
 3:10:30.37 [CE][Storage] ver:0 stamp:0, valid:NO, name:"C:\SERVICES\ni9180513_1_SHARE\ftproot\dayzstandalone\mpmissions\hardcore.namalsk\storage_1\data\vehicles.002"
 3:10:30.37 [CE][Storage] Restoring file "C:\SERVICES\ni9180513_1_SHARE\ftproot\dayzstandalone\mpmissions\hardcore.namalsk\storage_1\data\vehicles.bin" 52 items.
 3:10:30.108   52 items loaded. (0 failed)
 3:10:30.143 [CE][Hive] :: Storage load took:3.36 seconds, recovery stamp:2
 3:10:30.143   entity: 6600, building: 0
 3:10:30.143   no lifetime: 6
 3:10:30.143   pathgraph's: 126
 3:10:30.152 [CE][Hive] :: Initializing ... 
 3:10:30.169 [CE][InitializeMap] :: initialized: 0
 3:10:30.169 [CE][Hive] :: Initializing spawners ... 
 3:10:30.169 [CE][LootRespawner] (PRIDummy) :: Initially (re)spawned:0, Nominal:6038, Total in Map: 6105 at 0 (sec)
 3:10:30.169   tests:0, repeats:0 fails:0, overtime:0
 3:10:33.95 [CE][DynEvent] :: 17 types
 3:10:33.95 [00] Loot
 3:10:33.95   Primary Spawner: "Loot", active: yes, repeat: 2
 3:10:33.95 [01] StaticMedDrop
 3:10:33.95   Primary Spawner: "Static", active: yes, repeat: 1
 3:10:33.95 [02] StaticLifeboat
 3:10:33.95   Primary Spawner: "Static", active: yes, repeat: 1
 3:10:33.95 [03] TrajectoryStones
 3:10:33.95   Primary Spawner: "Trajectory", active: yes, repeat: 1
 3:10:33.95 [04] InfectedSanta
 3:10:33.95   Primary Spawner: "Infected", active: yes, repeat: 1
 3:10:33.95 [05] InfectedArmy
 3:10:33.95   Primary Spawner: "Infected", active: yes, repeat: 1
 3:10:33.95 [06] InfectedIndustrial
 3:10:33.95   Primary Spawner: "Infected", active: yes, repeat: 1
 3:10:33.95 [07] InfectedCivil
 3:10:33.95   Primary Spawner: "Infected", active: yes, repeat: 1
 3:10:33.95 [08] InfectedMedic
 3:10:33.95   Primary Spawner: "Infected", active: yes, repeat: 1
 3:10:33.95 [09] AnimalGoat
 3:10:33.95   Primary Spawner: "Animal", active: yes, repeat: 1
 3:10:33.95 [10] AnimalSheep
 3:10:33.95   Primary Spawner: "Animal", active: yes, repeat: 1
 3:10:33.95 [11] AnimalRoeDeer
 3:10:33.95   Primary Spawner: "Animal", active: yes, repeat: 1
 3:10:33.95 [12] AnimalDeer
 3:10:33.95   Primary Spawner: "Animal", active: yes, repeat: 1
 3:10:33.95 [13] AnimalWildBoar
 3:10:33.95   Primary Spawner: "Animal", active: yes, repeat: 1
 3:10:33.95 [14] AnimalWolf
 3:10:33.95   Primary Spawner: "Animal", active: yes, repeat: 1
 3:10:33.95 [15] AnimalBrownBear
 3:10:33.95   Primary Spawner: "Animal", active: yes, repeat: 1
 3:10:33.95 [16] AnimalPolarBear
 3:10:33.95   Primary Spawner: "Animal", active: yes, repeat: 1
 3:10:33.95 [CE][Hive] :: Initializing of spawners done.
 3:10:33.101 [CE][Hive] :: Init sequence finished.
 3:11:28.382 [CE][MapExport] :: entity found:9960, entity valid:1610, types total:261... took 55 sec
 3:11:28.384 Player connect enabled
 3:11:29.821 [IdleMode] Entering IN - save processed
 3:11:31.991 [Login]: Adding player Teddybear (22095429) to login queue at position 0
 3:11:31.992 [LoginMachine]: Add player Teddybear (22095429 71.1.247.249:28002)
 3:11:31.992 [StateMachine]: Player Teddybear (dpnid 22095429 uid ) Entering AuthPlayerLoginState
 3:11:33.67 [StateMachine]: Player Teddybear (dpnid 22095429 uid ) Entering WaitAuthPlayerLoginState
 3:11:35.718 Player Teddybear connected (id=Q74fxPdlRt8xzaRnXB-9fMyQ9RnGUPZVj3H_Kuu3Hsc=).
 3:11:35.718 Player "Teddybear" is connected (steamID=76561198190486863)
 3:11:35.727 [StateMachine]: Player Teddybear (dpnid 22095429 uid ) Entering WaitPlayerAssignedLoginState
 3:11:36.337 [StateMachine]: Player Teddybear (dpnid 22095429 uid Q74fxPdlRt8xzaRnXB-9fMyQ9RnGUPZVj3H_Kuu3Hsc=) Entering DBGetLoginTimeLoginState
 3:11:36.403 [StateMachine]: Player Teddybear (dpnid 22095429 uid Q74fxPdlRt8xzaRnXB-9fMyQ9RnGUPZVj3H_Kuu3Hsc=) Entering DBWaitLoginTimeLoginState
 3:11:36.455 [IdleMode] Leaving OUT
 3:11:51.406 [StateMachine]: Player Teddybear (dpnid 22095429 uid Q74fxPdlRt8xzaRnXB-9fMyQ9RnGUPZVj3H_Kuu3Hsc=) Entering DBGetCharacterLoginState
 3:11:51.427 [StateMachine]: Player Teddybear (dpnid 22095429 uid Q74fxPdlRt8xzaRnXB-9fMyQ9RnGUPZVj3H_Kuu3Hsc=) Entering CreateNetObjectsLoginState
 3:11:51.440 [StateMachine]: Player Teddybear (dpnid 22095429 uid Q74fxPdlRt8xzaRnXB-9fMyQ9RnGUPZVj3H_Kuu3Hsc=) Entering PreloadCamLoginState
 3:11:51.447 [StateMachine]: Player Teddybear (dpnid 22095429 uid Q74fxPdlRt8xzaRnXB-9fMyQ9RnGUPZVj3H_Kuu3Hsc=) Entering WaitPreloadCamLoginState
 3:11:59.328 [StateMachine]: Player Teddybear (dpnid 22095429 uid Q74fxPdlRt8xzaRnXB-9fMyQ9RnGUPZVj3H_Kuu3Hsc=) Entering GetNewCharLoginState
 3:12:25.852 <CREATE NEW CHAR>:
    charID 1
    playerID 1
    dpnid 22095429
    uid Q74fxPdlRt8xzaRnXB-9fMyQ9RnGUPZVj3H_Kuu3Hsc=
 3:12:26.274 [CE][LootRespawner] (PRIDummy) :: Item [0] causing search overtime: "ParamedicJacket_Green"
 3:12:26.379 [CE][LootRespawner] (PRIDummy) :: Item [1] causing search overtime: "dzn_athena3_august"
 3:12:26.484 [CE][LootRespawner] (PRIDummy) :: Item [2] causing search overtime: "dzn_athena3_october"
 3:12:26.592 [CE][LootRespawner] (PRIDummy) :: Item [3] causing search overtime: "dzn_platecarriervest_nac"
 3:12:26.702 [CE][LootRespawner] (PRIDummy) :: Item [4] causing search overtime: "dzn_platecarrierholster_nac"
 3:12:26.803 [CE][LootRespawner] (PRIDummy) :: Item [5] causing search overtime: "FirefighterJacket_Beige"
 3:12:26.902 [CE][LootRespawner] (PRIDummy) :: Item [6] causing search overtime: "FangeKnife"
 3:12:27.06 [CE][LootRespawner] (PRIDummy) :: Item [7] causing search overtime: "dzn_module_ext2"
 3:12:54.609 [CE][LootRespawner] (PRIDummy) :: Item [8] causing search overtime: "ParamedicJacket_Green"
 3:12:54.717 [CE][LootRespawner] (PRIDummy) :: Item [9] causing search overtime: "dzn_athena3_august"
 3:12:54.825 [CE][LootRespawner] (PRIDummy) :: Item [10] causing search overtime: "dzn_athena3_october"
 3:12:54.927 [CE][LootRespawner] (PRIDummy) :: Item [11] causing search overtime: "dzn_platecarriervest_nac"
 3:12:55.29 [CE][LootRespawner] (PRIDummy) :: Item [12] causing search overtime: "dzn_platecarrierholster_nac"
 3:12:55.136 [CE][LootRespawner] (PRIDummy) :: Item [13] causing search overtime: "FirefighterJacket_Beige"
 3:12:55.245 [CE][LootRespawner] (PRIDummy) :: Item [14] causing search overtime: "FangeKnife"
 3:12:55.354 [CE][LootRespawner] (PRIDummy) :: Item [15] causing search overtime: "dzn_module_ext2"
 3:13:22.884 [CE][LootRespawner] (PRIDummy) :: Item [16] causing search overtime: "ParamedicJacket_Green"
 3:13:22.993 [CE][LootRespawner] (PRIDummy) :: Item [17] causing search overtime: "dzn_athena3_august"
 3:13:23.103 [CE][LootRespawner] (PRIDummy) :: Item [18] causing search overtime: "dzn_athena3_october"
