

=====================================================================
== C:\TCAFiles\Users\ted\153052\DayZServer_x64.exe
== "C:\TCAFiles\Users\ted\153052\DayZServer_x64.exe" -port=2322 -config=serverDZ_By_HostHavoc.cfg -profiles=C:\TCAFiles\Users\ted\153052\HostHavocDayZServer "-servermod=" "-mod=@Namalsk Island;@Namalsk Survival;@CF;@Dabs Framework;@Community-Online-Tools;@shd_retextures;@Spurgles_BagZ;@sFramework;@sGunplay;@WindstridesClothingPack;@Advanced Weapon Scopes;@VPPAdminTools;@sGunplay_AWS;@Survivor Animations;@DayZ-Bicycle;@DayZ-Dog;@Drones;@SpawnerBubaku;@PseudoGiant;@dbo_spiders;@TFServerPack;@DNA Keycards;" 
=====================================================================
Exe timestamp: 2023/06/20 05:19:39
Current time:  2023/06/21 17:00:22

Version 1.21.156300
17:00:22.888 [Inputs] Loading inputs default "bin/constants.xml"
17:00:22.891 [Inputs] Loading inputs default "bin/specific.xml"
17:00:22.892 [Inputs] Loading inputs default "JM/COT/Scripts/Data/Inputs.xml"
17:00:22.893 !!! [Inputs] Cannot Register "UAObjectModuleDeleteOnCursor" non-existent input - Fix Preset!
17:00:22.893 [Inputs] Loading inputs default "MyMODS/sGunplay/scripts/data/inputs.xml"
17:00:22.893 [Inputs] Loading inputs default "nst/ns_dayz/scripts/Data/Inputs.xml"
17:00:22.893 [Inputs] Loading inputs default "VPPAdminTools/data/modded_Inputs.xml"
17:00:22.894 [Inputs] Loading inputs default "WindstrideClothing/Inputs.xml"
17:00:22.895 [Inputs] Loading inputs default "evg_drones/Inputs.xml"
17:00:22.895 [Inputs] Loading inputs default "Dayz_Dog/Data/Inputs.xml"
17:00:22.895 [Inputs] Loading inputs cfg "C:\TCAFiles\Users\ted\153052\HostHavocDayZServer\Users\Survivor\Server.core.xml"
17:00:22.899 [Inputs] Exporting inputs cfg "C:\TCAFiles\Users\ted\153052\HostHavocDayZServer\Users\Survivor\Server.core.xml"
17:00:35.262 [CE][Hive] :: Initializing OFFLINE
17:00:35.262 [StorageDirs] :: Selected storage directory: C:\TCAFiles\Users\ted\153052\mpmissions\hardcore.namalsk\storage_1\
17:00:35.262 [CE][Hive] :: Loading core data ... 
17:00:35.263 [CE][CoreData] :: 7 root classes, 0 defaults, 0 updaters...
17:00:40.109 [CE] :: WARNING :: Preset map "headsFirefighter" is EMPTY.
17:00:40.111 [CE][TypeSetup] :: 557 classes setuped...
17:00:43.808 [CE][RegisterBind] :: 0 classes binded...
17:00:43.808 [CE][RegisterConfig] :: 16378 config classes registered, 0 sub-counters...
17:00:43.808 [CE][Hive] :: Loading map data ... 
17:00:43.838 !!! [CE] :: Unknown tag: 'shelves'.
17:00:43.838 !!! [CE] :: Unknown category: 'books'.
17:00:43.838 !!! [CE] :: Unknown tag: 'shelves'.
17:00:43.838 !!! [CE] :: Unknown tag: 'shelves'.
17:00:43.839 [CE][LoadPrototype] :: loaded 261 prototypes
17:00:43.839   411 containers, 7544 points
17:00:43.839   1 dispatches, 1 proxies
17:00:43.839 !!! [CE][LoadPrototype] 1 groups have wrong points...
17:00:43.839 !!! [CE][LoadPrototype] 2 groups were defined more than once and skipped...
17:00:43.839 [CE][LoadPrototype] :: last group name: Land_Prison_Side...
17:00:43.842 [CE][LoadPrototype] :: loaded 0 prototypes
17:00:43.842   38 containers, 66 points
17:00:43.842   0 dispatches, 0 proxies
17:00:43.842 [CE][LoadPrototype] :: last group name: StoneLoc38...
17:00:43.881 [CE][LoadMap] "Group" :: loaded 1644 groups, groups failed: 0, largest group range: 36.4
17:00:43.882 [CE][LoadMap] "Dirt" :: loaded 0 groups, groups failed: 0, largest group range: 36.4
17:00:43.890 [CE][Links] found 546 total links between groups, of 1644
17:00:43.890 [CE][LoadClusters] "Cluster" :: Loading files...
17:00:43.898 [CE][LoadClusters] :: file: "mapgroupcluster.xml", 1 types, 2418 instances
17:00:43.899 [CE][Storage] ver:21 stamp:2042, valid:yes, name:"C:\TCAFiles\Users\ted\153052\mpmissions\hardcore.namalsk\storage_1\data\types.bin"
17:00:43.900 [CE][Storage] ver:21 stamp:2043, valid:yes, name:"C:\TCAFiles\Users\ted\153052\mpmissions\hardcore.namalsk\storage_1\data\types.001"
17:00:43.901 [CE][Storage] ver:21 stamp:2044, valid:yes, name:"C:\TCAFiles\Users\ted\153052\mpmissions\hardcore.namalsk\storage_1\data\types.002"
17:00:43.901 [CE][Storage] Restoring file "C:\TCAFiles\Users\ted\153052\mpmissions\hardcore.namalsk\storage_1\data\types.002".
17:00:44.70 [CE][offlineDB] :: Loaded 19 dynamic events 194 total types.
17:00:44.86 !!! [CE] :: Unknown tag: 'shelves'.
17:00:44.86 !!! [CE] :: Unknown tag: 'shelves'.
17:00:44.86 !!! [CE] :: Unknown tag: 'floor'.
17:00:44.86 !!! [CE] :: Unknown tag: 'floor'.
17:00:44.87 !!! [CE] :: Unknown tag: 'floor'.
17:00:44.87 !!! [CE] :: Unknown tag: 'floor'.
17:00:44.87 !!! [CE] :: Unknown tag: 'floor'.
17:00:44.87 !!! [CE] :: Unknown tag: 'floor'.
17:00:44.87 !!! [CE] :: Unknown tag: 'floor'.
17:00:44.87 !!! [CE] :: Unknown tag: 'floor'.
17:00:44.87 !!! [CE] :: Unknown tag: 'floor'.
17:00:44.87 !!! [CE] :: Unknown tag: 'floor'.
17:00:44.87 !!! [CE] :: Unknown tag: 'floor'.
17:00:44.87 !!! [CE] :: Unknown tag: 'floor'.
17:00:44.87 !!! [CE][offlineDB] :: Type 'Leather_Cloak' will be ignored. (Type does not exist. (Typo?))
17:00:44.87 !!! [CE] :: Unknown tag: 'floor'.
17:00:44.89 !!! [CE][offlineDB] :: Type 'AD_LeupoldMk4' will be ignored. (Type does not exist. (Typo?))
17:00:44.89 !!! [CE][offlineDB] :: Type 'AD_LeupoldMk4_MosinMount' will be ignored. (Type does not exist. (Typo?))
17:00:44.89 !!! [CE][offlineDB] :: Type 'AD_LeupoldMk4_B13' will be ignored. (Type does not exist. (Typo?))
17:00:44.89 !!! [CE][offlineDB] :: Type 'ChristmasTree' will be ignored. (Not spawnable. (Scope is not public?))
17:00:44.96 [CE][DE][SPAWNS] :: Total positions: 254
17:00:44.96 [CE][DE][GROUPS] :: Total eventgroups defined: 0, Eventgroups in use: 0
17:00:44.96 [CE][Storage] ver:21 stamp:2042, valid:yes, name:"C:\TCAFiles\Users\ted\153052\mpmissions\hardcore.namalsk\storage_1\data\events.bin"
17:00:44.97 [CE][Storage] ver:21 stamp:2043, valid:yes, name:"C:\TCAFiles\Users\ted\153052\mpmissions\hardcore.namalsk\storage_1\data\events.001"
17:00:44.97 [CE][Storage] ver:21 stamp:2044, valid:yes, name:"C:\TCAFiles\Users\ted\153052\mpmissions\hardcore.namalsk\storage_1\data\events.002"
17:00:44.97 [CE][Storage] Restoring file "C:\TCAFiles\Users\ted\153052\mpmissions\hardcore.namalsk\storage_1\data\events.002".
17:00:44.97 [CE][DynamicEvent] Load  Events:[19] Primary spawners: 19 Secondary spawners: 0
17:00:44.98 [CE][Storage] ver:25 stamp:2042, valid:yes, name:"C:\TCAFiles\Users\ted\153052\mpmissions\hardcore.namalsk\storage_1\data\dynamic_000.bin"
17:00:44.98 [CE][Storage] ver:25 stamp:2043, valid:yes, name:"C:\TCAFiles\Users\ted\153052\mpmissions\hardcore.namalsk\storage_1\data\dynamic_000.001"
17:00:44.98 [CE][Storage] ver:25 stamp:2044, valid:yes, name:"C:\TCAFiles\Users\ted\153052\mpmissions\hardcore.namalsk\storage_1\data\dynamic_000.002"
17:00:44.99 [CE][Storage] Restoring file "C:\TCAFiles\Users\ted\153052\mpmissions\hardcore.namalsk\storage_1\data\dynamic_000.002" 0 items.
17:00:44.99   0 items loaded. (0 failed)
17:00:44.99 [CE][Storage] ver:25 stamp:2042, valid:yes, name:"C:\TCAFiles\Users\ted\153052\mpmissions\hardcore.namalsk\storage_1\data\dynamic_001.bin"
17:00:44.100 [CE][Storage] ver:25 stamp:2043, valid:yes, name:"C:\TCAFiles\Users\ted\153052\mpmissions\hardcore.namalsk\storage_1\data\dynamic_001.001"
17:00:44.100 [CE][Storage] ver:25 stamp:2044, valid:yes, name:"C:\TCAFiles\Users\ted\153052\mpmissions\hardcore.namalsk\storage_1\data\dynamic_001.002"
17:00:44.101 [CE][Storage] Restoring file "C:\TCAFiles\Users\ted\153052\mpmissions\hardcore.namalsk\storage_1\data\dynamic_001.002" 32 items.
17:00:44.144   32 items loaded. (0 failed)
17:00:44.145 [CE][Storage] ver:25 stamp:2042, valid:yes, name:"C:\TCAFiles\Users\ted\153052\mpmissions\hardcore.namalsk\storage_1\data\dynamic_002.bin"
17:00:44.146 [CE][Storage] ver:25 stamp:2043, valid:yes, name:"C:\TCAFiles\Users\ted\153052\mpmissions\hardcore.namalsk\storage_1\data\dynamic_002.001"
17:00:44.146 [CE][Storage] ver:25 stamp:2044, valid:yes, name:"C:\TCAFiles\Users\ted\153052\mpmissions\hardcore.namalsk\storage_1\data\dynamic_002.002"
17:00:44.146 [CE][Storage] Restoring file "C:\TCAFiles\Users\ted\153052\mpmissions\hardcore.namalsk\storage_1\data\dynamic_002.002" 12 items.
17:00:44.170   12 items loaded. (0 failed)
17:00:44.171 [CE][Storage] ver:25 stamp:2042, valid:yes, name:"C:\TCAFiles\Users\ted\153052\mpmissions\hardcore.namalsk\storage_1\data\dynamic_003.bin"
17:00:44.171 [CE][Storage] ver:25 stamp:2043, valid:yes, name:"C:\TCAFiles\Users\ted\153052\mpmissions\hardcore.namalsk\storage_1\data\dynamic_003.001"
17:00:44.172 [CE][Storage] ver:25 stamp:2044, valid:yes, name:"C:\TCAFiles\Users\ted\153052\mpmissions\hardcore.namalsk\storage_1\data\dynamic_003.002"
17:00:44.172 [CE][Storage] Restoring file "C:\TCAFiles\Users\ted\153052\mpmissions\hardcore.namalsk\storage_1\data\dynamic_003.002" 144 items.
17:00:44.341   144 items loaded. (0 failed)
17:00:44.342 [CE][Storage] ver:25 stamp:2042, valid:yes, name:"C:\TCAFiles\Users\ted\153052\mpmissions\hardcore.namalsk\storage_1\data\dynamic_004.bin"
17:00:44.343 [CE][Storage] ver:25 stamp:2043, valid:yes, name:"C:\TCAFiles\Users\ted\153052\mpmissions\hardcore.namalsk\storage_1\data\dynamic_004.001"
17:00:44.344 [CE][Storage] ver:25 stamp:2044, valid:yes, name:"C:\TCAFiles\Users\ted\153052\mpmissions\hardcore.namalsk\storage_1\data\dynamic_004.002"
17:00:44.344 [CE][Storage] Restoring file "C:\TCAFiles\Users\ted\153052\mpmissions\hardcore.namalsk\storage_1\data\dynamic_004.002" 206 items.
17:00:44.484   206 items loaded. (0 failed)
17:00:44.485 [CE][Storage] ver:25 stamp:2042, valid:yes, name:"C:\TCAFiles\Users\ted\153052\mpmissions\hardcore.namalsk\storage_1\data\dynamic_005.bin"
17:00:44.486 [CE][Storage] ver:25 stamp:2043, valid:yes, name:"C:\TCAFiles\Users\ted\153052\mpmissions\hardcore.namalsk\storage_1\data\dynamic_005.001"
17:00:44.487 [CE][Storage] ver:25 stamp:2044, valid:yes, name:"C:\TCAFiles\Users\ted\153052\mpmissions\hardcore.namalsk\storage_1\data\dynamic_005.002"
17:00:44.487 [CE][Storage] Restoring file "C:\TCAFiles\Users\ted\153052\mpmissions\hardcore.namalsk\storage_1\data\dynamic_005.002" 113 items.
17:00:44.581   113 items loaded. (0 failed)
17:00:44.581 !!! [CE][Storage] Failed to read [Storage] data file "C:\TCAFiles\Users\ted\153052\mpmissions\hardcore.namalsk\storage_1\data\dynamic_006.bin".
17:00:44.581   File is empty...
17:00:44.581 [CE][Storage] ver:0 stamp:0, valid:NO, name:"C:\TCAFiles\Users\ted\153052\mpmissions\hardcore.namalsk\storage_1\data\dynamic_006.bin"
17:00:44.582 [CE][Storage] ver:25 stamp:2043, valid:yes, name:"C:\TCAFiles\Users\ted\153052\mpmissions\hardcore.namalsk\storage_1\data\dynamic_006.001"
17:00:44.583 [CE][Storage] ver:25 stamp:2044, valid:yes, name:"C:\TCAFiles\Users\ted\153052\mpmissions\hardcore.namalsk\storage_1\data\dynamic_006.002"
17:00:44.583 [CE][Storage] Restoring file "C:\TCAFiles\Users\ted\153052\mpmissions\hardcore.namalsk\storage_1\data\dynamic_006.002" 237 items.
17:00:44.742   237 items loaded. (0 failed)
17:00:44.742 [CE][Storage] ver:25 stamp:2045, valid:yes, name:"C:\TCAFiles\Users\ted\153052\mpmissions\hardcore.namalsk\storage_1\data\dynamic_007.bin"
17:00:44.743 [CE][Storage] ver:25 stamp:2043, valid:yes, name:"C:\TCAFiles\Users\ted\153052\mpmissions\hardcore.namalsk\storage_1\data\dynamic_007.001"
17:00:44.743 [CE][Storage] ver:25 stamp:2044, valid:yes, name:"C:\TCAFiles\Users\ted\153052\mpmissions\hardcore.namalsk\storage_1\data\dynamic_007.002"
17:00:44.743 [CE][Storage] Restoring file "C:\TCAFiles\Users\ted\153052\mpmissions\hardcore.namalsk\storage_1\data\dynamic_007.bin" 93 items.
17:00:44.797   93 items loaded. (0 failed)
17:00:44.798 [CE][Storage] ver:25 stamp:2045, valid:yes, name:"C:\TCAFiles\Users\ted\153052\mpmissions\hardcore.namalsk\storage_1\data\dynamic_008.bin"
17:00:44.798 [CE][Storage] ver:25 stamp:2043, valid:yes, name:"C:\TCAFiles\Users\ted\153052\mpmissions\hardcore.namalsk\storage_1\data\dynamic_008.001"
17:00:44.799 [CE][Storage] ver:25 stamp:2044, valid:yes, name:"C:\TCAFiles\Users\ted\153052\mpmissions\hardcore.namalsk\storage_1\data\dynamic_008.002"
17:00:44.799 [CE][Storage] Restoring file "C:\TCAFiles\Users\ted\153052\mpmissions\hardcore.namalsk\storage_1\data\dynamic_008.bin" 93 items.
17:00:44.854   93 items loaded. (0 failed)
17:00:44.854 [CE][Storage] ver:25 stamp:2045, valid:yes, name:"C:\TCAFiles\Users\ted\153052\mpmissions\hardcore.namalsk\storage_1\data\dynamic_009.bin"
17:00:44.854 [CE][Storage] ver:25 stamp:2043, valid:yes, name:"C:\TCAFiles\Users\ted\153052\mpmissions\hardcore.namalsk\storage_1\data\dynamic_009.001"
17:00:44.855 [CE][Storage] ver:25 stamp:2044, valid:yes, name:"C:\TCAFiles\Users\ted\153052\mpmissions\hardcore.namalsk\storage_1\data\dynamic_009.002"
17:00:44.855 [CE][Storage] Restoring file "C:\TCAFiles\Users\ted\153052\mpmissions\hardcore.namalsk\storage_1\data\dynamic_009.bin" 0 items.
17:00:44.855   0 items loaded. (0 failed)
17:00:44.855 [CE][Storage] ver:25 stamp:2045, valid:yes, name:"C:\TCAFiles\Users\ted\153052\mpmissions\hardcore.namalsk\storage_1\data\dynamic_010.bin"
17:00:44.856 [CE][Storage] ver:25 stamp:2043, valid:yes, name:"C:\TCAFiles\Users\ted\153052\mpmissions\hardcore.namalsk\storage_1\data\dynamic_010.001"
17:00:44.856 [CE][Storage] ver:25 stamp:2044, valid:yes, name:"C:\TCAFiles\Users\ted\153052\mpmissions\hardcore.namalsk\storage_1\data\dynamic_010.002"
17:00:44.856 [CE][Storage] Restoring file "C:\TCAFiles\Users\ted\153052\mpmissions\hardcore.namalsk\storage_1\data\dynamic_010.bin" 1 items.
17:00:44.861   1 items loaded. (0 failed)
17:00:44.862 [CE][Storage] ver:25 stamp:2045, valid:yes, name:"C:\TCAFiles\Users\ted\153052\mpmissions\hardcore.namalsk\storage_1\data\dynamic_011.bin"
17:00:44.862 [CE][Storage] ver:25 stamp:2043, valid:yes, name:"C:\TCAFiles\Users\ted\153052\mpmissions\hardcore.namalsk\storage_1\data\dynamic_011.001"
17:00:44.863 [CE][Storage] ver:25 stamp:2044, valid:yes, name:"C:\TCAFiles\Users\ted\153052\mpmissions\hardcore.namalsk\storage_1\data\dynamic_011.002"
17:00:44.863 [CE][Storage] Restoring file "C:\TCAFiles\Users\ted\153052\mpmissions\hardcore.namalsk\storage_1\data\dynamic_011.bin" 7 items.
17:00:44.872   7 items loaded. (0 failed)
17:00:44.872 [CE][Storage] ver:26 stamp:2042, valid:yes, name:"C:\TCAFiles\Users\ted\153052\mpmissions\hardcore.namalsk\storage_1\data\building.bin"
17:00:44.872 [CE][Storage] ver:26 stamp:2043, valid:yes, name:"C:\TCAFiles\Users\ted\153052\mpmissions\hardcore.namalsk\storage_1\data\building.001"
17:00:44.873 [CE][Storage] ver:26 stamp:2044, valid:yes, name:"C:\TCAFiles\Users\ted\153052\mpmissions\hardcore.namalsk\storage_1\data\building.002"
17:00:44.873 [CE][Storage] Restoring file "C:\TCAFiles\Users\ted\153052\mpmissions\hardcore.namalsk\storage_1\data\building.002" 0 items.
17:00:44.873   0 items loaded. (0 failed)
17:00:44.873 [CE][Storage] ver:25 stamp:2042, valid:yes, name:"C:\TCAFiles\Users\ted\153052\mpmissions\hardcore.namalsk\storage_1\data\vehicles.bin"
17:00:44.874 [CE][Storage] ver:25 stamp:2043, valid:yes, name:"C:\TCAFiles\Users\ted\153052\mpmissions\hardcore.namalsk\storage_1\data\vehicles.001"
17:00:44.874 [CE][Storage] ver:25 stamp:2044, valid:yes, name:"C:\TCAFiles\Users\ted\153052\mpmissions\hardcore.namalsk\storage_1\data\vehicles.002"
17:00:44.875 [CE][Storage] Restoring file "C:\TCAFiles\Users\ted\153052\mpmissions\hardcore.namalsk\storage_1\data\vehicles.002" 37 items.
17:00:45.35   37 items loaded. (0 failed)
17:00:45.45 [CE][Hive] :: Storage load took:0.94 seconds, recovery stamp:2045
17:00:45.45   entity: 1169, building: 0
17:00:45.45   no lifetime: 30
17:00:45.45   pathgraph's: 111
17:00:45.46 [CE][Hive] :: Initializing ... 
17:00:45.50 [CE][InitializeMap] :: initialized: 0
17:00:45.50 [CE][Hive] :: Initializing spawners ... 
17:00:45.64 [CE][LootRespawner] (PRIDummy) :: Item [0] causing search overtime: "Epinephrine"
17:00:45.272 [CE][LootRespawner] (PRIDummy) :: Item [1] causing search overtime: "NBCBootsYellow"
17:00:45.361 [CE][LootRespawner] (PRIDummy) :: Item [2] causing search overtime: "dzn_apsi"
17:00:45.361 [CE][LootRespawner] (PRIDummy) :: Item [3] causing search overtime: "dzn_apsi"
17:00:45.361 [CE][LootRespawner] (PRIDummy) :: Item [4] causing search overtime: "dzn_apsi"
17:00:45.361 [CE][LootRespawner] (PRIDummy) :: Item [5] causing search overtime: "dzn_apsi"
17:00:45.435 [CE][LootRespawner] (PRIDummy) :: Item [6] causing search overtime: "dzn_vinyl_bubson"
17:00:45.435 [CE][LootRespawner] (PRIDummy) :: Item [7] causing search overtime: "dzn_vinyl_bubson"
17:00:45.587 [CE][LootRespawner] (PRIDummy) :: Item [0] is hard to place, performance drops: "TShirt_OrangeWhiteStripes"
17:00:45.591 [CE][LootRespawner] (PRIDummy) :: Item [8] causing search overtime: "StartKitIV"
17:00:45.591 [CE][LootRespawner] (PRIDummy) :: Item [9] causing search overtime: "StartKitIV"
17:00:45.612 [CE][LootRespawner] (PRIDummy) :: Item [10] causing search overtime: "ParamedicPants_Blue"
17:00:45.613 [CE][LootRespawner] (PRIDummy) :: Item [11] causing search overtime: "ParamedicPants_Blue"
17:00:45.613 [CE][LootRespawner] (PRIDummy) :: Item [12] causing search overtime: "ParamedicPants_Blue"
17:00:45.621 [CE][LootRespawner] (PRIDummy) :: Item [1] is hard to place, performance drops: "Balaclava3Holes_Beige"
17:00:45.622 [CE][LootRespawner] (PRIDummy) :: Item [2] is hard to place, performance drops: "Balaclava3Holes_Beige"
17:00:45.623 [CE][LootRespawner] (PRIDummy) :: Item [3] is hard to place, performance drops: "Balaclava3Holes_Beige"
17:00:45.643 !!! [CE][Point] Removing 4379.224609, 8121.900391 from land_wrecked_ural
17:00:45.643 [CE][LootRespawner] (PRIDummy) :: Item [4] is hard to place, performance drops: "M68Optic"
17:00:45.645 [CE][LootRespawner] (PRIDummy) :: Item [13] causing search overtime: "NBCPantsYellow"
17:00:45.693 [CE][LootRespawner] (PRIDummy) :: Item [14] causing search overtime: "AmmoBox_9x39AP_20Rnd"
17:00:45.739 [CE][LootRespawner] (PRIDummy) :: Item [15] causing search overtime: "HuntingKnife"
17:00:45.741 [CE][LootRespawner] (PRIDummy) :: Item [16] causing search overtime: "HuntingKnife"
17:00:45.747 [CE][LootRespawner] (PRIDummy) :: Item [5] is hard to place, performance drops: "dzn_ghilliebushragtandark"
17:00:45.813 [CE][LootRespawner] (PRIDummy) :: Item [6] is hard to place, performance drops: "HuntingBag"
17:00:45.814 [CE][LootRespawner] (PRIDummy) :: Item [7] is hard to place, performance drops: "HuntingBag"
17:00:45.831 [CE][LootRespawner] (PRIDummy) :: Item [8] is hard to place, performance drops: "Jeans_Blue"
17:00:45.831 [CE][LootRespawner] (PRIDummy) :: Item [9] is hard to place, performance drops: "Jeans_Blue"
17:00:45.831 [CE][LootRespawner] (PRIDummy) :: Item [10] is hard to place, performance drops: "Jeans_Blue"
17:00:45.831 [CE][LootRespawner] (PRIDummy) :: Item [11] is hard to place, performance drops: "Jeans_Blue"
17:00:45.867 [CE][LootRespawner] (PRIDummy) :: Item [12] is hard to place, performance drops: "BaseRadio"
17:00:45.870 [CE][LootRespawner] (PRIDummy) :: Item [13] is hard to place, performance drops: "SlacksPants_Blue"
17:00:45.870 [CE][LootRespawner] (PRIDummy) :: Item [14] is hard to place, performance drops: "SlacksPants_Blue"
17:00:45.870 [CE][LootRespawner] (PRIDummy) :: Item [15] is hard to place, performance drops: "SlacksPants_Blue"
17:00:45.898 [CE][LootRespawner] (PRIDummy) :: Item [16] is hard to place, performance drops: "LeatherSewingKit"
17:00:45.905 [CE][LootRespawner] (PRIDummy) :: Item [17] is hard to place, performance drops: "LeatherSewingKit"
17:00:45.921 [CE][LootRespawner] (PRIDummy) :: Item [18] is hard to place, performance drops: "GhillieBushrag_Brown"
17:00:45.922 [CE][LootRespawner] (PRIDummy) :: Item [19] is hard to place, performance drops: "GhillieBushrag_Brown"
17:00:45.926 [CE][LootRespawner] (PRIDummy) :: Item [17] causing search overtime: "SurgicalGloves_White"
17:00:46.07 [CE][LootRespawner] (PRIDummy) :: Item [18] causing search overtime: "dzn_SardinesCan"
17:00:46.08 [CE][LootRespawner] (PRIDummy) :: Item [19] causing search overtime: "dzn_SardinesCan"
17:00:46.339 !!! [CE][Point] Removing 5035.500977, 8162.964844 from land_hut_old01
17:00:46.632 !!! [CE][Point] Removing 5032.167480, 8197.083984 from land_wrecked_ural_onside
17:00:47.49 !!! [CE][Point] Removing 3733.210693, 8235.766602 from Land_Mil_Tent_Big2_2
17:00:47.308 [CE][LootRespawner] (PRIDummy) :: Initially (re)spawned:7641, Nominal:13248, Total in Map: 8651 at 2 (sec)
17:00:47.308   tests:8105, repeats:3 fails:461, overtime:4829
17:00:48.333 [CE][DynEvent] :: 19 types
17:00:48.333 [00] Loot
17:00:48.333   Primary Spawner: "Loot", active: yes, repeat: 2
17:00:48.333 [01] StaticMedDrop
17:00:48.333   Primary Spawner: "Static", active: yes, repeat: 1
17:00:48.333 [02] StaticLifeboat
17:00:48.333   Primary Spawner: "Static", active: yes, repeat: 1
17:00:48.333 [03] TrajectoryStones
17:00:48.333   Primary Spawner: "Trajectory", active: yes, repeat: 1
17:00:48.333 [04] AnimalWildDog
17:00:48.333   Primary Spawner: "Animal", active: yes, repeat: 1
17:00:48.333 [05] InfectedSanta
17:00:48.333   Primary Spawner: "Infected", active: yes, repeat: 1
17:00:48.333 [06] InfectedArmy
17:00:48.333   Primary Spawner: "Infected", active: yes, repeat: 1
17:00:48.333 [07] InfectedIndustrial
17:00:48.333   Primary Spawner: "Infected", active: yes, repeat: 1
17:00:48.333 [08] InfectedCivil
17:00:48.333   Primary Spawner: "Infected", active: yes, repeat: 1
17:00:48.333 [09] InfectedMedic
17:00:48.333   Primary Spawner: "Infected", active: yes, repeat: 1
17:00:48.333 [10] AnimalGoat
17:00:48.333   Primary Spawner: "Animal", active: yes, repeat: 1
17:00:48.333 [11] AnimalSheep
17:00:48.333   Primary Spawner: "Animal", active: yes, repeat: 1
17:00:48.333 [12] AnimalRoeDeer
17:00:48.333   Primary Spawner: "Animal", active: yes, repeat: 1
17:00:48.333 [13] AnimalDeer
17:00:48.333   Primary Spawner: "Animal", active: yes, repeat: 1
17:00:48.333 [14] AnimalWildBoar
17:00:48.333   Primary Spawner: "Animal", active: yes, repeat: 1
17:00:48.333 [15] AnimalWolf
17:00:48.333   Primary Spawner: "Animal", active: yes, repeat: 1
17:00:48.333 [16] AnimalBrownBear
17:00:48.333   Primary Spawner: "Animal", active: yes, repeat: 1
17:00:48.333 [17] AnimalPolarBear
17:00:48.333   Primary Spawner: "Animal", active: yes, repeat: 1
17:00:48.333 [18] VehicleCivilianCars
17:00:48.333   Primary Spawner: "Vehicle", active: yes, repeat: 1
17:00:48.333 [CE][Hive] :: Initializing of spawners done.
17:00:48.338 [CE][Hive] :: Init sequence finished.
17:00:50.435 [CE][MapExport] :: entity found:12612, entity valid:1644, types total:261... took 2 sec
17:00:50.436 Player connect enabled
17:13:18.918 [CE][Links] found 0 total links between groups, of 1
17:13:18.918 [CE][SpawnRandomLoot] (StaticMedDrop) :: Type: Misc_cargo_cont_net1, lootmin: 8, lootmax: 8, wanted: 8, deloot: 2, containermaxsum: 6
17:13:18.918 [CE][SpawnRandomLoot] (StaticMedDrop) :: Type: Misc_cargo_cont_net1 :: !!! Sum of container LootMax is lower than event child LootMax (6 < 8)
17:13:18.918 [CE][SpawnRandomLoot] (StaticMedDrop) :: Type: Misc_cargo_cont_net1 :: !!! Wanting to spawn more loot than possible (8 > 6)
17:13:18.921 [CE][Links] found 0 total links between groups, of 2
17:13:18.921 [CE][SpawnRandomLoot] (StaticMedDrop) :: Type: Misc_cargo_cont_net1, lootmin: 8, lootmax: 8, wanted: 8, deloot: 2, containermaxsum: 6
17:13:18.921 [CE][SpawnRandomLoot] (StaticMedDrop) :: Type: Misc_cargo_cont_net1 :: !!! Sum of container LootMax is lower than event child LootMax (6 < 8)
17:13:18.922 [CE][SpawnRandomLoot] (StaticMedDrop) :: Type: Misc_cargo_cont_net1 :: !!! Wanting to spawn more loot than possible (8 > 6)
17:13:18.925 [CE][Links] found 0 total links between groups, of 3
17:13:18.925 [CE][SpawnRandomLoot] (StaticMedDrop) :: Type: Misc_cargo_cont_net1, lootmin: 8, lootmax: 8, wanted: 8, deloot: 2, containermaxsum: 6
17:13:18.925 [CE][SpawnRandomLoot] (StaticMedDrop) :: Type: Misc_cargo_cont_net1 :: !!! Sum of container LootMax is lower than event child LootMax (6 < 8)
17:13:18.925 [CE][SpawnRandomLoot] (StaticMedDrop) :: Type: Misc_cargo_cont_net1 :: !!! Wanting to spawn more loot than possible (8 > 6)
17:13:18.927 [CE][Links] found 0 total links between groups, of 4
17:13:18.928 [CE][SpawnRandomLoot] (StaticMedDrop) :: Type: Misc_cargo_cont_net1, lootmin: 8, lootmax: 8, wanted: 8, deloot: 2, containermaxsum: 6
17:13:18.928 [CE][SpawnRandomLoot] (StaticMedDrop) :: Type: Misc_cargo_cont_net1 :: !!! Sum of container LootMax is lower than event child LootMax (6 < 8)
17:13:18.928 [CE][SpawnRandomLoot] (StaticMedDrop) :: Type: Misc_cargo_cont_net1 :: !!! Wanting to spawn more loot than possible (8 > 6)
17:13:18.930 [CE][Links] found 0 total links between groups, of 5
17:13:18.930 [CE][SpawnRandomLoot] (StaticMedDrop) :: Type: Misc_cargo_cont_net1, lootmin: 8, lootmax: 8, wanted: 8, deloot: 2, containermaxsum: 6
17:13:18.931 [CE][SpawnRandomLoot] (StaticMedDrop) :: Type: Misc_cargo_cont_net1 :: !!! Sum of container LootMax is lower than event child LootMax (6 < 8)
17:13:18.931 [CE][SpawnRandomLoot] (StaticMedDrop) :: Type: Misc_cargo_cont_net1 :: !!! Wanting to spawn more loot than possible (8 > 6)
17:13:18.934 [CE][Links] found 0 total links between groups, of 6
17:13:18.934 [CE][SpawnRandomLoot] (StaticMedDrop) :: Type: Misc_cargo_cont_net1, lootmin: 8, lootmax: 8, wanted: 8, deloot: 2, containermaxsum: 6
17:13:18.934 [CE][SpawnRandomLoot] (StaticMedDrop) :: Type: Misc_cargo_cont_net1 :: !!! Sum of container LootMax is lower than event child LootMax (6 < 8)
17:13:18.934 [CE][SpawnRandomLoot] (StaticMedDrop) :: Type: Misc_cargo_cont_net1 :: !!! Wanting to spawn more loot than possible (8 > 6)
17:13:47.18 [CE][Links] found 0 total links between groups, of 7
17:13:47.18 [CE][SpawnRandomLoot] (StaticLifeboat) :: Type: sea_oilrig_lifeboat, lootmin: 4, lootmax: 5, wanted: 4, deloot: 2, containermaxsum: 5
17:13:47.19 [CE][SpawnRandomLoot] (StaticLifeboat) :: No item found to spawn for DE! Spawned: 2 / 4 (enable log_ce_dynamicevent to see item lists for event)
17:55:54.144 [CE][Links] found 0 total links between groups, of 8
17:55:54.144 [CE][SpawnRandomLoot] (StaticMedDrop) :: Type: Misc_cargo_cont_net1, lootmin: 8, lootmax: 8, wanted: 8, deloot: 2, containermaxsum: 6
17:55:54.144 [CE][SpawnRandomLoot] (StaticMedDrop) :: Type: Misc_cargo_cont_net1 :: !!! Sum of container LootMax is lower than event child LootMax (6 < 8)
17:55:54.144 [CE][SpawnRandomLoot] (StaticMedDrop) :: Type: Misc_cargo_cont_net1 :: !!! Wanting to spawn more loot than possible (8 > 6)
17:55:54.148 [CE][Links] found 0 total links between groups, of 9
17:55:54.148 [CE][SpawnRandomLoot] (StaticMedDrop) :: Type: Misc_cargo_cont_net1, lootmin: 8, lootmax: 8, wanted: 8, deloot: 2, containermaxsum: 6
17:55:54.148 [CE][SpawnRandomLoot] (StaticMedDrop) :: Type: Misc_cargo_cont_net1 :: !!! Sum of container LootMax is lower than event child LootMax (6 < 8)
17:55:54.148 [CE][SpawnRandomLoot] (StaticMedDrop) :: Type: Misc_cargo_cont_net1 :: !!! Wanting to spawn more loot than possible (8 > 6)
17:55:54.150 [CE][Links] found 0 total links between groups, of 10
17:55:54.150 [CE][SpawnRandomLoot] (StaticMedDrop) :: Type: Misc_cargo_cont_net1, lootmin: 8, lootmax: 8, wanted: 8, deloot: 2, containermaxsum: 6
17:55:54.150 [CE][SpawnRandomLoot] (StaticMedDrop) :: Type: Misc_cargo_cont_net1 :: !!! Sum of container LootMax is lower than event child LootMax (6 < 8)
17:55:54.150 [CE][SpawnRandomLoot] (StaticMedDrop) :: Type: Misc_cargo_cont_net1 :: !!! Wanting to spawn more loot than possible (8 > 6)
17:55:54.152 [CE][Links] found 0 total links between groups, of 11
17:55:54.152 [CE][SpawnRandomLoot] (StaticMedDrop) :: Type: Misc_cargo_cont_net1, lootmin: 8, lootmax: 8, wanted: 8, deloot: 2, containermaxsum: 6
17:55:54.152 [CE][SpawnRandomLoot] (StaticMedDrop) :: Type: Misc_cargo_cont_net1 :: !!! Sum of container LootMax is lower than event child LootMax (6 < 8)
17:55:54.152 [CE][SpawnRandomLoot] (StaticMedDrop) :: Type: Misc_cargo_cont_net1 :: !!! Wanting to spawn more loot than possible (8 > 6)
17:55:54.154 [CE][Links] found 0 total links between groups, of 12
17:55:54.154 [CE][SpawnRandomLoot] (StaticMedDrop) :: Type: Misc_cargo_cont_net1, lootmin: 8, lootmax: 8, wanted: 8, deloot: 2, containermaxsum: 6
17:55:54.154 [CE][SpawnRandomLoot] (StaticMedDrop) :: Type: Misc_cargo_cont_net1 :: !!! Sum of container LootMax is lower than event child LootMax (6 < 8)
17:55:54.154 [CE][SpawnRandomLoot] (StaticMedDrop) :: Type: Misc_cargo_cont_net1 :: !!! Wanting to spawn more loot than possible (8 > 6)
17:55:54.156 [CE][Links] found 0 total links between groups, of 13
17:55:54.156 [CE][SpawnRandomLoot] (StaticMedDrop) :: Type: Misc_cargo_cont_net1, lootmin: 8, lootmax: 8, wanted: 8, deloot: 2, containermaxsum: 6
17:55:54.156 [CE][SpawnRandomLoot] (StaticMedDrop) :: Type: Misc_cargo_cont_net1 :: !!! Sum of container LootMax is lower than event child LootMax (6 < 8)
17:55:54.156 [CE][SpawnRandomLoot] (StaticMedDrop) :: Type: Misc_cargo_cont_net1 :: !!! Wanting to spawn more loot than possible (8 > 6)
17:55:54.445 [CE][Links] found 0 total links between groups, of 14
17:55:54.445 [CE][SpawnRandomLoot] (StaticLifeboat) :: Type: sea_oilrig_lifeboat, lootmin: 4, lootmax: 5, wanted: 4, deloot: 2, containermaxsum: 5
17:55:54.446 [CE][SpawnRandomLoot] (StaticLifeboat) :: No item found to spawn for DE! Spawned: 2 / 4 (enable log_ce_dynamicevent to see item lists for event)
17:56:46.534 [Login]: Adding player Survivor (651902467) to login queue at position 0
17:56:46.534 [LoginMachine]: Add player Survivor (651902467 71.89.168.53:2304)
17:56:46.534 [StateMachine]: Player Survivor (dpnid 651902467 uid ) Entering AuthPlayerLoginState
17:56:46.643 [StateMachine]: Player Survivor (dpnid 651902467 uid ) State Error (AuthPlayerLoginState)
17:56:46.643 Player Unknown (651902467) kicked from server: 115 (Client is missing a mod which is on the server. (DNA Keycards; dbo_spiders; Namalsk Island; TFServerPack; Spurgles BagZ; sGunplay; Advanced Weapon Scopes; DayZ-Bicycle; sFramework; DayZ Dog; shd_retextures; WindstrideClothing; Dabs Framework; VPPAdminTools; Drones; SpawnerBubaku; Survivor Animations; PseudoGiant; Namalsk Survival)  (Missing PBO. (C:\Program Files (x86)\Steam\steamapps\common\DayZ\!Workshop\@Central European Asset Pack\addons\block1.pbo)))
17:56:46.643 [StateMachine]: Kick player Survivor (dpnid 651902467 uid ) State AuthPlayerLoginState
17:56:46.662 [Disconnect]: Client 651902467 early disconnect
17:56:46.662 [Disconnect]: No identity -> remove player info 651902467 
17:56:46.662 [Disconnect]: DisconnectPlayerFinish 651902467
17:56:46.662 [Disconnect]: Remove player info 651902467
17:56:46.662 [Disconnect]: Player destroy 651902467 
17:57:16.666 [Login]: Adding player Survivor (16829246) to login queue at position 0
17:57:16.666 [LoginMachine]: Add player Survivor (16829246 71.89.168.53:2324)
17:57:16.666 [StateMachine]: Player Survivor (dpnid 16829246 uid ) Entering AuthPlayerLoginState
17:57:17.874 [StateMachine]: Player Survivor (dpnid 16829246 uid ) Entering WaitAuthPlayerLoginState
17:57:19.942 Player Survivor connected (id=5-Lr15BQ3wf5d2cw5GDKErr3JBdrP0rwk7vg_BwxSjY=).
17:57:19.942 Player "Survivor" is connected (steamID=76561198412371464)
17:57:19.942 [StateMachine]: Player Survivor (dpnid 16829246 uid ) Entering WaitPlayerAssignedLoginState
17:57:20.204 [StateMachine]: Player Survivor (dpnid 16829246 uid 5-Lr15BQ3wf5d2cw5GDKErr3JBdrP0rwk7vg_BwxSjY=) Entering DBGetLoginTimeLoginState
17:57:20.207 [StateMachine]: Player Survivor (dpnid 16829246 uid 5-Lr15BQ3wf5d2cw5GDKErr3JBdrP0rwk7vg_BwxSjY=) Entering DBWaitLoginTimeLoginState
17:57:35.206 [StateMachine]: Player Survivor (dpnid 16829246 uid 5-Lr15BQ3wf5d2cw5GDKErr3JBdrP0rwk7vg_BwxSjY=) Entering DBGetCharacterLoginState
17:57:35.207 [StateMachine]: Player Survivor (dpnid 16829246 uid 5-Lr15BQ3wf5d2cw5GDKErr3JBdrP0rwk7vg_BwxSjY=) Entering CreateNetObjectsLoginState
17:57:35.209 [StateMachine]: Player Survivor (dpnid 16829246 uid 5-Lr15BQ3wf5d2cw5GDKErr3JBdrP0rwk7vg_BwxSjY=) Entering PreloadCamLoginState
17:57:35.209 [StateMachine]: Player Survivor (dpnid 16829246 uid 5-Lr15BQ3wf5d2cw5GDKErr3JBdrP0rwk7vg_BwxSjY=) Entering WaitPreloadCamLoginState
17:57:38.944 [StateMachine]: Player Survivor (dpnid 16829246 uid 5-Lr15BQ3wf5d2cw5GDKErr3JBdrP0rwk7vg_BwxSjY=) Entering GetLoadedCharLoginState
17:57:42.178 <LOAD EXISTING CHAR>:
    charID 4
    playerID 4
    dpnid 16829246
    uid 5-Lr15BQ3wf5d2cw5GDKErr3JBdrP0rwk7vg_BwxSjY=
18:34:17.488 [Disconnect]: Start script disconnect 16829246 (dbCharacterId 4 dbPlayerId 4) logoutTime 15
18:34:32.497 [Disconnect]: Finish script disconnect 16829246 (5-Lr15BQ3wf5d2cw5GDKErr3JBdrP0rwk7vg_BwxSjY=)
18:34:32.497 [Disconnect]: DisconnectPlayerFinish 16829246
18:34:33.192 [Disconnect]: Remove player info 16829246
18:34:33.195 [Disconnect]: Player destroy 16829246 
18:38:32.603 [CE][Links] found 2 total links between groups, of 15
18:38:32.603 [CE][SpawnRandomLoot] (StaticMedDrop) :: Type: Misc_cargo_cont_net1, lootmin: 8, lootmax: 8, wanted: 8, deloot: 2, containermaxsum: 6
18:38:32.603 [CE][SpawnRandomLoot] (StaticMedDrop) :: Type: Misc_cargo_cont_net1 :: !!! Sum of container LootMax is lower than event child LootMax (6 < 8)
18:38:32.603 [CE][SpawnRandomLoot] (StaticMedDrop) :: Type: Misc_cargo_cont_net1 :: !!! Wanting to spawn more loot than possible (8 > 6)
18:38:32.605 [CE][Links] found 2 total links between groups, of 16
18:38:32.605 [CE][SpawnRandomLoot] (StaticMedDrop) :: Type: Misc_cargo_cont_net1, lootmin: 8, lootmax: 8, wanted: 8, deloot: 2, containermaxsum: 6
18:38:32.605 [CE][SpawnRandomLoot] (StaticMedDrop) :: Type: Misc_cargo_cont_net1 :: !!! Sum of container LootMax is lower than event child LootMax (6 < 8)
18:38:32.605 [CE][SpawnRandomLoot] (StaticMedDrop) :: Type: Misc_cargo_cont_net1 :: !!! Wanting to spawn more loot than possible (8 > 6)
18:38:32.607 [CE][Links] found 4 total links between groups, of 17
18:38:32.607 [CE][SpawnRandomLoot] (StaticMedDrop) :: Type: Misc_cargo_cont_net1, lootmin: 8, lootmax: 8, wanted: 8, deloot: 2, containermaxsum: 6
18:38:32.607 [CE][SpawnRandomLoot] (StaticMedDrop) :: Type: Misc_cargo_cont_net1 :: !!! Sum of container LootMax is lower than event child LootMax (6 < 8)
18:38:32.607 [CE][SpawnRandomLoot] (StaticMedDrop) :: Type: Misc_cargo_cont_net1 :: !!! Wanting to spawn more loot than possible (8 > 6)
18:38:32.608 [CE][Links] found 4 total links between groups, of 18
18:38:32.608 [CE][SpawnRandomLoot] (StaticMedDrop) :: Type: Misc_cargo_cont_net1, lootmin: 8, lootmax: 8, wanted: 8, deloot: 2, containermaxsum: 6
18:38:32.608 [CE][SpawnRandomLoot] (StaticMedDrop) :: Type: Misc_cargo_cont_net1 :: !!! Sum of conta