

=====================================================================
== C:\TCAFiles\Users\ted\153052\DayZServer_x64.exe
== "C:\TCAFiles\Users\ted\153052\DayZServer_x64.exe" -port=2322 -config=serverDZ_By_HostHavoc.cfg -profiles=C:\TCAFiles\Users\ted\153052\HostHavocDayZServer "-servermod=" "-mod=@Namalsk Island;@Namalsk Survival;@CF;@Dabs Framework;@Community-Online-Tools;@shd_retextures;@Spurgles_BagZ;@sFramework;@sGunplay;@WindstridesClothingPack;@Advanced Weapon Scopes;@VPPAdminTools;@sGunplay_AWS;@Survivor Animations;@DayZ-Bicycle;@DayZ-Dog;@Drones;@SpawnerBubaku;@PseudoGiant;@dbo_spiders;@TFServerPack;@DNA Keycards;" 
=====================================================================
Exe timestamp: 2023/06/20 05:19:39
Current time:  2023/06/21 07:17:34

Version 1.21.156300
 7:17:34.111 [Inputs] Loading inputs default "bin/constants.xml"
 7:17:34.113 [Inputs] Loading inputs default "bin/specific.xml"
 7:17:34.114 [Inputs] Loading inputs default "JM/COT/Scripts/Data/Inputs.xml"
 7:17:34.115 !!! [Inputs] Cannot Register "UAObjectModuleDeleteOnCursor" non-existent input - Fix Preset!
 7:17:34.115 [Inputs] Loading inputs default "MyMODS/sGunplay/scripts/data/inputs.xml"
 7:17:34.115 [Inputs] Loading inputs default "nst/ns_dayz/scripts/Data/Inputs.xml"
 7:17:34.116 [Inputs] Loading inputs default "VPPAdminTools/data/modded_Inputs.xml"
 7:17:34.117 [Inputs] Loading inputs default "WindstrideClothing/Inputs.xml"
 7:17:34.117 [Inputs] Loading inputs default "evg_drones/Inputs.xml"
 7:17:34.118 [Inputs] Loading inputs default "Dayz_Dog/Data/Inputs.xml"
 7:17:34.118 [Inputs] Loading inputs cfg "C:\TCAFiles\Users\ted\153052\HostHavocDayZServer\Users\Survivor\Server.core.xml"
 7:17:34.122 [Inputs] Exporting inputs cfg "C:\TCAFiles\Users\ted\153052\HostHavocDayZServer\Users\Survivor\Server.core.xml"
 7:17:46.487 [CE][Hive] :: Initializing OFFLINE
 7:17:46.487 [StorageDirs] :: Selected storage directory: C:\TCAFiles\Users\ted\153052\mpmissions\hardcore.namalsk\storage_1\
 7:17:46.487 [CE][Hive] :: Loading core data ... 
 7:17:46.488 [CE][CoreData] :: 7 root classes, 0 defaults, 0 updaters...
 7:17:51.242 [CE] :: WARNING :: Preset map "headsFirefighter" is EMPTY.
 7:17:51.243 [CE][TypeSetup] :: 557 classes setuped...
 7:17:55.31 [CE][RegisterBind] :: 0 classes binded...
 7:17:55.32 [CE][RegisterConfig] :: 16378 config classes registered, 0 sub-counters...
 7:17:55.32 [CE][Hive] :: Loading map data ... 
 7:17:55.64 !!! [CE] :: Unknown tag: 'shelves'.
 7:17:55.64 !!! [CE] :: Unknown category: 'books'.
 7:17:55.64 !!! [CE] :: Unknown tag: 'shelves'.
 7:17:55.64 !!! [CE] :: Unknown tag: 'shelves'.
 7:17:55.64 [CE][LoadPrototype] :: loaded 261 prototypes
 7:17:55.64   411 containers, 7544 points
 7:17:55.64   1 dispatches, 1 proxies
 7:17:55.64 !!! [CE][LoadPrototype] 1 groups have wrong points...
 7:17:55.64 !!! [CE][LoadPrototype] 2 groups were defined more than once and skipped...
 7:17:55.64 [CE][LoadPrototype] :: last group name: Land_Prison_Side...
 7:17:55.67 [CE][LoadPrototype] :: loaded 0 prototypes
 7:17:55.67   38 containers, 66 points
 7:17:55.67   0 dispatches, 0 proxies
 7:17:55.67 [CE][LoadPrototype] :: last group name: StoneLoc38...
 7:17:55.106 [CE][LoadMap] "Group" :: loaded 1644 groups, groups failed: 0, largest group range: 36.4
 7:17:55.107 [CE][LoadMap] "Dirt" :: loaded 0 groups, groups failed: 0, largest group range: 36.4
 7:17:55.116 [CE][Links] found 546 total links between groups, of 1644
 7:17:55.116 [CE][LoadClusters] "Cluster" :: Loading files...
 7:17:55.125 [CE][LoadClusters] :: file: "mapgroupcluster.xml", 1 types, 2418 instances
 7:17:55.126 [CE][Storage] ver:21 stamp:839, valid:yes, name:"C:\TCAFiles\Users\ted\153052\mpmissions\hardcore.namalsk\storage_1\data\types.bin"
 7:17:55.127 [CE][Storage] ver:21 stamp:840, valid:yes, name:"C:\TCAFiles\Users\ted\153052\mpmissions\hardcore.namalsk\storage_1\data\types.001"
 7:17:55.127 [CE][Storage] ver:21 stamp:838, valid:yes, name:"C:\TCAFiles\Users\ted\153052\mpmissions\hardcore.namalsk\storage_1\data\types.002"
 7:17:55.128 [CE][Storage] Restoring file "C:\TCAFiles\Users\ted\153052\mpmissions\hardcore.namalsk\storage_1\data\types.001".
 7:17:55.287 [CE][offlineDB] :: Loaded 19 dynamic events 194 total types.
 7:17:55.301 !!! [CE] :: Unknown tag: 'shelves'.
 7:17:55.301 !!! [CE] :: Unknown tag: 'shelves'.
 7:17:55.301 !!! [CE] :: Unknown tag: 'floor'.
 7:17:55.301 !!! [CE] :: Unknown tag: 'floor'.
 7:17:55.302 !!! [CE] :: Unknown tag: 'floor'.
 7:17:55.302 !!! [CE] :: Unknown tag: 'floor'.
 7:17:55.302 !!! [CE] :: Unknown tag: 'floor'.
 7:17:55.302 !!! [CE] :: Unknown tag: 'floor'.
 7:17:55.302 !!! [CE] :: Unknown tag: 'floor'.
 7:17:55.302 !!! [CE] :: Unknown tag: 'floor'.
 7:17:55.302 !!! [CE] :: Unknown tag: 'floor'.
 7:17:55.302 !!! [CE] :: Unknown tag: 'floor'.
 7:17:55.302 !!! [CE] :: Unknown tag: 'floor'.
 7:17:55.302 !!! [CE] :: Unknown tag: 'floor'.
 7:17:55.302 !!! [CE][offlineDB] :: Type 'Leather_Cloak' will be ignored. (Type does not exist. (Typo?))
 7:17:55.302 !!! [CE] :: Unknown tag: 'floor'.
 7:17:55.304 !!! [CE][offlineDB] :: Type 'AD_LeupoldMk4' will be ignored. (Type does not exist. (Typo?))
 7:17:55.304 !!! [CE][offlineDB] :: Type 'AD_LeupoldMk4_MosinMount' will be ignored. (Type does not exist. (Typo?))
 7:17:55.304 !!! [CE][offlineDB] :: Type 'AD_LeupoldMk4_B13' will be ignored. (Type does not exist. (Typo?))
 7:17:55.304 !!! [CE][offlineDB] :: Type 'ChristmasTree' will be ignored. (Not spawnable. (Scope is not public?))
 7:17:55.311 [CE][DE][SPAWNS] :: Total positions: 254
 7:17:55.312 [CE][DE][GROUPS] :: Total eventgroups defined: 0, Eventgroups in use: 0
 7:17:55.312 [CE][Storage] ver:21 stamp:839, valid:yes, name:"C:\TCAFiles\Users\ted\153052\mpmissions\hardcore.namalsk\storage_1\data\events.bin"
 7:17:55.312 [CE][Storage] ver:21 stamp:840, valid:yes, name:"C:\TCAFiles\Users\ted\153052\mpmissions\hardcore.namalsk\storage_1\data\events.001"
 7:17:55.313 [CE][Storage] ver:21 stamp:838, valid:yes, name:"C:\TCAFiles\Users\ted\153052\mpmissions\hardcore.namalsk\storage_1\data\events.002"
 7:17:55.313 [CE][Storage] Restoring file "C:\TCAFiles\Users\ted\153052\mpmissions\hardcore.namalsk\storage_1\data\events.001".
 7:17:55.313 [CE][DynamicEvent] Load  Events:[19] Primary spawners: 19 Secondary spawners: 0
 7:17:55.313 [CE][Storage] ver:25 stamp:839, valid:yes, name:"C:\TCAFiles\Users\ted\153052\mpmissions\hardcore.namalsk\storage_1\data\dynamic_000.bin"
 7:17:55.313 [CE][Storage] ver:25 stamp:840, valid:yes, name:"C:\TCAFiles\Users\ted\153052\mpmissions\hardcore.namalsk\storage_1\data\dynamic_000.001"
 7:17:55.313 [CE][Storage] ver:25 stamp:838, valid:yes, name:"C:\TCAFiles\Users\ted\153052\mpmissions\hardcore.namalsk\storage_1\data\dynamic_000.002"
 7:17:55.314 [CE][Storage] Restoring file "C:\TCAFiles\Users\ted\153052\mpmissions\hardcore.namalsk\storage_1\data\dynamic_000.001" 0 items.
 7:17:55.314   0 items loaded. (0 failed)
 7:17:55.314 [CE][Storage] ver:25 stamp:839, valid:yes, name:"C:\TCAFiles\Users\ted\153052\mpmissions\hardcore.namalsk\storage_1\data\dynamic_001.bin"
 7:17:55.315 [CE][Storage] ver:25 stamp:840, valid:yes, name:"C:\TCAFiles\Users\ted\153052\mpmissions\hardcore.namalsk\storage_1\data\dynamic_001.001"
 7:17:55.315 [CE][Storage] ver:25 stamp:838, valid:yes, name:"C:\TCAFiles\Users\ted\153052\mpmissions\hardcore.namalsk\storage_1\data\dynamic_001.002"
 7:17:55.315 [CE][Storage] Restoring file "C:\TCAFiles\Users\ted\153052\mpmissions\hardcore.namalsk\storage_1\data\dynamic_001.001" 170 items.
 7:17:55.518   170 items loaded. (0 failed)
 7:17:55.519 [CE][Storage] ver:25 stamp:839, valid:yes, name:"C:\TCAFiles\Users\ted\153052\mpmissions\hardcore.namalsk\storage_1\data\dynamic_002.bin"
 7:17:55.519 [CE][Storage] ver:25 stamp:840, valid:yes, name:"C:\TCAFiles\Users\ted\153052\mpmissions\hardcore.namalsk\storage_1\data\dynamic_002.001"
 7:17:55.520 [CE][Storage] ver:25 stamp:838, valid:yes, name:"C:\TCAFiles\Users\ted\153052\mpmissions\hardcore.namalsk\storage_1\data\dynamic_002.002"
 7:17:55.520 [CE][Storage] Restoring file "C:\TCAFiles\Users\ted\153052\mpmissions\hardcore.namalsk\storage_1\data\dynamic_002.001" 95 items.
 7:17:55.634   95 items loaded. (0 failed)
 7:17:55.635 [CE][Storage] ver:25 stamp:839, valid:yes, name:"C:\TCAFiles\Users\ted\153052\mpmissions\hardcore.namalsk\storage_1\data\dynamic_003.bin"
 7:17:55.636 [CE][Storage] ver:25 stamp:840, valid:yes, name:"C:\TCAFiles\Users\ted\153052\mpmissions\hardcore.namalsk\storage_1\data\dynamic_003.001"
 7:17:55.636 [CE][Storage] ver:25 stamp:838, valid:yes, name:"C:\TCAFiles\Users\ted\153052\mpmissions\hardcore.namalsk\storage_1\data\dynamic_003.002"
 7:17:55.636 [CE][Storage] Restoring file "C:\TCAFiles\Users\ted\153052\mpmissions\hardcore.namalsk\storage_1\data\dynamic_003.001" 1092 items.
 7:17:56.619   1092 items loaded. (0 failed)
 7:17:56.620 [CE][Storage] ver:25 stamp:839, valid:yes, name:"C:\TCAFiles\Users\ted\153052\mpmissions\hardcore.namalsk\storage_1\data\dynamic_004.bin"
 7:17:56.621 [CE][Storage] ver:25 stamp:840, valid:yes, name:"C:\TCAFiles\Users\ted\153052\mpmissions\hardcore.namalsk\storage_1\data\dynamic_004.001"
 7:17:56.621 [CE][Storage] ver:25 stamp:838, valid:yes, name:"C:\TCAFiles\Users\ted\153052\mpmissions\hardcore.namalsk\storage_1\data\dynamic_004.002"
 7:17:56.622 [CE][Storage] Restoring file "C:\TCAFiles\Users\ted\153052\mpmissions\hardcore.namalsk\storage_1\data\dynamic_004.001" 2172 items.
 7:17:58.48   2172 items loaded. (0 failed)
 7:17:58.48 [CE][Storage] ver:25 stamp:839, valid:yes, name:"C:\TCAFiles\Users\ted\153052\mpmissions\hardcore.namalsk\storage_1\data\dynamic_005.bin"
 7:17:58.49 [CE][Storage] ver:25 stamp:840, valid:yes, name:"C:\TCAFiles\Users\ted\153052\mpmissions\hardcore.namalsk\storage_1\data\dynamic_005.001"
 7:17:58.49 [CE][Storage] ver:25 stamp:838, valid:yes, name:"C:\TCAFiles\Users\ted\153052\mpmissions\hardcore.namalsk\storage_1\data\dynamic_005.002"
 7:17:58.49 [CE][Storage] Restoring file "C:\TCAFiles\Users\ted\153052\mpmissions\hardcore.namalsk\storage_1\data\dynamic_005.001" 981 items.
 7:17:58.748   981 items loaded. (0 failed)
 7:17:58.749 [CE][Storage] ver:25 stamp:839, valid:yes, name:"C:\TCAFiles\Users\ted\153052\mpmissions\hardcore.namalsk\storage_1\data\dynamic_006.bin"
 7:17:58.750 [CE][Storage] ver:25 stamp:840, valid:yes, name:"C:\TCAFiles\Users\ted\153052\mpmissions\hardcore.namalsk\storage_1\data\dynamic_006.001"
 7:17:58.750 [CE][Storage] ver:25 stamp:838, valid:yes, name:"C:\TCAFiles\Users\ted\153052\mpmissions\hardcore.namalsk\storage_1\data\dynamic_006.002"
 7:17:58.750 [CE][Storage] Restoring file "C:\TCAFiles\Users\ted\153052\mpmissions\hardcore.namalsk\storage_1\data\dynamic_006.001" 2537 items.
 7:18:00.331   2537 items loaded. (0 failed)
 7:18:00.332 [CE][Storage] ver:25 stamp:839, valid:yes, name:"C:\TCAFiles\Users\ted\153052\mpmissions\hardcore.namalsk\storage_1\data\dynamic_007.bin"
 7:18:00.332 [CE][Storage] ver:25 stamp:840, valid:yes, name:"C:\TCAFiles\Users\ted\153052\mpmissions\hardcore.namalsk\storage_1\data\dynamic_007.001"
 7:18:00.333 [CE][Storage] ver:25 stamp:838, valid:yes, name:"C:\TCAFiles\Users\ted\153052\mpmissions\hardcore.namalsk\storage_1\data\dynamic_007.002"
 7:18:00.333 [CE][Storage] Restoring file "C:\TCAFiles\Users\ted\153052\mpmissions\hardcore.namalsk\storage_1\data\dynamic_007.001" 729 items.
 7:18:00.743   729 items loaded. (0 failed)
 7:18:00.744 [CE][Storage] ver:25 stamp:839, valid:yes, name:"C:\TCAFiles\Users\ted\153052\mpmissions\hardcore.namalsk\storage_1\data\dynamic_008.bin"
 7:18:00.745 [CE][Storage] ver:25 stamp:840, valid:yes, name:"C:\TCAFiles\Users\ted\153052\mpmissions\hardcore.namalsk\storage_1\data\dynamic_008.001"
 7:18:00.745 [CE][Storage] ver:25 stamp:838, valid:yes, name:"C:\TCAFiles\Users\ted\153052\mpmissions\hardcore.namalsk\storage_1\data\dynamic_008.002"
 7:18:00.745 [CE][Storage] Restoring file "C:\TCAFiles\Users\ted\153052\mpmissions\hardcore.namalsk\storage_1\data\dynamic_008.001" 563 items.
 7:18:01.145   563 items loaded. (0 failed)
 7:18:01.146 [CE][Storage] ver:25 stamp:839, valid:yes, name:"C:\TCAFiles\Users\ted\153052\mpmissions\hardcore.namalsk\storage_1\data\dynamic_009.bin"
 7:18:01.146 [CE][Storage] ver:25 stamp:840, valid:yes, name:"C:\TCAFiles\Users\ted\153052\mpmissions\hardcore.namalsk\storage_1\data\dynamic_009.001"
 7:18:01.147 [CE][Storage] ver:25 stamp:838, valid:yes, name:"C:\TCAFiles\Users\ted\153052\mpmissions\hardcore.namalsk\storage_1\data\dynamic_009.002"
 7:18:01.147 [CE][Storage] Restoring file "C:\TCAFiles\Users\ted\153052\mpmissions\hardcore.namalsk\storage_1\data\dynamic_009.001" 0 items.
 7:18:01.147   0 items loaded. (0 failed)
 7:18:01.147 [CE][Storage] ver:25 stamp:839, valid:yes, name:"C:\TCAFiles\Users\ted\153052\mpmissions\hardcore.namalsk\storage_1\data\dynamic_010.bin"
 7:18:01.148 [CE][Storage] ver:25 stamp:840, valid:yes, name:"C:\TCAFiles\Users\ted\153052\mpmissions\hardcore.namalsk\storage_1\data\dynamic_010.001"
 7:18:01.148 [CE][Storage] ver:25 stamp:838, valid:yes, name:"C:\TCAFiles\Users\ted\153052\mpmissions\hardcore.namalsk\storage_1\data\dynamic_010.002"
 7:18:01.148 [CE][Storage] Restoring file "C:\TCAFiles\Users\ted\153052\mpmissions\hardcore.namalsk\storage_1\data\dynamic_010.001" 72 items.
 7:18:01.226   72 items loaded. (0 failed)
 7:18:01.226 [CE][Storage] ver:25 stamp:839, valid:yes, name:"C:\TCAFiles\Users\ted\153052\mpmissions\hardcore.namalsk\storage_1\data\dynamic_011.bin"
 7:18:01.227 [CE][Storage] ver:25 stamp:840, valid:yes, name:"C:\TCAFiles\Users\ted\153052\mpmissions\hardcore.namalsk\storage_1\data\dynamic_011.001"
 7:18:01.227 !!! [CE][Storage] Failed to read [Storage] data file "C:\TCAFiles\Users\ted\153052\mpmissions\hardcore.namalsk\storage_1\data\dynamic_011.002".
 7:18:01.227   File is empty...
 7:18:01.227 [CE][Storage] ver:0 stamp:0, valid:NO, name:"C:\TCAFiles\Users\ted\153052\mpmissions\hardcore.namalsk\storage_1\data\dynamic_011.002"
 7:18:01.227 [CE][Storage] Restoring file "C:\TCAFiles\Users\ted\153052\mpmissions\hardcore.namalsk\storage_1\data\dynamic_011.001" 52 items.
 7:18:01.272   52 items loaded. (0 failed)
 7:18:01.273 [CE][Storage] ver:26 stamp:839, valid:yes, name:"C:\TCAFiles\Users\ted\153052\mpmissions\hardcore.namalsk\storage_1\data\building.bin"
 7:18:01.273 [CE][Storage] ver:26 stamp:840, valid:yes, name:"C:\TCAFiles\Users\ted\153052\mpmissions\hardcore.namalsk\storage_1\data\building.001"
 7:18:01.273 [CE][Storage] ver:26 stamp:838, valid:yes, name:"C:\TCAFiles\Users\ted\153052\mpmissions\hardcore.namalsk\storage_1\data\building.002"
 7:18:01.274 [CE][Storage] Restoring file "C:\TCAFiles\Users\ted\153052\mpmissions\hardcore.namalsk\storage_1\data\building.001" 0 items.
 7:18:01.274   0 items loaded. (0 failed)
 7:18:01.274 [CE][Storage] ver:25 stamp:839, valid:yes, name:"C:\TCAFiles\Users\ted\153052\mpmissions\hardcore.namalsk\storage_1\data\vehicles.bin"
 7:18:01.274 [CE][Storage] ver:25 stamp:840, valid:yes, name:"C:\TCAFiles\Users\ted\153052\mpmissions\hardcore.namalsk\storage_1\data\vehicles.001"
 7:18:01.275 [CE][Storage] ver:25 stamp:838, valid:yes, name:"C:\TCAFiles\Users\ted\153052\mpmissions\hardcore.namalsk\storage_1\data\vehicles.002"
 7:18:01.275 [CE][Storage] Restoring file "C:\TCAFiles\Users\ted\153052\mpmissions\hardcore.namalsk\storage_1\data\vehicles.001" 67 items.
 7:18:01.440   67 items loaded. (0 failed)
 7:18:01.454 [CE][Hive] :: Storage load took:6.14 seconds, recovery stamp:840
 7:18:01.454   entity: 9254, building: 0
 7:18:01.454   no lifetime: 30
 7:18:01.454   pathgraph's: 198
 7:18:01.455 [CE][Hive] :: Initializing ... 
 7:18:01.479 [CE][InitializeMap] :: initialized: 0
 7:18:01.479 [CE][Hive] :: Initializing spawners ... 
 7:18:01.482 [CE][LootRespawner] (PRIDummy) :: Item [0] causing search overtime: "dzn_vinyl_bubson"
 7:18:01.482 [CE][LootRespawner] (PRIDummy) :: Item [1] causing search overtime: "dzn_vinyl_bubson"
 7:18:01.486 [CE][LootRespawner] (PRIDummy) :: Item [2] causing search overtime: "AssaultBag_Ttsko"
 7:18:01.492 [CE][LootRespawner] (PRIDummy) :: Item [0] is hard to place, performance drops: "Shemagh_Black"
 7:18:01.496 [CE][LootRespawner] (PRIDummy) :: Item [3] causing search overtime: "Mag_AKM_30Rnd"
 7:18:01.496 [CE][LootRespawner] (PRIDummy) :: Item [4] causing search overtime: "Mag_AKM_30Rnd"
 7:18:01.496 [CE][LootRespawner] (PRIDummy) :: Item [5] causing search overtime: "Mag_AKM_30Rnd"
 7:18:01.496 [CE][LootRespawner] (PRIDummy) :: Item [6] causing search overtime: "Mag_AKM_30Rnd"
 7:18:01.496 [CE][LootRespawner] (PRIDummy) :: Item [7] causing search overtime: "Mag_AKM_30Rnd"
 7:18:01.496 [CE][LootRespawner] (PRIDummy) :: Item [8] causing search overtime: "Mag_AKM_30Rnd"
 7:18:01.496 [CE][LootRespawner] (PRIDummy) :: Item [9] causing search overtime: "Mag_AKM_30Rnd"
 7:18:01.496 [CE][LootRespawner] (PRIDummy) :: Item [10] causing search overtime: "Mag_AKM_30Rnd"
 7:18:01.496 [CE][LootRespawner] (PRIDummy) :: Item [11] causing search overtime: "Mag_AKM_30Rnd"
 7:18:01.496 [CE][LootRespawner] (PRIDummy) :: Item [12] causing search overtime: "Mag_AKM_30Rnd"
 7:18:01.496 [CE][LootRespawner] (PRIDummy) :: Item [13] causing search overtime: "Mag_AKM_30Rnd"
 7:18:01.496 [CE][LootRespawner] (PRIDummy) :: Item [14] causing search overtime: "Mag_AKM_30Rnd"
 7:18:01.496 [CE][LootRespawner] (PRIDummy) :: Item [15] causing search overtime: "Mag_AKM_30Rnd"
 7:18:01.496 [CE][LootRespawner] (PRIDummy) :: Item [16] causing search overtime: "Mag_AKM_30Rnd"
 7:18:01.496 [CE][LootRespawner] (PRIDummy) :: Item [17] causing search overtime: "Mag_AKM_30Rnd"
 7:18:01.496 [CE][LootRespawner] (PRIDummy) :: Item [18] causing search overtime: "Mag_AKM_30Rnd"
 7:18:01.496 [CE][LootRespawner] (PRIDummy) :: Item [19] causing search overtime: "ParamedicJacket_Green"
 7:18:01.519 [CE][LootRespawner] (PRIDummy) :: Initially (re)spawned:69, Nominal:13248, Total in Map: 8637 at 0 (sec)
 7:18:01.519   tests:70, repeats:0 fails:1, overtime:4452
 7:18:02.533 [CE][DynEvent] :: 19 types
 7:18:02.533 [00] Loot
 7:18:02.533   Primary Spawner: "Loot", active: yes, repeat: 2
 7:18:02.533 [01] StaticMedDrop
 7:18:02.533   Primary Spawner: "Static", active: yes, repeat: 1
 7:18:02.533 [02] StaticLifeboat
 7:18:02.533   Primary Spawner: "Static", active: yes, repeat: 1
 7:18:02.533 [03] TrajectoryStones
 7:18:02.533   Primary Spawner: "Trajectory", active: yes, repeat: 1
 7:18:02.533 [04] AnimalWildDog
 7:18:02.533   Primary Spawner: "Animal", active: yes, repeat: 1
 7:18:02.533 [05] InfectedSanta
 7:18:02.533   Primary Spawner: "Infected", active: yes, repeat: 1
 7:18:02.533 [06] InfectedArmy
 7:18:02.533   Primary Spawner: "Infected", active: yes, repeat: 1
 7:18:02.533 [07] InfectedIndustrial
 7:18:02.533   Primary Spawner: "Infected", active: yes, repeat: 1
 7:18:02.533 [08] InfectedCivil
 7:18:02.533   Primary Spawner: "Infected", active: yes, repeat: 1
 7:18:02.533 [09] InfectedMedic
 7:18:02.533   Primary Spawner: "Infected", active: yes, repeat: 1
 7:18:02.533 [10] AnimalGoat
 7:18:02.533   Primary Spawner: "Animal", active: yes, repeat: 1
 7:18:02.533 [11] AnimalSheep
 7:18:02.533   Primary Spawner: "Animal", active: yes, repeat: 1
 7:18:02.533 [12] AnimalRoeDeer
 7:18:02.533   Primary Spawner: "Animal", active: yes, repeat: 1
 7:18:02.533 [13] AnimalDeer
