

=====================================================================
== C:\TCAFiles\Users\ted\153052\DayZServer_x64.exe
== "C:\TCAFiles\Users\ted\153052\DayZServer_x64.exe" -port=2322 -config=serverDZ_By_HostHavoc.cfg -profiles=C:\TCAFiles\Users\ted\153052\HostHavocDayZServer "-servermod=" "-mod=@Spring Namalsk;@Namalsk Island;@Namalsk Survival;@CF;@Dabs Framework;@Community-Online-Tools;@shd_retextures;@Spurgles_BagZ;@sFramework;@sGunplay;@WindstridesClothingPack;@Advanced Weapon Scopes;@VPPAdminTools;@sGunplay_AWS;@Survivor Animations;@DayZ-Bicycle;@DayZ-Dog;@Drones;@SpawnerBubaku;@PseudoGiant;@dbo_spiders;@TFServerPack;@DNA Keycards;@dbo_raptors;" 
=====================================================================
Exe timestamp: 2023/06/20 05:19:39
Current time:  2023/06/26 07:36:36

Version 1.21.156300
 7:36:36.170 [Inputs] Loading inputs default "bin/constants.xml"
 7:36:36.174 [Inputs] Loading inputs default "bin/specific.xml"
 7:36:36.175 [Inputs] Loading inputs default "JM/COT/Scripts/Data/Inputs.xml"
 7:36:36.175 !!! [Inputs] Cannot Register "UAObjectModuleDeleteOnCursor" non-existent input - Fix Preset!
 7:36:36.176 [Inputs] Loading inputs default "MyMODS/sGunplay/scripts/data/inputs.xml"
 7:36:36.176 [Inputs] Loading inputs default "nst/ns_dayz/scripts/Data/Inputs.xml"
 7:36:36.176 [Inputs] Loading inputs default "VPPAdminTools/data/modded_Inputs.xml"
 7:36:36.177 [Inputs] Loading inputs default "WindstrideClothing/Inputs.xml"
 7:36:36.178 [Inputs] Loading inputs default "evg_drones/Inputs.xml"
 7:36:36.179 [Inputs] Loading inputs default "Dayz_Dog/Data/Inputs.xml"
 7:36:36.179 [Inputs] Loading inputs cfg "C:\TCAFiles\Users\ted\153052\HostHavocDayZServer\Users\Survivor\Server.core.xml"
 7:36:36.183 [Inputs] Exporting inputs cfg "C:\TCAFiles\Users\ted\153052\HostHavocDayZServer\Users\Survivor\Server.core.xml"
 7:36:48.335 [CE][Hive] :: Initializing OFFLINE
 7:36:48.335 [StorageDirs] :: Selected storage directory: C:\TCAFiles\Users\ted\153052\mpmissions\hardcore.namalsk\storage_1\
 7:36:48.335 [CE][Hive] :: Loading core data ... 
 7:36:48.336 [CE][CoreData] :: 7 root classes, 0 defaults, 0 updaters...
 7:36:53.166 [CE] :: WARNING :: Preset map "headsFirefighter" is EMPTY.
 7:36:53.167 [CE][TypeSetup] :: 557 classes setuped...
 7:36:56.786 [CE][RegisterBind] :: 0 classes binded...
 7:36:56.786 [CE][RegisterConfig] :: 16393 config classes registered, 0 sub-counters...
 7:36:56.786 [CE][Hive] :: Loading map data ... 
 7:36:56.815 !!! [CE] :: Unknown tag: 'shelves'.
 7:36:56.815 !!! [CE] :: Unknown category: 'books'.
 7:36:56.815 !!! [CE] :: Unknown tag: 'shelves'.
 7:36:56.815 !!! [CE] :: Unknown tag: 'shelves'.
 7:36:56.815 [CE][LoadPrototype] :: loaded 261 prototypes
 7:36:56.815   411 containers, 7544 points
 7:36:56.815   1 dispatches, 1 proxies
 7:36:56.815 !!! [CE][LoadPrototype] 1 groups have wrong points...
 7:36:56.815 !!! [CE][LoadPrototype] 2 groups were defined more than once and skipped...
 7:36:56.815 [CE][LoadPrototype] :: last group name: Land_Prison_Side...
 7:36:56.818 [CE][LoadPrototype] :: loaded 0 prototypes
 7:36:56.818   38 containers, 66 points
 7:36:56.818   0 dispatches, 0 proxies
 7:36:56.818 [CE][LoadPrototype] :: last group name: StoneLoc38...
 7:36:56.854 [CE][LoadMap] "Group" :: loaded 1644 groups, groups failed: 0, largest group range: 36.4
 7:36:56.855 [CE][LoadMap] "Dirt" :: loaded 0 groups, groups failed: 0, largest group range: 36.4
 7:36:56.862 [CE][Links] found 546 total links between groups, of 1644
 7:36:56.862 [CE][LoadClusters] "Cluster" :: Loading files...
 7:36:56.870 [CE][LoadClusters] :: file: "mapgroupcluster.xml", 1 types, 2418 instances
 7:36:56.871 [CE][Storage] ver:21 stamp:13759, valid:yes, name:"C:\TCAFiles\Users\ted\153052\mpmissions\hardcore.namalsk\storage_1\data\types.bin"
 7:36:56.872 [CE][Storage] ver:21 stamp:13760, valid:yes, name:"C:\TCAFiles\Users\ted\153052\mpmissions\hardcore.namalsk\storage_1\data\types.001"
 7:36:56.872 [CE][Storage] ver:21 stamp:13761, valid:yes, name:"C:\TCAFiles\Users\ted\153052\mpmissions\hardcore.namalsk\storage_1\data\types.002"
 7:36:56.872 [CE][Storage] Restoring file "C:\TCAFiles\Users\ted\153052\mpmissions\hardcore.namalsk\storage_1\data\types.002".
 7:36:57.28 [CE][offlineDB] :: Loaded 25 dynamic events 200 total types.
 7:36:57.42 !!! [CE] :: Unknown tag: 'shelves'.
 7:36:57.42 !!! [CE] :: Unknown tag: 'shelves'.
 7:36:57.42 !!! [CE] :: Unknown tag: 'floor'.
 7:36:57.42 !!! [CE] :: Unknown tag: 'floor'.
 7:36:57.43 !!! [CE] :: Unknown tag: 'floor'.
 7:36:57.43 !!! [CE] :: Unknown tag: 'floor'.
 7:36:57.43 !!! [CE] :: Unknown tag: 'floor'.
 7:36:57.43 !!! [CE] :: Unknown tag: 'floor'.
 7:36:57.43 !!! [CE] :: Unknown tag: 'floor'.
 7:36:57.43 !!! [CE] :: Unknown tag: 'floor'.
 7:36:57.43 !!! [CE] :: Unknown tag: 'floor'.
 7:36:57.43 !!! [CE] :: Unknown tag: 'floor'.
 7:36:57.43 !!! [CE] :: Unknown tag: 'floor'.
 7:36:57.43 !!! [CE] :: Unknown tag: 'floor'.
 7:36:57.43 !!! [CE][offlineDB] :: Type 'Leather_Cloak' will be ignored. (Type does not exist. (Typo?))
 7:36:57.43 !!! [CE] :: Unknown tag: 'floor'.
 7:36:57.45 !!! [CE][offlineDB] :: Type 'AD_LeupoldMk4' will be ignored. (Type does not exist. (Typo?))
 7:36:57.45 !!! [CE][offlineDB] :: Type 'AD_LeupoldMk4_MosinMount' will be ignored. (Type does not exist. (Typo?))
 7:36:57.45 !!! [CE][offlineDB] :: Type 'AD_LeupoldMk4_B13' will be ignored. (Type does not exist. (Typo?))
 7:36:57.45 !!! [CE][offlineDB] :: Type 'ChristmasTree' will be ignored. (Not spawnable. (Scope is not public?))
 7:36:57.53 [CE][DE][SPAWNS] :: Total positions: 254
 7:36:57.54 [CE][DE][GROUPS] :: Total eventgroups defined: 0, Eventgroups in use: 0
 7:36:57.54 [CE][Storage] ver:21 stamp:13759, valid:yes, name:"C:\TCAFiles\Users\ted\153052\mpmissions\hardcore.namalsk\storage_1\data\events.bin"
 7:36:57.54 [CE][Storage] ver:21 stamp:13760, valid:yes, name:"C:\TCAFiles\Users\ted\153052\mpmissions\hardcore.namalsk\storage_1\data\events.001"
 7:36:57.55 [CE][Storage] ver:21 stamp:13761, valid:yes, name:"C:\TCAFiles\Users\ted\153052\mpmissions\hardcore.namalsk\storage_1\data\events.002"
 7:36:57.55 [CE][Storage] Restoring file "C:\TCAFiles\Users\ted\153052\mpmissions\hardcore.namalsk\storage_1\data\events.002".
 7:36:57.55 [CE][DynamicEvent] Load  Events:[25] Primary spawners: 25 Secondary spawners: 0
 7:36:57.55 [CE][Storage] ver:25 stamp:13759, valid:yes, name:"C:\TCAFiles\Users\ted\153052\mpmissions\hardcore.namalsk\storage_1\data\dynamic_000.bin"
 7:36:57.55 [CE][Storage] ver:25 stamp:13760, valid:yes, name:"C:\TCAFiles\Users\ted\153052\mpmissions\hardcore.namalsk\storage_1\data\dynamic_000.001"
 7:36:57.56 [CE][Storage] ver:25 stamp:13761, valid:yes, name:"C:\TCAFiles\Users\ted\153052\mpmissions\hardcore.namalsk\storage_1\data\dynamic_000.002"
 7:36:57.56 [CE][Storage] Restoring file "C:\TCAFiles\Users\ted\153052\mpmissions\hardcore.namalsk\storage_1\data\dynamic_000.002" 0 items.
 7:36:57.56   0 items loaded. (0 failed)
 7:36:57.56 [CE][Storage] ver:25 stamp:13759, valid:yes, name:"C:\TCAFiles\Users\ted\153052\mpmissions\hardcore.namalsk\storage_1\data\dynamic_001.bin"
 7:36:57.57 [CE][Storage] ver:25 stamp:13760, valid:yes, name:"C:\TCAFiles\Users\ted\153052\mpmissions\hardcore.namalsk\storage_1\data\dynamic_001.001"
 7:36:57.57 [CE][Storage] ver:25 stamp:13761, valid:yes, name:"C:\TCAFiles\Users\ted\153052\mpmissions\hardcore.namalsk\storage_1\data\dynamic_001.002"
 7:36:57.57 [CE][Storage] Restoring file "C:\TCAFiles\Users\ted\153052\mpmissions\hardcore.namalsk\storage_1\data\dynamic_001.002" 175 items.
 7:36:57.277   175 items loaded. (0 failed)
 7:36:57.278 [CE][Storage] ver:25 stamp:13759, valid:yes, name:"C:\TCAFiles\Users\ted\153052\mpmissions\hardcore.namalsk\storage_1\data\dynamic_002.bin"
 7:36:57.278 [CE][Storage] ver:25 stamp:13760, valid:yes, name:"C:\TCAFiles\Users\ted\153052\mpmissions\hardcore.namalsk\storage_1\data\dynamic_002.001"
 7:36:57.279 [CE][Storage] ver:25 stamp:13761, valid:yes, name:"C:\TCAFiles\Users\ted\153052\mpmissions\hardcore.namalsk\storage_1\data\dynamic_002.002"
 7:36:57.279 [CE][Storage] Restoring file "C:\TCAFiles\Users\ted\153052\mpmissions\hardcore.namalsk\storage_1\data\dynamic_002.002" 80 items.
 7:36:57.381   80 items loaded. (0 failed)
 7:36:57.382 [CE][Storage] ver:25 stamp:13759, valid:yes, name:"C:\TCAFiles\Users\ted\153052\mpmissions\hardcore.namalsk\storage_1\data\dynamic_003.bin"
 7:36:57.383 [CE][Storage] ver:25 stamp:13760, valid:yes, name:"C:\TCAFiles\Users\ted\153052\mpmissions\hardcore.namalsk\storage_1\data\dynamic_003.001"
 7:36:57.383 [CE][Storage] ver:25 stamp:13761, valid:yes, name:"C:\TCAFiles\Users\ted\153052\mpmissions\hardcore.namalsk\storage_1\data\dynamic_003.002"
 7:36:57.383 [CE][Storage] Restoring file "C:\TCAFiles\Users\ted\153052\mpmissions\hardcore.namalsk\storage_1\data\dynamic_003.002" 1067 items.
 7:36:58.318   1067 items loaded. (0 failed)
 7:36:58.318 [CE][Storage] ver:25 stamp:13759, valid:yes, name:"C:\TCAFiles\Users\ted\153052\mpmissions\hardcore.namalsk\storage_1\data\dynamic_004.bin"
 7:36:58.319 [CE][Storage] ver:25 stamp:13760, valid:yes, name:"C:\TCAFiles\Users\ted\153052\mpmissions\hardcore.namalsk\storage_1\data\dynamic_004.001"
 7:36:58.319 [CE][Storage] ver:25 stamp:13761, valid:yes, name:"C:\TCAFiles\Users\ted\153052\mpmissions\hardcore.namalsk\storage_1\data\dynamic_004.002"
 7:36:58.319 [CE][Storage] Restoring file "C:\TCAFiles\Users\ted\153052\mpmissions\hardcore.namalsk\storage_1\data\dynamic_004.002" 2069 items.
 7:36:59.654   2069 items loaded. (0 failed)
 7:36:59.655 [CE][Storage] ver:25 stamp:13759, valid:yes, name:"C:\TCAFiles\Users\ted\153052\mpmissions\hardcore.namalsk\storage_1\data\dynamic_005.bin"
 7:36:59.656 [CE][Storage] ver:25 stamp:13760, valid:yes, name:"C:\TCAFiles\Users\ted\153052\mpmissions\hardcore.namalsk\storage_1\data\dynamic_005.001"
 7:36:59.656 [CE][Storage] ver:25 stamp:13761, valid:yes, name:"C:\TCAFiles\Users\ted\153052\mpmissions\hardcore.namalsk\storage_1\data\dynamic_005.002"
 7:36:59.656 [CE][Storage] Restoring file "C:\TCAFiles\Users\ted\153052\mpmissions\hardcore.namalsk\storage_1\data\dynamic_005.002" 944 items.
 7:37:00.240   944 items loaded. (0 failed)
 7:37:00.241 [CE][Storage] ver:25 stamp:13759, valid:yes, name:"C:\TCAFiles\Users\ted\153052\mpmissions\hardcore.namalsk\storage_1\data\dynamic_006.bin"
 7:37:00.241 [CE][Storage] ver:25 stamp:13760, valid:yes, name:"C:\TCAFiles\Users\ted\153052\mpmissions\hardcore.namalsk\storage_1\data\dynamic_006.001"
 7:37:00.242 [CE][Storage] ver:25 stamp:13761, valid:yes, name:"C:\TCAFiles\Users\ted\153052\mpmissions\hardcore.namalsk\storage_1\data\dynamic_006.002"
 7:37:00.242 [CE][Storage] Restoring file "C:\TCAFiles\Users\ted\153052\mpmissions\hardcore.namalsk\storage_1\data\dynamic_006.002" 2430 items.
 7:37:01.817   2430 items loaded. (0 failed)
 7:37:01.818 [CE][Storage] ver:25 stamp:13759, valid:yes, name:"C:\TCAFiles\Users\ted\153052\mpmissions\hardcore.namalsk\storage_1\data\dynamic_007.bin"
 7:37:01.819 [CE][Storage] ver:25 stamp:13760, valid:yes, name:"C:\TCAFiles\Users\ted\153052\mpmissions\hardcore.namalsk\storage_1\data\dynamic_007.001"
 7:37:01.819 [CE][Storage] ver:25 stamp:13761, valid:yes, name:"C:\TCAFiles\Users\ted\153052\mpmissions\hardcore.namalsk\storage_1\data\dynamic_007.002"
 7:37:01.819 [CE][Storage] Restoring file "C:\TCAFiles\Users\ted\153052\mpmissions\hardcore.namalsk\storage_1\data\dynamic_007.002" 718 items.
 7:37:02.274   718 items loaded. (0 failed)
 7:37:02.274 [CE][Storage] ver:25 stamp:13759, valid:yes, name:"C:\TCAFiles\Users\ted\153052\mpmissions\hardcore.namalsk\storage_1\data\dynamic_008.bin"
 7:37:02.275 [CE][Storage] ver:25 stamp:13760, valid:yes, name:"C:\TCAFiles\Users\ted\153052\mpmissions\hardcore.namalsk\storage_1\data\dynamic_008.001"
 7:37:02.275 [CE][Storage] ver:25 stamp:13761, valid:yes, name:"C:\TCAFiles\Users\ted\153052\mpmissions\hardcore.namalsk\storage_1\data\dynamic_008.002"
 7:37:02.275 [CE][Storage] Restoring file "C:\TCAFiles\Users\ted\153052\mpmissions\hardcore.namalsk\storage_1\data\dynamic_008.002" 525 items.
 7:37:02.608   525 items loaded. (0 failed)
 7:37:02.609 !!! [CE][Storage] Failed to read [Storage] data file "C:\TCAFiles\Users\ted\153052\mpmissions\hardcore.namalsk\storage_1\data\dynamic_009.bin".
 7:37:02.609   File is empty...
 7:37:02.609 [CE][Storage] ver:0 stamp:0, valid:NO, name:"C:\TCAFiles\Users\ted\153052\mpmissions\hardcore.namalsk\storage_1\data\dynamic_009.bin"
 7:37:02.609 [CE][Storage] ver:25 stamp:13760, valid:yes, name:"C:\TCAFiles\Users\ted\153052\mpmissions\hardcore.namalsk\storage_1\data\dynamic_009.001"
 7:37:02.609 [CE][Storage] ver:25 stamp:13761, valid:yes, name:"C:\TCAFiles\Users\ted\153052\mpmissions\hardcore.namalsk\storage_1\data\dynamic_009.002"
 7:37:02.610 [CE][Storage] Restoring file "C:\TCAFiles\Users\ted\153052\mpmissions\hardcore.namalsk\storage_1\data\dynamic_009.002" 0 items.
 7:37:02.610   0 items loaded. (0 failed)
 7:37:02.610 [CE][Storage] ver:25 stamp:13762, valid:yes, name:"C:\TCAFiles\Users\ted\153052\mpmissions\hardcore.namalsk\storage_1\data\dynamic_010.bin"
 7:37:02.611 [CE][Storage] ver:25 stamp:13760, valid:yes, name:"C:\TCAFiles\Users\ted\153052\mpmissions\hardcore.namalsk\storage_1\data\dynamic_010.001"
 7:37:02.611 [CE][Storage] ver:25 stamp:13761, valid:yes, name:"C:\TCAFiles\Users\ted\153052\mpmissions\hardcore.namalsk\storage_1\data\dynamic_010.002"
 7:37:02.611 [CE][Storage] Restoring file "C:\TCAFiles\Users\ted\153052\mpmissions\hardcore.namalsk\storage_1\data\dynamic_010.bin" 48 items.
 7:37:02.652   48 items loaded. (0 failed)
 7:37:02.652 [CE][Storage] ver:25 stamp:13762, valid:yes, name:"C:\TCAFiles\Users\ted\153052\mpmissions\hardcore.namalsk\storage_1\data\dynamic_011.bin"
 7:37:02.653 [CE][Storage] ver:25 stamp:13760, valid:yes, name:"C:\TCAFiles\Users\ted\153052\mpmissions\hardcore.namalsk\storage_1\data\dynamic_011.001"
 7:37:02.653 [CE][Storage] ver:25 stamp:13761, valid:yes, name:"C:\TCAFiles\Users\ted\153052\mpmissions\hardcore.namalsk\storage_1\data\dynamic_011.002"
 7:37:02.653 [CE][Storage] Restoring file "C:\TCAFiles\Users\ted\153052\mpmissions\hardcore.namalsk\storage_1\data\dynamic_011.bin" 53 items.
 7:37:02.693   53 items loaded. (0 failed)
 7:37:02.693 [CE][Storage] ver:26 stamp:13759, valid:yes, name:"C:\TCAFiles\Users\ted\153052\mpmissions\hardcore.namalsk\storage_1\data\building.bin"
 7:37:02.694 [CE][Storage] ver:26 stamp:13760, valid:yes, name:"C:\TCAFiles\Users\ted\153052\mpmissions\hardcore.namalsk\storage_1\data\building.001"
 7:37:02.694 [CE][Storage] ver:26 stamp:13761, valid:yes, name:"C:\TCAFiles\Users\ted\153052\mpmissions\hardcore.namalsk\storage_1\data\building.002"
 7:37:02.694 [CE][Storage] Restoring file "C:\TCAFiles\Users\ted\153052\mpmissions\hardcore.namalsk\storage_1\data\building.002" 2 items.
 7:37:02.694   2 items loaded. (0 failed)
 7:37:02.695 [CE][Storage] ver:25 stamp:13759, valid:yes, name:"C:\TCAFiles\Users\ted\153052\mpmissions\hardcore.namalsk\storage_1\data\vehicles.bin"
 7:37:02.695 [CE][Storage] ver:25 stamp:13760, valid:yes, name:"C:\TCAFiles\Users\ted\153052\mpmissions\hardcore.namalsk\storage_1\data\vehicles.001"
 7:37:02.696 [CE][Storage] ver:25 stamp:13761, valid:yes, name:"C:\TCAFiles\Users\ted\153052\mpmissions\hardcore.namalsk\storage_1\data\vehicles.002"
 7:37:02.696 [CE][Storage] Restoring file "C:\TCAFiles\Users\ted\153052\mpmissions\hardcore.namalsk\storage_1\data\vehicles.002" 121 items.
 7:37:02.892   121 items loaded. (0 failed)
 7:37:02.899 [CE][Hive] :: Storage load took:5.84 seconds, recovery stamp:13762
 7:37:02.899   entity: 8999, building: 2
 7:37:02.899   no lifetime: 30
 7:37:02.899   pathgraph's: 202
 7:37:02.900 [CE][Hive] :: Initializing ... 
 7:37:02.916 [CE][InitializeMap] :: initialized: 2
 7:37:02.916 [CE][Hive] :: Initializing spawners ... 
 7:37:02.932 [CE][LootRespawner] (PRIDummy) :: Item [0] causing search overtime: "WoolGlovesFingerless_Black"
 7:37:02.932 [CE][LootRespawner] (PRIDummy) :: Item [1] causing search overtime: "SurgicalGloves_Blue"
 7:37:02.932 [CE][LootRespawner] (PRIDummy) :: Item [2] causing search overtime: "SurgicalGloves_Blue"
 7:37:02.932 [CE][LootRespawner] (PRIDummy) :: Item [3] causing search overtime: "dzn_platecarrierpouches_nac"
 7:37:02.941 [CE][LootRespawner] (PRIDummy) :: Item [4] causing search overtime: "WorkingGloves_Black"
 7:37:02.943 [CE][LootRespawner] (PRIDummy) :: Item [5] causing search overtime: "ParamedicJacket_Green"
 7:37:02.943 [CE][LootRespawner] (PRIDummy) :: Item [6] causing search overtime: "ParamedicJacket_Green"
 7:37:02.949 [CE][LootRespawner] (PRIDummy) :: Item [0] is hard to place, performance drops: "Ruger1022"
 7:37:02.949 [CE][LootRespawner] (PRIDummy) :: Item [1] is hard to place, performance drops: "Ruger1022"
 7:37:02.950 [CE][LootRespawner] (PRIDummy) :: Item [2] is hard to place, performance drops: "Ruger1022"
 7:37:02.958 [CE][LootRespawner] (PRIDummy) :: Item [7] causing search overtime: "dzn_PeachesCan"
 7:37:02.958 [CE][LootRespawner] (PRIDummy) :: Item [8] causing search overtime: "WoolGloves_Black"
 7:37:02.958 [CE][LootRespawner] (PRIDummy) :: Item [9] causing search overtime: "dzn_Honey"
 7:37:02.958 [CE][LootRespawner] (PRIDummy) :: Item [10] causing search overtime: "dzn_Honey"
 7:37:02.958 [CE][LootRespawner] (PRIDummy) :: Item [11] causing search overtime: "dzn_UnknownFoodCan"
 7:37:02.959 [CE][LootRespawner] (PRIDummy) :: Item [12] causing search overtime: "dzn_UnknownFoodCan"
 7:37:02.963 [CE][LootRespawner] (PRIDummy) :: Item [13] causing search overtime: "Mag_CMAG_40Rnd"
 7:37:02.963 [CE][LootRespawner] (PRIDummy) :: Item [14] causing search overtime: "Mag_CMAG_40Rnd"
 7:37:02.963 [CE][LootRespawner] (PRIDummy) :: Item [15] causing search overtime: "Mag_CMAG_40Rnd"
 7:37:02.963 [CE][LootRespawner] (PRIDummy) :: Item [16] causing search overtime: "Mag_CMAG_40Rnd"
 7:37:02.963 [CE][LootRespawner] (PRIDummy) :: Item [17] causing search overtime: "Mag_CMAG_40Rnd"
 7:37:02.963 [CE][LootRespawner] (PRIDummy) :: Item [18] causing search overtime: "Mag_CMAG_40Rnd"
 7:37:02.963 [CE][LootRespawner] (PRIDummy) :: Item [19] causing search overtime: "Mag_CMAG_40Rnd"
 7:37:02.983 [CE][LootRespawner] (PRIDummy) :: Item [3] is hard to place, performance drops: "WorkingGloves_Beige"
 7:37:02.992 [CE][LootRespawner] (PRIDummy) :: Item [4] is hard to place, performance drops: "WorkingGloves_Yellow"
 7:37:02.993 [CE][LootRespawner] (PRIDummy) :: Item [5] is hard to place, performance drops: "WorkingGloves_Yellow"
 7:37:02.993 [CE][LootRespawner] (PRIDummy) :: Item [6] is hard to place, performance drops: "WorkingGloves_Yellow"
 7:37:02.993 [CE][LootRespawner] (PRIDummy) :: Item [7] is hard to place, performance drops: "WorkingGloves_Yellow"
 7:37:02.993 [CE][LootRespawner] (PRIDummy) :: Item [8] is hard to place, performance drops: "WorkingGloves_Yellow"
 7:37:02.993 [CE][LootRespawner] (PRIDummy) :: Item [9] is hard to place, performance drops: "WorkingGloves_Yellow"
 7:37:02.993 [CE][LootRespawner] (PRIDummy) :: Item [10] is hard to place, performance drops: "WorkingGloves_Yellow"
 7:37:02.993 [CE][LootRespawner] (PRIDummy) :: Item [11] is hard to place, performance drops: "WorkingGloves_Yellow"
 7:37:02.993 [CE][LootRespawner] (PRIDummy) :: Item [12] is hard to place, performance drops: "WorkingGloves_Yellow"
 7:37:02.993 [CE][LootRespawner] (PRIDummy) :: Item [13] is hard to place, performance drops: "WorkingGloves_Yellow"
 7:37:02.993 [CE][LootRespawner] (PRIDummy) :: Item [14] is hard to place, performance drops: "WorkingGloves_Yellow"
 7:37:02.993 [CE][LootRespawner] (PRIDummy) :: Item [15] is hard to place, performance drops: "WorkingGloves_Yellow"
 7:37:02.993 [CE][LootRespawner] (PRIDummy) :: Item [16] is hard to place, performance drops: "WorkingGloves_Yellow"
 7:37:02.993 [CE][LootRespawner] (PRIDummy) :: Item [17] is hard to place, performance drops: "WorkingGloves_Yellow"
 7:37:02.993 [CE][LootRespawner] (PRIDummy) :: Item [18] is hard to place, performance drops: "WorkingGloves_Yellow"
 7:37:02.993 [CE][LootRespawner] (PRIDummy) :: Item [19] is hard to place, performance drops: "WorkingGloves_Yellow"
 7:37:03.13 [CE][LootRespawner] (PRIDummy) :: Initially (re)spawned:198, Nominal:12180, Total in Map: 8462 at 0 (sec)
 7:37:03.13   tests:283, repeats:0 fails:85, overtime:977
 7:37:03.931 [CE][DynEvent] :: 25 types
 7:37:03.931 [00] AnimalRaptor1
 7:37:03.931   Primary Spawner: "Animal", active: yes, repeat: 1
 7:37:03.931 [01] AnimalRaptor1B
 7:37:03.931   Primary Spawner: "Animal", active: yes, repeat: 1
 7:37:03.931 [02] AnimalRaptor1C
 7:37:03.931   Primary Spawner: "Animal", active: yes, repeat: 1
 7:37:03.931 [03] AnimalRaptor2
 7:37:03.931   Primary Spawner: "Animal", active: yes, repeat: 1
 7:37:03.931 [04] AnimalRaptor3
 7:37:03.931   Primary Spawner: "Animal", active: yes, repeat: 1
 7:37:03.931 [05] AnimalRaptor4
 7:37:03.931   Primary Spawner: "Animal", active: yes, repeat: 1
 7:37:03.931 [06] Loot
 7:37:03.931   Primary Spawner: "Loot", active: yes, repeat: 2
 7:37:03.931 [07] StaticMedDrop
 7:37:03.931   Primary Spawner: "Static", active: yes, repeat: 1
 7:37:03.931 [08] StaticLifeboat
 7:37:03.931   Primary Spawner: "Static", active: yes, repeat: 1
 7:37:03.931 [09] TrajectoryStones
 7:37:03.931   Primary Spawner: "Trajectory", active: yes, repeat: 1
 7:37:03.931 [10] AnimalWildDog
 7:37:03.931   Primary Spawner: "Animal", active: yes, repeat: 1
 7:37:03.931 [11] InfectedSanta
 7:37:03.931   Primary Spawner: "Infected", active: yes, repeat: 1
 7:37:03.931 [12] InfectedArmy
 7:37:03.931   Primary Spawner: "Infected", active: yes, repeat: 1
 7:37:03.931 [13] InfectedIndustrial
 7:37:03.931   Primary Spawner: "Infected", active: yes, repeat: 1
 7:37:03.931 [14] InfectedCivil
 7:37:03.931   Primary Spawner: "Infected", active: yes, repeat: 1
 7:37:03.931 [15] InfectedMedic
 7:37:03.931   Primary Spawner: "Infected", active: yes, repeat: 1
 7:37:03.931 [16] AnimalGoat
 7:37:03.931   Primary Spawner: "Animal", active: yes, repeat: 1
 7:37:03.931 [17] AnimalSheep
 7:37:03.931   Primary Spawner: "Animal", active: yes, repeat: 1
 7:37:03.931 [18] AnimalRoeDeer
 7:37:03.931   Primary Spawner: "Animal", active: yes, repeat: 1
 7:37:03.931 [19] AnimalDeer
 7:37:03.931   Primary Spawner: "Animal", active: yes, repeat: 1
 7:37:03.931 [20] AnimalWildBoar
 7:37:03.931   Primary Spawner: "Animal", active: yes, repeat: 1
 7:37:03.931 [21] AnimalWolf
 7:37:03.931   Primary Spawner: "Animal", active: yes, repeat: 1
 7:37:03.931 [22] AnimalBrownBear
 7:37:03.931   Primary Spawner: "Animal", active: yes, repeat: 1
 7:37:03.931 [23] AnimalPolarBear
 7:37:03.931   Primary Spawner: "Animal", active: yes, repeat: 1
 7:37:03.931 [24] VehicleCivilianCars
 7:37:03.931   Primary Spawner: "Vehicle", active: yes, repeat: 1
 7:37:03.931 [CE][Hive] :: Initializing of spawners done.
 7:37:03.936 [CE][Hive] :: Init sequence finished.
 7:37:06.245 [CE][MapExport] :: entity found:12423, entity valid:1644, types total:261... took 2 sec
 7:37:06.247 Player connect enabled
 7:37:08.575 [Login]: Adding player FourAMbayBridge (26386849) to login queue at position 0
 7:37:08.576 [LoginMachine]: Add player FourAMbayBridge (26386849 24.69.196.180:2324)
 7:37:08.576 [StateMachine]: Player FourAMbayBridge (dpnid 26386849 uid ) Entering AuthPlayerLoginState
 7:37:09.905 [StateMachine]: Player FourAMbayBridge (dpnid 26386849 uid ) Entering WaitAuthPlayerLoginState
 7:37:12.348 Player FourAMbayBridge connected (id=_85ITulioFbSK1XU1PPnczmphxWeQu6dUknni98sEmw=).
 7:37:12.348 Player "FourAMbayBridge" is connected (steamID=76561199498715649)
 7:37:12.348 [StateMachine]: Player FourAMbayBridge (dpnid 26386849 uid ) Entering WaitPlayerAssignedLoginState
 7:37:12.746 [StateMachine]: Player FourAMbayBridge (dpnid 26386849 uid _85ITulioFbSK1XU1PPnczmphxWeQu6dUknni98sEmw=) Entering DBGetLoginTimeLoginState
 7:37:12.747 [StateMachine]: Player FourAMbayBridge (dpnid 26386849 uid _85ITulioFbSK1XU1PPnczmphxWeQu6dUknni98sEmw=) Entering DBWaitLoginTimeLoginState
 7:37:27.747 [StateMachine]: Player FourAMbayBridge (dpnid 26386849 uid _85ITulioFbSK1XU1PPnczmphxWeQu6dUknni98sEmw=) Entering DBGetCharacterLoginState
 7:37:27.748 [StateMachine]: Player FourAMbayBridge (dpnid 26386849 uid _85ITulioFbSK1XU1PPnczmphxWeQu6dUknni98sEmw=) Entering CreateNetObjectsLoginState
 7:37:27.749 [StateMachine]: Player FourAMbayBridge (dpnid 26386849 uid _85ITulioFbSK1XU1PPnczmphxWeQu6dUknni98sEmw=) Entering PreloadCamLoginState
 7:37:27.750 [StateMachine]: Player FourAMbayBridge (dpnid 26386849 uid _85ITulioFbSK1XU1PPnczmphxWeQu6dUknni98sEmw=) Entering WaitPreloadCamLoginState
 7:37:34.195 [StateMachine]: Player FourAMbayBridge (dpnid 26386849 uid _85ITulioFbSK1XU1PPnczmphxWeQu6dUknni98sEmw=) Entering GetLoadedCharLoginState
 7:37:37.736 <LOAD EXISTING CHAR>:
    charID 7
    playerID 7
    dpnid 26386849
    uid _85ITulioFbSK1XU1PPnczmphxWeQu6dUknni98sEmw=
 7:40:13.245 [CE][Links] found 0 total links between groups, of 1
 7:40:13.245 [CE][SpawnRandomLoot] (StaticMedDrop) :: Type: Misc_cargo_cont_net1, lootmin: 8, lootmax: 8, wanted: 8, deloot: 2, containermaxsum: 6
 7:40:13.245 [CE][SpawnRandomLoot] (StaticMedDrop) :: Type: Misc_cargo_cont_net1 :: !!! Sum of container LootMax is lower than event child LootMax (6 < 8)
 7:40:13.245 [CE][SpawnRandomLoot] (StaticMedDrop) :: Type: Misc_cargo_cont_net1 :: !!! Wanting to spawn more loot than possible (8 > 6)
 7:40:13.247 [CE][Links] found 0 total links between groups, of 2
 7:40:13.247 [CE][SpawnRandomLoot] (StaticMedDrop) :: Type: Misc_cargo_cont_net1, lootmin: 8, lootmax: 8, wanted: 8, deloot: 2, containermaxsum: 6
 7:40:13.247 [CE][SpawnRandomLoot] (StaticMedDrop) :: Type: Misc_cargo_cont_net1 :: !!! Sum of container LootMax is lower than event child LootMax (6 < 8)
 7:40:13.247 [CE][SpawnRandomLoot] (StaticMedDrop) :: Type: Misc_cargo_cont_net1 :: !!! Wanting to spawn more loot than possible (8 > 6)
 7:40:13.249 [CE][Links] found 0 total links between groups, of 3
 7:40:13.249 [CE][SpawnRandomLoot] (StaticMedDrop) :: Type: Misc_cargo_cont_net1, lootmin: 8, lootmax: 8, wanted: 8, deloot: 2, containermaxsum: 6
 7:40:13.249 [CE][SpawnRandomLoot] (StaticMedDrop) :: Type: Misc_cargo_cont_net1 :: !!! Sum of container LootMax is lower than event child LootMax (6 < 8)
 7:40:13.249 [CE][SpawnRandomLoot] (StaticMedDrop) :: Type: Misc_cargo_cont_net1 :: !!! Wanting to spawn more loot than possible (8 > 6)
 7:40:13.252 [CE][Links] found 0 total links between groups, of 4
 7:40:13.252 [CE][SpawnRandomLoot] (StaticMedDrop) :: Type: Misc_cargo_cont_net1, lootmin: 8, lootmax: 8, wanted: 8, deloot: 2, containermaxsum: 6
 7:40:13.252 [CE][SpawnRandomLoot] (StaticMedDrop) :: Type: Misc_cargo_cont_net1 :: !!! Sum of container LootMax is lower than event child LootMax (6 < 8)
 7:40:13.252 [CE][SpawnRandomLoot] (StaticMedDrop) :: Type: Misc_cargo_cont_net1 :: !!! Wanting to spawn more loot than possible (8 > 6)
 7:41:10.287 [Login]: Adding player Teddybear (35434680) to login queue at position 0
 7:41:10.287 [LoginMachine]: Add player Teddybear (35434680 71.1.250.54:2324)
 7:41:10.287 [StateMachine]: Player Teddybear (dpnid 35434680 uid ) Entering AuthPlayerLoginState
 7:41:11.238 [StateMachine]: Player Teddybear (dpnid 35434680 uid ) Entering WaitAuthPlayerLoginState
 7:41:13.850 Player Teddybear connected (id=Q74fxPdlRt8xzaRnXB-9fMyQ9RnGUPZVj3H_Kuu3Hsc=).
 7:41:13.850 Player "Teddybear" is connected (steamID=76561198190486863)
 7:41:13.850 [StateMachine]: Player Teddybear (dpnid 35434680 uid ) Entering WaitPlayerAssignedLoginState
 7:41:16.706 [StateMachine]: Player Teddybear (dpnid 