

=====================================================================
== C:\SERVICES\ni9180513_1_SHARE\ftproot\dayzstandalone\DayZServer_x64.exe
== "C:\SERVICES\ni9180513_1_SHARE\ftproot\dayzstandalone\DayZServer_x64.exe" -ip=37.10.124.137 -port=28000 -cpuCount=4 -limitFPS=100 -adminlog -config=serverDZ.cfg "-mod=@Namalsk Island;@Namalsk Survival;@CF;@Dabs Framework;@Community-Online-Tools;@shd_retextures;@BuilderItems;@Spurgles_BagZ;@sFramework;@sGunplay;@WindstridesClothingPack;@Advanced Weapon Scopes;@VPPAdminTools;@Zen's Zombie Door Bangers;@Unknown Ghillie Mod;@Zen's Chicken Coops;@Wolf Packs;@sGunplay_AWS" -profiles=C:\SERVICES\ni9180513_1_SHARE\ftproot\dayzstandalone/config -BEPath=C:\SERVICES\ni9180513_1_SHARE\ftproot\dayzstandalone\battleye -noFilePatching -nologs -freezecheck
=====================================================================
Exe timestamp: 2023/06/06 04:56:18
Current time:  2023/06/18 20:05:25

Version 1.21.156243
20:05:25.406 [Inputs] Loading inputs default "bin/constants.xml"
20:05:25.424 [Inputs] Loading inputs default "bin/specific.xml"
20:05:25.428 [Inputs] Loading inputs default "JM/COT/Scripts/Data/Inputs.xml"
20:05:25.432 !!! [Inputs] Cannot Register "UAObjectModuleDeleteOnCursor" non-existent input - Fix Preset!
20:05:25.435 [Inputs] Loading inputs default "MyMODS/sGunplay/scripts/data/inputs.xml"
20:05:25.440 [Inputs] Loading inputs default "nst/ns_dayz/scripts/Data/Inputs.xml"
20:05:25.445 [Inputs] Loading inputs default "VPPAdminTools/data/modded_Inputs.xml"
20:05:25.452 [Inputs] Loading inputs default "WindstrideClothing/Inputs.xml"
20:05:25.458 [Inputs] Loading inputs cfg "C:\SERVICES\ni9180513_1_SHARE\ftproot\dayzstandalone/config\Users\Survivor\Server.core.xml"
20:05:25.486 [Inputs] Exporting inputs cfg "C:\SERVICES\ni9180513_1_SHARE\ftproot\dayzstandalone/config\Users\Survivor\Server.core.xml"
20:06:11.142 [CE][Hive] :: Initializing OFFLINE
20:06:11.147 [StorageDirs] :: Selected storage directory: C:\SERVICES\ni9180513_1_SHARE\ftproot\dayzstandalone\mpmissions\hardcore.namalsk\storage_1\
20:06:11.159 [CE][Hive] :: Loading core data ... 
20:06:11.169 [CE][CoreData] :: 7 root classes, 0 defaults, 0 updaters...
20:06:11.310 [CE][offlineDB] :: Conversion of characters started.
20:06:11.365 [CE][offlineDB] :: Processing 0 players.
20:06:11.365 [CE][offlineDB] :: Conversion of characters successfully completed.
20:06:21.430 [CE] :: WARNING :: Preset map "headsFirefighter" is EMPTY.
20:06:21.431 [CE][TypeSetup] :: 556 classes setuped...
20:06:25.160 [CE][RegisterBind] :: 0 classes binded...
20:06:25.160 [CE][RegisterConfig] :: 15901 config classes registered, 0 sub-counters...
20:06:25.160 [CE][Hive] :: Loading map data ... 
20:06:25.236 !!! [CE] :: Unknown tag: 'shelves'.
20:06:25.236 !!! [CE] :: Unknown category: 'books'.
20:06:25.236 !!! [CE] :: Unknown tag: 'shelves'.
20:06:25.236 !!! [CE] :: Unknown tag: 'shelves'.
20:06:25.236 [CE][LoadPrototype] :: loaded 261 prototypes
20:06:25.236   411 containers, 7544 points
20:06:25.236   1 dispatches, 1 proxies
20:06:25.236 !!! [CE][LoadPrototype] 1 groups have wrong points...
20:06:25.236 [CE][LoadPrototype] :: last group name: Land_Prison_Side...
20:06:25.252 [CE][LoadPrototype] :: loaded 0 prototypes
20:06:25.252   38 containers, 66 points
20:06:25.252   0 dispatches, 0 proxies
20:06:25.252 [CE][LoadPrototype] :: last group name: StoneLoc38...
20:06:25.367 [CE][LoadMap] "Group" :: loaded 1610 groups, groups failed: 0, largest group range: 36.4
20:06:25.379 [CE][LoadMap] "Dirt" :: loaded 0 groups, groups failed: 0, largest group range: 36.4
20:06:25.385 [CE][Links] found 534 total links between groups, of 1610
20:06:25.385 [CE][LoadClusters] "Cluster" :: Loading files...
20:06:25.408 [CE][LoadClusters] :: file: "mapgroupcluster.xml", 1 types, 2418 instances
20:06:25.409 [CE][Storage] ver:0 stamp:0, valid:NO, name:"C:\SERVICES\ni9180513_1_SHARE\ftproot\dayzstandalone\mpmissions\hardcore.namalsk\storage_1\data\types.bin"
20:06:25.411 [CE][Storage] ver:0 stamp:0, valid:NO, name:"C:\SERVICES\ni9180513_1_SHARE\ftproot\dayzstandalone\mpmissions\hardcore.namalsk\storage_1\data\types.001"
20:06:25.411 [CE][Storage] ver:0 stamp:0, valid:NO, name:"C:\SERVICES\ni9180513_1_SHARE\ftproot\dayzstandalone\mpmissions\hardcore.namalsk\storage_1\data\types.002"
20:06:25.444 [CE][offlineDB] :: Loaded 17 dynamic events 169 total types.
20:06:25.483 !!! [CE] :: Unknown tag: 'floor'.
20:06:25.483 !!! [CE] :: Unknown tag: 'floor'.
20:06:25.483 !!! [CE] :: Unknown tag: 'floor'.
20:06:25.483 !!! [CE] :: Unknown tag: 'floor'.
20:06:25.483 !!! [CE] :: Unknown tag: 'floor'.
20:06:25.483 !!! [CE] :: Unknown tag: 'floor'.
20:06:25.483 !!! [CE] :: Unknown tag: 'floor'.
20:06:25.484 !!! [CE] :: Unknown tag: 'floor'.
20:06:25.484 !!! [CE] :: Unknown tag: 'floor'.
20:06:25.484 !!! [CE] :: Unknown tag: 'floor'.
20:06:25.484 !!! [CE][offlineDB] :: Type 'Leather_Cloak' will be ignored. (Type does not exist. (Typo?))
20:06:25.484 !!! [CE] :: Unknown tag: 'floor'.
20:06:25.485 !!! [CE][offlineDB] :: Type 'AD_LeupoldMk4' will be ignored. (Type does not exist. (Typo?))
20:06:25.485 !!! [CE][offlineDB] :: Type 'AD_LeupoldMk4_MosinMount' will be ignored. (Type does not exist. (Typo?))
20:06:25.485 !!! [CE][offlineDB] :: Type 'AD_LeupoldMk4_B13' will be ignored. (Type does not exist. (Typo?))
20:06:25.485 !!! [CE][offlineDB] :: Type 'ChristmasTree' will be ignored. (Not spawnable. (Scope is not public?))
20:06:25.531 [CE][DE][SPAWNS] :: Total positions: 129
20:06:25.531 [CE][DE][GROUPS] :: Total eventgroups defined: 0, Eventgroups in use: 0
20:06:25.532 [CE][Storage] ver:0 stamp:0, valid:NO, name:"C:\SERVICES\ni9180513_1_SHARE\ftproot\dayzstandalone\mpmissions\hardcore.namalsk\storage_1\data\events.bin"
20:06:25.533 [CE][Storage] ver:0 stamp:0, valid:NO, name:"C:\SERVICES\ni9180513_1_SHARE\ftproot\dayzstandalone\mpmissions\hardcore.namalsk\storage_1\data\events.001"
20:06:25.534 [CE][Storage] ver:0 stamp:0, valid:NO, name:"C:\SERVICES\ni9180513_1_SHARE\ftproot\dayzstandalone\mpmissions\hardcore.namalsk\storage_1\data\events.002"
20:06:25.536 [CE][Storage] ver:0 stamp:0, valid:NO, name:"C:\SERVICES\ni9180513_1_SHARE\ftproot\dayzstandalone\mpmissions\hardcore.namalsk\storage_1\data\dynamic_000.bin"
20:06:25.537 [CE][Storage] ver:0 stamp:0, valid:NO, name:"C:\SERVICES\ni9180513_1_SHARE\ftproot\dayzstandalone\mpmissions\hardcore.namalsk\storage_1\data\dynamic_000.001"
20:06:25.538 [CE][Storage] ver:0 stamp:0, valid:NO, name:"C:\SERVICES\ni9180513_1_SHARE\ftproot\dayzstandalone\mpmissions\hardcore.namalsk\storage_1\data\dynamic_000.002"
20:06:25.540 [CE][Storage] ver:0 stamp:0, valid:NO, name:"C:\SERVICES\ni9180513_1_SHARE\ftproot\dayzstandalone\mpmissions\hardcore.namalsk\storage_1\data\dynamic_001.bin"
20:06:25.541 [CE][Storage] ver:0 stamp:0, valid:NO, name:"C:\SERVICES\ni9180513_1_SHARE\ftproot\dayzstandalone\mpmissions\hardcore.namalsk\storage_1\data\dynamic_001.001"
20:06:25.542 [CE][Storage] ver:0 stamp:0, valid:NO, name:"C:\SERVICES\ni9180513_1_SHARE\ftproot\dayzstandalone\mpmissions\hardcore.namalsk\storage_1\data\dynamic_001.002"
20:06:25.543 [CE][Storage] ver:0 stamp:0, valid:NO, name:"C:\SERVICES\ni9180513_1_SHARE\ftproot\dayzstandalone\mpmissions\hardcore.namalsk\storage_1\data\dynamic_002.bin"
20:06:25.544 [CE][Storage] ver:0 stamp:0, valid:NO, name:"C:\SERVICES\ni9180513_1_SHARE\ftproot\dayzstandalone\mpmissions\hardcore.namalsk\storage_1\data\dynamic_002.001"
20:06:25.545 [CE][Storage] ver:0 stamp:0, valid:NO, name:"C:\SERVICES\ni9180513_1_SHARE\ftproot\dayzstandalone\mpmissions\hardcore.namalsk\storage_1\data\dynamic_002.002"
20:06:25.547 [CE][Storage] ver:0 stamp:0, valid:NO, name:"C:\SERVICES\ni9180513_1_SHARE\ftproot\dayzstandalone\mpmissions\hardcore.namalsk\storage_1\data\dynamic_003.bin"
20:06:25.548 [CE][Storage] ver:0 stamp:0, valid:NO, name:"C:\SERVICES\ni9180513_1_SHARE\ftproot\dayzstandalone\mpmissions\hardcore.namalsk\storage_1\data\dynamic_003.001"
20:06:25.549 [CE][Storage] ver:0 stamp:0, valid:NO, name:"C:\SERVICES\ni9180513_1_SHARE\ftproot\dayzstandalone\mpmissions\hardcore.namalsk\storage_1\data\dynamic_003.002"
20:06:25.550 [CE][Storage] ver:0 stamp:0, valid:NO, name:"C:\SERVICES\ni9180513_1_SHARE\ftproot\dayzstandalone\mpmissions\hardcore.namalsk\storage_1\data\dynamic_004.bin"
20:06:25.551 [CE][Storage] ver:0 stamp:0, valid:NO, name:"C:\SERVICES\ni9180513_1_SHARE\ftproot\dayzstandalone\mpmissions\hardcore.namalsk\storage_1\data\dynamic_004.001"
20:06:25.552 [CE][Storage] ver:0 stamp:0, valid:NO, name:"C:\SERVICES\ni9180513_1_SHARE\ftproot\dayzstandalone\mpmissions\hardcore.namalsk\storage_1\data\dynamic_004.002"
20:06:25.554 [CE][Storage] ver:0 stamp:0, valid:NO, name:"C:\SERVICES\ni9180513_1_SHARE\ftproot\dayzstandalone\mpmissions\hardcore.namalsk\storage_1\data\dynamic_005.bin"
20:06:25.555 [CE][Storage] ver:0 stamp:0, valid:NO, name:"C:\SERVICES\ni9180513_1_SHARE\ftproot\dayzstandalone\mpmissions\hardcore.namalsk\storage_1\data\dynamic_005.001"
20:06:25.556 [CE][Storage] ver:0 stamp:0, valid:NO, name:"C:\SERVICES\ni9180513_1_SHARE\ftproot\dayzstandalone\mpmissions\hardcore.namalsk\storage_1\data\dynamic_005.002"
20:06:25.558 [CE][Storage] ver:0 stamp:0, valid:NO, name:"C:\SERVICES\ni9180513_1_SHARE\ftproot\dayzstandalone\mpmissions\hardcore.namalsk\storage_1\data\dynamic_006.bin"
20:06:25.558 [CE][Storage] ver:0 stamp:0, valid:NO, name:"C:\SERVICES\ni9180513_1_SHARE\ftproot\dayzstandalone\mpmissions\hardcore.namalsk\storage_1\data\dynamic_006.001"
20:06:25.559 [CE][Storage] ver:0 stamp:0, valid:NO, name:"C:\SERVICES\ni9180513_1_SHARE\ftproot\dayzstandalone\mpmissions\hardcore.namalsk\storage_1\data\dynamic_006.002"
20:06:25.561 [CE][Storage] ver:0 stamp:0, valid:NO, name:"C:\SERVICES\ni9180513_1_SHARE\ftproot\dayzstandalone\mpmissions\hardcore.namalsk\storage_1\data\dynamic_007.bin"
20:06:25.562 [CE][Storage] ver:0 stamp:0, valid:NO, name:"C:\SERVICES\ni9180513_1_SHARE\ftproot\dayzstandalone\mpmissions\hardcore.namalsk\storage_1\data\dynamic_007.001"
20:06:25.563 [CE][Storage] ver:0 stamp:0, valid:NO, name:"C:\SERVICES\ni9180513_1_SHARE\ftproot\dayzstandalone\mpmissions\hardcore.namalsk\storage_1\data\dynamic_007.002"
20:06:25.565 [CE][Storage] ver:0 stamp:0, valid:NO, name:"C:\SERVICES\ni9180513_1_SHARE\ftproot\dayzstandalone\mpmissions\hardcore.namalsk\storage_1\data\dynamic_008.bin"
20:06:25.566 [CE][Storage] ver:0 stamp:0, valid:NO, name:"C:\SERVICES\ni9180513_1_SHARE\ftproot\dayzstandalone\mpmissions\hardcore.namalsk\storage_1\data\dynamic_008.001"
20:06:25.566 [CE][Storage] ver:0 stamp:0, valid:NO, name:"C:\SERVICES\ni9180513_1_SHARE\ftproot\dayzstandalone\mpmissions\hardcore.namalsk\storage_1\data\dynamic_008.002"
20:06:25.568 [CE][Storage] ver:0 stamp:0, valid:NO, name:"C:\SERVICES\ni9180513_1_SHARE\ftproot\dayzstandalone\mpmissions\hardcore.namalsk\storage_1\data\dynamic_009.bin"
20:06:25.569 [CE][Storage] ver:0 stamp:0, valid:NO, name:"C:\SERVICES\ni9180513_1_SHARE\ftproot\dayzstandalone\mpmissions\hardcore.namalsk\storage_1\data\dynamic_009.001"
20:06:25.570 [CE][Storage] ver:0 stamp:0, valid:NO, name:"C:\SERVICES\ni9180513_1_SHARE\ftproot\dayzstandalone\mpmissions\hardcore.namalsk\storage_1\data\dynamic_009.002"
20:06:25.572 [CE][Storage] ver:0 stamp:0, valid:NO, name:"C:\SERVICES\ni9180513_1_SHARE\ftproot\dayzstandalone\mpmissions\hardcore.namalsk\storage_1\data\dynamic_010.bin"
20:06:25.573 [CE][Storage] ver:0 stamp:0, valid:NO, name:"C:\SERVICES\ni9180513_1_SHARE\ftproot\dayzstandalone\mpmissions\hardcore.namalsk\storage_1\data\dynamic_010.001"
20:06:25.574 [CE][Storage] ver:0 stamp:0, valid:NO, name:"C:\SERVICES\ni9180513_1_SHARE\ftproot\dayzstandalone\mpmissions\hardcore.namalsk\storage_1\data\dynamic_010.002"
20:06:25.575 [CE][Storage] ver:0 stamp:0, valid:NO, name:"C:\SERVICES\ni9180513_1_SHARE\ftproot\dayzstandalone\mpmissions\hardcore.namalsk\storage_1\data\dynamic_011.bin"
20:06:25.576 [CE][Storage] ver:0 stamp:0, valid:NO, name:"C:\SERVICES\ni9180513_1_SHARE\ftproot\dayzstandalone\mpmissions\hardcore.namalsk\storage_1\data\dynamic_011.001"
20:06:25.577 [CE][Storage] ver:0 stamp:0, valid:NO, name:"C:\SERVICES\ni9180513_1_SHARE\ftproot\dayzstandalone\mpmissions\hardcore.namalsk\storage_1\data\dynamic_011.002"
20:06:25.580 [CE][Storage] ver:0 stamp:0, valid:NO, name:"C:\SERVICES\ni9180513_1_SHARE\ftproot\dayzstandalone\mpmissions\hardcore.namalsk\storage_1\data\building.bin"
20:06:25.581 [CE][Storage] ver:0 stamp:0, valid:NO, name:"C:\SERVICES\ni9180513_1_SHARE\ftproot\dayzstandalone\mpmissions\hardcore.namalsk\storage_1\data\building.001"
20:06:25.581 [CE][Storage] ver:0 stamp:0, valid:NO, name:"C:\SERVICES\ni9180513_1_SHARE\ftproot\dayzstandalone\mpmissions\hardcore.namalsk\storage_1\data\building.002"
20:06:25.583 [CE][Storage] ver:0 stamp:0, valid:NO, name:"C:\SERVICES\ni9180513_1_SHARE\ftproot\dayzstandalone\mpmissions\hardcore.namalsk\storage_1\data\vehicles.bin"
20:06:25.584 [CE][Storage] ver:0 stamp:0, valid:NO, name:"C:\SERVICES\ni9180513_1_SHARE\ftproot\dayzstandalone\mpmissions\hardcore.namalsk\storage_1\data\vehicles.001"
20:06:25.585 [CE][Storage] ver:0 stamp:0, valid:NO, name:"C:\SERVICES\ni9180513_1_SHARE\ftproot\dayzstandalone\mpmissions\hardcore.namalsk\storage_1\data\vehicles.002"
20:06:25.586 [CE][Hive] :: Empty storage folder, reinitializing ... 
20:06:25.623 [CE][Hive] :: Initializing ... 
20:06:25.627 [CE][InitializeMap] :: initialized: 0
20:06:25.627 [CE][Hive] :: Initializing spawners ... 
20:06:26.169 [CE][LootRespawner] (PRIDummy) :: Item [0] causing search overtime: "dzn_apsi"
20:06:26.213 [CE][LootRespawner] (PRIDummy) :: Item [1] causing search overtime: "dzn_vinyl_bubson"
20:06:26.456 [CE][LootRespawner] (PRIDummy) :: Item [0] is hard to place, performance drops: "NBCPantsYellow"
20:06:26.456 [CE][LootRespawner] (PRIDummy) :: Item [1] is hard to place, performance drops: "NBCPantsYellow"
20:06:26.563 [CE][LootRespawner] (PRIDummy) :: Item [2] causing search overtime: "HuntingKnife"
20:06:26.610 [CE][LootRespawner] (PRIDummy) :: Item [2] is hard to place, performance drops: "ParamedicPants_Green"
20:06:26.616 [CE][LootRespawner] (PRIDummy) :: Item [3] causing search overtime: "IodineTincture"
20:06:26.801 [CE][LootRespawner] (PRIDummy) :: Item [3] is hard to place, performance drops: "TrackSuitPants_Green"
20:06:26.854 [CE][LootRespawner] (PRIDummy) :: Item [4] is hard to place, performance drops: "TShirt_Grey"
20:06:26.894 [CE][LootRespawner] (PRIDummy) :: Item [5] is hard to place, performance drops: "HuntingVest"
20:06:26.894 [CE][LootRespawner] (PRIDummy) :: Item [6] is hard to place, performance drops: "HuntingVest"
20:06:26.894 [CE][LootRespawner] (PRIDummy) :: Item [7] is hard to place, performance drops: "HuntingVest"
20:06:26.894 [CE][LootRespawner] (PRIDummy) :: Item [8] is hard to place, performance drops: "HuntingVest"
20:06:26.894 [CE][LootRespawner] (PRIDummy) :: Item [9] is hard to place, performance drops: "HuntingVest"
20:06:26.894 [CE][LootRespawner] (PRIDummy) :: Item [10] is hard to place, performance drops: "HuntingVest"
20:06:26.894 [CE][LootRespawner] (PRIDummy) :: Item [11] is hard to place, performance drops: "HuntingVest"
20:06:26.894 [CE][LootRespawner] (PRIDummy) :: Item [12] is hard to place, performance drops: "HuntingVest"
20:06:26.894 [CE][LootRespawner] (PRIDummy) :: Item [13] is hard to place, performance drops: "HuntingVest"
20:06:26.894 [CE][LootRespawner] (PRIDummy) :: Item [14] is hard to place, performance drops: "HuntingVest"
20:06:26.894 [CE][LootRespawner] (PRIDummy) :: Item [15] is hard to place, performance drops: "HuntingVest"
20:06:26.894 [CE][LootRespawner] (PRIDummy) :: Item [16] is hard to place, performance drops: "HuntingVest"
20:06:26.894 [CE][LootRespawner] (PRIDummy) :: Item [17] is hard to place, performance drops: "HuntingVest"
20:06:26.894 [CE][LootRespawner] (PRIDummy) :: Item [18] is hard to place, performance drops: "HuntingVest"
20:06:26.894 [CE][LootRespawner] (PRIDummy) :: Item [19] is hard to place, performance drops: "HuntingVest"
20:06:26.894 [CE][LootRespawner] (PRIDummy) :: Item [4] causing search overtime: "HuntingVest"
20:06:26.896 [CE][LootRespawner] (PRIDummy) :: Item [5] causing search overtime: "Thermometer"
20:06:26.935 [CE][LootRespawner] (PRIDummy) :: Item [6] causing search overtime: "dzn_detector"
20:06:27.162 [CE][LootRespawner] (PRIDummy) :: Item [7] causing search overtime: "FirefightersPants_Black"
20:06:27.162 [CE][LootRespawner] (PRIDummy) :: Item [8] causing search overtime: "FirefightersPants_Black"
20:06:27.197 !!! [CE][Point] Removing 5032.167480, 8197.083984 from land_wrecked_ural_onside
20:06:27.254 [CE][LootRespawner] (PRIDummy) :: Item [9] causing search overtime: "BaseballCap_Black"
20:06:27.260 [CE][LootRespawner] (PRIDummy) :: Item [10] causing search overtime: "BloodTestKit"
20:06:27.261 [CE][LootRespawner] (PRIDummy) :: Item [11] causing search overtime: "BloodTestKit"
20:06:27.268 [CE][LootRespawner] (PRIDummy) :: Item [12] causing search overtime: "WoolGloves_Black"
20:06:27.273 [CE][LootRespawner] (PRIDummy) :: Item [13] causing search overtime: "Balaclava3Holes_Blue"
20:06:27.283 [CE][LootRespawner] (PRIDummy) :: Item [14] causing search overtime: "SurgicalGloves_Green"
20:06:27.292 [CE][LootRespawner] (PRIDummy) :: Item [15] causing search overtime: "WomanSuit_LightGrey"
20:06:27.322 [CE][LootRespawner] (PRIDummy) :: Item [16] causing search overtime: "dzn_lehs_o2tank"
20:06:27.387 [CE][LootRespawner] (PRIDummy) :: Item [17] causing search overtime: "PolicePants"
20:06:27.440 [CE][LootRespawner] (PRIDummy) :: Item [18] causing search overtime: "JungleBoots_Brown"
20:06:27.444 [CE][LootRespawner] (PRIDummy) :: Item [19] causing search overtime: "ZagorkyChocolate"
20:06:27.835 !!! [CE][Point] Removing 7662.071289, 8789.262695 from land_hiluxT
20:06:27.859 !!! [CE][Point] Removing 5035.500977, 8162.964844 from land_hut_old01
20:06:28.22 !!! [CE][Point] Removing 3733.210693, 8235.766602 from Land_Mil_Tent_Big2_2
20:06:28.395 !!! [CE][Point] Removing 5608.094727, 11072.156250 from land_ala_warehouse_small
20:06:28.865 [CE][LootRespawner] (PRIDummy) :: Initially (re)spawned:6736, Nominal:6753, Total in Map: 6767 at 3 (sec)
20:06:28.865   tests:7105, repeats:1 fails:368, overtime:133
20:06:28.867 [CE][Links] found 0 total links between groups, of 1
20:06:28.867 [CE][SpawnRandomLoot] (StaticMedDrop) :: Type: Misc_cargo_cont_net1, lootmin: 4, lootmax: 6, wanted: 4, deloot: 2, containermaxsum: 6
20:06:28.873 [CE][Links] found 0 total links between groups, of 2
20:06:28.873 [CE][SpawnRandomLoot] (StaticMedDrop) :: Type: Misc_cargo_cont_net1, lootmin: 4, lootmax: 6, wanted: 5, deloot: 2, containermaxsum: 6
20:06:28.875 [CE][Links] found 0 total links between groups, of 3
20:06:28.875 [CE][SpawnRandomLoot] (StaticMedDrop) :: Type: Misc_cargo_cont_net1, lootmin: 4, lootmax: 6, wanted: 5, deloot: 2, containermaxsum: 6
20:06:28.879 [CE][Links] found 0 total links between groups, of 4
20:06:28.879 [CE][SpawnRandomLoot] (StaticMedDrop) :: Type: Misc_cargo_cont_net1, lootmin: 4, lootmax: 6, wanted: 5, deloot: 2, containermaxsum: 6
20:06:28.882 [CE][Links] found 0 total links between groups, of 5
20:06:28.882 [CE][SpawnRandomLoot] (StaticMedDrop) :: Type: Misc_cargo_cont_net1, lootmin: 4, lootmax: 6, wanted: 4, deloot: 2, containermaxsum: 6
20:06:28.883 [CE][Links] found 0 total links between groups, of 6
20:06:28.883 [CE][SpawnRandomLoot] (StaticMedDrop) :: Type: Misc_cargo_cont_net1, lootmin: 4, lootmax: 6, wanted: 5, deloot: 2, containermaxsum: 6
20:06:28.886 [CE][Links] found 0 total links between groups, of 7
20:06:28.886 [CE][SpawnRandomLoot] (StaticLifeboat) :: Type: sea_oilrig_lifeboat, lootmin: 2, lootmax: 5, wanted: 4, deloot: 2, containermaxsum: 5
20:06:28.887 [CE][SpawnRandomLoot] (StaticLifeboat) :: No item found to spawn for DE! Spawned: 2 / 4 (enable log_ce_dynamicevent to see item lists for event)
20:06:31.942 [CE][DynEvent] :: 17 types
20:06:31.942 [00] Loot
20:06:31.942   Primary Spawner: "Loot", active: yes, repeat: 2
20:06:31.942 [01] StaticMedDrop
20:06:31.942   Primary Spawner: "Static", active: yes, repeat: 1
20:06:31.942 [02] StaticLifeboat
20:06:31.942   Primary Spawner: "Static", active: yes, repeat: 1
20:06:31.942 [03] TrajectoryStones
20:06:31.942   Primary Spawner: "Trajectory", active: yes, repeat: 1
20:06:31.942 [04] InfectedSanta
20:06:31.942   Primary Spawner: "Infected", active: yes, repeat: 1
20:06:31.942 [05] InfectedArmy
20:06:31.942   Primary Spawner: "Infected", active: yes, repeat: 1
20:06:31.942 [06] InfectedIndustrial
20:06:31.942   Primary Spawner: "Infected", active: yes, repeat: 1
20:06:31.942 [07] InfectedCivil
20:06:31.942   Primary Spawner: "Infected", active: yes, repeat: 1
20:06:31.942 [08] InfectedMedic
20:06:31.942   Primary Spawner: "Infected", active: yes, repeat: 1
20:06:31.942 [09] AnimalGoat
20:06:31.942   Primary Spawner: "Animal", active: yes, repeat: 1
20:06:31.942 [10] AnimalSheep
20:06:31.942   Primary Spawner: "Animal", active: yes, repeat: 1
20:06:31.942 [11] AnimalRoeDeer
20:06:31.942   Primary Spawner: "Animal", active: yes, repeat: 1
20:06:31.942 [12] AnimalDeer
20:06:31.942   Primary Spawner: "Animal", active: yes, repeat: 1
20:06:31.942 [13] AnimalWildBoar
20:06:31.942   Primary Spawner: "Animal", active: yes, repeat: 1
