

=====================================================================
== C:\TCAFiles\Users\ted\153052\DayZServer_x64.exe
== "C:\TCAFiles\Users\ted\153052\DayZServer_x64.exe" -port=2322 -config=serverDZ_By_HostHavoc.cfg -profiles=C:\TCAFiles\Users\ted\153052\HostHavocDayZServer "-servermod=" "-mod=@Spring Namalsk;@Namalsk Island;@Namalsk Survival;@CF;@Dabs Framework;@Community-Online-Tools;@shd_retextures;@Spurgles_BagZ;@sFramework;@sGunplay;@WindstridesClothingPack;@Advanced Weapon Scopes;@VPPAdminTools;@sGunplay_AWS;@Survivor Animations;@DayZ-Bicycle;@DayZ-Dog;@Drones;@SpawnerBubaku;@PseudoGiant;@dbo_spiders;@TFServerPack;@DNA Keycards;@dbo_raptors;" 
=====================================================================
Exe timestamp: 2023/06/20 05:19:39
Current time:  2023/06/23 07:00:33

Version 1.21.156300
 7:00:33.44 [Inputs] Loading inputs default "bin/constants.xml"
 7:00:33.47 [Inputs] Loading inputs default "bin/specific.xml"
 7:00:33.48 [Inputs] Loading inputs default "JM/COT/Scripts/Data/Inputs.xml"
 7:00:33.49 !!! [Inputs] Cannot Register "UAObjectModuleDeleteOnCursor" non-existent input - Fix Preset!
 7:00:33.49 [Inputs] Loading inputs default "MyMODS/sGunplay/scripts/data/inputs.xml"
 7:00:33.49 [Inputs] Loading inputs default "nst/ns_dayz/scripts/Data/Inputs.xml"
 7:00:33.50 [Inputs] Loading inputs default "VPPAdminTools/data/modded_Inputs.xml"
 7:00:33.51 [Inputs] Loading inputs default "WindstrideClothing/Inputs.xml"
 7:00:33.51 [Inputs] Loading inputs default "evg_drones/Inputs.xml"
 7:00:33.52 [Inputs] Loading inputs default "Dayz_Dog/Data/Inputs.xml"
 7:00:33.52 [Inputs] Loading inputs cfg "C:\TCAFiles\Users\ted\153052\HostHavocDayZServer\Users\Survivor\Server.core.xml"
 7:00:33.56 [Inputs] Exporting inputs cfg "C:\TCAFiles\Users\ted\153052\HostHavocDayZServer\Users\Survivor\Server.core.xml"
 7:00:45.251 [CE][Hive] :: Initializing OFFLINE
 7:00:45.251 [StorageDirs] :: Selected storage directory: C:\TCAFiles\Users\ted\153052\mpmissions\hardcore.namalsk\storage_1\
 7:00:45.251 [CE][Hive] :: Loading core data ... 
 7:00:45.252 [CE][CoreData] :: 7 root classes, 0 defaults, 0 updaters...
 7:00:50.95 [CE] :: WARNING :: Preset map "headsFirefighter" is EMPTY.
 7:00:50.96 [CE][TypeSetup] :: 557 classes setuped...
 7:00:54.77 [CE][RegisterBind] :: 0 classes binded...
 7:00:54.77 [CE][RegisterConfig] :: 16393 config classes registered, 0 sub-counters...
 7:00:54.77 [CE][Hive] :: Loading map data ... 
 7:00:54.113 !!! [CE] :: Unknown tag: 'shelves'.
 7:00:54.113 !!! [CE] :: Unknown category: 'books'.
 7:00:54.113 !!! [CE] :: Unknown tag: 'shelves'.
 7:00:54.113 !!! [CE] :: Unknown tag: 'shelves'.
 7:00:54.113 [CE][LoadPrototype] :: loaded 261 prototypes
 7:00:54.113   411 containers, 7544 points
 7:00:54.113   1 dispatches, 1 proxies
 7:00:54.113 !!! [CE][LoadPrototype] 1 groups have wrong points...
 7:00:54.113 !!! [CE][LoadPrototype] 2 groups were defined more than once and skipped...
 7:00:54.113 [CE][LoadPrototype] :: last group name: Land_Prison_Side...
 7:00:54.118 [CE][LoadPrototype] :: loaded 0 prototypes
 7:00:54.118   38 containers, 66 points
 7:00:54.118   0 dispatches, 0 proxies
 7:00:54.118 [CE][LoadPrototype] :: last group name: StoneLoc38...
 7:00:54.158 [CE][LoadMap] "Group" :: loaded 1644 groups, groups failed: 0, largest group range: 36.4
 7:00:54.159 [CE][LoadMap] "Dirt" :: loaded 0 groups, groups failed: 0, largest group range: 36.4
 7:00:54.168 [CE][Links] found 546 total links between groups, of 1644
 7:00:54.168 [CE][LoadClusters] "Cluster" :: Loading files...
 7:00:54.178 [CE][LoadClusters] :: file: "mapgroupcluster.xml", 1 types, 2418 instances
 7:00:54.179 [CE][Storage] ver:21 stamp:4400, valid:yes, name:"C:\TCAFiles\Users\ted\153052\mpmissions\hardcore.namalsk\storage_1\data\types.bin"
 7:00:54.180 [CE][Storage] ver:21 stamp:4398, valid:yes, name:"C:\TCAFiles\Users\ted\153052\mpmissions\hardcore.namalsk\storage_1\data\types.001"
 7:00:54.180 [CE][Storage] ver:21 stamp:4399, valid:yes, name:"C:\TCAFiles\Users\ted\153052\mpmissions\hardcore.namalsk\storage_1\data\types.002"
 7:00:54.180 [CE][Storage] Restoring file "C:\TCAFiles\Users\ted\153052\mpmissions\hardcore.namalsk\storage_1\data\types.bin".
 7:00:54.345 [CE][offlineDB] :: Loaded 25 dynamic events 200 total types.
 7:00:54.358 !!! [CE] :: Unknown tag: 'shelves'.
 7:00:54.358 !!! [CE] :: Unknown tag: 'shelves'.
 7:00:54.358 !!! [CE] :: Unknown tag: 'floor'.
 7:00:54.358 !!! [CE] :: Unknown tag: 'floor'.
 7:00:54.358 !!! [CE] :: Unknown tag: 'floor'.
 7:00:54.358 !!! [CE] :: Unknown tag: 'floor'.
 7:00:54.359 !!! [CE] :: Unknown tag: 'floor'.
 7:00:54.359 !!! [CE] :: Unknown tag: 'floor'.
 7:00:54.359 !!! [CE] :: Unknown tag: 'floor'.
 7:00:54.359 !!! [CE] :: Unknown tag: 'floor'.
 7:00:54.359 !!! [CE] :: Unknown tag: 'floor'.
 7:00:54.359 !!! [CE] :: Unknown tag: 'floor'.
 7:00:54.359 !!! [CE] :: Unknown tag: 'floor'.
 7:00:54.359 !!! [CE] :: Unknown tag: 'floor'.
 7:00:54.359 !!! [CE][offlineDB] :: Type 'Leather_Cloak' will be ignored. (Type does not exist. (Typo?))
 7:00:54.359 !!! [CE] :: Unknown tag: 'floor'.
 7:00:54.359 !!! [CE][offlineDB] :: Type 'AD_LeupoldMk4' will be ignored. (Type does not exist. (Typo?))
 7:00:54.360 !!! [CE][offlineDB] :: Type 'AD_LeupoldMk4_MosinMount' will be ignored. (Type does not exist. (Typo?))
 7:00:54.360 !!! [CE][offlineDB] :: Type 'AD_LeupoldMk4_B13' will be ignored. (Type does not exist. (Typo?))
 7:00:54.360 !!! [CE][offlineDB] :: Type 'ChristmasTree' will be ignored. (Not spawnable. (Scope is not public?))
 7:00:54.367 [CE][DE][SPAWNS] :: Total positions: 254
 7:00:54.367 [CE][DE][GROUPS] :: Total eventgroups defined: 0, Eventgroups in use: 0
 7:00:54.367 [CE][Storage] ver:21 stamp:4400, valid:yes, name:"C:\TCAFiles\Users\ted\153052\mpmissions\hardcore.namalsk\storage_1\data\events.bin"
 7:00:54.368 [CE][Storage] ver:21 stamp:4398, valid:yes, name:"C:\TCAFiles\Users\ted\153052\mpmissions\hardcore.namalsk\storage_1\data\events.001"
 7:00:54.368 [CE][Storage] ver:21 stamp:4399, valid:yes, name:"C:\TCAFiles\Users\ted\153052\mpmissions\hardcore.namalsk\storage_1\data\events.002"
 7:00:54.368 [CE][Storage] Restoring file "C:\TCAFiles\Users\ted\153052\mpmissions\hardcore.namalsk\storage_1\data\events.bin".
 7:00:54.369 [CE][DynamicEvent] Load  Events:[25] Primary spawners: 25 Secondary spawners: 0
 7:00:54.369 [CE][Storage] ver:25 stamp:4400, valid:yes, name:"C:\TCAFiles\Users\ted\153052\mpmissions\hardcore.namalsk\storage_1\data\dynamic_000.bin"
 7:00:54.369 [CE][Storage] ver:25 stamp:4398, valid:yes, name:"C:\TCAFiles\Users\ted\153052\mpmissions\hardcore.namalsk\storage_1\data\dynamic_000.001"
 7:00:54.369 [CE][Storage] ver:25 stamp:4399, valid:yes, name:"C:\TCAFiles\Users\ted\153052\mpmissions\hardcore.namalsk\storage_1\data\dynamic_000.002"
 7:00:54.369 [CE][Storage] Restoring file "C:\TCAFiles\Users\ted\153052\mpmissions\hardcore.namalsk\storage_1\data\dynamic_000.bin" 0 items.
 7:00:54.369   0 items loaded. (0 failed)
 7:00:54.370 [CE][Storage] ver:25 stamp:4400, valid:yes, name:"C:\TCAFiles\Users\ted\153052\mpmissions\hardcore.namalsk\storage_1\data\dynamic_001.bin"
 7:00:54.370 [CE][Storage] ver:25 stamp:4398, valid:yes, name:"C:\TCAFiles\Users\ted\153052\mpmissions\hardcore.namalsk\storage_1\data\dynamic_001.001"
 7:00:54.370 [CE][Storage] ver:25 stamp:4399, valid:yes, name:"C:\TCAFiles\Users\ted\153052\mpmissions\hardcore.namalsk\storage_1\data\dynamic_001.002"
 7:00:54.370 [CE][Storage] Restoring file "C:\TCAFiles\Users\ted\153052\mpmissions\hardcore.namalsk\storage_1\data\dynamic_001.bin" 13 items.
 7:00:54.397   13 items loaded. (0 failed)
 7:00:54.397 [CE][Storage] ver:25 stamp:4400, valid:yes, name:"C:\TCAFiles\Users\ted\153052\mpmissions\hardcore.namalsk\storage_1\data\dynamic_002.bin"
 7:00:54.398 [CE][Storage] ver:25 stamp:4398, valid:yes, name:"C:\TCAFiles\Users\ted\153052\mpmissions\hardcore.namalsk\storage_1\data\dynamic_002.001"
 7:00:54.398 [CE][Storage] ver:25 stamp:4399, valid:yes, name:"C:\TCAFiles\Users\ted\153052\mpmissions\hardcore.namalsk\storage_1\data\dynamic_002.002"
 7:00:54.398 [CE][Storage] Restoring file "C:\TCAFiles\Users\ted\153052\mpmissions\hardcore.namalsk\storage_1\data\dynamic_002.bin" 15 items.
 7:00:54.435   15 items loaded. (0 failed)
 7:00:54.436 [CE][Storage] ver:25 stamp:4400, valid:yes, name:"C:\TCAFiles\Users\ted\153052\mpmissions\hardcore.namalsk\storage_1\data\dynamic_003.bin"
 7:00:54.436 !!! [CE][Storage] Failed to read [Storage] data file "C:\TCAFiles\Users\ted\153052\mpmissions\hardcore.namalsk\storage_1\data\dynamic_003.001".
 7:00:54.436   File is empty...
 7:00:54.436 [CE][Storage] ver:0 stamp:0, valid:NO, name:"C:\TCAFiles\Users\ted\153052\mpmissions\hardcore.namalsk\storage_1\data\dynamic_003.001"
 7:00:54.437 [CE][Storage] ver:25 stamp:4399, valid:yes, name:"C:\TCAFiles\Users\ted\153052\mpmissions\hardcore.namalsk\storage_1\data\dynamic_003.002"
 7:00:54.437 [CE][Storage] Restoring file "C:\TCAFiles\Users\ted\153052\mpmissions\hardcore.namalsk\storage_1\data\dynamic_003.bin" 148 items.
 7:00:54.601   148 items loaded. (0 failed)
 7:00:54.601 [CE][Storage] ver:25 stamp:4400, valid:yes, name:"C:\TCAFiles\Users\ted\153052\mpmissions\hardcore.namalsk\storage_1\data\dynamic_004.bin"
 7:00:54.601 [CE][Storage] ver:25 stamp:4401, valid:yes, name:"C:\TCAFiles\Users\ted\153052\mpmissions\hardcore.namalsk\storage_1\data\dynamic_004.001"
 7:00:54.601 [CE][Storage] ver:25 stamp:4399, valid:yes, name:"C:\TCAFiles\Users\ted\153052\mpmissions\hardcore.namalsk\storage_1\data\dynamic_004.002"
 7:00:54.602 [CE][Storage] Restoring file "C:\TCAFiles\Users\ted\153052\mpmissions\hardcore.namalsk\storage_1\data\dynamic_004.001" 211 items.
 7:00:54.782   211 items loaded. (0 failed)
 7:00:54.783 [CE][Storage] ver:25 stamp:4400, valid:yes, name:"C:\TCAFiles\Users\ted\153052\mpmissions\hardcore.namalsk\storage_1\data\dynamic_005.bin"
 7:00:54.783 [CE][Storage] ver:25 stamp:4401, valid:yes, name:"C:\TCAFiles\Users\ted\153052\mpmissions\hardcore.namalsk\storage_1\data\dynamic_005.001"
 7:00:54.784 [CE][Storage] ver:25 stamp:4399, valid:yes, name:"C:\TCAFiles\Users\ted\153052\mpmissions\hardcore.namalsk\storage_1\data\dynamic_005.002"
 7:00:54.784 [CE][Storage] Restoring file "C:\TCAFiles\Users\ted\153052\mpmissions\hardcore.namalsk\storage_1\data\dynamic_005.001" 120 items.
 7:00:54.891   120 items loaded. (0 failed)
 7:00:54.892 [CE][Storage] ver:25 stamp:4400, valid:yes, name:"C:\TCAFiles\Users\ted\153052\mpmissions\hardcore.namalsk\storage_1\data\dynamic_006.bin"
 7:00:54.892 [CE][Storage] ver:25 stamp:4401, valid:yes, name:"C:\TCAFiles\Users\ted\153052\mpmissions\hardcore.namalsk\storage_1\data\dynamic_006.001"
 7:00:54.893 [CE][Storage] ver:25 stamp:4399, valid:yes, name:"C:\TCAFiles\Users\ted\153052\mpmissions\hardcore.namalsk\storage_1\data\dynamic_006.002"
 7:00:54.893 [CE][Storage] Restoring file "C:\TCAFiles\Users\ted\153052\mpmissions\hardcore.namalsk\storage_1\data\dynamic_006.001" 224 items.
 7:00:55.70   224 items loaded. (0 failed)
 7:00:55.71 [CE][Storage] ver:25 stamp:4400, valid:yes, name:"C:\TCAFiles\Users\ted\153052\mpmissions\hardcore.namalsk\storage_1\data\dynamic_007.bin"
 7:00:55.71 [CE][Storage] ver:25 stamp:4401, valid:yes, name:"C:\TCAFiles\Users\ted\153052\mpmissions\hardcore.namalsk\storage_1\data\dynamic_007.001"
 7:00:55.72 [CE][Storage] ver:25 stamp:4399, valid:yes, name:"C:\TCAFiles\Users\ted\153052\mpmissions\hardcore.namalsk\storage_1\data\dynamic_007.002"
 7:00:55.72 [CE][Storage] Restoring file "C:\TCAFiles\Users\ted\153052\mpmissions\hardcore.namalsk\storage_1\data\dynamic_007.001" 83 items.
 7:00:55.137   83 items loaded. (0 failed)
 7:00:55.137 [CE][Storage] ver:25 stamp:4400, valid:yes, name:"C:\TCAFiles\Users\ted\153052\mpmissions\hardcore.namalsk\storage_1\data\dynamic_008.bin"
 7:00:55.138 [CE][Storage] ver:25 stamp:4401, valid:yes, name:"C:\TCAFiles\Users\ted\153052\mpmissions\hardcore.namalsk\storage_1\data\dynamic_008.001"
 7:00:55.138 [CE][Storage] ver:25 stamp:4399, valid:yes, name:"C:\TCAFiles\Users\ted\153052\mpmissions\hardcore.namalsk\storage_1\data\dynamic_008.002"
 7:00:55.138 [CE][Storage] Restoring file "C:\TCAFiles\Users\ted\153052\mpmissions\hardcore.namalsk\storage_1\data\dynamic_008.001" 71 items.
 7:00:55.204   71 items loaded. (0 failed)
 7:00:55.205 [CE][Storage] ver:25 stamp:4400, valid:yes, name:"C:\TCAFiles\Users\ted\153052\mpmissions\hardcore.namalsk\storage_1\data\dynamic_009.bin"
 7:00:55.205 [CE][Storage] ver:25 stamp:4401, valid:yes, name:"C:\TCAFiles\Users\ted\153052\mpmissions\hardcore.namalsk\storage_1\data\dynamic_009.001"
 7:00:55.205 [CE][Storage] ver:25 stamp:4399, valid:yes, name:"C:\TCAFiles\Users\ted\153052\mpmissions\hardcore.namalsk\storage_1\data\dynamic_009.002"
 7:00:55.205 [CE][Storage] Restoring file "C:\TCAFiles\Users\ted\153052\mpmissions\hardcore.namalsk\storage_1\data\dynamic_009.001" 0 items.
 7:00:55.205   0 items loaded. (0 failed)
 7:00:55.206 [CE][Storage] ver:25 stamp:4400, valid:yes, name:"C:\TCAFiles\Users\ted\153052\mpmissions\hardcore.namalsk\storage_1\data\dynamic_010.bin"
 7:00:55.206 [CE][Storage] ver:25 stamp:4401, valid:yes, name:"C:\TCAFiles\Users\ted\153052\mpmissions\hardcore.namalsk\storage_1\data\dynamic_010.001"
 7:00:55.207 [CE][Storage] ver:25 stamp:4399, valid:yes, name:"C:\TCAFiles\Users\ted\153052\mpmissions\hardcore.namalsk\storage_1\data\dynamic_010.002"
 7:00:55.207 [CE][Storage] Restoring file "C:\TCAFiles\Users\ted\153052\mpmissions\hardcore.namalsk\storage_1\data\dynamic_010.001" 1 items.
 7:00:55.212   1 items loaded. (0 failed)
 7:00:55.213 [CE][Storage] ver:25 stamp:4400, valid:yes, name:"C:\TCAFiles\Users\ted\153052\mpmissions\hardcore.namalsk\storage_1\data\dynamic_011.bin"
 7:00:55.213 [CE][Storage] ver:25 stamp:4401, valid:yes, name:"C:\TCAFiles\Users\ted\153052\mpmissions\hardcore.namalsk\storage_1\data\dynamic_011.001"
 7:00:55.213 [CE][Storage] ver:25 stamp:4399, valid:yes, name:"C:\TCAFiles\Users\ted\153052\mpmissions\hardcore.namalsk\storage_1\data\dynamic_011.002"
 7:00:55.214 [CE][Storage] Restoring file "C:\TCAFiles\Users\ted\153052\mpmissions\hardcore.namalsk\storage_1\data\dynamic_011.001" 3 items.
 7:00:55.216   3 items loaded. (0 failed)
 7:00:55.216 [CE][Storage] ver:26 stamp:4400, valid:yes, name:"C:\TCAFiles\Users\ted\153052\mpmissions\hardcore.namalsk\storage_1\data\building.bin"
 7:00:55.216 [CE][Storage] ver:26 stamp:4398, valid:yes, name:"C:\TCAFiles\Users\ted\153052\mpmissions\hardcore.namalsk\storage_1\data\building.001"
 7:00:55.217 [CE][Storage] ver:26 stamp:4399, valid:yes, name:"C:\TCAFiles\Users\ted\153052\mpmissions\hardcore.namalsk\storage_1\data\building.002"
 7:00:55.217 [CE][Storage] Restoring file "C:\TCAFiles\Users\ted\153052\mpmissions\hardcore.namalsk\storage_1\data\building.bin" 0 items.
 7:00:55.217   0 items loaded. (0 failed)
 7:00:55.217 [CE][Storage] ver:25 stamp:4400, valid:yes, name:"C:\TCAFiles\Users\ted\153052\mpmissions\hardcore.namalsk\storage_1\data\vehicles.bin"
 7:00:55.218 [CE][Storage] ver:25 stamp:4398, valid:yes, name:"C:\TCAFiles\Users\ted\153052\mpmissions\hardcore.namalsk\storage_1\data\vehicles.001"
 7:00:55.218 [CE][Storage] ver:25 stamp:4399, valid:yes, name:"C:\TCAFiles\Users\ted\153052\mpmissions\hardcore.namalsk\storage_1\data\vehicles.002"
 7:00:55.218 [CE][Storage] Restoring file "C:\TCAFiles\Users\ted\153052\mpmissions\hardcore.namalsk\storage_1\data\vehicles.bin" 36 items.
 7:00:55.358   36 items loaded. (0 failed)
 7:00:55.362 [CE][Hive] :: Storage load took:0.99 seconds, recovery stamp:4401
 7:00:55.362   entity: 1145, building: 0
 7:00:55.362   no lifetime: 30
 7:00:55.362   pathgraph's: 119
 7:00:55.363 [CE][Hive] :: Initializing ... 
 7:00:55.369 [CE][InitializeMap] :: initialized: 0
 7:00:55.369 [CE][Hive] :: Initializing spawners ... 
 7:00:55.394 [CE][LootRespawner] (PRIDummy) :: Item [0] causing search overtime: "Epinephrine"
 7:00:55.396 [CE][LootRespawner] (PRIDummy) :: Item [1] causing search overtime: "Epinephrine"
 7:00:55.569 [CE][LootRespawner] (PRIDummy) :: Item [2] causing search overtime: "NBCBootsYellow"
 7:00:55.615 [CE][LootRespawner] (PRIDummy) :: Item [3] causing search overtime: "dzn_EpoxyPutty"
 7:00:55.615 [CE][LootRespawner] (PRIDummy) :: Item [4] causing search overtime: "dzn_EpoxyPutty"
 7:00:55.645 [CE][LootRespawner] (PRIDummy) :: Item [5] causing search overtime: "dzn_apsi"
 7:00:55.673 [CE][LootRespawner] (PRIDummy) :: Item [6] causing search overtime: "Mag_CMAG_30Rnd"
 7:00:55.692 [CE][LootRespawner] (PRIDummy) :: Item [7] causing search overtime: "dzn_SodaCan_Fronta"
 7:00:55.763 [CE][LootRespawner] (PRIDummy) :: Item [8] causing search overtime: "StartKitIV"
 7:00:55.763 [CE][LootRespawner] (PRIDummy) :: Item [9] causing search overtime: "StartKitIV"
 7:00:55.764 [CE][LootRespawner] (PRIDummy) :: Item [10] causing search overtime: "StartKitIV"
 7:00:55.804 [CE][LootRespawner] (PRIDummy) :: Item [11] causing search overtime: "NBCPantsYellow"
 7:00:55.804 [CE][LootRespawner] (PRIDummy) :: Item [12] causing search overtime: "NBCPantsYellow"
 7:00:55.807 [CE][LootRespawner] (PRIDummy) :: Item [0] is hard to place, performance drops: "NBCPantsYellow"
 7:00:55.807 [CE][LootRespawner] (PRIDummy) :: Item [1] is hard to place, performance drops: "NBCPantsYellow"
 7:00:55.844 [CE][LootRespawner] (PRIDummy) :: Item [13] causing search overtime: "FlatCap_Blue"
 7:00:55.867 [CE][LootRespawner] (PRIDummy) :: Item [2] is hard to place, performance drops: "WoolCoat_RedCheck"
 7:00:55.896 [CE][LootRespawner] (PRIDummy) :: Item [3] is hard to place, performance drops: "Jeans_Grey"
 7:00:55.897 [CE][LootRespawner] (PRIDummy) :: Item [4] is hard to place, performance drops: "Jeans_Grey"
 7:00:55.909 [CE][LootRespawner] (PRIDummy) :: Item [14] causing search overtime: "dzn_gorka_pants_winter"
 7:00:55.913 [CE][LootRespawner] (PRIDummy) :: Item [15] causing search overtime: "Crackers"
 7:00:55.925 [CE][LootRespawner] (PRIDummy) :: Item [16] causing search overtime: "ParamedicPants_Green"
 7:00:55.930 [CE][LootRespawner] (PRIDummy) :: Item [17] causing search overtime: "IodineTincture"
 7:00:55.990 [CE][LootRespawner] (PRIDummy) :: Item [5] is hard to place, performance drops: "dzn_ghillietoptandark"
 7:00:55.994 [CE][LootRespawner] (PRIDummy) :: Item [6] is hard to place, performance drops: "BaseRadio"
 7:00:55.994 [CE][LootRespawner] (PRIDummy) :: Item [7] is hard to place, performance drops: "BaseRadio"
 7:00:55.998 [CE][LootRespawner] (PRIDummy) :: Item [8] is hard to place, performance drops: "BaseRadio"
 7:00:55.998 [CE][LootRespawner] (PRIDummy) :: Item [9] is hard to place, performance drops: "BaseRadio"
 7:00:56.03 [CE][LootRespawner] (PRIDummy) :: Item [10] is hard to place, performance drops: "TrackSuitJacket_Black"
 7:00:56.25 [CE][LootRespawner] (PRIDummy) :: Item [11] is hard to place, performance drops: "LeatherSewingKit"
 7:00:56.38 [CE][LootRespawner] (PRIDummy) :: Item [18] causing search overtime: "BandageDressing"
 7:00:56.45 [CE][LootRespawner] (PRIDummy) :: Item [19] causing search overtime: "SurgicalGloves_White"
 7:00:56.101 [CE][LootRespawner] (PRIDummy) :: Item [12] is hard to place, performance drops: "KukriKnife"
 7:00:56.101 [CE][LootRespawner] (PRIDummy) :: Item [13] is hard to place, performance drops: "KukriKnife"
 7:00:56.101 [CE][LootRespawner] (PRIDummy) :: Item [14] is hard to place, performance drops: "KukriKnife"
 7:00:56.118 [CE][LootRespawner] (PRIDummy) :: Item [15] is hard to place, performance drops: "HuntingVest"
 7:00:56.119 [CE][LootRespawner] (PRIDummy) :: Item [16] is hard to place, performance drops: "HuntingVest"
 7:00:56.119 [CE][LootRespawner] (PRIDummy) :: Item [17] is hard to place, performance drops: "HuntingVest"
 7:00:56.137 [CE][LootRespawner] (PRIDummy) :: Item [18] is hard to place, performance drops: "BurlapSack"
 7:00:56.138 [CE][LootRespawner] (PRIDummy) :: Item [19] is hard to place, performance drops: "BurlapSack"
 7:00:56.308 !!! [CE][Point] Removing 5032.167480, 8197.083984 from land_wrecked_ural_onside
 7:00:56.353 !!! [CE][Point] Removing 7662.071289, 8789.262695 from land_hiluxT
 7:00:56.467 !!! [CE][Point] Removing 4177.679688, 8071.848633 from land_datsun01T
 7:00:57.558 [CE][LootRespawner] (PRIDummy) :: Initially (re)spawned:7510, Nominal:12230, Total in Map: 8470 at 2 (sec)
 7:00:57.558   tests:13916, repeats:0 fails:6406, overtime:1378
 7:00:58.514 [CE][DynEvent] :: 25 types
 7:00:58.514 [00] AnimalRaptor1
 7:00:58.514   Primary Spawner: "Animal", active: yes, repeat: 1
 7:00:58.514 [01] AnimalRaptor1B
 7:00:58.514   Primary Spawner: "Animal", active: yes, repeat: 1
 7:00:58.514 [02] AnimalRaptor1C
 7:00:58.514   Primary Spawner: "Animal", active: yes, repeat: 1
 7:00:58.514 [03] AnimalRaptor2
 7:00:58.514   Primary Spawner: "Animal", active: yes, repeat: 1
 7:00:58.514 [04] AnimalRaptor3
 7:00:58.514   Primary Spawner: "Animal", active: yes, repeat: 1
 7:00:58.514 [05] AnimalRaptor4
 7:00:58.514   Primary Spawner: "Animal", active: yes, repeat: 1
 7:00:58.514 [06] Loot
 7:00:58.514   Primary Spawner: "Loot", active: yes, repeat: 2
 7:00:58.514 [07] StaticMedDrop
 7:00:58.514   Primary Spawner: "Static", active: yes, repeat: 1
 7:00:58.514 [08] StaticLifeboat
 7:00:58.514   Primary Spawner: "Static", active: yes, repeat: 1
 7:00:58.514 [09] TrajectoryStones
 7:00:58.514   Primary Spawner: "Trajectory", active: yes, repeat: 1
 7:00:58.514 [10] AnimalWildDog
 7:00:58.514   Primary Spawner: "Animal", active: yes, repeat: 1
 7:00:58.514 [11] InfectedSanta
 7:00:58.514   Primary Spawner: "Infected", active: yes, repeat: 1
 7:00:58.514 [12] InfectedArmy
 7:00:58.514   Primary Spawner: "Infected", active: yes, repeat: 1
 7:00:58.514 [13] InfectedIndustrial
 7:00:58.514   Primary Spawner: "Infected", active: yes, repeat: 1
 7:00:58.514 [14] InfectedCivil
 7:00:58.514   Primary Spawner: "Infected", active: yes, repeat: 1
 7:00:58.514 [15] InfectedMedic
 7:00:58.514   Primary Spawner: "Infected", active: yes, repeat: 1
 7:00:58.514 [16] AnimalGoat
 7:00:58.514   Primary Spawner: "Animal", active: yes, repeat: 1
 7:00:58.514 [17] AnimalSheep
 7:00:58.514   Primary Spawner: "Animal", active: yes, repeat: 1
 7:00:58.514 [18] AnimalRoeDeer
 7:00:58.514   Primary Spawner: "Animal", active: yes, repeat: 1
 7:00:58.514 [19] AnimalDeer
 7:00:58.514   Primary Spawner: "Animal", active: yes, repeat: 1
 7:00:58.514 [20] AnimalWildBoar
 7:00:58.514   Primary Spawner: "Animal", active: yes, repeat: 1
 7:00:58.514 [21] AnimalWolf
 7:00:58.514   Primary Spawner: "Animal", active: yes, repeat: 1
 7:00:58.514 [22] AnimalBrownBear
 7:00:58.514   Primary Spawner: "Animal", active: yes, repeat: 1
 7:00:58.514 [23] AnimalPolarBear
 7:00:58.514   Primary Spawner: "Animal", active: yes, repeat: 1
 7:00:58.514 [24] VehicleCivilianCars
 7:00:58.514   Primary Spawner: "Vehicle", active: yes, repeat: 1
 7:00:58.514 [CE][Hive] :: Initializing of spawners done.
 7:00:58.519 [CE][Hive] :: Init sequence finished.
 7:01:00.656 [CE][MapExport] :: entity found:12427, entity valid:1644, types total:261... took 2 sec
 7:01:00.658 Player connect enabled
 7:01:20.636 [Login]: Adding player Teddybear (25790017) to login queue at position 0
 7:01:20.636 [LoginMachine]: Add player Teddybear (25790017 71.1.250.54:2324)
 7:01:20.636 [StateMachine]: Player Teddybear (dpnid 25790017 uid ) Entering AuthPlayerLoginState
 7:01:21.917 [StateMachine]: Player Teddybear (dpnid 25790017 uid ) Entering WaitAuthPlayerLoginState
 7:01:24.758 Player Teddybear connected (id=Q74fxPdlRt8xzaRnXB-9fMyQ9RnGUPZVj3H_Kuu3Hsc=).
 7:01:24.758 Player "Teddybear" is connected (steamID=76561198190486863)
 7:01:24.758 [StateMachine]: Player Teddybear (dpnid 25790017 uid ) Entering WaitPlayerAssignedLoginState
 7:01:25.502 [StateMachine]: Player Teddybear (dpnid 25790017 uid Q74fxPdlRt8xzaRnXB-9fMyQ9RnGUPZVj3H_Kuu3Hsc=) Entering DBGetLoginTimeLoginState
 7:01:25.503 [StateMachine]: Player Teddybear (dpnid 25790017 uid Q74fxPdlRt8xzaRnXB-9fMyQ9RnGUPZVj3H_Kuu3Hsc=) Entering DBWaitLoginTimeLoginState
 7:01:40.503 [StateMachine]: Player Teddybear (dpnid 25790017 uid Q74fxPdlRt8xzaRnXB-9fMyQ9RnGUPZVj3H_Kuu3Hsc=) Entering DBGetCharacterLoginState
 7:01:40.504 [StateMachine]: Player Teddybear (dpnid 25790017 uid Q74fxPdlRt8xzaRnXB-9fMyQ9RnGUPZVj3H_Kuu3Hsc=) Entering CreateNetObjectsLoginState
 7:01:40.506 [StateMachine]: Player Teddybear (dpnid 25790017 uid Q74fxPdlRt8xzaRnXB-9fMyQ9RnGUPZVj3H_Kuu3Hsc=) Entering PreloadCamLoginState
 7:01:40.506 [StateMachine]: Player Teddybear (dpnid 25790017 uid Q74fxPdlRt8xzaRnXB-9fMyQ9RnGUPZVj3H_Kuu3Hsc=) Entering WaitPreloadCamLoginState
 7:01:49.919 [StateMachine]: Player Teddybear (dpnid 25790017 uid Q74fxPdlRt8xzaRnXB-9fMyQ9RnGUPZVj3H_Kuu3Hsc=) Entering GetLoadedCharLoginState
 7:01:53.77 <LOAD EXISTING CHAR>:
    charID 1
    playerID 1
    dpnid 25790017
    uid Q74fxPdlRt8xzaRnXB-9fMyQ9RnGUPZVj3H_Kuu3Hsc=
 7:02:23.64 Respawn: Add player Teddybear (25790017) to respawn machine
 7:02:23.65 [StateMachine]: Player Teddybear (dpnid 25790017 uid ) Entering GetCharacterRespawnState
 7:02:23.66 [StateMachine]: Player Teddybear (dpnid 25790017 uid ) Entering PreloadCamRespawnState
 7:02:23.66 [StateMachine]: Player Teddybear (dpnid 25790017 uid ) Entering WaitPreloadCamRespawnState
 7:02:26.671 [StateMachine]: Player Teddybear (dpnid 25790017 uid ) Entering GetNewCharRespawnState
 7:02:26.687 <RESPAWN NEW CHAR>:
    charID 1
    playerID 1
    dpnid 25790017
    uid Q74fxPdlRt8xzaRnXB-9fMyQ9RnGUPZVj3H_Kuu3Hsc=
 7:11:45.20 [CE][Links] found 0 total links between groups, of 1
 7:11:45.20 [CE][SpawnRandomLoot] (StaticMedDrop) :: Type: Misc_cargo_cont_net1, lootmin: 8, lootmax: 8, wanted: 8, deloot: 2, containermaxsum: 6
 7:11:45.20 [CE][SpawnRandomLoot] (StaticMedDrop) :: Type: Misc_cargo_cont_net1 :: !!! Sum of container LootMax is lower than event child LootMax (6 < 8)
 7:11:45.20 [CE][SpawnRandomLoot] (StaticMedDrop) :: Type: Misc_cargo_cont_net1 :: !!! Wanting to spawn more loot than possible (8 > 6)
 7:11:45.23 [CE][Links] found 0 total links between groups, of 2
 7:11:45.23 [CE][SpawnRandomLoot] (StaticMedDrop) :: Type: Misc_cargo_cont_net1, lootmin: 8, lootmax: 8, wanted: 8, deloot: 2, containermaxsum: 6
 7:11:45.23 [CE][SpawnRandomLoot] (StaticMedDrop) :: Type: Misc_cargo_cont_net1 :: !!! Sum of container LootMax is lower than event child LootMax (6 < 8)
 7:11:45.23 [CE][SpawnRandomLoot] (StaticMedDrop) :: Type: Misc_cargo_cont_net1 :: !!! Wanting to spawn more loot than possible (8 > 6)
 7:11:45.27 [CE][Links] found 0 total links between groups, of 3
 7:11:45.27 [CE][SpawnRandomLoot] (StaticMedDrop) :: Type: Misc_cargo_cont_net1, lootmin: 8, lootmax: 8, wanted: 8, deloot: 2, containermaxsum: 6
 7:11:45.27 [CE][SpawnRandomLoot] (StaticMedDrop) :: Type: Misc_cargo_cont_net1 :: !!! Sum of container LootMax is lower than event child LootMax (6 < 8)
 7:11:45.27 [CE][SpawnRandomLoot] (StaticMedDrop) :: Type: Misc_cargo_cont_net1 :: !!! Wanting to spawn more loot than possible (8 > 6)
 7:11:45.29 [CE][Links] found 0 total links between groups, of 4
 7:11:45.29 [CE][SpawnRandomLoot] (StaticMedDrop) :: Type: Misc_cargo_cont_net1, lootmin: 8, lootmax: 8, wanted: 8, deloot: 2, containermaxsum: 6
 7:11:45.29 [CE][SpawnRandomLoot] (StaticMedDrop) :: Type: Misc_cargo_cont_net1 :: !!! Sum of container LootMax is lower than event child LootMax (6 < 8)
 7:11:45.29 [CE][SpawnRandomLoot] (StaticMedDrop) :: Type: Misc_cargo_cont_net1 :: !!! Wanting to spawn more loot than possible (8 > 6)
 7:11:45.31 [CE][Links] found 0 total links between groups, of 5
 7:11:45.31 [CE][SpawnRandomLoot] (StaticMedDrop) :: Type: Misc_cargo_cont_net1, lootmin: 8, lootmax: 8, wanted: 8, deloot: 2, containermaxsum: 6
 7:11:45.31 [CE][SpawnRandomLoot] (StaticMedDrop) :: Type: Misc_cargo_cont_net1 :: !!! Sum of container LootMax is lower than event child LootMax (6 < 8)
 7:11:45.31 [CE][SpawnRandomLoot] (StaticMedDrop) :: Type: Misc_cargo_cont_net1 :: !!! Wanting to spawn more loot than possible (8 > 6)
 7:11:45.33 [CE][Links] found 0 total links between groups, of 6
 7:11:45.33 [CE][SpawnRandomLoot] (StaticMedDrop) :: Type: Misc_cargo_cont_net1, lootmin: 8, lootmax: 8, wanted: 8, deloot: 2, containermaxsum: 6
 7:11:45.33 [CE][SpawnRandomLoot] (StaticMedDrop) :: Type: Misc_cargo_cont_net1 :: !!! Sum of container LootMax is lower than event child LootMax (6 < 8)
 7:11:45.33 [CE][SpawnRandomLoot] (StaticMedDrop) :: Type: Misc_cargo_cont_net1 :: !!! Wanting to spawn more loot than possible (8 > 6)
 7:13:32.319 [CE][Links] found 0 total links between groups, of 7
 7:13:32.319 [CE][SpawnRandomLoot] (StaticLifeboat) :: Type: sea_oilrig_lifeboat, lootmin: 4, lootmax: 5, wanted: 4, deloot: 2, containermaxsum: 5
 7:13:32.320 [CE][SpawnRandomLoot] (StaticLifeboat) :: No item found to spawn for DE! Spawned: 2 / 4 (enable log_ce_dynamicevent to see item lists for event)
 7:14:57.27 Respawn: Add player Teddybear (25790017) to respawn machine
 7:14:57.27 [StateMachine]: Player Teddybear (dpnid 25790017 uid ) Entering GetCharacterRespawnState
 7:14:57.28 [StateMachine]: Player Teddybear (dpnid 25790017 uid ) Entering PreloadCamRespawnState
 7:14:57.28 [StateMachine]: Player Teddybear (dpnid 25790017 uid ) Entering WaitPreloadCamRespawnState
 7:15:12.177 [StateMachine]: Player Teddybear (dpnid 25790017 uid ) Entering GetNewCharRespawnState
 7:15:12.191 <RESPAWN NEW CHAR>:
    charID 1
    playerID 1
    dpnid 25790017
    uid Q74fxPdlRt8xzaRnXB-9fMyQ9RnGUPZVj3H_Kuu3Hsc=
 7:18:25.418 [Login]: Adding player FourAMbayBridge (115322791) to login queue at position 0
 7:18:25.418 [LoginMachine]: Add player FourAMbayBridge (115322791 24.69.196.180:2324)
 7:18:25.418 [StateMachine]: Player FourAMbayBridge (dpnid 115322791 uid ) Entering AuthPlayerLoginState
 7:18:26.434 [StateMachine]: Player FourAMbayBridge (dpnid 115322791 uid ) State Error (AuthPlayerLoginState)
 7:18:26.434 Player Unknown (115322791) kicked from server: 147 (Server has a more recent version. Please update. If that fails: Please verify the integrity of your game files and/or reinstall the game. (Dabs Framework (PBO: PBO: D:\SteamLibrary\steamapps\common\DayZ\!Workshop\@Dabs Framework\addons\scripts.pbo (ClientVersion: 23052308 | ServerVersion: 23062223) )))
 7:18:26.434 [StateMachine]: Kick player FourAMbayBridge (dpnid 115322791 uid ) State AuthPlayerLoginState
 7:18:26.453 [Disconnect]: Client 115322791 early disconnect
 7:18:26.453 [Disconnect]: No identity -> remove player info 115322791 
 7:18:26.453 [Disconnect]: DisconnectPlayerFinish 115322791
 7:18:26.453 [Disconnect]: Remove player info 115322791
 7:18:26.456 [Disconnect]: Player destroy 115322791 
 7:19:50.102 [Login]: Adding player FourAMbayBridge (28538215) to login queue at position 0
 7:19:50.102 [LoginMachine]: Add player FourAMbayBridge (28538215 24.69.196.180:2324)
 7:19:50.102 [StateMachine]: Player FourAMbayBridge (dpnid 28538215 uid ) Entering AuthPlayerLoginState
 7:19:51.531 [StateMachine]: Player FourAMbayBridge (dpnid 28538215 uid ) Entering WaitAuthPlayerLoginState
 7:19:54.108 Player FourAMbayBridge connected (id=_85ITulioFbSK1XU1PPnczmphxWeQu6dUknni98sEmw=).
 7:19:54.108 Player "FourAMbayBridge" is connected (steamID=76561199498715649)
 7:19:54.108 [StateMachine]: Player FourAMbayBridge (dpnid 28538215 uid ) Entering WaitPlayerAssignedLoginState
 7:19:54.577 [StateMachine]: Player FourAMbayBridge (dpnid 28538215 uid _85ITulioFbSK1XU1PPnczmphxWeQu6dUknni98sEmw=) Entering DBGetLoginTimeLoginState
 7:19:54.580 [StateMachine]: Player FourAMbayBridge (dpnid 28538215 uid _85ITulioFbSK1XU1PPnczmphxWeQu6dUknni98sEmw=) Entering DBWaitLoginTimeLoginState
 7:20:09.581 [StateMachine]: Player FourAMbayBridge (dpnid 28538215 uid _85ITulioFbSK1XU1PPnczmphxWeQu6dUknni98sEmw=) Entering DBGetCharacterLoginState
 7:20:09.582 [StateMachine]: Player FourAMbayBridge (dpnid 28538215 uid _85ITulioFbSK1XU1PPnczmphxWeQu6dUknni98sEmw=) Entering CreateNetObjectsLoginState
 7:20:09.584 [StateMachine]: Player FourAMbayBridge (dpnid 28538215 uid _85ITulioFbSK1XU1PPnczmphxWeQu6dUknni98sEmw=) Entering PreloadCamLoginState
 7:20:09.585 [StateMachine]: Player FourAMbayBridge (dpnid 28538215 uid _85ITulioFbSK1XU1PPnczmphxWeQu6dUknni98sEmw=) Entering WaitPreloadCamLoginState
 7:20:15.325 [StateMachine]: Player FourAMbayBridge (dpnid 28538215 uid _85ITulioFbSK1XU1PPnczmphxWeQu6dUknni98sEmw=) Entering GetLoadedCharLoginState
 7:20:15.350 <LOAD EXISTING CHAR>:
    charID 7
    playerID 7
    dpnid 28538215
    uid _85ITulioFbSK1XU1PPnczmphxWeQu6dUknni98sEmw=
 7:36:36.357 Respawn: Add player Teddybear (25790017) to respawn machine
 7:36:36.357 [StateMachine]: Player Teddybear (dpnid 25790017 uid ) Entering GetCharacterRespawnState
 7:36:36.357 [StateMachine]: Player Teddybear (dpnid 25790017 uid ) Entering PreloadCamRespawnState
 7:36:36.357 [StateMachine]: Player Teddybear (dpnid 25790017 uid ) Entering WaitPreloadCamRespawnState
 7:36:49.714 Respawn: Add player FourAMbayBridge (28538215) to respawn machine
 7:36:49.714 [StateMachine]: Player FourAMbayBridge (dpnid 28538215 uid ) Entering GetCharacterRespawnState
 7:36:49.714 [StateMachine]: Player FourAMbayBridge (dpnid 28538215 uid ) Entering PreloadCamRespawnState
 7:36:49.715 [StateMachine]: Player FourAMbayBridge (dpnid 28538215 uid ) Entering WaitPreloadCamRespawnState
 7:36:51.31 [StateMachine]: Player FourAMbayBridge (dpnid 28538215 uid ) Entering GetNewCharRespawnState
 7:36:51.40 <RESPAWN NEW CHAR>:
    charID 7
    playerID 7
    dpnid 28538215
    uid _85ITulioFbSK1XU1PPnczmphxWeQu6dUknni98sEmw=
 7:36:51.619 [StateMachine]: Player Teddybear (dpnid 25790017 uid ) Entering GetNewCharRespawnState
 7:36:51.634 <RESPAWN NEW CHAR>:
    charID 1
    playerID 1
    dpnid 25790017
    uid Q74fxPdlRt8xzaRnXB-9fMyQ9RnGUPZVj3H_Kuu3Hsc=
 7:54:20.592 [CE][Links] found 0 total links between groups, of 8
 7:54:20.592 [CE][SpawnRandomLoot] (StaticMedDrop) :: Type: Misc_cargo_cont_net1, lootmin: 8, lootmax: 8, wanted: 8, deloot: 2, containermaxsum: 6
 7:54:20.592 [CE][SpawnRandomLoot] (StaticMedDrop) :: Type: Misc_cargo_cont_net1 :: !!! Sum of container LootMax is lower than event child LootMax (6 < 8)
 7:54:20.592 [CE][SpawnRandomLoot] (StaticMedDrop) :: Type: Misc_cargo_cont_net1 :: !!! Wanting to spawn more loot than possible (8 > 6)
 7:54:20.595 [CE][Links] found 0 total links between groups, of 9
 7:54:20.595 [CE][SpawnRandomLoot] (StaticMedDrop) :: Type: Misc_cargo_cont_net1, lootmin: 8, lootmax: 8, wanted: 8, deloot: 2, containermaxsum: 6
 7:54:20.595 [CE][SpawnRandomLoot] (StaticMedDrop) :: Type: Misc_cargo_cont_net1 :: !!! Sum of container LootMax is lower than event child LootMax (6 < 8)
 7:54:20.595 [CE][SpawnRandomLoot] (StaticMedDrop) :: Type: Misc_cargo_cont_net1 :: !!! Wanting to spawn more loot than possible (8 > 6)
 7:54:20.597 [CE][Links] found 0 total links between groups, of 10
 7:54:20.597 [CE][SpawnRandomLoot] (StaticMedDrop) :: Type: Misc_cargo_cont_net1, lootmin: 8, lootmax: 8, wanted: 8, deloot: 2, containermaxsum: 6
 7:54:20.597 [CE][SpawnRandomLoot] (StaticMedDrop) :: Type: Misc_cargo_cont_net1 :: !!! Sum of container LootMax is lower than event child LootMax (6 < 8)