

=====================================================================
== C:\TCAFiles\Users\ted\153052\DayZServer_x64.exe
== "C:\TCAFiles\Users\ted\153052\DayZServer_x64.exe" -port=2322 -config=serverDZ_By_HostHavoc.cfg -profiles=C:\TCAFiles\Users\ted\153052\HostHavocDayZServer "-servermod=" "-mod=@Spring Namalsk;@Namalsk Island;@Namalsk Survival;@CF;@Dabs Framework;@Community-Online-Tools;@shd_retextures;@Spurgles_BagZ;@sFramework;@sGunplay;@WindstridesClothingPack;@Advanced Weapon Scopes;@VPPAdminTools;@sGunplay_AWS;@Survivor Animations;@DayZ-Bicycle;@DayZ-Dog;@Drones;@SpawnerBubaku;@PseudoGiant;@dbo_spiders;@TFServerPack;@DNA Keycards;@dbo_raptors;" 
=====================================================================
Exe timestamp: 2023/06/20 05:19:39
Current time:  2023/06/24 07:00:20

Version 1.21.156300
 7:00:20.990 [Inputs] Loading inputs default "bin/constants.xml"
 7:00:20.993 [Inputs] Loading inputs default "bin/specific.xml"
 7:00:20.994 [Inputs] Loading inputs default "JM/COT/Scripts/Data/Inputs.xml"
 7:00:20.994 !!! [Inputs] Cannot Register "UAObjectModuleDeleteOnCursor" non-existent input - Fix Preset!
 7:00:20.994 [Inputs] Loading inputs default "MyMODS/sGunplay/scripts/data/inputs.xml"
 7:00:20.995 [Inputs] Loading inputs default "nst/ns_dayz/scripts/Data/Inputs.xml"
 7:00:20.995 [Inputs] Loading inputs default "VPPAdminTools/data/modded_Inputs.xml"
 7:00:20.996 [Inputs] Loading inputs default "WindstrideClothing/Inputs.xml"
 7:00:20.996 [Inputs] Loading inputs default "evg_drones/Inputs.xml"
 7:00:20.997 [Inputs] Loading inputs default "Dayz_Dog/Data/Inputs.xml"
 7:00:20.997 [Inputs] Loading inputs cfg "C:\TCAFiles\Users\ted\153052\HostHavocDayZServer\Users\Survivor\Server.core.xml"
 7:00:21.01 [Inputs] Exporting inputs cfg "C:\TCAFiles\Users\ted\153052\HostHavocDayZServer\Users\Survivor\Server.core.xml"
 7:00:32.712 [CE][Hive] :: Initializing OFFLINE
 7:00:32.712 [StorageDirs] :: Selected storage directory: C:\TCAFiles\Users\ted\153052\mpmissions\hardcore.namalsk\storage_1\
 7:00:32.713 [CE][Hive] :: Loading core data ... 
 7:00:32.713 [CE][CoreData] :: 7 root classes, 0 defaults, 0 updaters...
 7:00:37.601 [CE] :: WARNING :: Preset map "headsFirefighter" is EMPTY.
 7:00:37.602 [CE][TypeSetup] :: 557 classes setuped...
 7:00:41.76 [CE][RegisterBind] :: 0 classes binded...
 7:00:41.76 [CE][RegisterConfig] :: 16393 config classes registered, 0 sub-counters...
 7:00:41.76 [CE][Hive] :: Loading map data ... 
 7:00:41.106 !!! [CE] :: Unknown tag: 'shelves'.
 7:00:41.106 !!! [CE] :: Unknown category: 'books'.
 7:00:41.106 !!! [CE] :: Unknown tag: 'shelves'.
 7:00:41.106 !!! [CE] :: Unknown tag: 'shelves'.
 7:00:41.106 [CE][LoadPrototype] :: loaded 261 prototypes
 7:00:41.106   411 containers, 7544 points
 7:00:41.106   1 dispatches, 1 proxies
 7:00:41.106 !!! [CE][LoadPrototype] 1 groups have wrong points...
 7:00:41.106 !!! [CE][LoadPrototype] 2 groups were defined more than once and skipped...
 7:00:41.106 [CE][LoadPrototype] :: last group name: Land_Prison_Side...
 7:00:41.109 [CE][LoadPrototype] :: loaded 0 prototypes
 7:00:41.109   38 containers, 66 points
 7:00:41.109   0 dispatches, 0 proxies
 7:00:41.109 [CE][LoadPrototype] :: last group name: StoneLoc38...
 7:00:41.146 [CE][LoadMap] "Group" :: loaded 1644 groups, groups failed: 0, largest group range: 36.4
 7:00:41.147 [CE][LoadMap] "Dirt" :: loaded 0 groups, groups failed: 0, largest group range: 36.4
 7:00:41.154 [CE][Links] found 546 total links between groups, of 1644
 7:00:41.154 [CE][LoadClusters] "Cluster" :: Loading files...
 7:00:41.162 [CE][LoadClusters] :: file: "mapgroupcluster.xml", 1 types, 2418 instances
 7:00:41.165 [CE][Storage] ver:21 stamp:7542, valid:yes, name:"C:\TCAFiles\Users\ted\153052\mpmissions\hardcore.namalsk\storage_1\data\types.bin"
 7:00:41.165 [CE][Storage] ver:21 stamp:7543, valid:yes, name:"C:\TCAFiles\Users\ted\153052\mpmissions\hardcore.namalsk\storage_1\data\types.001"
 7:00:41.166 [CE][Storage] ver:21 stamp:7544, valid:yes, name:"C:\TCAFiles\Users\ted\153052\mpmissions\hardcore.namalsk\storage_1\data\types.002"
 7:00:41.166 [CE][Storage] Restoring file "C:\TCAFiles\Users\ted\153052\mpmissions\hardcore.namalsk\storage_1\data\types.002".
 7:00:41.324 [CE][offlineDB] :: Loaded 25 dynamic events 200 total types.
 7:00:41.338 !!! [CE] :: Unknown tag: 'shelves'.
 7:00:41.338 !!! [CE] :: Unknown tag: 'shelves'.
 7:00:41.338 !!! [CE] :: Unknown tag: 'floor'.
 7:00:41.338 !!! [CE] :: Unknown tag: 'floor'.
 7:00:41.339 !!! [CE] :: Unknown tag: 'floor'.
 7:00:41.339 !!! [CE] :: Unknown tag: 'floor'.
 7:00:41.339 !!! [CE] :: Unknown tag: 'floor'.
 7:00:41.339 !!! [CE] :: Unknown tag: 'floor'.
 7:00:41.339 !!! [CE] :: Unknown tag: 'floor'.
 7:00:41.339 !!! [CE] :: Unknown tag: 'floor'.
 7:00:41.339 !!! [CE] :: Unknown tag: 'floor'.
 7:00:41.339 !!! [CE] :: Unknown tag: 'floor'.
 7:00:41.339 !!! [CE] :: Unknown tag: 'floor'.
 7:00:41.339 !!! [CE] :: Unknown tag: 'floor'.
 7:00:41.339 !!! [CE][offlineDB] :: Type 'Leather_Cloak' will be ignored. (Type does not exist. (Typo?))
 7:00:41.339 !!! [CE] :: Unknown tag: 'floor'.
 7:00:41.340 !!! [CE][offlineDB] :: Type 'AD_LeupoldMk4' will be ignored. (Type does not exist. (Typo?))
 7:00:41.340 !!! [CE][offlineDB] :: Type 'AD_LeupoldMk4_MosinMount' will be ignored. (Type does not exist. (Typo?))
 7:00:41.340 !!! [CE][offlineDB] :: Type 'AD_LeupoldMk4_B13' will be ignored. (Type does not exist. (Typo?))
 7:00:41.340 !!! [CE][offlineDB] :: Type 'ChristmasTree' will be ignored. (Not spawnable. (Scope is not public?))
 7:00:41.347 [CE][DE][SPAWNS] :: Total positions: 254
 7:00:41.348 [CE][DE][GROUPS] :: Total eventgroups defined: 0, Eventgroups in use: 0
 7:00:41.348 [CE][Storage] ver:21 stamp:7542, valid:yes, name:"C:\TCAFiles\Users\ted\153052\mpmissions\hardcore.namalsk\storage_1\data\events.bin"
 7:00:41.349 [CE][Storage] ver:21 stamp:7543, valid:yes, name:"C:\TCAFiles\Users\ted\153052\mpmissions\hardcore.namalsk\storage_1\data\events.001"
 7:00:41.349 [CE][Storage] ver:21 stamp:7544, valid:yes, name:"C:\TCAFiles\Users\ted\153052\mpmissions\hardcore.namalsk\storage_1\data\events.002"
 7:00:41.349 [CE][Storage] Restoring file "C:\TCAFiles\Users\ted\153052\mpmissions\hardcore.namalsk\storage_1\data\events.002".
 7:00:41.349 [CE][DynamicEvent] Load  Events:[25] Primary spawners: 25 Secondary spawners: 0
 7:00:41.350 [CE][Storage] ver:25 stamp:7542, valid:yes, name:"C:\TCAFiles\Users\ted\153052\mpmissions\hardcore.namalsk\storage_1\data\dynamic_000.bin"
 7:00:41.350 [CE][Storage] ver:25 stamp:7543, valid:yes, name:"C:\TCAFiles\Users\ted\153052\mpmissions\hardcore.namalsk\storage_1\data\dynamic_000.001"
 7:00:41.350 [CE][Storage] ver:25 stamp:7544, valid:yes, name:"C:\TCAFiles\Users\ted\153052\mpmissions\hardcore.namalsk\storage_1\data\dynamic_000.002"
 7:00:41.350 [CE][Storage] Restoring file "C:\TCAFiles\Users\ted\153052\mpmissions\hardcore.namalsk\storage_1\data\dynamic_000.002" 0 items.
 7:00:41.350   0 items loaded. (0 failed)
 7:00:41.351 [CE][Storage] ver:25 stamp:7542, valid:yes, name:"C:\TCAFiles\Users\ted\153052\mpmissions\hardcore.namalsk\storage_1\data\dynamic_001.bin"
 7:00:41.351 [CE][Storage] ver:25 stamp:7543, valid:yes, name:"C:\TCAFiles\Users\ted\153052\mpmissions\hardcore.namalsk\storage_1\data\dynamic_001.001"
 7:00:41.351 [CE][Storage] ver:25 stamp:7544, valid:yes, name:"C:\TCAFiles\Users\ted\153052\mpmissions\hardcore.namalsk\storage_1\data\dynamic_001.002"
 7:00:41.352 [CE][Storage] Restoring file "C:\TCAFiles\Users\ted\153052\mpmissions\hardcore.namalsk\storage_1\data\dynamic_001.002" 21 items.
 7:00:41.390   21 items loaded. (0 failed)
 7:00:41.391 [CE][Storage] ver:25 stamp:7542, valid:yes, name:"C:\TCAFiles\Users\ted\153052\mpmissions\hardcore.namalsk\storage_1\data\dynamic_002.bin"
 7:00:41.391 [CE][Storage] ver:25 stamp:7543, valid:yes, name:"C:\TCAFiles\Users\ted\153052\mpmissions\hardcore.namalsk\storage_1\data\dynamic_002.001"
 7:00:41.392 [CE][Storage] ver:25 stamp:7544, valid:yes, name:"C:\TCAFiles\Users\ted\153052\mpmissions\hardcore.namalsk\storage_1\data\dynamic_002.002"
 7:00:41.392 [CE][Storage] Restoring file "C:\TCAFiles\Users\ted\153052\mpmissions\hardcore.namalsk\storage_1\data\dynamic_002.002" 21 items.
 7:00:41.444   21 items loaded. (0 failed)
 7:00:41.445 [CE][Storage] ver:25 stamp:7542, valid:yes, name:"C:\TCAFiles\Users\ted\153052\mpmissions\hardcore.namalsk\storage_1\data\dynamic_003.bin"
 7:00:41.445 [CE][Storage] ver:25 stamp:7543, valid:yes, name:"C:\TCAFiles\Users\ted\153052\mpmissions\hardcore.namalsk\storage_1\data\dynamic_003.001"
 7:00:41.446 [CE][Storage] ver:25 stamp:7544, valid:yes, name:"C:\TCAFiles\Users\ted\153052\mpmissions\hardcore.namalsk\storage_1\data\dynamic_003.002"
 7:00:41.446 [CE][Storage] Restoring file "C:\TCAFiles\Users\ted\153052\mpmissions\hardcore.namalsk\storage_1\data\dynamic_003.002" 142 items.
 7:00:41.627   142 items loaded. (0 failed)
 7:00:41.627 !!! [CE][Storage] Failed to read [Storage] data file "C:\TCAFiles\Users\ted\153052\mpmissions\hardcore.namalsk\storage_1\data\dynamic_004.bin".
 7:00:41.627   File is empty...
 7:00:41.627 [CE][Storage] ver:0 stamp:0, valid:NO, name:"C:\TCAFiles\Users\ted\153052\mpmissions\hardcore.namalsk\storage_1\data\dynamic_004.bin"
 7:00:41.628 [CE][Storage] ver:25 stamp:7543, valid:yes, name:"C:\TCAFiles\Users\ted\153052\mpmissions\hardcore.namalsk\storage_1\data\dynamic_004.001"
 7:00:41.629 [CE][Storage] ver:25 stamp:7544, valid:yes, name:"C:\TCAFiles\Users\ted\153052\mpmissions\hardcore.namalsk\storage_1\data\dynamic_004.002"
 7:00:41.629 [CE][Storage] Restoring file "C:\TCAFiles\Users\ted\153052\mpmissions\hardcore.namalsk\storage_1\data\dynamic_004.002" 203 items.
 7:00:41.774   203 items loaded. (0 failed)
 7:00:41.775 [CE][Storage] ver:25 stamp:7545, valid:yes, name:"C:\TCAFiles\Users\ted\153052\mpmissions\hardcore.namalsk\storage_1\data\dynamic_005.bin"
 7:00:41.776 [CE][Storage] ver:25 stamp:7543, valid:yes, name:"C:\TCAFiles\Users\ted\153052\mpmissions\hardcore.namalsk\storage_1\data\dynamic_005.001"
 7:00:41.776 [CE][Storage] ver:25 stamp:7544, valid:yes, name:"C:\TCAFiles\Users\ted\153052\mpmissions\hardcore.namalsk\storage_1\data\dynamic_005.002"
 7:00:41.776 [CE][Storage] Restoring file "C:\TCAFiles\Users\ted\153052\mpmissions\hardcore.namalsk\storage_1\data\dynamic_005.bin" 92 items.
 7:00:41.842   92 items loaded. (0 failed)
 7:00:41.843 [CE][Storage] ver:25 stamp:7545, valid:yes, name:"C:\TCAFiles\Users\ted\153052\mpmissions\hardcore.namalsk\storage_1\data\dynamic_006.bin"
 7:00:41.843 [CE][Storage] ver:25 stamp:7543, valid:yes, name:"C:\TCAFiles\Users\ted\153052\mpmissions\hardcore.namalsk\storage_1\data\dynamic_006.001"
 7:00:41.845 [CE][Storage] ver:25 stamp:7544, valid:yes, name:"C:\TCAFiles\Users\ted\153052\mpmissions\hardcore.namalsk\storage_1\data\dynamic_006.002"
 7:00:41.845 [CE][Storage] Restoring file "C:\TCAFiles\Users\ted\153052\mpmissions\hardcore.namalsk\storage_1\data\dynamic_006.bin" 240 items.
 7:00:42.21   240 items loaded. (0 failed)
 7:00:42.22 [CE][Storage] ver:25 stamp:7545, valid:yes, name:"C:\TCAFiles\Users\ted\153052\mpmissions\hardcore.namalsk\storage_1\data\dynamic_007.bin"
 7:00:42.22 [CE][Storage] ver:25 stamp:7543, valid:yes, name:"C:\TCAFiles\Users\ted\153052\mpmissions\hardcore.namalsk\storage_1\data\dynamic_007.001"
 7:00:42.23 [CE][Storage] ver:25 stamp:7544, valid:yes, name:"C:\TCAFiles\Users\ted\153052\mpmissions\hardcore.namalsk\storage_1\data\dynamic_007.002"
 7:00:42.23 [CE][Storage] Restoring file "C:\TCAFiles\Users\ted\153052\mpmissions\hardcore.namalsk\storage_1\data\dynamic_007.bin" 85 items.
 7:00:42.74   85 items loaded. (0 failed)
 7:00:42.75 [CE][Storage] ver:25 stamp:7545, valid:yes, name:"C:\TCAFiles\Users\ted\153052\mpmissions\hardcore.namalsk\storage_1\data\dynamic_008.bin"
 7:00:42.76 [CE][Storage] ver:25 stamp:7543, valid:yes, name:"C:\TCAFiles\Users\ted\153052\mpmissions\hardcore.namalsk\storage_1\data\dynamic_008.001"
 7:00:42.76 [CE][Storage] ver:25 stamp:7544, valid:yes, name:"C:\TCAFiles\Users\ted\153052\mpmissions\hardcore.namalsk\storage_1\data\dynamic_008.002"
 7:00:42.76 [CE][Storage] Restoring file "C:\TCAFiles\Users\ted\153052\mpmissions\hardcore.namalsk\storage_1\data\dynamic_008.bin" 78 items.
 7:00:42.122   78 items loaded. (0 failed)
 7:00:42.122 [CE][Storage] ver:25 stamp:7545, valid:yes, name:"C:\TCAFiles\Users\ted\153052\mpmissions\hardcore.namalsk\storage_1\data\dynamic_009.bin"
 7:00:42.122 [CE][Storage] ver:25 stamp:7543, valid:yes, name:"C:\TCAFiles\Users\ted\153052\mpmissions\hardcore.namalsk\storage_1\data\dynamic_009.001"
 7:00:42.123 [CE][Storage] ver:25 stamp:7544, valid:yes, name:"C:\TCAFiles\Users\ted\153052\mpmissions\hardcore.namalsk\storage_1\data\dynamic_009.002"
 7:00:42.123 [CE][Storage] Restoring file "C:\TCAFiles\Users\ted\153052\mpmissions\hardcore.namalsk\storage_1\data\dynamic_009.bin" 0 items.
 7:00:42.123   0 items loaded. (0 failed)
 7:00:42.123 [CE][Storage] ver:25 stamp:7545, valid:yes, name:"C:\TCAFiles\Users\ted\153052\mpmissions\hardcore.namalsk\storage_1\data\dynamic_010.bin"
 7:00:42.124 [CE][Storage] ver:25 stamp:7543, valid:yes, name:"C:\TCAFiles\Users\ted\153052\mpmissions\hardcore.namalsk\storage_1\data\dynamic_010.001"
 7:00:42.125 [CE][Storage] ver:25 stamp:7544, valid:yes, name:"C:\TCAFiles\Users\ted\153052\mpmissions\hardcore.namalsk\storage_1\data\dynamic_010.002"
 7:00:42.125 [CE][Storage] Restoring file "C:\TCAFiles\Users\ted\153052\mpmissions\hardcore.namalsk\storage_1\data\dynamic_010.bin" 0 items.
 7:00:42.125   0 items loaded. (0 failed)
 7:00:42.125 [CE][Storage] ver:25 stamp:7545, valid:yes, name:"C:\TCAFiles\Users\ted\153052\mpmissions\hardcore.namalsk\storage_1\data\dynamic_011.bin"
 7:00:42.125 [CE][Storage] ver:25 stamp:7543, valid:yes, name:"C:\TCAFiles\Users\ted\153052\mpmissions\hardcore.namalsk\storage_1\data\dynamic_011.001"
 7:00:42.126 [CE][Storage] ver:25 stamp:7544, valid:yes, name:"C:\TCAFiles\Users\ted\153052\mpmissions\hardcore.namalsk\storage_1\data\dynamic_011.002"
 7:00:42.126 [CE][Storage] Restoring file "C:\TCAFiles\Users\ted\153052\mpmissions\hardcore.namalsk\storage_1\data\dynamic_011.bin" 4 items.
 7:00:42.129   4 items loaded. (0 failed)
 7:00:42.129 [CE][Storage] ver:26 stamp:7542, valid:yes, name:"C:\TCAFiles\Users\ted\153052\mpmissions\hardcore.namalsk\storage_1\data\building.bin"
 7:00:42.129 [CE][Storage] ver:26 stamp:7543, valid:yes, name:"C:\TCAFiles\Users\ted\153052\mpmissions\hardcore.namalsk\storage_1\data\building.001"
 7:00:42.129 [CE][Storage] ver:26 stamp:7544, valid:yes, name:"C:\TCAFiles\Users\ted\153052\mpmissions\hardcore.namalsk\storage_1\data\building.002"
 7:00:42.130 [CE][Storage] Restoring file "C:\TCAFiles\Users\ted\153052\mpmissions\hardcore.namalsk\storage_1\data\building.002" 2 items.
 7:00:42.130   2 items loaded. (0 failed)
 7:00:42.131 [CE][Storage] ver:25 stamp:7542, valid:yes, name:"C:\TCAFiles\Users\ted\153052\mpmissions\hardcore.namalsk\storage_1\data\vehicles.bin"
 7:00:42.131 [CE][Storage] ver:25 stamp:7543, valid:yes, name:"C:\TCAFiles\Users\ted\153052\mpmissions\hardcore.namalsk\storage_1\data\vehicles.001"
 7:00:42.132 [CE][Storage] ver:25 stamp:7544, valid:yes, name:"C:\TCAFiles\Users\ted\153052\mpmissions\hardcore.namalsk\storage_1\data\vehicles.002"
 7:00:42.132 [CE][Storage] Restoring file "C:\TCAFiles\Users\ted\153052\mpmissions\hardcore.namalsk\storage_1\data\vehicles.002" 36 items.
 7:00:42.258   36 items loaded. (0 failed)
 7:00:42.262 [CE][Hive] :: Storage load took:0.91 seconds, recovery stamp:7545
 7:00:42.262   entity: 1152, building: 2
 7:00:42.262   no lifetime: 30
 7:00:42.262   pathgraph's: 119
 7:00:42.263 [CE][Hive] :: Initializing ... 
 7:00:42.268 [CE][InitializeMap] :: initialized: 2
 7:00:42.268 [CE][Hive] :: Initializing spawners ... 
 7:00:42.303 !!! [CE][Point] Removing 4379.224609, 8121.900391 from land_wrecked_ural
 7:00:42.443 [CE][LootRespawner] (PRIDummy) :: Item [0] causing search overtime: "TetracyclineAntibiotics"
 7:00:42.444 [CE][LootRespawner] (PRIDummy) :: Item [1] causing search overtime: "TetracyclineAntibiotics"
 7:00:42.444 [CE][LootRespawner] (PRIDummy) :: Item [2] causing search overtime: "TetracyclineAntibiotics"
 7:00:42.451 [CE][LootRespawner] (PRIDummy) :: Item [3] causing search overtime: "NBCBootsYellow"
 7:00:42.523 [CE][LootRespawner] (PRIDummy) :: Item [4] causing search overtime: "dzn_apsi"
 7:00:42.546 [CE][LootRespawner] (PRIDummy) :: Item [5] causing search overtime: "dzn_vinyl_bubson"
 7:00:42.567 !!! [CE][Point] Removing 6504.311523, 9286.791016 from land_wrecked_ural
 7:00:42.695 [CE][LootRespawner] (PRIDummy) :: Item [0] is hard to place, performance drops: "ParamedicPants_Blue"
 7:00:42.695 [CE][LootRespawner] (PRIDummy) :: Item [1] is hard to place, performance drops: "ParamedicPants_Blue"
 7:00:42.696 [CE][LootRespawner] (PRIDummy) :: Item [6] causing search overtime: "ParamedicPants_Blue"
 7:00:42.710 [CE][LootRespawner] (PRIDummy) :: Item [2] is hard to place, performance drops: "Spur_Treker_Green"
 7:00:42.710 [CE][LootRespawner] (PRIDummy) :: Item [3] is hard to place, performance drops: "Spur_Treker_Green"
 7:00:42.714 [CE][LootRespawner] (PRIDummy) :: Item [4] is hard to place, performance drops: "NBCPantsYellow"
 7:00:42.714 [CE][LootRespawner] (PRIDummy) :: Item [5] is hard to place, performance drops: "NBCPantsYellow"
 7:00:42.715 [CE][LootRespawner] (PRIDummy) :: Item [6] is hard to place, performance drops: "NBCPantsYellow"
 7:00:42.715 [CE][LootRespawner] (PRIDummy) :: Item [7] is hard to place, performance drops: "NBCPantsYellow"
 7:00:42.750 [CE][LootRespawner] (PRIDummy) :: Item [8] is hard to place, performance drops: "MotoHelmet_Grey"
 7:00:42.750 [CE][LootRespawner] (PRIDummy) :: Item [9] is hard to place, performance drops: "MotoHelmet_Grey"
 7:00:42.752 [CE][LootRespawner] (PRIDummy) :: Item [7] causing search overtime: "DressShoes_White"
 7:00:42.803 [CE][LootRespawner] (PRIDummy) :: Item [10] is hard to place, performance drops: "TrackSuitJacket_Red"
 7:00:42.813 [CE][LootRespawner] (PRIDummy) :: Item [8] causing search overtime: "IodineTincture"
 7:00:42.813 [CE][LootRespawner] (PRIDummy) :: Item [9] causing search overtime: "IodineTincture"
 7:00:42.844 [CE][LootRespawner] (PRIDummy) :: Item [10] causing search overtime: "dzn_tacticalshirt_tan_ru"
 7:00:42.845 [CE][LootRespawner] (PRIDummy) :: Item [11] is hard to place, performance drops: "HuntingBag"
 7:00:42.845 [CE][LootRespawner] (PRIDummy) :: Item [11] causing search overtime: "HuntingBag"
 7:00:42.881 [CE][LootRespawner] (PRIDummy) :: Item [12] is hard to place, performance drops: "TrackSuitJacket_Black"
 7:00:42.903 !!! [CE][Point] Removing 7662.071289, 8789.262695 from land_hiluxT
 7:00:42.903 [CE][LootRespawner] (PRIDummy) :: Item [13] is hard to place, performance drops: "LeatherSewingKit"
 7:00:42.904 [CE][LootRespawner] (PRIDummy) :: Item [14] is hard to place, performance drops: "LeatherSewingKit"
 7:00:42.905 [CE][LootRespawner] (PRIDummy) :: Item [15] is hard to place, performance drops: "LeatherSewingKit"
 7:00:42.911 [CE][LootRespawner] (PRIDummy) :: Item [12] causing search overtime: "BandageDressing"
 7:00:42.912 [CE][LootRespawner] (PRIDummy) :: Item [13] causing search overtime: "BandageDressing"
 7:00:42.912 [CE][LootRespawner] (PRIDummy) :: Item [14] causing search overtime: "BandageDressing"
 7:00:42.912 [CE][LootRespawner] (PRIDummy) :: Item [15] causing search overtime: "BandageDressing"
 7:00:42.913 [CE][LootRespawner] (PRIDummy) :: Item [16] causing search overtime: "BandageDressing"
 7:00:42.914 [CE][LootRespawner] (PRIDummy) :: Item [17] causing search overtime: "BandageDressing"
 7:00:42.923 [CE][LootRespawner] (PRIDummy) :: Item [18] causing search overtime: "SurgicalGloves_White"
 7:00:42.923 [CE][LootRespawner] (PRIDummy) :: Item [19] causing search overtime: "SurgicalGloves_White"
 7:00:42.951 [CE][LootRespawner] (PRIDummy) :: Item [16] is hard to place, performance drops: "TrackSuitPants_Green"
 7:00:42.951 [CE][LootRespawner] (PRIDummy) :: Item [17] is hard to place, performance drops: "TrackSuitPants_Green"
 7:00:42.951 [CE][LootRespawner] (PRIDummy) :: Item [18] is hard to place, performance drops: "TrackSuitPants_Green"
 7:00:42.983 [CE][LootRespawner] (PRIDummy) :: Item [19] is hard to place, performance drops: "Military_Sweater_Green"
 7:00:43.124 !!! [CE][Point] Removing 5032.167480, 8197.083984 from land_wrecked_ural_onside
 7:00:43.793 !!! [CE][Point] Removing 5035.500977, 8162.964844 from land_hut_old01
 7:00:44.218 !!! [CE][Point] Removing 9483.914063, 8000.304688 from land_wrecked_mi8
 7:00:44.240 !!! [CE][Point] Removing 3733.210693, 8235.766602 from Land_Mil_Tent_Big2_2
 7:00:44.394 [CE][LootRespawner] (PRIDummy) :: Initially (re)spawned:7504, Nominal:12230, Total in Map: 8460 at 2 (sec)
 7:00:44.394   tests:8998, repeats:2 fails:1492, overtime:1434
 7:00:45.357 [CE][DynEvent] :: 25 types
 7:00:45.357 [00] AnimalRaptor1
 7:00:45.357   Primary Spawner: "Animal", active: yes, repeat: 1
 7:00:45.357 [01] AnimalRaptor1B
 7:00:45.357   Primary Spawner: "Animal", active: yes, repeat: 1
 7:00:45.357 [02] AnimalRaptor1C
 7:00:45.357   Primary Spawner: "Animal", active: yes, repeat: 1
 7:00:45.357 [03] AnimalRaptor2
 7:00:45.357   Primary Spawner: "Animal", active: yes, repeat: 1
 7:00:45.357 [04] AnimalRaptor3
 7:00:45.357   Primary Spawner: "Animal", active: yes, repeat: 1
 7:00:45.357 [05] AnimalRaptor4
 7:00:45.357   Primary Spawner: "Animal", active: yes, repeat: 1
 7:00:45.357 [06] Loot
 7:00:45.357   Primary Spawner: "Loot", active: yes, repeat: 2
 7:00:45.357 [07] StaticMedDrop
 7:00:45.357   Primary Spawner: "Static", active: yes, repeat: 1
 7:00:45.357 [08] StaticLifeboat
 7:00:45.357   Primary Spawner: "Static", active: yes, repeat: 1
 7:00:45.357 [09] TrajectoryStones
 7:00:45.357   Primary Spawner: "Trajectory", active: yes, repeat: 1
 7:00:45.357 [10] AnimalWildDog
 7:00:45.357   Primary Spawner: "Animal", active: yes, repeat: 1
 7:00:45.357 [11] InfectedSanta
 7:00:45.357   Primary Spawner: "Infected", active: yes, repeat: 1
 7:00:45.357 [12] InfectedArmy
 7:00:45.357   Primary Spawner: "Infected", active: yes, repeat: 1
 7:00:45.357 [13] InfectedIndustrial
 7:00:45.357   Primary Spawner: "Infected", active: yes, repeat: 1
 7:00:45.357 [14] InfectedCivil
 7:00:45.357   Primary Spawner: "Infected", active: yes, repeat: 1
 7:00:45.357 [15] InfectedMedic
 7:00:45.357   Primary Spawner: "Infected", active: yes, repeat: 1
 7:00:45.357 [16] AnimalGoat
 7:00:45.357   Primary Spawner: "Animal", active: yes, repeat: 1
 7:00:45.357 [17] AnimalSheep
 7:00:45.357   Primary Spawner: "Animal", active: yes, repeat: 1
 7:00:45.357 [18] AnimalRoeDeer
 7:00:45.357   Primary Spawner: "Animal", active: yes, repeat: 1
 7:00:45.357 [19] AnimalDeer
 7:00:45.357   Primary Spawner: "Animal", active: yes, repeat: 1
 7:00:45.357 [20] AnimalWildBoar
 7:00:45.357   Primary Spawner: "Animal", active: yes, repeat: 1
 7:00:45.357 [21] AnimalWolf
 7:00:45.357   Primary Spawner: "Animal", active: yes, repeat: 1
 7:00:45.357 [22] AnimalBrownBear
 7:00:45.357   Primary Spawner: "Animal", active: yes, repeat: 1
 7:00:45.357 [23] AnimalPolarBear
 7:00:45.357   Primary Spawner: "Animal", active: yes, repeat: 1
 7:00:45.357 [24] VehicleCivilianCars
 7:00:45.357   Primary Spawner: "Vehicle", active: yes, repeat: 1
 7:00:45.357 [CE][Hive] :: Initializing of spawners done.
 7:00:45.362 [CE][Hive] :: Init sequence finished.
 7:00:47.326 [CE][MapExport] :: entity found:12420, entity valid:1644, types total:261... took 1 sec
 7:00:47.328 Player connect enabled
 7:40:35.828 [CE][Links] found 0 total links between groups, of 1
 7:40:35.828 [CE][SpawnRandomLoot] (StaticMedDrop) :: Type: Misc_cargo_cont_net1, lootmin: 8, lootmax: 8, wanted: 8, deloot: 2, containermaxsum: 6
 7:40:35.828 [CE][SpawnRandomLoot] (StaticMedDrop) :: Type: Misc_cargo_cont_net1 :: !!! Sum of container LootMax is lower than event child LootMax (6 < 8)
 7:40:35.828 [CE][SpawnRandomLoot] (StaticMedDrop) :: Type: Misc_cargo_cont_net1 :: !!! Wanting to spawn more loot than possible (8 > 6)
 7:40:35.831 [CE][Links] found 0 total links between groups, of 2
 7:40:35.831 [CE][SpawnRandomLoot] (StaticMedDrop) :: Type: Misc_cargo_cont_net1, lootmin: 8, lootmax: 8, wanted: 8, deloot: 2, containermaxsum: 6
 7:40:35.831 [CE][SpawnRandomLoot] (StaticMedDrop) :: Type: Misc_cargo_cont_net1 :: !!! Sum of container LootMax is lower than event child LootMax (6 < 8)
 7:40:35.831 [CE][SpawnRandomLoot] (StaticMedDrop) :: Type: Misc_cargo_cont_net1 :: !!! Wanting to spawn more loot than possible (8 > 6)
 7:40:35.834 [CE][Links] found 0 total links between groups, of 3
 7:40:35.834 [CE][SpawnRandomLoot] (StaticMedDrop) :: Type: Misc_cargo_cont_net1, lootmin: 8, lootmax: 8, wanted: 8, deloot: 2, containermaxsum: 6
 7:40:35.834 [CE][SpawnRandomLoot] (StaticMedDrop) :: Type: Misc_cargo_cont_net1 :: !!! Sum of container LootMax is lower than event child LootMax (6 < 8)
 7:40:35.834 [CE][SpawnRandomLoot] (StaticMedDrop) :: Type: Misc_cargo_cont_net1 :: !!! Wanting to spawn more loot than possible (8 > 6)
 7:40:35.837 [CE][Links] found 0 total links between groups, of 4
 7:40:35.837 [CE][SpawnRandomLoot] (StaticMedDrop) :: Type: Misc_cargo_cont_net1, lootmin: 8, lootmax: 8, wanted: 8, deloot: 2, containermaxsum: 6
 7:40:35.837 [CE][SpawnRandomLoot] (StaticMedDrop) :: Type: Misc_cargo_cont_net1 :: !!! Sum of container LootMax is lower than event child LootMax (6 < 8)
 7:40:35.837 [CE][SpawnRandomLoot] (StaticMedDrop) :: Type: Misc_cargo_cont_net1 :: !!! Wanting to spawn more loot than possible (8 > 6)
 7:40:35.840 [CE][Links] found 0 total links between groups, of 5
 7:40:35.840 [CE][SpawnRandomLoot] (StaticMedDrop) :: Type: Misc_cargo_cont_net1, lootmin: 8, lootmax: 8, wanted: 8, deloot: 2, containermaxsum: 6
 7:40:35.840 [CE][SpawnRandomLoot] (StaticMedDrop) :: Type: Misc_cargo_cont_net1 :: !!! Sum of container LootMax is lower than event child LootMax (6 < 8)
 7:40:35.840 [CE][SpawnRandomLoot] (StaticMedDrop) :: Type: Misc_cargo_cont_net1 :: !!! Wanting to spawn more loot than possible (8 > 6)
 7:40:35.842 [CE][Links] found 0 total links between groups, of 6
 7:40:35.842 [CE][SpawnRandomLoot] (StaticMedDrop) :: Type: Misc_cargo_cont_net1, lootmin: 8, lootmax: 8, wanted: 8, deloot: 2, containermaxsum: 6
 7:40:35.842 [CE][SpawnRandomLoot] (StaticMedDrop) :: Type: Misc_cargo_cont_net1 :: !!! Sum of container LootMax is lower than event child LootMax (6 < 8)
 7:40:35.842 [CE][SpawnRandomLoot] (StaticMedDrop) :: Type: Misc_cargo_cont_net1 :: !!! Wanting to spawn more loot than possible (8 > 6)
 7:41:29.628 [CE][Links] found 0 total links between groups, of 7
 7:41:29.628 [CE][SpawnRandomLoot] (StaticLifeboat) :: Type: sea_oilrig_lifeboat, lootmin: 4, lootmax: 5, wanted: 4, deloot: 2, containermaxsum: 5
 7:41:29.629 [CE][SpawnRandomLoot] (StaticLifeboat) :: No item found to spawn for DE! Spawned: 2 / 4 (enable log_ce_dynamicevent to see item lists for event)
 8:23:11.347 [CE][Links] found 0 total links between groups, of 8
 8:23:11.347 [CE][SpawnRandomLoot] (StaticMedDrop) :: Type: Misc_cargo_cont_net1, lootmin: 8, lootmax: 8, wanted: 8, deloot: 2, containermaxsum: 6
 8:23:11.347 [CE][SpawnRandomLoot] (StaticMedDrop) :: Type: Misc_cargo_cont_net1 :: !!! Sum of container LootMax is lower than event child LootMax (6 < 8)
 8:23:11.347 [CE][SpawnRandomLoot] (StaticMedDrop) :: Type: Misc_cargo_cont_net1 :: !!! Wanting to spawn more loot than possible (8 > 6)
 8:23:11.350 [CE][Links] found 0 total links between groups, of 9
 8:23:11.350 [CE][SpawnRandomLoot] (StaticMedDrop) :: Type: Misc_cargo_cont_net1, lootmin: 8, lootmax: 8, wanted: 8, deloot: 2, containermaxsum: 6
 8:23:11.350 [CE][SpawnRandomLoot] (StaticMedDrop) :: Type: Misc_cargo_cont_net1 :: !!! Sum of container LootMax is lower than event child LootMax (6 < 8)
 8:23:11.350 [CE][SpawnRandomLoot] (StaticMedDrop) :: Type: Misc_cargo_cont_net1 :: !!! Wanting to spawn more loot than possible (8 > 6)
 8:23:11.353 [CE][Links] found 0 total links between groups, of 10
 8:23:11.353 [CE][SpawnRandomLoot] (StaticMedDrop) :: Type: Misc_cargo_cont_net1, lootmin: 8, lootmax: 8, wanted: 8, deloot: 2, containermaxsum: 6
 8:23:11.353 [CE][SpawnRandomLoot] (StaticMedDrop) :: Type: Misc_cargo_cont_net1 :: !!! Sum of container LootMax is lower than event child LootMax (6 < 8)
 8:23:11.353 [CE][SpawnRandomLoot] (StaticMedDrop) :: Type: Misc_cargo_cont_net1 :: !!! Wanting to spawn more loot than possible (8 > 6)
 8:23:11.354 [CE][Links] found 0 total links between groups, of 11
 8:23:11.354 [CE][SpawnRandomLoot] (StaticMedDrop) :: Type: Misc_cargo_cont_net1, lootmin: 8, lootmax: 8, wanted: 8, deloot: 2, containermaxsum: 6
 8:23:11.354 [CE][SpawnRandomLoot] (StaticMedDrop) :: Type: Misc_cargo_cont_net1 :: !!! Sum of container LootMax is lower than event child LootMax (6 < 8)
 8:23:11.354 [CE][SpawnRandomLoot] (StaticMedDrop) :: Type: Misc_cargo_cont_net1 :: !!! Wanting to spawn more loot than possible (8 > 6)
 8:23:11.355 [CE][Links] found 0 total links between groups, of 12
 8:23:11.355 [CE][SpawnRandomLoot] (StaticMedDrop) :: Type: Misc_cargo_cont_net1, lootmin: 8, lootmax: 8, wanted: 8, deloot: 2, containermaxsum: 6
 8:23:11.355 [CE][SpawnRandomLoot] (StaticMedDrop) :: Type: Misc_cargo_cont_net1 :: !!! Sum of container LootMax is lower than event child LootMax (6 < 8)
 8:23:11.355 [CE][SpawnRandomLoot] (StaticMedDrop) :: Type: Misc_cargo_cont_net1 :: !!! Wanting to spawn more loot than possible (8 > 6)
 8:23:11.358 [CE][Links] found 0 total links between groups, of 13
