

=====================================================================
== C:\TCAFiles\Users\ted\153052\DayZServer_x64.exe
== "C:\TCAFiles\Users\ted\153052\DayZServer_x64.exe" -port=2322 -config=serverDZ_By_HostHavoc.cfg -profiles=C:\TCAFiles\Users\ted\153052\HostHavocDayZServer "-servermod=" "-mod=@Spring Namalsk;@Namalsk Island;@Namalsk Survival;@CF;@Dabs Framework;@Community-Online-Tools;@shd_retextures;@Spurgles_BagZ;@sFramework;@sGunplay;@WindstridesClothingPack;@Advanced Weapon Scopes;@VPPAdminTools;@sGunplay_AWS;@Survivor Animations;@DayZ-Bicycle;@DayZ-Dog;@Drones;@SpawnerBubaku;@PseudoGiant;@dbo_spiders;@TFServerPack;@DNA Keycards;@dbo_raptors;" 
=====================================================================
Exe timestamp: 2023/06/20 05:19:39
Current time:  2023/06/23 09:00:15

Version 1.21.156300
 9:00:15.852 [Inputs] Loading inputs default "bin/constants.xml"
 9:00:15.856 [Inputs] Loading inputs default "bin/specific.xml"
 9:00:15.857 [Inputs] Loading inputs default "JM/COT/Scripts/Data/Inputs.xml"
 9:00:15.858 !!! [Inputs] Cannot Register "UAObjectModuleDeleteOnCursor" non-existent input - Fix Preset!
 9:00:15.858 [Inputs] Loading inputs default "MyMODS/sGunplay/scripts/data/inputs.xml"
 9:00:15.858 [Inputs] Loading inputs default "nst/ns_dayz/scripts/Data/Inputs.xml"
 9:00:15.859 [Inputs] Loading inputs default "VPPAdminTools/data/modded_Inputs.xml"
 9:00:15.860 [Inputs] Loading inputs default "WindstrideClothing/Inputs.xml"
 9:00:15.860 [Inputs] Loading inputs default "evg_drones/Inputs.xml"
 9:00:15.861 [Inputs] Loading inputs default "Dayz_Dog/Data/Inputs.xml"
 9:00:15.861 [Inputs] Loading inputs cfg "C:\TCAFiles\Users\ted\153052\HostHavocDayZServer\Users\Survivor\Server.core.xml"
 9:00:15.865 [Inputs] Exporting inputs cfg "C:\TCAFiles\Users\ted\153052\HostHavocDayZServer\Users\Survivor\Server.core.xml"
 9:00:29.132 [CE][Hive] :: Initializing OFFLINE
 9:00:29.132 [StorageDirs] :: Selected storage directory: C:\TCAFiles\Users\ted\153052\mpmissions\hardcore.namalsk\storage_1\
 9:00:29.133 [CE][Hive] :: Loading core data ... 
 9:00:29.133 [CE][CoreData] :: 7 root classes, 0 defaults, 0 updaters...
 9:00:34.312 [CE] :: WARNING :: Preset map "headsFirefighter" is EMPTY.
 9:00:34.313 [CE][TypeSetup] :: 557 classes setuped...
 9:00:39.30 [CE][RegisterBind] :: 0 classes binded...
 9:00:39.30 [CE][RegisterConfig] :: 16393 config classes registered, 0 sub-counters...
 9:00:39.30 [CE][Hive] :: Loading map data ... 
 9:00:39.63 !!! [CE] :: Unknown tag: 'shelves'.
 9:00:39.63 !!! [CE] :: Unknown category: 'books'.
 9:00:39.63 !!! [CE] :: Unknown tag: 'shelves'.
 9:00:39.63 !!! [CE] :: Unknown tag: 'shelves'.
 9:00:39.63 [CE][LoadPrototype] :: loaded 261 prototypes
 9:00:39.63   411 containers, 7544 points
 9:00:39.63   1 dispatches, 1 proxies
 9:00:39.63 !!! [CE][LoadPrototype] 1 groups have wrong points...
 9:00:39.63 !!! [CE][LoadPrototype] 2 groups were defined more than once and skipped...
 9:00:39.63 [CE][LoadPrototype] :: last group name: Land_Prison_Side...
 9:00:39.66 [CE][LoadPrototype] :: loaded 0 prototypes
 9:00:39.66   38 containers, 66 points
 9:00:39.66   0 dispatches, 0 proxies
 9:00:39.66 [CE][LoadPrototype] :: last group name: StoneLoc38...
 9:00:39.103 [CE][LoadMap] "Group" :: loaded 1644 groups, groups failed: 0, largest group range: 36.4
 9:00:39.104 [CE][LoadMap] "Dirt" :: loaded 0 groups, groups failed: 0, largest group range: 36.4
 9:00:39.114 [CE][Links] found 546 total links between groups, of 1644
 9:00:39.114 [CE][LoadClusters] "Cluster" :: Loading files...
 9:00:39.122 [CE][LoadClusters] :: file: "mapgroupcluster.xml", 1 types, 2418 instances
 9:00:39.124 [CE][Storage] ver:21 stamp:4659, valid:yes, name:"C:\TCAFiles\Users\ted\153052\mpmissions\hardcore.namalsk\storage_1\data\types.bin"
 9:00:39.124 [CE][Storage] ver:21 stamp:4660, valid:yes, name:"C:\TCAFiles\Users\ted\153052\mpmissions\hardcore.namalsk\storage_1\data\types.001"
 9:00:39.125 [CE][Storage] ver:21 stamp:4658, valid:yes, name:"C:\TCAFiles\Users\ted\153052\mpmissions\hardcore.namalsk\storage_1\data\types.002"
 9:00:39.125 [CE][Storage] Restoring file "C:\TCAFiles\Users\ted\153052\mpmissions\hardcore.namalsk\storage_1\data\types.001".
 9:00:39.305 [CE][offlineDB] :: Loaded 25 dynamic events 200 total types.
 9:00:39.323 !!! [CE] :: Unknown tag: 'shelves'.
 9:00:39.323 !!! [CE] :: Unknown tag: 'shelves'.
 9:00:39.323 !!! [CE] :: Unknown tag: 'floor'.
 9:00:39.324 !!! [CE] :: Unknown tag: 'floor'.
 9:00:39.325 !!! [CE] :: Unknown tag: 'floor'.
 9:00:39.325 !!! [CE] :: Unknown tag: 'floor'.
 9:00:39.325 !!! [CE] :: Unknown tag: 'floor'.
 9:00:39.325 !!! [CE] :: Unknown tag: 'floor'.
 9:00:39.325 !!! [CE] :: Unknown tag: 'floor'.
 9:00:39.325 !!! [CE] :: Unknown tag: 'floor'.
 9:00:39.325 !!! [CE] :: Unknown tag: 'floor'.
 9:00:39.325 !!! [CE] :: Unknown tag: 'floor'.
 9:00:39.325 !!! [CE] :: Unknown tag: 'floor'.
 9:00:39.325 !!! [CE] :: Unknown tag: 'floor'.
 9:00:39.325 !!! [CE][offlineDB] :: Type 'Leather_Cloak' will be ignored. (Type does not exist. (Typo?))
 9:00:39.325 !!! [CE] :: Unknown tag: 'floor'.
 9:00:39.326 !!! [CE][offlineDB] :: Type 'AD_LeupoldMk4' will be ignored. (Type does not exist. (Typo?))
 9:00:39.326 !!! [CE][offlineDB] :: Type 'AD_LeupoldMk4_MosinMount' will be ignored. (Type does not exist. (Typo?))
 9:00:39.326 !!! [CE][offlineDB] :: Type 'AD_LeupoldMk4_B13' will be ignored. (Type does not exist. (Typo?))
 9:00:39.327 !!! [CE][offlineDB] :: Type 'ChristmasTree' will be ignored. (Not spawnable. (Scope is not public?))
 9:00:39.334 [CE][DE][SPAWNS] :: Total positions: 254
 9:00:39.334 [CE][DE][GROUPS] :: Total eventgroups defined: 0, Eventgroups in use: 0
 9:00:39.335 [CE][Storage] ver:21 stamp:4659, valid:yes, name:"C:\TCAFiles\Users\ted\153052\mpmissions\hardcore.namalsk\storage_1\data\events.bin"
 9:00:39.335 [CE][Storage] ver:21 stamp:4660, valid:yes, name:"C:\TCAFiles\Users\ted\153052\mpmissions\hardcore.namalsk\storage_1\data\events.001"
 9:00:39.336 [CE][Storage] ver:21 stamp:4658, valid:yes, name:"C:\TCAFiles\Users\ted\153052\mpmissions\hardcore.namalsk\storage_1\data\events.002"
 9:00:39.336 [CE][Storage] Restoring file "C:\TCAFiles\Users\ted\153052\mpmissions\hardcore.namalsk\storage_1\data\events.001".
 9:00:39.336 [CE][DynamicEvent] Load  Events:[25] Primary spawners: 25 Secondary spawners: 0
 9:00:39.336 [CE][Storage] ver:25 stamp:4659, valid:yes, name:"C:\TCAFiles\Users\ted\153052\mpmissions\hardcore.namalsk\storage_1\data\dynamic_000.bin"
 9:00:39.337 [CE][Storage] ver:25 stamp:4660, valid:yes, name:"C:\TCAFiles\Users\ted\153052\mpmissions\hardcore.namalsk\storage_1\data\dynamic_000.001"
 9:00:39.337 [CE][Storage] ver:25 stamp:4658, valid:yes, name:"C:\TCAFiles\Users\ted\153052\mpmissions\hardcore.namalsk\storage_1\data\dynamic_000.002"
 9:00:39.337 [CE][Storage] Restoring file "C:\TCAFiles\Users\ted\153052\mpmissions\hardcore.namalsk\storage_1\data\dynamic_000.001" 0 items.
 9:00:39.337   0 items loaded. (0 failed)
 9:00:39.338 [CE][Storage] ver:25 stamp:4659, valid:yes, name:"C:\TCAFiles\Users\ted\153052\mpmissions\hardcore.namalsk\storage_1\data\dynamic_001.bin"
 9:00:39.338 [CE][Storage] ver:25 stamp:4660, valid:yes, name:"C:\TCAFiles\Users\ted\153052\mpmissions\hardcore.namalsk\storage_1\data\dynamic_001.001"
 9:00:39.338 [CE][Storage] ver:25 stamp:4658, valid:yes, name:"C:\TCAFiles\Users\ted\153052\mpmissions\hardcore.namalsk\storage_1\data\dynamic_001.002"
 9:00:39.338 [CE][Storage] Restoring file "C:\TCAFiles\Users\ted\153052\mpmissions\hardcore.namalsk\storage_1\data\dynamic_001.001" 46 items.
 9:00:39.421   46 items loaded. (0 failed)
 9:00:39.422 [CE][Storage] ver:25 stamp:4659, valid:yes, name:"C:\TCAFiles\Users\ted\153052\mpmissions\hardcore.namalsk\storage_1\data\dynamic_002.bin"
 9:00:39.422 [CE][Storage] ver:25 stamp:4660, valid:yes, name:"C:\TCAFiles\Users\ted\153052\mpmissions\hardcore.namalsk\storage_1\data\dynamic_002.001"
 9:00:39.423 [CE][Storage] ver:25 stamp:4658, valid:yes, name:"C:\TCAFiles\Users\ted\153052\mpmissions\hardcore.namalsk\storage_1\data\dynamic_002.002"
 9:00:39.423 [CE][Storage] Restoring file "C:\TCAFiles\Users\ted\153052\mpmissions\hardcore.namalsk\storage_1\data\dynamic_002.001" 28 items.
 9:00:39.489   28 items loaded. (0 failed)
 9:00:39.490 [CE][Storage] ver:25 stamp:4659, valid:yes, name:"C:\TCAFiles\Users\ted\153052\mpmissions\hardcore.namalsk\storage_1\data\dynamic_003.bin"
 9:00:39.491 [CE][Storage] ver:25 stamp:4660, valid:yes, name:"C:\TCAFiles\Users\ted\153052\mpmissions\hardcore.namalsk\storage_1\data\dynamic_003.001"
 9:00:39.491 [CE][Storage] ver:25 stamp:4658, valid:yes, name:"C:\TCAFiles\Users\ted\153052\mpmissions\hardcore.namalsk\storage_1\data\dynamic_003.002"
 9:00:39.491 [CE][Storage] Restoring file "C:\TCAFiles\Users\ted\153052\mpmissions\hardcore.namalsk\storage_1\data\dynamic_003.001" 261 items.
 9:00:39.810   261 items loaded. (0 failed)
 9:00:39.811 [CE][Storage] ver:25 stamp:4659, valid:yes, name:"C:\TCAFiles\Users\ted\153052\mpmissions\hardcore.namalsk\storage_1\data\dynamic_004.bin"
 9:00:39.811 [CE][Storage] ver:25 stamp:4660, valid:yes, name:"C:\TCAFiles\Users\ted\153052\mpmissions\hardcore.namalsk\storage_1\data\dynamic_004.001"
 9:00:39.812 [CE][Storage] ver:25 stamp:4658, valid:yes, name:"C:\TCAFiles\Users\ted\153052\mpmissions\hardcore.namalsk\storage_1\data\dynamic_004.002"
 9:00:39.812 [CE][Storage] Restoring file "C:\TCAFiles\Users\ted\153052\mpmissions\hardcore.namalsk\storage_1\data\dynamic_004.001" 449 items.
 9:00:40.272   449 items loaded. (0 failed)
 9:00:40.273 [CE][Storage] ver:25 stamp:4659, valid:yes, name:"C:\TCAFiles\Users\ted\153052\mpmissions\hardcore.namalsk\storage_1\data\dynamic_005.bin"
 9:00:40.274 [CE][Storage] ver:25 stamp:4660, valid:yes, name:"C:\TCAFiles\Users\ted\153052\mpmissions\hardcore.namalsk\storage_1\data\dynamic_005.001"
 9:00:40.274 [CE][Storage] ver:25 stamp:4658, valid:yes, name:"C:\TCAFiles\Users\ted\153052\mpmissions\hardcore.namalsk\storage_1\data\dynamic_005.002"
 9:00:40.274 [CE][Storage] Restoring file "C:\TCAFiles\Users\ted\153052\mpmissions\hardcore.namalsk\storage_1\data\dynamic_005.001" 242 items.
 9:00:40.505   242 items loaded. (0 failed)
 9:00:40.505 [CE][Storage] ver:25 stamp:4659, valid:yes, name:"C:\TCAFiles\Users\ted\153052\mpmissions\hardcore.namalsk\storage_1\data\dynamic_006.bin"
 9:00:40.506 [CE][Storage] ver:25 stamp:4660, valid:yes, name:"C:\TCAFiles\Users\ted\153052\mpmissions\hardcore.namalsk\storage_1\data\dynamic_006.001"
 9:00:40.507 [CE][Storage] ver:25 stamp:4658, valid:yes, name:"C:\TCAFiles\Users\ted\153052\mpmissions\hardcore.namalsk\storage_1\data\dynamic_006.002"
 9:00:40.507 [CE][Storage] Restoring file "C:\TCAFiles\Users\ted\153052\mpmissions\hardcore.namalsk\storage_1\data\dynamic_006.001" 486 items.
 9:00:40.977   486 items loaded. (0 failed)
 9:00:40.978 [CE][Storage] ver:25 stamp:4659, valid:yes, name:"C:\TCAFiles\Users\ted\153052\mpmissions\hardcore.namalsk\storage_1\data\dynamic_007.bin"
 9:00:40.979 [CE][Storage] ver:25 stamp:4660, valid:yes, name:"C:\TCAFiles\Users\ted\153052\mpmissions\hardcore.namalsk\storage_1\data\dynamic_007.001"
 9:00:40.979 !!! [CE][Storage] Failed to read [Storage] data file "C:\TCAFiles\Users\ted\153052\mpmissions\hardcore.namalsk\storage_1\data\dynamic_007.002".
 9:00:40.979   File is empty...
 9:00:40.979 [CE][Storage] ver:0 stamp:0, valid:NO, name:"C:\TCAFiles\Users\ted\153052\mpmissions\hardcore.namalsk\storage_1\data\dynamic_007.002"
 9:00:40.979 [CE][Storage] Restoring file "C:\TCAFiles\Users\ted\153052\mpmissions\hardcore.namalsk\storage_1\data\dynamic_007.001" 161 items.
 9:00:41.90   161 items loaded. (0 failed)
 9:00:41.91 [CE][Storage] ver:25 stamp:4659, valid:yes, name:"C:\TCAFiles\Users\ted\153052\mpmissions\hardcore.namalsk\storage_1\data\dynamic_008.bin"
 9:00:41.91 [CE][Storage] ver:25 stamp:4660, valid:yes, name:"C:\TCAFiles\Users\ted\153052\mpmissions\hardcore.namalsk\storage_1\data\dynamic_008.001"
 9:00:41.92 [CE][Storage] ver:25 stamp:4661, valid:yes, name:"C:\TCAFiles\Users\ted\153052\mpmissions\hardcore.namalsk\storage_1\data\dynamic_008.002"
 9:00:41.92 [CE][Storage] Restoring file "C:\TCAFiles\Users\ted\153052\mpmissions\hardcore.namalsk\storage_1\data\dynamic_008.002" 122 items.
 9:00:41.194   122 items loaded. (0 failed)
 9:00:41.195 [CE][Storage] ver:25 stamp:4659, valid:yes, name:"C:\TCAFiles\Users\ted\153052\mpmissions\hardcore.namalsk\storage_1\data\dynamic_009.bin"
 9:00:41.195 [CE][Storage] ver:25 stamp:4660, valid:yes, name:"C:\TCAFiles\Users\ted\153052\mpmissions\hardcore.namalsk\storage_1\data\dynamic_009.001"
 9:00:41.195 [CE][Storage] ver:25 stamp:4661, valid:yes, name:"C:\TCAFiles\Users\ted\153052\mpmissions\hardcore.namalsk\storage_1\data\dynamic_009.002"
 9:00:41.195 [CE][Storage] Restoring file "C:\TCAFiles\Users\ted\153052\mpmissions\hardcore.namalsk\storage_1\data\dynamic_009.002" 0 items.
 9:00:41.195   0 items loaded. (0 failed)
 9:00:41.196 [CE][Storage] ver:25 stamp:4659, valid:yes, name:"C:\TCAFiles\Users\ted\153052\mpmissions\hardcore.namalsk\storage_1\data\dynamic_010.bin"
 9:00:41.196 [CE][Storage] ver:25 stamp:4660, valid:yes, name:"C:\TCAFiles\Users\ted\153052\mpmissions\hardcore.namalsk\storage_1\data\dynamic_010.001"
 9:00:41.197 [CE][Storage] ver:25 stamp:4661, valid:yes, name:"C:\TCAFiles\Users\ted\153052\mpmissions\hardcore.namalsk\storage_1\data\dynamic_010.002"
 9:00:41.197 [CE][Storage] Restoring file "C:\TCAFiles\Users\ted\153052\mpmissions\hardcore.namalsk\storage_1\data\dynamic_010.002" 9 items.
 9:00:41.207   9 items loaded. (0 failed)
 9:00:41.208 [CE][Storage] ver:25 stamp:4659, valid:yes, name:"C:\TCAFiles\Users\ted\153052\mpmissions\hardcore.namalsk\storage_1\data\dynamic_011.bin"
 9:00:41.209 [CE][Storage] ver:25 stamp:4660, valid:yes, name:"C:\TCAFiles\Users\ted\153052\mpmissions\hardcore.namalsk\storage_1\data\dynamic_011.001"
 9:00:41.209 [CE][Storage] ver:25 stamp:4661, valid:yes, name:"C:\TCAFiles\Users\ted\153052\mpmissions\hardcore.namalsk\storage_1\data\dynamic_011.002"
 9:00:41.209 [CE][Storage] Restoring file "C:\TCAFiles\Users\ted\153052\mpmissions\hardcore.namalsk\storage_1\data\dynamic_011.002" 14 items.
 9:00:41.222   14 items loaded. (0 failed)
 9:00:41.222 [CE][Storage] ver:26 stamp:4659, valid:yes, name:"C:\TCAFiles\Users\ted\153052\mpmissions\hardcore.namalsk\storage_1\data\building.bin"
 9:00:41.223 [CE][Storage] ver:26 stamp:4660, valid:yes, name:"C:\TCAFiles\Users\ted\153052\mpmissions\hardcore.namalsk\storage_1\data\building.001"
 9:00:41.223 [CE][Storage] ver:26 stamp:4658, valid:yes, name:"C:\TCAFiles\Users\ted\153052\mpmissions\hardcore.namalsk\storage_1\data\building.002"
 9:00:41.223 [CE][Storage] Restoring file "C:\TCAFiles\Users\ted\153052\mpmissions\hardcore.namalsk\storage_1\data\building.001" 0 items.
 9:00:41.223   0 items loaded. (0 failed)
 9:00:41.224 [CE][Storage] ver:25 stamp:4659, valid:yes, name:"C:\TCAFiles\Users\ted\153052\mpmissions\hardcore.namalsk\storage_1\data\vehicles.bin"
 9:00:41.224 [CE][Storage] ver:25 stamp:4660, valid:yes, name:"C:\TCAFiles\Users\ted\153052\mpmissions\hardcore.namalsk\storage_1\data\vehicles.001"
 9:00:41.225 [CE][Storage] ver:25 stamp:4658, valid:yes, name:"C:\TCAFiles\Users\ted\153052\mpmissions\hardcore.namalsk\storage_1\data\vehicles.002"
 9:00:41.225 [CE][Storage] Restoring file "C:\TCAFiles\Users\ted\153052\mpmissions\hardcore.namalsk\storage_1\data\vehicles.001" 48 items.
 9:00:41.381   48 items loaded. (0 failed)
 9:00:41.383 [CE][Hive] :: Storage load took:2.05 seconds, recovery stamp:4661
 9:00:41.383   entity: 2191, building: 0
 9:00:41.383   no lifetime: 30
 9:00:41.384   pathgraph's: 119
 9:00:41.384 [CE][Hive] :: Initializing ... 
 9:00:41.390 [CE][InitializeMap] :: initialized: 0
 9:00:41.390 [CE][Hive] :: Initializing spawners ... 
 9:00:41.404 [CE][LootRespawner] (PRIDummy) :: Item [0] causing search overtime: "Epinephrine"
 9:00:41.523 [CE][LootRespawner] (PRIDummy) :: Item [1] causing search overtime: "TetracyclineAntibiotics"
 9:00:41.532 [CE][LootRespawner] (PRIDummy) :: Item [2] causing search overtime: "NBCBootsYellow"
 9:00:41.725 [CE][LootRespawner] (PRIDummy) :: Item [0] is hard to place, performance drops: "TShirt_OrangeWhiteStripes"
 9:00:41.726 [CE][LootRespawner] (PRIDummy) :: Item [3] causing search overtime: "StartKitIV"
 9:00:41.735 [CE][LootRespawner] (PRIDummy) :: Item [4] causing search overtime: "MediumGasCanister"
 9:00:41.745 [CE][LootRespawner] (PRIDummy) :: Item [1] is hard to place, performance drops: "ParamedicPants_Blue"
 9:00:41.745 [CE][LootRespawner] (PRIDummy) :: Item [2] is hard to place, performance drops: "ParamedicPants_Blue"
 9:00:41.745 [CE][LootRespawner] (PRIDummy) :: Item [3] is hard to place, performance drops: "ParamedicPants_Blue"
 9:00:41.745 [CE][LootRespawner] (PRIDummy) :: Item [4] is hard to place, performance drops: "ParamedicPants_Blue"
 9:00:41.745 [CE][LootRespawner] (PRIDummy) :: Item [5] is hard to place, performance drops: "ParamedicPants_Blue"
 9:00:41.746 [CE][LootRespawner] (PRIDummy) :: Item [5] causing search overtime: "JumpsuitPants_Blue"
 9:00:41.764 [CE][LootRespawner] (PRIDummy) :: Item [6] causing search overtime: "NBCPantsYellow"
 9:00:41.764 [CE][LootRespawner] (PRIDummy) :: Item [7] causing search overtime: "NBCPantsYellow"
 9:00:41.764 [CE][LootRespawner] (PRIDummy) :: Item [6] is hard to place, performance drops: "NBCPantsYellow"
 9:00:41.764 [CE][LootRespawner] (PRIDummy) :: Item [7] is hard to place, performance drops: "NBCPantsYellow"
 9:00:41.765 [CE][LootRespawner] (PRIDummy) :: Item [8] is hard to place, performance drops: "NBCPantsYellow"
 9:00:41.765 [CE][LootRespawner] (PRIDummy) :: Item [9] is hard to place, performance drops: "NBCPantsYellow"
 9:00:41.765 [CE][LootRespawner] (PRIDummy) :: Item [10] is hard to place, performance drops: "NBCPantsYellow"
 9:00:41.765 [CE][LootRespawner] (PRIDummy) :: Item [11] is hard to place, performance drops: "NBCPantsYellow"
 9:00:41.765 [CE][LootRespawner] (PRIDummy) :: Item [12] is hard to place, performance drops: "NBCPantsYellow"
 9:00:41.765 [CE][LootRespawner] (PRIDummy) :: Item [8] causing search overtime: "NBCPantsYellow"
 9:00:41.797 [CE][LootRespawner] (PRIDummy) :: Item [9] causing search overtime: "AmmoBox_9x39AP_20Rnd"
 9:00:41.838 [CE][LootRespawner] (PRIDummy) :: Item [13] is hard to place, performance drops: "DressShoes_Beige"
 9:00:41.844 [CE][LootRespawner] (PRIDummy) :: Item [10] causing search overtime: "IodineTincture"
 9:00:41.844 [CE][LootRespawner] (PRIDummy) :: Item [11] causing search overtime: "IodineTincture"
 9:00:41.853 [CE][LootRespawner] (PRIDummy) :: Item [14] is hard to place, performance drops: "Spur_LW_Bag_Black"
 9:00:41.879 [CE][LootRespawner] (PRIDummy) :: Item [15] is hard to place, performance drops: "PolicePantsOrel"
 9:00:41.879 [CE][LootRespawner] (PRIDummy) :: Item [16] is hard to place, performance drops: "PolicePantsOrel"
 9:00:41.966 [CE][LootRespawner] (PRIDummy) :: Item [12] causing search overtime: "JumpsuitPants_Green"
 9:00:41.978 [CE][LootRespawner] (PRIDummy) :: Item [17] is hard to place, performance drops: "LeatherSewingKit"
 9:00:41.979 [CE][LootRespawner] (PRIDummy) :: Item [18] is hard to place, performance drops: "LeatherSewingKit"
 9:00:41.986 [CE][LootRespawner] (PRIDummy) :: Item [13] causing search overtime: "BandageDressing"
 9:00:41.986 [CE][LootRespawner] (PRIDummy) :: Item [14] causing search overtime: "BandageDressing"
 9:00:41.987 [CE][LootRespawner] (PRIDummy) :: Item [15] causing search overtime: "BandageDressing"
 9:00:41.988 [CE][LootRespawner] (PRIDummy) :: Item [16] causing search overtime: "BandageDressing"
 9:00:41.988 [CE][LootRespawner] (PRIDummy) :: Item [17] causing search overtime: "BandageDressing"
 9:00:41.990 [CE][LootRespawner] (PRIDummy) :: Item [18] causing search overtime: "BandageDressing"
 9:00:41.990 [CE][LootRespawner] (PRIDummy) :: Item [19] causing search overtime: "BandageDressing"
 9:00:42.18 [CE][LootRespawner] (PRIDummy) :: Item [19] is hard to place, performance drops: "TrackSuitPants_Green"
 9:00:43.396 [CE][LootRespawner] (PRIDummy) :: Initially (re)spawned:6540, Nominal:12230, Total in Map: 8442 at 2 (sec)
 9:00:43.396   tests:7653, repeats:0 fails:1113, overtime:1318
 9:00:44.398 [CE][DynEvent] :: 25 types
 9:00:44.398 [00] AnimalRaptor1
 9:00:44.398   Primary Spawner: "Animal", active: yes, repeat: 1
 9:00:44.398 [01] AnimalRaptor1B
 9:00:44.398   Primary Spawner: "Animal", active: yes, repeat: 1
 9:00:44.398 [02] AnimalRaptor1C
 9:00:44.398   Primary Spawner: "Animal", active: yes, repeat: 1
 9:00:44.398 [03] AnimalRaptor2
 9:00:44.398   Primary Spawner: "Animal", active: yes, repeat: 1
 9:00:44.398 [04] AnimalRaptor3
 9:00:44.398   Primary Spawner: "Animal", active: yes, repeat: 1
 9:00:44.398 [05] AnimalRaptor4
 9:00:44.398   Primary Spawner: "Animal", active: yes, repeat: 1
 9:00:44.398 [06] Loot
 9:00:44.398   Primary Spawner: "Loot", active: yes, repeat: 2
 9:00:44.398 [07] StaticMedDrop
 9:00:44.398   Primary Spawner: "Static", active: yes, repeat: 1
 9:00:44.398 [08] StaticLifeboat
 9:00:44.398   Primary Spawner: "Static", active: yes, repeat: 1
 9:00:44.398 [09] TrajectoryStones
 9:00:44.398   Primary Spawner: "Trajectory", active: yes, repeat: 1
 9:00:44.398 [10] AnimalWildDog
 9:00:44.398   Primary Spawner: "Animal", active: yes, repeat: 1
 9:00:44.398 [11] InfectedSanta
 9:00:44.398   Primary Spawner: "Infected", active: yes, repeat: 1
 9:00:44.398 [12] InfectedArmy
 9:00:44.398   Primary Spawner: "Infected", active: yes, repeat: 1
 9:00:44.398 [13] InfectedIndustrial
 9:00:44.398   Primary Spawner: "Infected", active: yes, repeat: 1
 9:00:44.398 [14] InfectedCivil
 9:00:44.398   Primary Spawner: "Infected", active: yes, repeat: 1
 9:00:44.398 [15] InfectedMedic
 9:00:44.398   Primary Spawner: "Infected", active: yes, repeat: 1
 9:00:44.398 [16] AnimalGoat
 9:00:44.398   Primary Spawner: "Animal", active: yes, repeat: 1
 9:00:44.398 [17] AnimalSheep
 9:00:44.398   Primary Spawner: "Animal", active: yes, repeat: 1
 9:00:44.398 [18] AnimalRoeDeer
 9:00:44.398   Primary Spawner: "Animal", active: yes, repeat: 1
 9:00:44.398 [19] AnimalDeer
 9:00:44.398   Primary Spawner: "Animal", active: yes, repeat: 1
 9:00:44.398 [20] AnimalWildBoar
 9:00:44.398   Primary Spawner: "Animal", active: yes, repeat: 1
 9:00:44.398 [21] AnimalWolf
 9:00:44.398   Primary Spawner: "Animal", active: yes, repeat: 1
 9:00:44.398 [22] AnimalBrownBear
 9:00:44.398   Primary Spawner: "Animal", active: yes, repeat: 1
 9:00:44.398 [23] AnimalPolarBear
 9:00:44.398   Primary Spawner: "Animal", active: yes, repeat: 1
 9:00:44.398 [24] VehicleCivilianCars
 9:00:44.398   Primary Spawner: "Vehicle", active: yes, repeat: 1
 9:00:44.398 [CE][Hive] :: Initializing of spawners done.
 9:00:44.403 [CE][Hive] :: Init sequence finished.
 9:00:46.721 [CE][MapExport] :: entity found:12398, entity valid:1644, types total:261... took 2 sec
 9:00:46.723 Player connect enabled
 9:00:46.863 [Login]: Adding player FourAMbayBridge (1769392269) to login queue at position 0
 9:00:46.863 [LoginMachine]: Add player FourAMbayBridge (1769392269 24.69.196.180:2324)
 9:00:46.863 [StateMachine]: Player FourAMbayBridge (dpnid 1769392269 uid ) Entering AuthPlayerLoginState
 9:00:47.715 [Login]: Adding player Teddybear (750382975) to login queue at position 0
 9:00:47.715 [LoginMachine]: Add player Teddybear (750382975 71.1.250.54:2324)
 9:00:47.715 [StateMachine]: Player Teddybear (dpnid 750382975 uid ) Entering AuthPlayerLoginState
 9:00:47.938 [StateMachine]: Player FourAMbayBridge (dpnid 1769392269 uid ) Entering WaitAuthPlayerLoginState
 9:00:48.705 [StateMachine]: Player Teddybear (dpnid 750382975 uid ) Entering WaitAuthPlayerLoginState
 9:00:50.370 Player FourAMbayBridge connected (id=_85ITulioFbSK1XU1PPnczmphxWeQu6dUknni98sEmw=).
 9:00:50.370 Player "FourAMbayBridge" is connected (steamID=76561199498715649)
 9:00:50.371 [StateMachine]: Player FourAMbayBridge (dpnid 1769392269 uid ) Entering WaitPlayerAssignedLoginState
 9:00:51.381 Player Teddybear connected (id=Q74fxPdlRt8xzaRnXB-9fMyQ9RnGUPZVj3H_Kuu3Hsc=).
 9:00:51.381 Player "Teddybear" is connected (steamID=76561198190486863)
 9:00:51.382 [StateMachine]: Player Teddybear (dpnid 750382975 uid ) Entering WaitPlayerAssignedLoginState
 9:00:53.623 [StateMachine]: Player FourAMbayBridge (dpnid 1769392269 uid _85ITulioFbSK1XU1PPnczmphxWeQu6dUknni98sEmw=) Entering DBGetLoginTimeLoginState
 9:00:53.627 [StateMachine]: Player FourAMbayBridge (dpnid 1769392269 uid _85ITulioFbSK1XU1PPnczmphxWeQu6dUknni98sEmw=) Entering DBWaitLoginTimeLoginState
 9:00:55.815 [Login]: Adding player Dsve (1017663637) to login queue at position 0
 9:00:55.815 [LoginMachine]: Add player Dsve (1017663637 86.160.73.54:2324)
 9:00:55.815 [StateMachine]: Player Dsve (dpnid 1017663637 uid ) Entering AuthPlayerLoginState
 9:00:56.125 [StateMachine]: Player Teddybear (dpnid 750382975 uid Q74fxPdlRt8xzaRnXB-9fMyQ9RnGUPZVj3H_Kuu3Hsc=) Entering DBGetLoginTimeLoginState
 9:00:56.126 [StateMachine]: Player Teddybear (dpnid 750382975 uid Q74fxPdlRt8xzaRnXB-9fMyQ9RnGUPZVj3H_Kuu3Hsc=) Entering DBWaitLoginTimeLoginState
 9:00:56.845 [StateMachine]: Player Dsve (dpnid 1017663637 uid ) Entering WaitAuthPlayerLoginState
 9:00:59.232 Player Dsve connected (id=Qic5SNTY0BT56kizrfXRYlHdsMcCf1qvkmGKZpEzevE=).
 9:00:59.232 Player "Dsve" is connected (steamID=76561198135230420)
 9:00:59.232 [StateMachine]: Player Dsve (dpnid 1017663637 uid ) Entering WaitPlayerAssignedLoginState
 9:01:01.12 [StateMachine]: Player Dsve (dpnid 1017663637 uid Qic5SNTY0BT56kizrfXRYlHdsMcCf1qvkmGKZpEzevE=) Entering DBGetLoginTimeLoginState
 9:01:01.13 [StateMachine]: Player Dsve (dpnid 1017663637 uid Qic5SNTY0BT56kizrfXRYlHdsMcCf1qvkmGKZpEzevE=) Entering DBWaitLoginTimeLoginState
 9:01:08.627 [StateMachine]: Player FourAMbayBridge (dpnid 1769392269 uid _85ITulioFbSK1XU1PPnczmphxWeQu6dUknni98sEmw=) Entering DBGetCharacterLoginState
 9:01:08.628 [StateMachine]: Player FourAMbayBridge (dpnid 1769392269 uid _85ITulioFbSK1XU1PPnczmphxWeQu6dUknni98sEmw=) Entering CreateNetObjectsLoginState
 9:01:08.630 [StateMachine]: Player FourAMbayBridge (dpnid 1769392269 uid _85ITulioFbSK1XU1PPnczmphxWeQu6dUknni98sEmw=) Entering PreloadCamLoginState
 9:01:08.630 [StateMachine]: Player FourAMbayBridge (dpnid 1769392269 uid _85ITulioFbSK1XU1PPnczmphxWeQu6dUknni98sEmw=) Entering WaitPreloadCamLoginState
 9:01:09.540 [StateMachine]: Player FourAMbayBridge (dpnid 1769392269 uid _85ITulioFbSK1XU1PPnczmphxWeQu6dUknni98sEmw=) Entering GetLoadedCharLoginState
 9:01:12.901 <LOAD EXISTING CHAR>:
    charID 7
    playerID 7
    dpnid 1769392269
    uid _85ITulioFbSK1XU1PPnczmphxWeQu6dUknni98sEmw=
 9:01:12.901 [StateMachine]: Player Teddybear (dpnid 750382975 uid Q74fxPdlRt8xzaRnXB-9fMyQ9RnGUPZVj3H_Kuu3Hsc=) Entering DBGetCharacterLoginState
 9:01:12.915 [StateMachine]: Player Teddybear (dpnid 750382975 uid Q74fxPdlRt8xzaRnXB-9fMyQ9RnGUPZVj3H_Kuu3Hsc=) Entering CreateNetObjectsLoginState
 9:01:12.919 [StateMachine]: Player Teddybear (dpnid 750382975 uid Q74fxPdlRt8xzaRnXB-9fMyQ9RnGUPZVj3H_Kuu3Hsc=) Entering PreloadCamLoginState
 9:01:12.919 [StateMachine]: Player Teddybear (dpnid 750382975 uid Q74fxPdlRt8xzaRnXB-9fMyQ9RnGUPZVj3H_Kuu3Hsc=) Entering WaitPreloadCamLoginState
 9:01:14.131 [StateMachine]: Player Teddybear (dpnid 750382975 uid Q74fxPdlRt8xzaRnXB-9fMyQ9RnGUPZVj3H_Kuu3Hsc=) Entering GetLoadedCharLoginState
 9:01:14.174 <LOAD EXISTING CHAR>:
    charID 1
    playerID 1
    dpnid 750382975
    uid Q74fxPdlRt8xzaRnXB-9fMyQ9RnGUPZVj3H_Kuu3Hsc=
 9:01:16.14 [StateMachine]: Player Dsve (dpnid 1017663637 uid Qic5SNTY0BT56kizrfXRYlHdsMcCf1qvkmGKZpEzevE=) Entering DBGetCharacterLoginState
 9:01:16.15 [StateMachine]: Player Dsve (dpnid 1017663637 uid Qic5SNTY0BT56kizrfXRYlHdsMcCf1qvkmGKZpEzevE=) Entering CreateNetObjectsLoginState
 9:01:16.17 [StateMachine]: Player Dsve (dpnid 1017663637 uid Qic5SNTY0BT56kizrfXRYlHdsMcCf1qvkmGKZpEzevE=) Entering PreloadCamLoginState
 9:01:16.18 [StateMachine]: Player Dsve (dpnid 1017663637 uid Qic5SNTY0BT56kizrfXRYlHdsMcCf1qvkmGKZpEzevE=) Entering WaitPreloadCamLoginState
 9:01:17.179 [StateMachine]: Player Dsve (dpnid 1017663637 uid Qic5SNTY0BT56kizrfXRYlHdsMcCf1qvkmGKZpEzevE=) Entering GetLoadedCharLoginState
 9:01:17.210 <LOAD EXISTING CHAR>:
    charID 5
    playerID 5
    dpnid 1017663637
    uid Qic5SNTY0BT56kizrfXRYlHdsMcCf1qvkmGKZpEzevE=
 9:05:40.723 Respawn: Add player Dsve (1017663637) to respawn machine
 9:05:40.723 [StateMachine]: Player Dsve (dpnid 1017663637 uid ) Entering GetCharacterRespawnState
 9:05:40.724 [StateMachine]: Player Dsve (dpnid 1017663637 uid ) Entering PreloadCamRespawnState
 9:05:40.724 [StateMachine]: Player Dsve (dpnid 1017663637 uid ) Entering WaitPreloadCamRespawnState
 9:05:55.962 [StateMachine]: Player Dsve (dpnid 1017663637 uid ) Entering GetNewCharRespawnState
 9:05:55.975 <RESPAWN NEW CHAR>:
    charID 5
    playerID 5
    dpnid 1017663637
    uid Qic5SNTY0BT56kizrfXRYlHdsMcCf1qvkmGKZpEzevE=
 9:06:51.500 [Login]: Adding player talonhawkbird (26468238) to login queue at position 0
 9:06:51.500 [LoginMachine]: Add player talonhawkbird (26468238 35.149.147.115:22368)
 9:06:51.500 [StateMachine]: Player talonhawkbird (dpnid 26468238 uid ) Entering AuthPlayerLoginState
 9:06:52.818 [StateMachine]: Player talonhawkbird (dpnid 26468238 uid ) Entering WaitAuthPlayerLoginState
 9:06:55.618 Player talonhawkbird connected (id=YY8CZK1ZYEenaQ6i-aSMIxiAXEPOlufiKoGr1Ukm_LQ=).
 9:06:55.618 Player "talonhawkbird" is connected (steamID=76561198801193311)
 9:06:55.618 [StateMachine]: Player talonhawkbird (dpnid 26468238 uid ) Entering WaitPlayerAssignedLoginState
 9:06:56.218 [StateMachine]: Player talonhawkbird (dpnid 26468238 uid YY8CZK1ZYEenaQ6i-aSMIxiAXEPOlufiKoGr1Ukm_LQ=) Entering DBGetLoginTimeLoginState
 9:06:56.225 [StateMachine]: Player talonhawkbird (dpnid 26468238 uid YY8CZK1ZYEenaQ6i-aSMIxiAXEPOlufiKoGr1Ukm_LQ=) Entering DBWaitLoginTimeLoginState
 9:07:11.225 [StateMachine]: Player talonhawkbird (dpnid 26468238 uid YY8CZK1ZYEenaQ6i-aSMIxiAXEPOlufiKoGr1Ukm_LQ=) Entering DBGetCharacterLoginState
 9:07:11.226 [StateMachine]: Player talonhawkbird (dpnid 26468238 uid YY8CZK1ZYEenaQ6i-aSMIxiAXEPOlufiKoGr1Ukm_LQ=) Entering CreateNetObjectsLoginState
 9:07:11.228 [StateMachine]: Player talonhawkbird (dpnid 26468238 uid YY8CZK1ZYEenaQ6i-aSMIxiAXEPOlufiKoGr1Ukm_LQ=) Entering PreloadCamLoginState
 9:07:11.228 [StateMachine]: Player talonhawkbird (dpnid 26468238 uid YY8CZK1ZYEenaQ6i-aSMIxiAXEPOlufiKoGr1Ukm_LQ=) Entering WaitPreloadCamLoginState
 9:07:17.315 [StateMachine]: Player talonhawkbird (dpnid 26468238 uid YY8CZK1ZYEenaQ6i-aSMIxiAXEPOlufiKoGr1Ukm_LQ=) Entering GetNewCharLoginState
 9:07:17.347 <CREATE NEW CHAR>:
    charID 8
    playerID 8
    dpnid 26468238
    uid YY8CZK1ZYEenaQ6i-aSMIxiAXEPOlufiKoGr1Ukm_LQ=
 9:09:19.298 [Disconnect]: Start script disconnect 750382975 (dbCharacterId 1 dbPlayerId 1) logoutTime 15
 9:09:34.308 [Disconnect]: Finish script disconnect 750382975 (Q74fxPdlRt8xzaRnXB-9fMyQ9RnGUPZVj3H_Kuu3Hsc=)
 9:09:34.309 [Disconnect]: DisconnectPlayerFinish 750382975
 9:09:34.908 [Disconnect]: Remove player info 750382975
 9:09:34.911 [Disconnect]: Player destroy 750382975 
 9:22:43.548 [CE][Links] found 0 total links between groups, of 1
 9:22:43.548 [CE][SpawnRandomLoot] (StaticMedDrop) :: Type: Misc_cargo_cont_net1, lootmin: 8, lootmax: 8, wanted: 8, deloot: 2, containermaxsum: 6
 9:22:43.548 [CE][SpawnRandomLoot] (StaticMedDrop) :: Type: Misc_cargo_cont_net1 :: !!! Sum of container LootMax is lower than event child LootMax (6 < 8)
 9:22:43.548 [CE][SpawnRandomLoot] (StaticMedDrop) :: Type: Misc_cargo_cont_net1 :: !!! Wanting to spawn more loot than possible (8 > 6)
 9:22:43.551 [CE][Links] found 0 total links between groups, of 2
 9:22:43.551 [CE][SpawnRandomLoot] (StaticMedDrop) :: Type: Misc_cargo_cont_net1, lootmin: 8, lootmax: 8, wanted: 8, deloot: 2, containermaxsum: 6
 9:22:43.551 [CE][SpawnRandomLoot] (StaticMedDrop) :: Type: Misc_cargo_cont_net1 :: !!! Sum of container LootMax is lower than event child LootMax (6 < 8)
 9:22:43.551 [CE][SpawnRandomLoot] (StaticMedDrop) :: Type: Misc_cargo_cont_net1 :: !!! Wanting to spawn more loot than possible (8 > 6)
 9:22:43.554 [CE][Links] found 0 total links between groups, of 3
 9:22:43.554 [CE][SpawnRandomLoot] (StaticMedDrop) :: Type: Misc_cargo_cont_net1, lootmin: 8, lootmax: 8, wanted: 8, deloot: 2, containermaxsum: 6
 9:22:43.554 [CE][SpawnRandomLoot] (StaticMedDrop) :: Type: Misc_cargo_cont_net1 :: !!! Sum of container LootMax is lower than event child LootMax (6 < 8)
 9:22:43.554 [CE][SpawnRandomLoot] (StaticMedDrop) :: Type: Misc_cargo_cont_net1 :: !!! Wanting to spawn more loot than possible (8 > 6)
 9:22:43.557 [CE][Links] found 0 total links between groups, of 4
 9:22:43.557 [CE][SpawnRandomLoot] (StaticMedDrop) :: Type: Misc_cargo_cont_net1, lootmin: 8, lootmax: 8, wanted: 8, deloot: 2, containermaxsum: 6
 9:22:43.557 [CE][SpawnRandomLoot] (StaticMedDrop) :: Type: Misc_cargo_cont_net1 :: !!! Sum of container LootMax is lower than event child LootMax (6 < 8)
 9:22:43.557 [CE][SpawnRandomLoot] (StaticMedDrop) :: Type: Misc_cargo_cont_net1 :: !!! Wanting to spawn more loot than possible (8 > 6)
 9:22:43.560 [CE][Links] found 0 total links between groups, of 5
 9:22:43.560 [CE][SpawnRandomLoot] (StaticMedDrop) :: Type: Misc_cargo_cont_net1, lootmin: 8, lootmax: 8, wanted: 8, deloot: 2, containermaxsum: 6
 9:22:43.560 [CE][SpawnRandomLoot] (StaticMedDrop) :: Type: Misc_cargo_cont_net1 :: !!! Sum of container LootMax is lower than event child LootMax (6 < 8)
 9:22:43.560 [CE][SpawnRandomLoot] (StaticMedDrop) :: Type: Misc_cargo_cont_net1 :: !!! Wanting to spawn more loot than possible (8 > 6)
 9:22:43.565 [CE][Links] found 0 total links between groups, of 6
 9:22:43.565 [CE][SpawnRandomLoot] (StaticMedDrop) :: Type: Misc_cargo_cont_net1, lootmin: 8, lootmax: 8, wanted: 8, deloot: 2, containermaxsum: 6
 9:22:43.565 [CE][SpawnRandomLoot] (StaticMedDrop) :: Type: Misc_cargo_cont_net1 :: !!! Sum of container LootMax is lower than event child LootMax (6 < 8)
 9:22:43.565 [CE][SpawnRandomLoot] (StaticMedDrop) :: Type: Misc_cargo_cont_net1 :: !!! Wanting to spawn more loot than possible (8 > 6)
 9:23:14.63 Respawn: Add player talonhawkbird (26468238) to respawn machine
 9:23:14.64 [StateMachine]: Player talonhawkbird (dpnid 26468238 uid ) Entering GetCharacterRespawnState
 9:23:14.64 [StateMachine]: Player talonhawkbird (dpnid 26468238 uid ) Entering PreloadCamRespawnState
 9:23:14.65 [StateMachine]: Player talonhawkbird (dpnid 26468238 uid ) Entering WaitPreloadCamRespawnState
 9:23:14.878 [StateMachine]: Player talonhawkbird (dpnid 26468238 uid ) Entering GetNewCharRespawnState
 9:23:14.888 <RESPAWN NEW CHAR>:
    charID 8
    playerID 8
    dpnid 26468238
    uid YY8CZK1ZYEenaQ6i-aSMIxiAXEPOlufiKoGr1Ukm_LQ=
 9:24:30.905 [CE][Links] found 0 total links between groups, of 7
 9:24:30.905 [CE][SpawnRandomLoot] (StaticLifeboat) :: Type: sea_oilrig_lifeboat, lootmin: 4, lootmax: 5, wanted: 4, deloot: 2, containermaxsum: 5
 9:24:30.906 [CE][SpawnRandomLoot] (StaticLifeboat) :: No item found to spawn for DE! Spawned: 2 / 4 (enable log_ce_dynamicevent to see item lists for event)
 9:29:25.922 Respawn: Add player talonhawkbird (26468238) to respawn machine
 9:29:25.922 [StateMachine]: Player talonhawkbird (dpnid 26468238 uid ) Entering GetCharacterRespawnState
 9:29:25.923 [StateMachine]: Player talonhawkbird (dpnid 26468238 uid ) Entering PreloadCamRespawnState
 9:29:25.924 [StateMachine]: Player talonhawkbird (dpnid 26468238 uid ) Entering WaitPreloadCamRespawnState
 9:29:26.800 [StateMachine]: Player talonhawkbird (dpnid 26468238 uid ) Entering GetNewCharRespawnState
 9:29:26.812 <RESPAWN NEW CHAR>:
    charID 8
    playerID 8
    dpnid 26468238
    uid YY8CZK1ZYEenaQ6i-aSMIxiAXEPOlufiKoGr1Ukm_LQ=
 9:34:40.992 [Disconnect]: No packets from 26468238
 9:34:40.992 Player talonhawkbird (26468238) kicked from server: 4 (Connection with host has been lost.)
 9:34:41.11 [Disconnect]: Client 26468238 early disconnect
 9:34:41.11 [Disconnect]: Start script disconnect 26468238 (dbCharacterId 8 dbPlayerId 8) logoutTime 15
 9:34:41.993 [Disconnect]: Remove player info 26468238
 9:34:42.02 [Disconnect]: Player destroy 26468238 
 9:34:56.19 [Disconnect]: Finish script disconnect -1 (YY8CZK1ZYEenaQ6i-aSMIxiAXEPOlufiKoGr1Ukm_LQ=)
 9:35:14.295 [Login]: Adding player talonhawkbird (27785739) to login queue at position 0
 9:35:14.295 [LoginMachine]: Add player talonhawkbird (27785739 35.149.147.115:22368)
 9:35:14.295 [StateMachine]: Player talonhawkbird (dpnid 27785739 uid ) Entering AuthPlayerLoginState
 9:35:15.541 [StateMachine]: Player talonhawkbird (dpnid 27785739 uid ) Entering WaitAuthPlayerLoginState
 9:35:18.496 Player talonhawkbird connected (id=YY8CZK1ZYEenaQ6i-aSMIxiAXEPOlufiKoGr1Ukm_LQ=).
 9:35:18.496 Player "talonhawkbird" is connected (steamID=76561198801193311)
 9:35:18.496 [StateMachine]: Player talonhawkbird (dpnid 27785739 uid ) Entering WaitPlayerAssignedLoginState
 9:35:19.123 [StateMachine]: Player talonhawkbird (dpnid 27785739 uid YY8CZK1ZYEenaQ6i-aSMIxiAXEPOlufiKoGr1Ukm_LQ=) Entering DBGetLoginTimeLoginState
 9:35:19.124 [StateMachine]: Player talonhawkbird (dpnid 27785739 uid YY8CZK1ZYEenaQ6i-aSMIxiAXEPOlufiKoGr1Ukm_LQ=) Entering DBWaitLoginTimeLoginState
 9:35:34.124 [StateMachine]: Player talonhawkbird (dpnid 27785739 uid YY8CZK1ZYEenaQ6i-aSMIxiAXEPOlufiKoGr1Ukm_LQ=) Entering DBGetCharacterLoginState
 9:35:34.126 [StateMachine]: Player talonhawkbird (dpnid 27785739 uid YY8CZK1ZYEenaQ6i-aSMIxiAXEPOlufiKoGr1Ukm_LQ=) Entering CreateNetObjectsLoginState
 9:35:34.128 [StateMachine]: Player talonhawkbird (dpnid 27785739 uid YY8CZK1ZYEenaQ6i-aSMIxiAXEPOlufiKoGr1Ukm_LQ=) Entering PreloadCamLoginState
 9:35:34.129 [StateMachine]: Player talonhawkbird (dpnid 27785739 uid YY8CZK1ZYEenaQ6i-aSMIxiAXEPOlufiKoGr1Ukm_LQ=) Entering WaitPreloadCamLoginState
 9:35:41.42 [StateMachine]: Player talonhawkbird (dpnid 27785739 uid YY8CZK1ZYEenaQ6i-aSMIxiAXEPOlufiKoGr1Ukm_LQ=) Entering GetLoadedCharLoginState
 9:35:41.67 <LOAD EXISTING CHAR>:
    charID 8
    playerID 8
    dpnid 27785739
    uid YY8CZK1ZYEenaQ6i-aSMIxiAXEPOlufiKoGr1Ukm_LQ=
10:05:19.820 [CE][Links] found 0 total links between groups, of 8
10:05:19.820 [CE][SpawnRandomLoot] (StaticMedDrop) :: Type: Misc_cargo_cont_net1, lootmin: 8, lootmax: 8, wanted: 8, deloot: 2, containermaxsum: 6
10:05:19.820 [CE][SpawnRandomLoot] (StaticMedDrop) :: Type: Misc_cargo_cont_net1 :: !!! Sum of container LootMax is lower than event child LootMax (6 < 8)
10:05:19.820 [CE][SpawnRandomLoot] (StaticMedDrop) :: Type: Misc_cargo_cont_net1 :: !!! Wanting to spawn more loot than possible (8 > 6)
10:05:19.823 [CE][Links] found 0 total links between groups, of 9
10:05:19.823 [CE][SpawnRandomLoot] (StaticMedDrop) :: Type: Misc_cargo_cont_net1, lootmin: 8, lootmax: 8, wanted: 8, deloot: 2, containermaxsum: 6
10:05:19.823 [CE][SpawnRandomLoot] (StaticMedDrop) :: Type: Misc_cargo_cont_net1 :: !!! Sum of container LootMax is lower than event child LootMax (6 < 8)
10:05:19.823 [CE][SpawnRandomLoot] (StaticMedDrop) :: Type: Misc_cargo_cont_net1 :: !!! Wanting to spawn more loot than possible (8 > 6)
10:05:19.826 [CE][Links] found 0 total links between groups, of 10
10:05:19.826 [CE][SpawnRandomLoot] (StaticMedDrop) :: Type: Misc_cargo_cont_net1, lootmin: 8, lootmax: 8, wanted: 8, deloot: 2, containermaxsum: 6
10:05:19.826 [CE][SpawnRandomLoot] (StaticMedDrop) :: Type: Misc_cargo_cont_net1 :: !!! Sum of container LootMax is lower than event child LootMax (6 < 8)
10:05:19.826 [CE][SpawnRandomLoot] (StaticMedDrop) :: Type: Misc_cargo_cont_net1 :: !!! Wanting to spawn more loot than possible (8 > 6)
10:05:19.829 [CE][Links] found 0 total links between groups, of 11
10:05:19.829 [CE][SpawnRandomLoot] (StaticMedDrop) :: Type: Misc_cargo_cont_net1, lootmin: 8, lootmax: 8, wanted: 8, deloot: 2, containermaxsum: 6
10:05:19.829 [CE][SpawnRandomLoot] (StaticMedDrop) :: Type: Misc_cargo_cont_net1 :: !!! Sum of container LootMax is lower than event child LootMax (6 < 8)
10:05:19.829 [CE][SpawnRandomLoot] (StaticMedDrop) :: Type: Misc_cargo_cont_net1 :: !!! Wanting to spawn more loot than possible (8 > 6)
10:05:19.831 [CE][Links] found 0 total links between groups, of 12
10:05:19.831 [CE][SpawnRandomLoot] (StaticMedDrop) :: Type: Misc_cargo_cont_net1, lootmin: 8, lootmax: 8, wanted: 8, deloot: 2, containermaxsum: 6
10:05:19.831 [CE][SpawnRandomLoot] (StaticMedDrop) :: Type: Misc_cargo_cont_net1 :: !!! Sum of container LootMax is lower than event child LootMax (6 < 8)
10:05:19.831 [CE][SpawnRandomLoot] (StaticMedDrop) :: Type: Misc_cargo_cont_net1 :: !!! Wanting to spawn more loot than possible (8 > 6)
10:05:19.834 [CE][Links] found 0 total links between groups, of 13
10:05:19.834 [CE][SpawnRandomLoot] (StaticMedDrop) :: Type: Misc_cargo_cont_net1, lootmin: 8, lootmax: 8, wanted: 8, deloot: 2, containermaxsum: 6
10:05:19.834 [CE][SpawnRandomLoot] (StaticMedDrop) :: Type: Misc_cargo_cont_net1 :: !!! Sum of container LootMax is lower than event child LootMax (6 < 8)
10:05:19.834 [CE][SpawnRandomLoot] (StaticMedDrop) :: Type: Misc_cargo_cont_net1 :: !!! Wanting to spawn more loot than possible (8 > 6)
10:07:07.125 [CE][Links] found 0 total links between groups, of 14
10:07:07.125 [CE][SpawnRandomLoot] (StaticLifeboat) :: Type: sea_oilrig_lifeboat, lootmin: 4, lootmax: 5, wanted: 4, deloot: 2, containermaxsum: 5
10:07:07.125 [CE][SpawnRandomLoot] (StaticLifeboat) :: No item found to spawn for DE! Spawned: 2 / 4 (enable log_ce_dynamicevent to see item lists for event)
10:23:04.290 Respawn: Add player Dsve (1017663637) to respawn machine
10:23:04.290 [StateMachine]: Player Dsve (dpnid 1017663637 uid ) Entering GetCharacterRespawnState
10:23:04.291 [StateMachine]: Player Dsve (dpnid 1017663637 uid ) Entering PreloadCamRespawnState
10:23:04.291 [StateMachine]: Player Dsve (dpnid 1017663637 uid ) Entering WaitPreloadCamRespawnState
10:23:04.982 [StateMachine]: Player Dsve (dpnid 1017663637 uid ) Entering GetNewCharRespawnState
10:23:04.996 <RESPAWN NEW CHAR>:
    charID 5
    playerID 5
    dpnid 1017663637
    uid Qic5SNTY0BT56kizrfXRYlHdsMcCf1qvkmGKZpEzevE=
10:23:23.883 Respawn: Add player talonhawkbird (27785739) to respawn machine
10:23:23.884 [StateMachine]: Player talonhawkbird (dpnid 27785739 uid ) Entering GetCharacterRespawnState
10:23:23.884 [StateMachine]: Player talonhawkbird (dpnid 27785739 uid ) Entering PreloadCamRespawnState
10:23:23.884 [StateMachine]: Player talonhawkbird (dpnid 27785739 uid ) Entering WaitPreloadCamRespawnState
10:23:25.503 [Disconnect]: Start script disconnect 1017663637 (dbCharacterId 5 dbPlayerId 5) logoutTime 15
10:23:27.293 [Disconnect]: Client 1017663637 disconnecting
10:23:27.293 [Disconnect]: Client 1017663637 early disconnect
10:23:27.293 [Disconnect]: Start script disconnect 1017663637 (dbCharacterId 5 dbPlayerId 5) logoutTime 15
10:23:38.90 [Disconnect]: No packets from 1017663637
10:23:38.90 Player Dsve (1017663637) kicked from server: 4 (Connection with host has been lost.)
10:23:39.50 [StateMachine]: Player talonhawkbird (dpnid 27785739 uid ) Entering GetNewCharRespawnState
10:23:39.60 <RESPAWN NEW CHAR>:
    charID 8
    playerID 8
    dpnid 27785739
    uid YY8CZK1ZYEenaQ6i-aSMIxiAXEPOlufiKoGr1Ukm_LQ=
10:23:39.89 [Disconnect]: Remove player info 1017663637
10:23:39.113 [Disconnect]: Player destroy 1017663637 
10:23:40.512 [Disconnect]: Finish script disconnect -1 (Qic5SNTY0BT56kizrfXRYlHdsMcCf1qvkmGKZpEzevE=)
10:23:42.756 [Login]: Adding player NoX (60759409) to login queue at position 0
10:23:42.756 [LoginMachine]: Add player NoX (60759409 77.180.136.135:2324)
10:23:42.756 [StateMachine]: Player NoX (dpnid 60759409 uid ) Entering AuthPlayerLoginState
10:23:44.417 [StateMachine]: Player NoX (dpnid 60759409 uid ) Entering WaitAuthPlayerLoginState
10:23:47.365 Player NoX connected (id=PCL1Yz_VZlh4t6uY2LDmY3JdvI61Z8PbjFBIbV6EOyo=).
10:23:47.365 Player "NoX" is connected (steamID=76561198367154108)
10:23:47.365 [StateMachine]: Player NoX (dpnid 60759409 uid ) Entering WaitPlayerAssignedLoginState
10:23:48.30 [StateMachine]: Player NoX (dpnid 60759409 uid PCL1Yz_VZlh4t6uY2LDmY3JdvI61Z8PbjFBIbV6EOyo=) Entering DBGetLoginTimeLoginState
10:23:48.39 [StateMachine]: Player NoX (dpnid 60759409 uid PCL1Yz_VZlh4t6uY2LDmY3JdvI61Z8PbjFBIbV6EOyo=) Entering DBWaitLoginTimeLoginState
10:24:03.38 [StateMachine]: Player NoX (dpnid 60759409 uid PCL1Yz_VZlh4t6uY2LDmY3JdvI61Z8PbjFBIbV6EOyo=) Entering DBGetCharacterLoginState
10:24:03.39 [StateMachine]: Player NoX (dpnid 60759409 uid PCL1Yz_VZlh4t6uY2LDmY3JdvI61Z8PbjFBIbV6EOyo=) Entering CreateNetObjectsLoginState
10:24:03.40 [StateMachine]: Player NoX (dpnid 60759409 uid PCL1Yz_VZlh4t6uY2LDmY3JdvI61Z8PbjFBIbV6EOyo=) Entering PreloadCamLoginState
10:24:03.41 [StateMachine]: Player NoX (dpnid 60759409 uid PCL1Yz_VZlh4t6uY2LDmY3JdvI61Z8PbjFBIbV6EOyo=) Entering WaitPreloadCamLoginState
10:24:39.158 [StateMachine]: Player NoX (dpnid 60759409 uid PCL1Yz_VZlh4t6uY2LDmY3JdvI61Z8PbjFBIbV6EOyo=) Entering GetNewCharLoginState
10:24:39.182 <CREATE NEW CHAR>:
    charID 9
    playerID 9
    dpnid 60759409
    uid PCL1Yz_VZlh4t6uY2LDmY3JdvI61Z8PbjFBIbV6EOyo=
10:26:51.591 Player NoX (60759409) kicked from server: 240 ( (Client not responding))
10:26:51.603 [Disconnect]: Client 60759409 early disconnect
10:26:51.603 [Disconnect]: Start script disconnect 60759409 (dbCharacterId 9 dbPlayerId 9) logoutTime 15
10:26:52.91 [Disconnect]: Remove player info 60759409
10:26:52.100 [Disconnect]: Player destroy 60759409 
10:27:06.611 [Disconnect]: Finish script disconnect -1 (PCL1Yz_VZlh4t6uY2LDmY3JdvI61Z8PbjFBIbV6EOyo=)
10:44:31.863 Respawn: Add player talonhawkbird (27785739) to respawn machine
10:44:31.863 [StateMachine]: Player talonhawkbird (dpnid 27785739 uid ) Entering GetCharacterRespawnState
10:44:31.863 [StateMachine]: Player talonhawkbird (dpnid 27785739 uid ) Entering PreloadCamRespawnState
10:44:31.864 [StateMachine]: Player talonhawkbird (dpnid 27785739 uid ) Entering WaitPreloadCamRespawnState
10:44:32.620 [StateMachine]: Player talonhawkbird (dpnid 27785739 uid ) Entering GetNewCharRespawnState
10:44:32.630 <RESPAWN NEW CHAR>:
    charID 8
    playerID 8
    dpnid 27785739
    uid YY8CZK1ZYEenaQ6i-aSMIxiAXEPOlufiKoGr1Ukm_LQ=
10:47:55.799 [CE][Links] found 0 total links between groups, of 15
10:47:55.799 [CE][SpawnRandomLoot] (StaticMedDrop) :: Type: Misc_cargo_cont_net1, lootmin: 8, lootmax: 8, wanted: 8, deloot: 2, containermaxsum: 6
10:47:55.799 [CE][SpawnRandomLoot] (StaticMedDrop) :: Type: Misc_cargo_cont_net1 :: !!! Sum of container LootMax is lower than event child LootMax (6 < 8)
10:47:55.799 [CE][SpawnRandomLoot] (StaticMedDrop) :: Type: Misc_cargo_cont_net1 :: !!! Wanting to spawn more loot than possible (8 > 6)
10:47:55.801 [CE][Links] found 0 total links between groups, of 16
10:47:55.801 [CE][SpawnRandomLoot] (StaticMedDrop) :: Type: Misc_cargo_cont_net1, lootmin: 8, lootmax: 8, wanted: 8, deloot: 2, containermaxsum: 6
10:47:55.801 [CE][SpawnRandomLoot] (StaticMedDrop) :: Type: Misc_cargo_cont_net1 :: !!! Sum of container LootMax is lower than event child LootMax (6 < 8)
10:47:55.801 [CE][SpawnRandomLoot] (StaticMedDrop) :: Type: Misc_cargo_cont_net1 :: !!! Wanting to spawn more loot than possible (8 > 6)
10:47:55.803 [CE][Links] found 0 total links between groups, of 17
10:47:55.803 [CE][SpawnRandomLoot] (StaticMedDrop) :: Type: Misc_cargo_cont_net1, lootmin: 8, lootmax: 8, wanted: 8, deloot: 2, containermaxsum: 6
10:47:55.803 [CE][SpawnRandomLoot] (StaticMedDrop) :: Type: Misc_cargo_cont_net1 :: !!! Sum of container LootMax is lower than event child LootMax (6 < 8)
10:47:55.803 [CE][SpawnRandomLoot] (StaticMedDrop) :: Type: Misc_cargo_cont_net1 :: !!! Wanting to spawn more loot than possible (8 > 6)
10:47:55.806 [CE][Links] found 0 total links between groups, of 18
10:47:55.806 [CE][SpawnRandomLoot] (StaticMedDrop) :: Type: Misc_cargo_cont_net1, lootmin: 8, lootmax: 8, wanted: 8, deloot: 2, containermaxsum: 6
10:47:55.806 [CE][SpawnRandomLoot] (StaticMedDrop) :: Type: Misc_cargo_cont_net1 :: !!! Sum of container LootMax is lower than event child LootMax (6 < 8)
10:47:55.806 [CE][SpawnRandomLoot] (StaticMedDrop) :: Type: Misc_cargo_cont_net1 :: !!! Wanting to spawn more loot than possible (8 > 6)
10:47:55.808 [CE][Links] found 0 total links between groups, of 19
10:47:55.808 [CE][SpawnRandomLoot] (StaticMedDrop) :: Type: Misc_cargo_cont_net1, lootmin: 8, lootmax: 8, wanted: 8, deloot: 2, containermaxsum: 6
10:47:55.808 [CE][SpawnRandomLoot] (StaticMedDrop) :: Type: Misc_cargo_cont_net1 :: !!! Sum of container LootMax is lower than event child LootMax (6 < 8)
10:47:55.808 [CE][SpawnRandomLoot] (StaticMedDrop) :: Type: Misc_cargo_cont_net1 :: !!! Wanting to spawn more loot than possible (8 > 6)
10:47:55.811 [CE][Links] found 0 total links between groups, of 20
10:47:55.811 [CE][SpawnRandomLoot] (StaticMedDrop) :: Type: Misc_cargo_cont_net1, lootmin: 8, lootmax: 8, wanted: 8, deloot: 2, containermaxsum: 6
10:47:55.811 [CE][SpawnRandomLoot] (StaticMedDrop) :: Type: Misc_cargo_cont_net1 :: !!! Sum of container LootMax is lower than event child LootMax (6 < 8)
10:47:55.811 [CE][SpawnRandomLoot] (StaticMedDrop) :: Type: Misc_cargo_cont_net1 :: !!! Wanting to spawn more loot than possible (8 > 6)
10:49:43.101 [CE][Links] found 2 total links between groups, of 21
10:49:43.101 [CE][SpawnRandomLoot] (StaticLifeboat) :: Type: sea_oilrig_lifeboat, lootmin: 4, lootmax: 5, wanted: 4, deloot: 2, containermaxsum: 5
10:49:43.101 [CE][SpawnRandomLoot] (StaticLifeboat) :: No item found to spawn for DE! Spawned: 2 / 4 (enable log_ce_dynamicevent to see item lists for event)
10:56:34.702 [Login]: Adding player Survivor (23693715) to login queue at position 0
10:56:34.702 [LoginMachine]: Add player Survivor (23693715 70.50.117.22:2324)
10:56:34.702 [StateMachine]: Player Survivor (dpnid 23693715 uid ) Entering AuthPlayerLoginState
10:56:36.173 [StateMachine]: Player Survivor (dpnid 23693715 uid ) Entering WaitAuthPlayerLoginState
10:56:39.93 Player Survivor connected (id=XxGDTnkUoKAQTFKMEf0Jq8fjODfVLe2li_52dra4x-E=).
10:56:39.93 Player "Survivor" is connected (steamID=76561199182879356)
10:56:39.94 [StateMachine]: Player Survivor (dpnid 23693715 uid ) Entering WaitPlayerAssignedLoginState
10:56:39.424 [StateMachine]: Player Survivor (dpnid 23693715 u