

=====================================================================
== C:\TCAFiles\Users\ted\153052\DayZServer_x64.exe
== "C:\TCAFiles\Users\ted\153052\DayZServer_x64.exe" -port=2322 -config=serverDZ_By_HostHavoc.cfg -profiles=C:\TCAFiles\Users\ted\153052\HostHavocDayZServer "-servermod=" "-mod=@Namalsk Island;@Namalsk Survival;@CF;@Dabs Framework;@Community-Online-Tools;@shd_retextures;@BuilderItems;@Spurgles_BagZ;@sFramework;@sGunplay;@WindstridesClothingPack;@Advanced Weapon Scopes;@VPPAdminTools;@Zen's Zombie Door Bangers;@Unknown Ghillie Mod;@Zen's Chicken Coops;@Wolf Packs;@sGunplay_AWS;@Survivor Animations;@DayZ-Bicycle;@DayZ-Dog;@Drones;@DroneBatteryOverride;@SmallerCrossbow;" 
=====================================================================
Exe timestamp: 2023/06/07 01:05:46
Current time:  2023/06/19 22:28:03

Version 1.21.156243
22:28:03.553 [Inputs] Loading inputs default "bin/constants.xml"
22:28:03.556 [Inputs] Loading inputs default "bin/specific.xml"
22:28:03.557 [Inputs] Loading inputs default "JM/COT/Scripts/Data/Inputs.xml"
22:28:03.557 !!! [Inputs] Cannot Register "UAObjectModuleDeleteOnCursor" non-existent input - Fix Preset!
22:28:03.557 [Inputs] Loading inputs default "MyMODS/sGunplay/scripts/data/inputs.xml"
22:28:03.558 [Inputs] Loading inputs default "nst/ns_dayz/scripts/Data/Inputs.xml"
22:28:03.558 [Inputs] Loading inputs default "VPPAdminTools/data/modded_Inputs.xml"
22:28:03.559 [Inputs] Loading inputs default "WindstrideClothing/Inputs.xml"
22:28:03.559 [Inputs] Loading inputs default "evg_drones/Inputs.xml"
22:28:03.560 [Inputs] Loading inputs default "Dayz_Dog/Data/Inputs.xml"
22:28:03.560 [Inputs] Loading inputs cfg "C:\TCAFiles\Users\ted\153052\HostHavocDayZServer\Users\Survivor\Server.core.xml"
22:28:03.565 [Inputs] Exporting inputs cfg "C:\TCAFiles\Users\ted\153052\HostHavocDayZServer\Users\Survivor\Server.core.xml"
22:28:13.202 !!! File "nst\namalsk\data\ce\env/dog_territories.xml" does not exist...
22:28:13.202 !!! [ERROR][XML] :: load [nst\namalsk\data\ce\env/dog_territories.xml] failed
22:28:13.202 !!! [ERROR][XML] :: Failed to open file
22:28:15.98 [CE][Hive] :: Initializing OFFLINE
22:28:15.98 [StorageDirs] :: Selected storage directory: C:\TCAFiles\Users\ted\153052\mpmissions\hardcore.namalsk\storage_1\
22:28:15.98 [CE][Hive] :: Loading core data ... 
22:28:15.99 [CE][CoreData] :: 7 root classes, 0 defaults, 0 updaters...
22:28:19.684 [CE] :: WARNING :: Preset map "headsFirefighter" is EMPTY.
22:28:19.685 [CE][TypeSetup] :: 556 classes setuped...
22:28:23.558 [CE][RegisterBind] :: 0 classes binded...
22:28:23.558 [CE][RegisterConfig] :: 16133 config classes registered, 0 sub-counters...
22:28:23.558 [CE][Hive] :: Loading map data ... 
22:28:23.587 !!! [CE] :: Unknown tag: 'shelves'.
22:28:23.587 !!! [CE] :: Unknown category: 'books'.
22:28:23.587 !!! [CE] :: Unknown tag: 'shelves'.
22:28:23.587 !!! [CE] :: Unknown tag: 'shelves'.
22:28:23.587 [CE][LoadPrototype] :: loaded 261 prototypes
22:28:23.587   411 containers, 7544 points
22:28:23.587   1 dispatches, 1 proxies
22:28:23.587 !!! [CE][LoadPrototype] 1 groups have wrong points...
22:28:23.588 !!! [CE][LoadPrototype] 2 groups were defined more than once and skipped...
22:28:23.588 [CE][LoadPrototype] :: last group name: Land_Prison_Side...
22:28:23.591 [CE][LoadPrototype] :: loaded 0 prototypes
22:28:23.591   38 containers, 66 points
22:28:23.591   0 dispatches, 0 proxies
22:28:23.591 [CE][LoadPrototype] :: last group name: StoneLoc38...
22:28:23.623 [CE][LoadMap] "Group" :: loaded 1644 groups, groups failed: 0, largest group range: 36.4
22:28:23.624 [CE][LoadMap] "Dirt" :: loaded 0 groups, groups failed: 0, largest group range: 36.4
22:28:23.632 [CE][Links] found 546 total links between groups, of 1644
22:28:23.632 [CE][LoadClusters] "Cluster" :: Loading files...
22:28:23.640 [CE][LoadClusters] :: file: "mapgroupcluster.xml", 1 types, 2418 instances
22:28:23.640 [CE][Storage] ver:0 stamp:0, valid:NO, name:"C:\TCAFiles\Users\ted\153052\mpmissions\hardcore.namalsk\storage_1\data\types.bin"
22:28:23.641 [CE][Storage] ver:0 stamp:0, valid:NO, name:"C:\TCAFiles\Users\ted\153052\mpmissions\hardcore.namalsk\storage_1\data\types.001"
22:28:23.641 [CE][Storage] ver:0 stamp:0, valid:NO, name:"C:\TCAFiles\Users\ted\153052\mpmissions\hardcore.namalsk\storage_1\data\types.002"
22:28:23.641 !!! File "nst\namalsk\data\ce\db/messages.xml" does not exist...
22:28:23.641 !!! [ERROR][XML] :: load [nst\namalsk\data\ce\db/messages.xml] failed
22:28:23.641 !!! [ERROR][XML] :: Failed to open file
22:28:23.641 !!! [CE][offlineDB] :: Failed to read messages file 'db/messages.xml'.
22:28:23.641 !!! [CE][offlineDB] :: No Shutdown message present.
22:28:23.642 [CE][offlineDB] :: Loaded 0 dynamic events 0 total types.
22:28:23.642 !!! File "nst\namalsk\data\ce\db/types_dzn.xml" does not exist...
22:28:23.642 !!! [ERROR][XML] :: load [nst\namalsk\data\ce\db/types_dzn.xml] failed
22:28:23.642 !!! [ERROR][XML] :: Failed to open file
22:28:23.642 !!! [CE][offlineDB] :: Failed to read types file 'db/types_dzn.xml'.
22:28:23.644 !!! [CE][DE][SPAWNS] :: [WARNING] :: Skipping entry for non-existing event 'Loot'.
22:28:23.644 !!! [CE][DE][SPAWNS] :: [WARNING] :: Skipping entry for non-existing event 'AnimalWildDog'.
22:28:23.644 !!! [CE][DE][SPAWNS] :: [WARNING] :: Skipping entry for non-existing event 'StaticMedDrop'.
22:28:23.644 !!! [CE][DE][SPAWNS] :: [WARNING] :: Skipping entry for non-existing event 'StaticLifeboat'.
22:28:23.644 !!! [CE][DE][SPAWNS] :: [WARNING] :: Skipping entry for non-existing event 'StaticChristmasTree'.
22:28:23.644 !!! [CE][DE][SPAWNS] :: [WARNING] :: Skipping entry for non-existing event 'StaticSantaCrash'.
22:28:23.644 !!! [CE][DE][SPAWNS] :: [WARNING] :: Skipping entry for non-existing event 'VehicleCivilianCars'.
22:28:23.644 [CE][DE][SPAWNS] :: Total positions: 0
22:28:23.644 [CE][DE][GROUPS] :: Total eventgroups defined: 0, Eventgroups in use: 0
22:28:23.644 [CE][Storage] ver:0 stamp:0, valid:NO, name:"C:\TCAFiles\Users\ted\153052\mpmissions\hardcore.namalsk\storage_1\data\events.bin"
22:28:23.644 [CE][Storage] ver:0 stamp:0, valid:NO, name:"C:\TCAFiles\Users\ted\153052\mpmissions\hardcore.namalsk\storage_1\data\events.001"
22:28:23.644 [CE][Storage] ver:0 stamp:0, valid:NO, name:"C:\TCAFiles\Users\ted\153052\mpmissions\hardcore.namalsk\storage_1\data\events.002"
22:28:23.645 [CE][Storage] ver:25 stamp:3553, valid:yes, name:"C:\TCAFiles\Users\ted\153052\mpmissions\hardcore.namalsk\storage_1\data\dynamic_000.bin"
22:28:23.645 [CE][Storage] ver:25 stamp:2990, valid:yes, name:"C:\TCAFiles\Users\ted\153052\mpmissions\hardcore.namalsk\storage_1\data\dynamic_000.001"
22:28:23.645 [CE][Storage] ver:25 stamp:2991, valid:yes, name:"C:\TCAFiles\Users\ted\153052\mpmissions\hardcore.namalsk\storage_1\data\dynamic_000.002"
22:28:23.646 [CE][Storage] Restoring file "C:\TCAFiles\Users\ted\153052\mpmissions\hardcore.namalsk\storage_1\data\dynamic_000.bin" 1 items.
22:28:23.647   1 items loaded. (0 failed)
22:28:23.648 [CE][Storage] ver:25 stamp:3553, valid:yes, name:"C:\TCAFiles\Users\ted\153052\mpmissions\hardcore.namalsk\storage_1\data\dynamic_001.bin"
22:28:23.648 [CE][Storage] ver:25 stamp:2990, valid:yes, name:"C:\TCAFiles\Users\ted\153052\mpmissions\hardcore.namalsk\storage_1\data\dynamic_001.001"
22:28:23.648 [CE][Storage] ver:25 stamp:2991, valid:yes, name:"C:\TCAFiles\Users\ted\153052\mpmissions\hardcore.namalsk\storage_1\data\dynamic_001.002"
22:28:23.649 [CE][Storage] Restoring file "C:\TCAFiles\Users\ted\153052\mpmissions\hardcore.namalsk\storage_1\data\dynamic_001.bin" 135 items.
22:28:23.822   135 items loaded. (0 failed)
22:28:23.822 [CE][Storage] ver:25 stamp:3553, valid:yes, name:"C:\TCAFiles\Users\ted\153052\mpmissions\hardcore.namalsk\storage_1\data\dynamic_002.bin"
22:28:23.822 [CE][Storage] ver:25 stamp:2990, valid:yes, name:"C:\TCAFiles\Users\ted\153052\mpmissions\hardcore.namalsk\storage_1\data\dynamic_002.001"
22:28:23.822 [CE][Storage] ver:25 stamp:2991, valid:yes, name:"C:\TCAFiles\Users\ted\153052\mpmissions\hardcore.namalsk\storage_1\data\dynamic_002.002"
22:28:23.823 [CE][Storage] Restoring file "C:\TCAFiles\Users\ted\153052\mpmissions\hardcore.namalsk\storage_1\data\dynamic_002.bin" 72 items.
22:28:23.823 !!! Serious stream damage detected during load, file offset: 2d
22:28:23.827 !!! Serious stream damage detected during load, file offset: 331
22:28:23.863 !!! Serious stream damage detected during load, file offset: 18ba
22:28:23.878 !!! Serious stream damage detected during load, file offset: 1d42
22:28:23.913 !!! Serious stream damage detected during load, file offset: 2c8b
22:28:23.924   67 items loaded. (5 failed)
22:28:23.925 [CE][Storage] ver:25 stamp:3553, valid:yes, name:"C:\TCAFiles\Users\ted\153052\mpmissions\hardcore.namalsk\storage_1\data\dynamic_003.bin"
22:28:23.926 [CE][Storage] ver:25 stamp:2990, valid:yes, name:"C:\TCAFiles\Users\ted\153052\mpmissions\hardcore.namalsk\storage_1\data\dynamic_003.001"
22:28:23.926 [CE][Storage] ver:25 stamp:2991, valid:yes, name:"C:\TCAFiles\Users\ted\153052\mpmissions\hardcore.namalsk\storage_1\data\dynamic_003.002"
22:28:23.926 [CE][Storage] Restoring file "C:\TCAFiles\Users\ted\153052\mpmissions\hardcore.namalsk\storage_1\data\dynamic_003.bin" 971 items.
22:28:23.958 !!! Serious stream damage detected during load, file offset: 112f
22:28:24.37 !!! Serious stream damage detected during load, file offset: 3933
22:28:24.138 !!! Serious stream damage detected during load, file offset: 6a7e
22:28:24.172 !!! Serious stream damage detected during load, file offset: 7fb6
22:28:24.330 !!! Serious stream damage detected during load, file offset: ef76
22:28:24.406 !!! Serious stream damage detected during load, file offset: 1211f
22:28:24.542 !!! Serious stream damage detected during load, file offset: 18ef2
22:28:24.587 !!! Serious stream damage detected during load, file offset: 1b3d1
22:28:24.619 !!! Serious stream damage detected during load, file offset: 1cfd5
22:28:24.645 !!! Serious stream damage detected during load, file offset: 1e62d
22:28:24.743 !!! Serious stream damage detected during load, file offset: 24869
22:28:24.755 !!! Serious stream damage detected during load, file offset: 2524c
22:28:24.773 !!! Serious stream damage detected during load, file offset: 25fc5
22:28:24.794 !!! Serious stream damage detected during load, file offset: 26f02
22:28:24.806   957 items loaded. (14 failed)
22:28:24.807 [CE][Storage] ver:25 stamp:3553, valid:yes, name:"C:\TCAFiles\Users\ted\153052\mpmissions\hardcore.namalsk\storage_1\data\dynamic_004.bin"
22:28:24.807 [CE][Storage] ver:25 stamp:2990, valid:yes, name:"C:\TCAFiles\Users\ted\153052\mpmissions\hardcore.namalsk\storage_1\data\dynamic_004.001"
22:28:24.808 [CE][Storage] ver:25 stamp:2991, valid:yes, name:"C:\TCAFiles\Users\ted\153052\mpmissions\hardcore.namalsk\storage_1\data\dynamic_004.002"
22:28:24.808 [CE][Storage] Restoring file "C:\TCAFiles\Users\ted\153052\mpmissions\hardcore.namalsk\storage_1\data\dynamic_004.bin" 1863 items.
22:28:25.56 !!! Serious stream damage detected during load, file offset: a76e
22:28:25.212 !!! Serious stream damage detected during load, file offset: 12d15
22:28:25.283 !!! Serious stream damage detected during load, file offset: 16614
22:28:25.631 !!! Serious stream damage detected during load, file offset: 28cfd
22:28:25.808 !!! Serious stream damage detected during load, file offset: 3353f
22:28:26.34 !!! Serious stream damage detected during load, file offset: 3fb61
22:28:26.88 !!! Serious stream damage detected during load, file offset: 425b8
22:28:26.92 !!! Serious stream damage detected during load, file offset: 4296c
22:28:26.106 !!! Serious stream damage detected during load, file offset: 436ea
22:28:26.276   1854 items loaded. (9 failed)
22:28:26.277 [CE][Storage] ver:25 stamp:3553, valid:yes, name:"C:\TCAFiles\Users\ted\153052\mpmissions\hardcore.namalsk\storage_1\data\dynamic_005.bin"
22:28:26.277 [CE][Storage] ver:25 stamp:2990, valid:yes, name:"C:\TCAFiles\Users\ted\153052\mpmissions\hardcore.namalsk\storage_1\data\dynamic_005.001"
22:28:26.278 [CE][Storage] ver:25 stamp:2991, valid:yes, name:"C:\TCAFiles\Users\ted\153052\mpmissions\hardcore.namalsk\storage_1\data\dynamic_005.002"
22:28:26.278 [CE][Storage] Restoring file "C:\TCAFiles\Users\ted\153052\mpmissions\hardcore.namalsk\storage_1\data\dynamic_005.bin" 879 items.
22:28:26.886   879 items loaded. (0 failed)
22:28:26.886 [CE][Storage] ver:0 stamp:0, valid:NO, name:"C:\TCAFiles\Users\ted\153052\mpmissions\hardcore.namalsk\storage_1\data\dynamic_006.bin"
22:28:26.887 [CE][Storage] ver:25 stamp:2990, valid:yes, name:"C:\TCAFiles\Users\ted\153052\mpmissions\hardcore.namalsk\storage_1\data\dynamic_006.001"
22:28:26.891 [CE][Storage] ver:25 stamp:2991, valid:yes, name:"C:\TCAFiles\Users\ted\153052\mpmissions\hardcore.namalsk\storage_1\data\dynamic_006.002"
22:28:26.891 [CE][Storage] Restoring file "C:\TCAFiles\Users\ted\153052\mpmissions\hardcore.namalsk\storage_1\data\dynamic_006.002" 2121 items.
22:28:28.299   2121 items loaded. (0 failed)
22:28:28.299 [CE][Storage] ver:0 stamp:0, valid:NO, name:"C:\TCAFiles\Users\ted\153052\mpmissions\hardcore.namalsk\storage_1\data\dynamic_007.bin"
22:28:28.299 [CE][Storage] ver:0 stamp:0, valid:NO, name:"C:\TCAFiles\Users\ted\153052\mpmissions\hardcore.namalsk\storage_1\data\dynamic_007.001"
22:28:28.299 [CE][Storage] ver:0 stamp:0, valid:NO, name:"C:\TCAFiles\Users\ted\153052\mpmissions\hardcore.namalsk\storage_1\data\dynamic_007.002"
22:28:28.299 [CE][Storage] ver:0 stamp:0, valid:NO, name:"C:\TCAFiles\Users\ted\153052\mpmissions\hardcore.namalsk\storage_1\data\dynamic_008.bin"
22:28:28.299 [CE][Storage] ver:0 stamp:0, valid:NO, name:"C:\TCAFiles\Users\ted\153052\mpmissions\hardcore.namalsk\storage_1\data\dynamic_008.001"
22:28:28.299 [CE][Storage] ver:0 stamp:0, valid:NO, name:"C:\TCAFiles\Users\ted\153052\mpmissions\hardcore.namalsk\storage_1\data\dynamic_008.002"
22:28:28.300 [CE][Storage] ver:0 stamp:0, valid:NO, name:"C:\TCAFiles\Users\ted\153052\mpmissions\hardcore.namalsk\storage_1\data\dynamic_009.bin"
22:28:28.300 [CE][Storage] ver:0 stamp:0, valid:NO, name:"C:\TCAFiles\Users\ted\153052\mpmissions\hardcore.namalsk\storage_1\data\dynamic_009.001"
22:28:28.300 [CE][Storage] ver:0 stamp:0, valid:NO, name:"C:\TCAFiles\Users\ted\153052\mpmissions\hardcore.namalsk\storage_1\data\dynamic_009.002"
22:28:28.300 [CE][Storage] ver:0 stamp:0, valid:NO, name:"C:\TCAFiles\Users\ted\153052\mpmissions\hardcore.namalsk\storage_1\data\dynamic_010.bin"
22:28:28.300 [CE][Storage] ver:0 stamp:0, valid:NO, name:"C:\TCAFiles\Users\ted\153052\mpmissions\hardcore.namalsk\storage_1\data\dynamic_010.001"
22:28:28.300 [CE][Storage] ver:0 stamp:0, valid:NO, name:"C:\TCAFiles\Users\ted\153052\mpmissions\hardcore.namalsk\storage_1\data\dynamic_010.002"
22:28:28.300 [CE][Storage] ver:0 stamp:0, valid:NO, name:"C:\TCAFiles\Users\ted\153052\mpmissions\hardcore.namalsk\storage_1\data\dynamic_011.bin"
22:28:28.300 [CE][Storage] ver:0 stamp:0, valid:NO, name:"C:\TCAFiles\Users\ted\153052\mpmissions\hardcore.namalsk\storage_1\data\dynamic_011.001"
22:28:28.300 [CE][Storage] ver:0 stamp:0, valid:NO, name:"C:\TCAFiles\Users\ted\153052\mpmissions\hardcore.namalsk\storage_1\data\dynamic_011.002"
22:28:28.301 [CE][Storage] ver:26 stamp:3553, valid:yes, name:"C:\TCAFiles\Users\ted\153052\mpmissions\hardcore.namalsk\storage_1\data\building.bin"
22:28:28.301 [CE][Storage] ver:26 stamp:2990, valid:yes, name:"C:\TCAFiles\Users\ted\153052\mpmissions\hardcore.namalsk\storage_1\data\building.001"
22:28:28.301 [CE][Storage] ver:26 stamp:2991, valid:yes, name:"C:\TCAFiles\Users\ted\153052\mpmissions\hardcore.namalsk\storage_1\data\building.002"
22:28:28.301 [CE][Storage] Restoring file "C:\TCAFiles\Users\ted\153052\mpmissions\hardcore.namalsk\storage_1\data\building.bin" 0 items.
22:28:28.301   0 items loaded. (0 failed)
22:28:28.301 [CE][Storage] ver:0 stamp:0, valid:NO, name:"C:\TCAFiles\Users\ted\153052\mpmissions\hardcore.namalsk\storage_1\data\vehicles.bin"