

=====================================================================
== C:\TCAFiles\Users\ted\153052\DayZServer_x64.exe
== "C:\TCAFiles\Users\ted\153052\DayZServer_x64.exe" -port=2322 -config=serverDZ_By_HostHavoc.cfg -profiles=C:\TCAFiles\Users\ted\153052\HostHavocDayZServer "-servermod=" "-mod=@Namalsk Island;@Namalsk Survival;@CF;@Dabs Framework;@Community-Online-Tools;@shd_retextures;@Spurgles_BagZ;@sFramework;@sGunplay;@WindstridesClothingPack;@Advanced Weapon Scopes;@VPPAdminTools;@sGunplay_AWS;@Survivor Animations;@DayZ-Bicycle;@DayZ-Dog;@Drones;@SpawnerBubaku;@PseudoGiant;@dbo_spiders;@TFServerPack;@DNA Keycards;" 
=====================================================================
Exe timestamp: 2023/06/20 05:19:39
Current time:  2023/06/21 07:20:36

Version 1.21.156300
 7:20:36.826 [Inputs] Loading inputs default "bin/constants.xml"
 7:20:36.829 [Inputs] Loading inputs default "bin/specific.xml"
 7:20:36.831 [Inputs] Loading inputs default "JM/COT/Scripts/Data/Inputs.xml"
 7:20:36.831 !!! [Inputs] Cannot Register "UAObjectModuleDeleteOnCursor" non-existent input - Fix Preset!
 7:20:36.831 [Inputs] Loading inputs default "MyMODS/sGunplay/scripts/data/inputs.xml"
 7:20:36.832 [Inputs] Loading inputs default "nst/ns_dayz/scripts/Data/Inputs.xml"
 7:20:36.832 [Inputs] Loading inputs default "VPPAdminTools/data/modded_Inputs.xml"
 7:20:36.833 [Inputs] Loading inputs default "WindstrideClothing/Inputs.xml"
 7:20:36.833 [Inputs] Loading inputs default "evg_drones/Inputs.xml"
 7:20:36.834 [Inputs] Loading inputs default "Dayz_Dog/Data/Inputs.xml"
 7:20:36.834 [Inputs] Loading inputs cfg "C:\TCAFiles\Users\ted\153052\HostHavocDayZServer\Users\Survivor\Server.core.xml"
 7:20:36.838 [Inputs] Exporting inputs cfg "C:\TCAFiles\Users\ted\153052\HostHavocDayZServer\Users\Survivor\Server.core.xml"
 7:20:49.129 [CE][Hive] :: Initializing OFFLINE
 7:20:49.130 [StorageDirs] :: Selected storage directory: C:\TCAFiles\Users\ted\153052\mpmissions\hardcore.namalsk\storage_1\
 7:20:49.130 [CE][Hive] :: Loading core data ... 
 7:20:49.130 [CE][CoreData] :: 7 root classes, 0 defaults, 0 updaters...
 7:20:53.832 [CE] :: WARNING :: Preset map "headsFirefighter" is EMPTY.
 7:20:53.834 [CE][TypeSetup] :: 557 classes setuped...
 7:20:57.616 [CE][RegisterBind] :: 0 classes binded...
 7:20:57.616 [CE][RegisterConfig] :: 16378 config classes registered, 0 sub-counters...
 7:20:57.616 [CE][Hive] :: Loading map data ... 
 7:20:57.648 !!! [CE] :: Unknown tag: 'shelves'.
 7:20:57.648 !!! [CE] :: Unknown category: 'books'.
 7:20:57.649 !!! [CE] :: Unknown tag: 'shelves'.
 7:20:57.649 !!! [CE] :: Unknown tag: 'shelves'.
 7:20:57.649 [CE][LoadPrototype] :: loaded 261 prototypes
 7:20:57.649   411 containers, 7544 points
 7:20:57.649   1 dispatches, 1 proxies
 7:20:57.649 !!! [CE][LoadPrototype] 1 groups have wrong points...
 7:20:57.649 !!! [CE][LoadPrototype] 2 groups were defined more than once and skipped...
 7:20:57.649 [CE][LoadPrototype] :: last group name: Land_Prison_Side...
 7:20:57.652 [CE][LoadPrototype] :: loaded 0 prototypes
 7:20:57.652   38 containers, 66 points
 7:20:57.652   0 dispatches, 0 proxies
 7:20:57.652 [CE][LoadPrototype] :: last group name: StoneLoc38...
 7:20:57.686 [CE][LoadMap] "Group" :: loaded 1644 groups, groups failed: 0, largest group range: 36.4
 7:20:57.687 [CE][LoadMap] "Dirt" :: loaded 0 groups, groups failed: 0, largest group range: 36.4
 7:20:57.693 [CE][Links] found 546 total links between groups, of 1644
 7:20:57.693 [CE][LoadClusters] "Cluster" :: Loading files...
 7:20:57.704 [CE][LoadClusters] :: file: "mapgroupcluster.xml", 1 types, 2418 instances
 7:20:57.704 [CE][Storage] ver:21 stamp:843, valid:yes, name:"C:\TCAFiles\Users\ted\153052\mpmissions\hardcore.namalsk\storage_1\data\types.bin"
 7:20:57.704 [CE][Storage] ver:21 stamp:844, valid:yes, name:"C:\TCAFiles\Users\ted\153052\mpmissions\hardcore.namalsk\storage_1\data\types.001"
 7:20:57.705 [CE][Storage] ver:21 stamp:842, valid:yes, name:"C:\TCAFiles\Users\ted\153052\mpmissions\hardcore.namalsk\storage_1\data\types.002"
 7:20:57.705 [CE][Storage] Restoring file "C:\TCAFiles\Users\ted\153052\mpmissions\hardcore.namalsk\storage_1\data\types.001".
 7:20:57.861 [CE][offlineDB] :: Loaded 19 dynamic events 194 total types.
 7:20:57.876 !!! [CE] :: Unknown tag: 'shelves'.
 7:20:57.876 !!! [CE] :: Unknown tag: 'shelves'.
 7:20:57.876 !!! [CE] :: Unknown tag: 'floor'.
 7:20:57.876 !!! [CE] :: Unknown tag: 'floor'.
 7:20:57.876 !!! [CE] :: Unknown tag: 'floor'.
 7:20:57.876 !!! [CE] :: Unknown tag: 'floor'.
 7:20:57.876 !!! [CE] :: Unknown tag: 'floor'.
 7:20:57.877 !!! [CE] :: Unknown tag: 'floor'.
 7:20:57.877 !!! [CE] :: Unknown tag: 'floor'.
 7:20:57.877 !!! [CE] :: Unknown tag: 'floor'.
 7:20:57.877 !!! [CE] :: Unknown tag: 'floor'.
 7:20:57.877 !!! [CE] :: Unknown tag: 'floor'.
 7:20:57.877 !!! [CE] :: Unknown tag: 'floor'.
 7:20:57.877 !!! [CE] :: Unknown tag: 'floor'.
 7:20:57.877 !!! [CE][offlineDB] :: Type 'Leather_Cloak' will be ignored. (Type does not exist. (Typo?))
 7:20:57.877 !!! [CE] :: Unknown tag: 'floor'.
 7:20:57.877 !!! [CE][offlineDB] :: Type 'AD_LeupoldMk4' will be ignored. (Type does not exist. (Typo?))
 7:20:57.877 !!! [CE][offlineDB] :: Type 'AD_LeupoldMk4_MosinMount' will be ignored. (Type does not exist. (Typo?))
 7:20:57.877 !!! [CE][offlineDB] :: Type 'AD_LeupoldMk4_B13' will be ignored. (Type does not exist. (Typo?))
 7:20:57.878 !!! [CE][offlineDB] :: Type 'ChristmasTree' will be ignored. (Not spawnable. (Scope is not public?))
 7:20:57.883 [CE][DE][SPAWNS] :: Total positions: 254
 7:20:57.883 [CE][DE][GROUPS] :: Total eventgroups defined: 0, Eventgroups in use: 0
 7:20:57.884 [CE][Storage] ver:21 stamp:843, valid:yes, name:"C:\TCAFiles\Users\ted\153052\mpmissions\hardcore.namalsk\storage_1\data\events.bin"
 7:20:57.884 [CE][Storage] ver:21 stamp:844, valid:yes, name:"C:\TCAFiles\Users\ted\153052\mpmissions\hardcore.namalsk\storage_1\data\events.001"
 7:20:57.884 [CE][Storage] ver:21 stamp:842, valid:yes, name:"C:\TCAFiles\Users\ted\153052\mpmissions\hardcore.namalsk\storage_1\data\events.002"
 7:20:57.885 [CE][Storage] Restoring file "C:\TCAFiles\Users\ted\153052\mpmissions\hardcore.namalsk\storage_1\data\events.001".
 7:20:57.885 [CE][DynamicEvent] Load  Events:[19] Primary spawners: 19 Secondary spawners: 0
 7:20:57.885 [CE][Storage] ver:25 stamp:843, valid:yes, name:"C:\TCAFiles\Users\ted\153052\mpmissions\hardcore.namalsk\storage_1\data\dynamic_000.bin"
 7:20:57.885 [CE][Storage] ver:25 stamp:844, valid:yes, name:"C:\TCAFiles\Users\ted\153052\mpmissions\hardcore.namalsk\storage_1\data\dynamic_000.001"
 7:20:57.886 [CE][Storage] ver:25 stamp:842, valid:yes, name:"C:\TCAFiles\Users\ted\153052\mpmissions\hardcore.namalsk\storage_1\data\dynamic_000.002"
 7:20:57.886 [CE][Storage] Restoring file "C:\TCAFiles\Users\ted\153052\mpmissions\hardcore.namalsk\storage_1\data\dynamic_000.001" 0 items.
 7:20:57.886   0 items loaded. (0 failed)
 7:20:57.887 [CE][Storage] ver:25 stamp:843, valid:yes, name:"C:\TCAFiles\Users\ted\153052\mpmissions\hardcore.namalsk\storage_1\data\dynamic_001.bin"
 7:20:57.888 [CE][Storage] ver:25 stamp:844, valid:yes, name:"C:\TCAFiles\Users\ted\153052\mpmissions\hardcore.namalsk\storage_1\data\dynamic_001.001"
 7:20:57.888 [CE][Storage] ver:25 stamp:842, valid:yes, name:"C:\TCAFiles\Users\ted\153052\mpmissions\hardcore.namalsk\storage_1\data\dynamic_001.002"
 7:20:57.888 [CE][Storage] Restoring file "C:\TCAFiles\Users\ted\153052\mpmissions\hardcore.namalsk\storage_1\data\dynamic_001.001" 172 items.
 7:20:58.98   172 items loaded. (0 failed)
 7:20:58.99 [CE][Storage] ver:25 stamp:843, valid:yes, name:"C:\TCAFiles\Users\ted\153052\mpmissions\hardcore.namalsk\storage_1\data\dynamic_002.bin"
 7:20:58.100 [CE][Storage] ver:25 stamp:844, valid:yes, name:"C:\TCAFiles\Users\ted\153052\mpmissions\hardcore.namalsk\storage_1\data\dynamic_002.001"
 7:20:58.100 [CE][Storage] ver:25 stamp:842, valid:yes, name:"C:\TCAFiles\Users\ted\153052\mpmissions\hardcore.namalsk\storage_1\data\dynamic_002.002"
 7:20:58.100 [CE][Storage] Restoring file "C:\TCAFiles\Users\ted\153052\mpmissions\hardcore.namalsk\storage_1\data\dynamic_002.001" 89 items.
 7:20:58.213   89 items loaded. (0 failed)
 7:20:58.213 [CE][Storage] ver:25 stamp:843, valid:yes, name:"C:\TCAFiles\Users\ted\153052\mpmissions\hardcore.namalsk\storage_1\data\dynamic_003.bin"
 7:20:58.214 [CE][Storage] ver:25 stamp:844, valid:yes, name:"C:\TCAFiles\Users\ted\153052\mpmissions\hardcore.namalsk\storage_1\data\dynamic_003.001"
 7:20:58.214 [CE][Storage] ver:25 stamp:842, valid:yes, name:"C:\TCAFiles\Users\ted\153052\mpmissions\hardcore.namalsk\storage_1\data\dynamic_003.002"
 7:20:58.215 [CE][Storage] Restoring file "C:\TCAFiles\Users\ted\153052\mpmissions\hardcore.namalsk\storage_1\data\dynamic_003.001" 1100 items.
 7:20:59.169   1100 items loaded. (0 failed)
 7:20:59.170 [CE][Storage] ver:25 stamp:843, valid:yes, name:"C:\TCAFiles\Users\ted\153052\mpmissions\hardcore.namalsk\storage_1\data\dynamic_004.bin"
 7:20:59.170 [CE][Storage] ver:25 stamp:844, valid:yes, name:"C:\TCAFiles\Users\ted\153052\mpmissions\hardcore.namalsk\storage_1\data\dynamic_004.001"
 7:20:59.171 [CE][Storage] ver:25 stamp:842, valid:yes, name:"C:\TCAFiles\Users\ted\153052\mpmissions\hardcore.namalsk\storage_1\data\dynamic_004.002"
 7:20:59.171 [CE][Storage] Restoring file "C:\TCAFiles\Users\ted\153052\mpmissions\hardcore.namalsk\storage_1\data\dynamic_004.001" 2183 items.
 7:21:00.568   2183 items loaded. (0 failed)
 7:21:00.569 [CE][Storage] ver:25 stamp:843, valid:yes, name:"C:\TCAFiles\Users\ted\153052\mpmissions\hardcore.namalsk\storage_1\data\dynamic_005.bin"
 7:21:00.570 [CE][Storage] ver:25 stamp:844, valid:yes, name:"C:\TCAFiles\Users\ted\153052\mpmissions\hardcore.namalsk\storage_1\data\dynamic_005.001"
 7:21:00.570 [CE][Storage] ver:25 stamp:842, valid:yes, name:"C:\TCAFiles\Users\ted\153052\mpmissions\hardcore.namalsk\storage_1\data\dynamic_005.002"
 7:21:00.570 [CE][Storage] Restoring file "C:\TCAFiles\Users\ted\153052\mpmissions\hardcore.namalsk\storage_1\data\dynamic_005.001" 990 items.
 7:21:01.207   990 items loaded. (0 failed)
 7:21:01.208 [CE][Storage] ver:25 stamp:843, valid:yes, name:"C:\TCAFiles\Users\ted\153052\mpmissions\hardcore.namalsk\storage_1\data\dynamic_006.bin"
 7:21:01.208 [CE][Storage] ver:25 stamp:844, valid:yes, name:"C:\TCAFiles\Users\ted\153052\mpmissions\hardcore.namalsk\storage_1\data\dynamic_006.001"
 7:21:01.209 [CE][Storage] ver:25 stamp:842, valid:yes, name:"C:\TCAFiles\Users\ted\153052\mpmissions\hardcore.namalsk\storage_1\data\dynamic_006.002"
 7:21:01.209 [CE][Storage] Restoring file "C:\TCAFiles\Users\ted\153052\mpmissions\hardcore.namalsk\storage_1\data\dynamic_006.001" 2544 items.
 7:21:02.663   2544 items loaded. (0 failed)
 7:21:02.664 [CE][Storage] ver:25 stamp:843, valid:yes, name:"C:\TCAFiles\Users\ted\153052\mpmissions\hardcore.namalsk\storage_1\data\dynamic_007.bin"
 7:21:02.664 [CE][Storage] ver:25 stamp:844, valid:yes, name:"C:\TCAFiles\Users\ted\153052\mpmissions\hardcore.namalsk\storage_1\data\dynamic_007.001"
 7:21:02.667 !!! [CE][Storage] Failed to read [Storage] data file "C:\TCAFiles\Users\ted\153052\mpmissions\hardcore.namalsk\storage_1\data\dynamic_007.002".
 7:21:02.667   File not closed...
 7:21:02.667 [CE][Storage] ver:25 stamp:845, valid:NO, name:"C:\TCAFiles\Users\ted\153052\mpmissions\hardcore.namalsk\storage_1\data\dynamic_007.002"
 7:21:02.667 [CE][Storage] Restoring file "C:\TCAFiles\Users\ted\153052\mpmissions\hardcore.namalsk\storage_1\data\dynamic_007.001" 734 items.
 7:21:03.85   734 items loaded. (0 failed)
 7:21:03.85 [CE][Storage] ver:25 stamp:843, valid:yes, name:"C:\TCAFiles\Users\ted\153052\mpmissions\hardcore.namalsk\storage_1\data\dynamic_008.bin"
 7:21:03.86 [CE][Storage] ver:25 stamp:844, valid:yes, name:"C:\TCAFiles\Users\ted\153052\mpmissions\hardcore.namalsk\storage_1\data\dynamic_008.001"
 7:21:03.87 [CE][Storage] ver:25 stamp:845, valid:yes, name:"C:\TCAFiles\Users\ted\153052\mpmissions\hardcore.namalsk\storage_1\data\dynamic_008.002"
 7:21:03.87 [CE][Storage] Restoring file "C:\TCAFiles\Users\ted\153052\mpmissions\hardcore.namalsk\storage_1\data\dynamic_008.002" 567 items.
 7:21:03.465   567 items loaded. (0 failed)
 7:21:03.465 [CE][Storage] ver:25 stamp:843, valid:yes, name:"C:\TCAFiles\Users\ted\153052\mpmissions\hardcore.namalsk\storage_1\data\dynamic_009.bin"
 7:21:03.466 [CE][Storage] ver:25 stamp:844, valid:yes, name:"C:\TCAFiles\Users\ted\153052\mpmissions\hardcore.namalsk\storage_1\data\dynamic_009.001"
 7:21:03.466 [CE][Storage] ver:25 stamp:845, valid:yes, name:"C:\TCAFiles\Users\ted\153052\mpmissions\hardcore.namalsk\storage_1\data\dynamic_009.002"
 7:21:03.466 [CE][Storage] Restoring file "C:\TCAFiles\Users\ted\153052\mpmissions\hardcore.namalsk\storage_1\data\dynamic_009.002" 0 items.
 7:21:03.466   0 items loaded. (0 failed)
 7:21:03.467 [CE][Storage] ver:25 stamp:843, valid:yes, name:"C:\TCAFiles\Users\ted\153052\mpmissions\hardcore.namalsk\storage_1\data\dynamic_010.bin"
 7:21:03.467 [CE][Storage] ver:25 stamp:844, valid:yes, name:"C:\TCAFiles\Users\ted\153052\mpmissions\hardcore.namalsk\storage_1\data\dynamic_010.001"
 7:21:03.468 [CE][Storage] ver:25 stamp:845, valid:yes, name:"C:\TCAFiles\Users\ted\153052\mpmissions\hardcore.namalsk\storage_1\data\dynamic_010.002"
 7:21:03.468 [CE][Storage] Restoring file "C:\TCAFiles\Users\ted\153052\mpmissions\hardcore.namalsk\storage_1\data\dynamic_010.002" 72 items.
 7:21:03.528   72 items loaded. (0 failed)
 7:21:03.529 [CE][Storage] ver:25 stamp:843, valid:yes, name:"C:\TCAFiles\Users\ted\153052\mpmissions\hardcore.namalsk\storage_1\data\dynamic_011.bin"
 7:21:03.529 [CE][Storage] ver:25 stamp:844, valid:yes, name:"C:\TCAFiles\Users\ted\153052\mpmissions\hardcore.namalsk\storage_1\data\dynamic_011.001"
 7:21:03.530 [CE][Storage] ver:25 stamp:845, valid:yes, name:"C:\TCAFiles\Users\ted\153052\mpmissions\hardcore.namalsk\storage_1\data\dynamic_011.002"
 7:21:03.530 [CE][Storage] Restoring file "C:\TCAFiles\Users\ted\153052\mpmissions\hardcore.namalsk\storage_1\data\dynamic_011.002" 52 items.
 7:21:03.564   52 items loaded. (0 failed)
 7:21:03.564 [CE][Storage] ver:26 stamp:843, valid:yes, name:"C:\TCAFiles\Users\ted\153052\mpmissions\hardcore.namalsk\storage_1\data\building.bin"
 7:21:03.565 [CE][Storage] ver:26 stamp:844, valid:yes, name:"C:\TCAFiles\Users\ted\153052\mpmissions\hardcore.namalsk\storage_1\data\building.001"
 7:21:03.565 [CE][Storage] ver:26 stamp:842, valid:yes, name:"C:\TCAFiles\Users\ted\153052\mpmissions\hardcore.namalsk\storage_1\data\building.002"
 7:21:03.565 [CE][Storage] Restoring file "C:\TCAFiles\Users\ted\153052\mpmissions\hardcore.namalsk\storage_1\data\building.001" 0 items.
 7:21:03.565   0 items loaded. (0 failed)
 7:21:03.566 [CE][Storage] ver:25 stamp:843, valid:yes, name:"C:\TCAFiles\Users\ted\153052\mpmissions\hardcore.namalsk\storage_1\data\vehicles.bin"
 7:21:03.566 [CE][Storage] ver:25 stamp:844, valid:yes, name:"C:\TCAFiles\Users\ted\153052\mpmissions\hardcore.namalsk\storage_1\data\vehicles.001"
 7:21:03.567 [CE][Storage] ver:25 stamp:842, valid:yes, name:"C:\TCAFiles\Users\ted\153052\mpmissions\hardcore.namalsk\storage_1\data\vehicles.002"
 7:21:03.567 [CE][Storage] Restoring file "C:\TCAFiles\Users\ted\153052\mpmissions\hardcore.namalsk\storage_1\data\vehicles.001" 69 items.
 7:21:03.716   69 items loaded. (0 failed)
 7:21:03.732 [CE][Hive] :: Storage load took:5.86 seconds, recovery stamp:845
 7:21:03.732   entity: 9297, building: 0
 7:21:03.732   no lifetime: 30
 7:21:03.732   pathgraph's: 200
 7:21:03.733 [CE][Hive] :: Initializing ... 
 7:21:03.755 [CE][InitializeMap] :: initialized: 0
 7:21:03.755 [CE][Hive] :: Initializing spawners ... 
 7:21:03.756 [CE][LootRespawner] (PRIDummy) :: Item [0] causing search overtime: "dzn_vinyl_bubson"
 7:21:03.756 [CE][LootRespawner] (PRIDummy) :: Item [1] causing search overtime: "dzn_vinyl_bubson"
 7:21:03.756 [CE][LootRespawner] (PRIDummy) :: Item [2] causing search overtime: "ParamedicJacket_Green"
 7:21:03.756 [CE][LootRespawner] (PRIDummy) :: Item [3] causing search overtime: "ParamedicJacket_Green"
 7:21:03.756 [CE][LootRespawner] (PRIDummy) :: Item [4] causing search overtime: "ParamedicJacket_Green"
 7:21:03.757 [CE][LootRespawner] (PRIDummy) :: Item [5] causing search overtime: "FangeKnife"
 7:21:03.757 [CE][LootRespawner] (PRIDummy) :: Item [6] causing search overtime: "FangeKnife"
 7:21:03.757 [CE][LootRespawner] (PRIDummy) :: Item [7] causing search overtime: "FangeKnife"
 7:21:03.757 [CE][LootRespawner] (PRIDummy) :: Item [8] causing search overtime: "LongHorn"
 7:21:03.757 [CE][LootRespawner] (PRIDummy) :: Item [9] causing search overtime: "LongHorn"
 7:21:03.757 [CE][LootRespawner] (PRIDummy) :: Item [10] causing search overtime: "LongHorn"
 7:21:03.757 [CE][LootRespawner] (PRIDummy) :: Item [11] causing search overtime: "LongHorn"
 7:21:03.757 [CE][LootRespawner] (PRIDummy) :: Item [12] causing search overtime: "LongHorn"
 7:21:03.757 [CE][LootRespawner] (PRIDummy) :: Item [13] causing search overtime: "LongHorn"
 7:21:03.757 [CE][LootRespawner] (PRIDummy) :: Item [14] causing search overtime: "dzn_blueprint_lehs"
 7:21:03.757 [CE][LootRespawner] (PRIDummy) :: Item [15] causing search overtime: "FirefightersHelmet_Yellow"
 7:21:03.757 [CE][LootRespawner] (PRIDummy) :: Item [16] causing search overtime: "FirefightersHelmet_Yellow"
 7:21:03.757 [CE][LootRespawner] (PRIDummy) :: Item [17] causing search overtime: "dzn_module_surge"
 7:21:03.757 [CE][LootRespawner] (PRIDummy) :: Item [18] causing search overtime: "dzn_module_surge"
 7:21:03.757 [CE][LootRespawner] (PRIDummy) :: Item [19] causing search overtime: "dzn_module_surge"
 7:21:03.774 [CE][LootRespawner] (PRIDummy) :: Initially (re)spawned:11, Nominal:13248, Total in Map: 8621 at 0 (sec)
 7:21:03.774   tests:11, repeats:0 fails:0, overtime:4401
 7:21:04.814 [CE][DynEvent] :: 19 types
 7:21:04.814 [00] Loot
 7:21:04.814   Primary Spawner: "Loot", active: yes, repeat: 2
 7:21:04.814 [01] StaticMedDrop
 7:21:04.814   Primary Spawner: "Static", active: yes, repeat: 1
 7:21:04.814 [02] StaticLifeboat
 7:21:04.815   Primary Spawner: "Static", active: yes, repeat: 1
 7:21:04.815 [03] TrajectoryStones
 7:21:04.815   Primary Spawner: "Trajectory", active: yes, repeat: 1
 7:21:04.815 [04] AnimalWildDog
 7:21:04.815   Primary Spawner: "Animal", active: yes, repeat: 1
 7:21:04.815 [05] InfectedSanta
 7:21:04.815   Primary Spawner: "Infected", active: yes, repeat: 1
 7:21:04.815 [06] InfectedArmy
 7:21:04.815   Primary Spawner: "Infected", active: yes, repeat: 1
 7:21:04.815 [07] InfectedIndustrial
 7:21:04.815   Primary Spawner: "Infected", active: yes, repeat: 1
 7:21:04.815 [08] InfectedCivil
 7:21:04.815   Primary Spawner: "Infected", active: yes, repeat: 1
 7:21:04.815 [09] InfectedMedic
 7:21:04.815   Primary Spawner: "Infected", active: yes, repeat: 1
 7:21:04.815 [10] AnimalGoat
 7:21:04.815   Primary Spawner: "Animal", active: yes, repeat: 1
 7:21:04.815 [11] AnimalSheep
 7:21:04.815   Primary Spawner: "Animal", active: yes, repeat: 1
 7:21:04.815 [12] AnimalRoeDeer
 7:21:04.815   Primary Spawner: "Animal", active: yes, repeat: 1
 7:21:04.815 [13] AnimalDeer
 7:21:04.815   Primary Spawner: "Animal", active: yes, repeat: 1
 7:21:04.815 [14] AnimalWildBoar
 7:21:04.815   Primary Spawner: "Animal", active: yes, repeat: 1
 7:21:04.815 [15] AnimalWolf
 7:21:04.815   Primary Spawner: "Animal", active: yes, repeat: 1
 7:21:04.815 [16] AnimalBrownBear
 7:21:04.815   Primary Spawner: "Animal", active: yes, repeat: 1
 7:21:04.815 [17] AnimalPolarBear
 7:21:04.815   Primary Spawner: "Animal", active: yes, repeat: 1
 7:21:04.815 [18] VehicleCivilianCars
 7:21:04.815   Primary Spawner: "Vehicle", active: yes, repeat: 1
 7:21:04.815 [CE][Hive] :: Initializing of spawners done.
 7:21:04.820 [CE][Hive] :: Init sequence finished.
 7:21:07.222 [CE][MapExport] :: entity found:12597, entity valid:1644, types total:261... took 2 sec
 7:21:07.223 Player connect enabled
 7:21:56.289 [CE][Links] found 0 total links between groups, of 1
 7:21:56.289 [CE][SpawnRandomLoot] (StaticMedDrop) :: Type: Misc_cargo_cont_net1, lootmin: 8, lootmax: 8, wanted: 8, deloot: 2, containermaxsum: 6
 7:21:56.289 [CE][SpawnRandomLoot] (StaticMedDrop) :: Type: Misc_cargo_cont_net1 :: !!! Sum of container LootMax is lower than event child LootMax (6 < 8)
 7:21:56.289 [CE][SpawnRandomLoot] (StaticMedDrop) :: Type: Misc_cargo_cont_net1 :: !!! Wanting to spawn more loot than possible (8 > 6)
 7:21:56.292 [CE][Links] found 0 total links between groups, of 2
 7:21:56.292 [CE][SpawnRandomLoot] (StaticMedDrop) :: Type: Misc_cargo_cont_net1, lootmin: 8, lootmax: 8, wanted: 8, deloot: 2, containermaxsum: 6
 7:21:56.292 [CE][SpawnRandomLoot] (StaticMedDrop) :: Type: Misc_cargo_cont_net1 :: !!! Sum of container LootMax is lower than event child LootMax (6 < 8)
 7:21:56.292 [CE][SpawnRandomLoot] (StaticMedDrop) :: Type: Misc_cargo_cont_net1 :: !!! Wanting to spawn more loot than possible (8 > 6)
 7:21:56.294 [CE][Links] found 0 total links between groups, of 3
 7:21:56.294 [CE][SpawnRandomLoot] (StaticMedDrop) :: Type: Misc_cargo_cont_net1, lootmin: 8, lootmax: 8, wanted: 8, deloot: 2, containermaxsum: 6
 7:21:56.294 [CE][SpawnRandomLoot] (StaticMedDrop) :: Type: Misc_cargo_cont_net1 :: !!! Sum of container LootMax is lower than event child LootMax (6 < 8)
 7:21:56.294 [CE][SpawnRandomLoot] (StaticMedDrop) :: Type: Misc_cargo_cont_net1 :: !!! Wanting to spawn more loot than possible (8 > 6)
 7:21:56.295 [CE][Links] found 0 total links between groups, of 4
 7:21:56.295 [CE][SpawnRandomLoot] (StaticMedDrop) :: Type: Misc_cargo_cont_net1, lootmin: 8, lootmax: 8, wanted: 8, deloot: 2, containermaxsum: 6
 7:21:56.295 [CE][SpawnRandomLoot] (StaticMedDrop) :: Type: Misc_cargo_cont_net1 :: !!! Sum of container LootMax is lower than event child LootMax (6 < 8)
 7:21:56.295 [CE][SpawnRandomLoot] (StaticMedDrop) :: Type: Misc_cargo_cont_net1 :: !!! Wanting to spawn more loot than possible (8 > 6)
 7:21:56.297 [CE][Links] found 0 total links between groups, of 5
 7:21:56.297 [CE][SpawnRandomLoot] (StaticMedDrop) :: Type: Misc_cargo_cont_net1, lootmin: 8, lootmax: 8, wanted: 8, deloot: 2, containermaxsum: 6
 7:21:56.297 [CE][SpawnRandomLoot] (StaticMedDrop) :: Type: Misc_cargo_cont_net1 :: !!! Sum of container LootMax is lower than event child LootMax (6 < 8)
 7:21:56.297 [CE][SpawnRandomLoot] (StaticMedDrop) :: Type: Misc_cargo_cont_net1 :: !!! Wanting to spawn more loot than possible (8 > 6)
 7:21:56.299 [CE][Links] found 0 total links between groups, of 6
 7:21:56.299 [CE][SpawnRandomLoot] (StaticMedDrop) :: Type: Misc_cargo_cont_net1, lootmin: 8, lootmax: 8, wanted: 8, deloot: 2, containermaxsum: 6
 7:21:56.299 [CE][SpawnRandomLoot] (StaticMedDrop) :: Type: Misc_cargo_cont_net1 :: !!! Sum of container LootMax is lower than event child LootMax (6 < 8)
 7:21:56.299 [CE][SpawnRandomLoot] (StaticMedDrop) :: Type: Misc_cargo_cont_net1 :: !!! Wanting to spawn more loot than possible (8 > 6)
 7:21:56.588 [CE][Links] found 0 total links between groups, of 7
 7:21:56.588 [CE][SpawnRandomLoot] (StaticLifeboat) :: Type: sea_oilrig_lifeboat, lootmin: 4, lootmax: 5, wanted: 4, deloot: 2, containermaxsum: 5
 7:21:56.589 [CE][SpawnRandomLoot] (StaticLifeboat) :: No item found to spawn for DE! Spawned: 2 / 4 (enable log_ce_dynamicevent to see item lists for event)
 7:24:39.655 [Login]: Adding player Teddybear (24694431) to login queue at position 0
 7:24:39.656 [LoginMachine]: Add player Teddybear (24694431 71.1.252.64:2324)
 7:24:39.656 [StateMachine]: Player Teddybear (dpnid 24694431 uid ) Entering AuthPlayerLoginState
 7:24:40.946 [StateMachine]: Player Teddybear (dpnid 24694431 uid ) Entering WaitAuthPlayerLoginState
 7:24:43.633 Player Teddybear connected (id=Q74fxPdlRt8xzaRnXB-9fMyQ9RnGUPZVj3H_Kuu3Hsc=).
 7:24:43.633 Player "Teddybear" is connected (steamID=76561198190486863)
 7:24:43.633 [StateMachine]: Player Teddybear (dpnid 24694431 uid ) Entering WaitPlayerAssignedLoginState
 7:24:44.306 [StateMachine]: Player Teddybear (dpnid 24694431 uid Q74fxPdlRt8xzaRnXB-9fMyQ9RnGUPZVj3H_Kuu3Hsc=) Entering DBGetLoginTimeLoginState
 7:24:44.307 [StateMachine]: Player Teddybear (dpnid 24694431 uid Q74fxPdlRt8xzaRnXB-9fMyQ9RnGUPZVj3H_Kuu3Hsc=) Entering DBWaitLoginTimeLoginState
 7:24:59.308 [StateMachine]: Player Teddybear (dpnid 24694431 uid Q74fxPdlRt8xzaRnXB-9fMyQ9RnGUPZVj3H_Kuu3Hsc=) Entering DBGetCharacterLoginState