

=====================================================================
== C:\SERVICES\ni9180513_1_SHARE\ftproot\dayzstandalone\DayZServer_x64.exe
== "C:\SERVICES\ni9180513_1_SHARE\ftproot\dayzstandalone\DayZServer_x64.exe" -ip=37.10.124.137 -port=28000 -cpuCount=4 -limitFPS=100 -adminlog -config=serverDZ.cfg "-mod=@Namalsk Island;@Namalsk Survival;@CF;@Dabs Framework;@Community-Online-Tools;@shd_retextures;@BuilderItems;@Spurgles_BagZ;@sFramework;@sGunplay;@WindstridesClothingPack;@Advanced Weapon Scopes;@VPPAdminTools;@Zen's Zombie Door Bangers;@Unknown Ghillie Mod;@Zen's Chicken Coops;@Wolf Packs;@sGunplay_AWS;@Survivor Animations;@DayZ-Bicycle;@DayZ-Dog" -profiles=C:\SERVICES\ni9180513_1_SHARE\ftproot\dayzstandalone/config -BEPath=C:\SERVICES\ni9180513_1_SHARE\ftproot\dayzstandalone\battleye -noFilePatching -nologs -freezecheck
=====================================================================
Exe timestamp: 2023/06/06 04:56:18
Current time:  2023/06/19 03:27:25

Version 1.21.156243
 3:27:25.704 [Inputs] Loading inputs default "bin/constants.xml"
 3:27:25.724 [Inputs] Loading inputs default "bin/specific.xml"
 3:27:25.729 [Inputs] Loading inputs default "JM/COT/Scripts/Data/Inputs.xml"
 3:27:25.732 !!! [Inputs] Cannot Register "UAObjectModuleDeleteOnCursor" non-existent input - Fix Preset!
 3:27:25.735 [Inputs] Loading inputs default "MyMODS/sGunplay/scripts/data/inputs.xml"
 3:27:25.740 [Inputs] Loading inputs default "nst/ns_dayz/scripts/Data/Inputs.xml"
 3:27:25.745 [Inputs] Loading inputs default "VPPAdminTools/data/modded_Inputs.xml"
 3:27:25.752 [Inputs] Loading inputs default "WindstrideClothing/Inputs.xml"
 3:27:25.758 [Inputs] Loading inputs default "Dayz_Dog/Data/Inputs.xml"
 3:27:25.763 [Inputs] Loading inputs cfg "C:\SERVICES\ni9180513_1_SHARE\ftproot\dayzstandalone/config\Users\Survivor\Server.core.xml"
 3:27:25.792 [Inputs] Exporting inputs cfg "C:\SERVICES\ni9180513_1_SHARE\ftproot\dayzstandalone/config\Users\Survivor\Server.core.xml"
 3:28:15.280 [CE][Hive] :: Initializing OFFLINE
 3:28:15.284 [StorageDirs] :: Selected storage directory: C:\SERVICES\ni9180513_1_SHARE\ftproot\dayzstandalone\mpmissions\hardcore.namalsk\storage_1\
 3:28:15.293 [CE][Hive] :: Loading core data ... 
 3:28:15.303 [CE][CoreData] :: 7 root classes, 0 defaults, 0 updaters...
 3:28:25.787 [CE] :: WARNING :: Preset map "headsFirefighter" is EMPTY.
 3:28:25.788 [CE][TypeSetup] :: 556 classes setuped...
 3:28:29.603 [CE][RegisterBind] :: 0 classes binded...
 3:28:29.603 [CE][RegisterConfig] :: 16097 config classes registered, 0 sub-counters...
 3:28:29.603 [CE][Hive] :: Loading map data ... 
 3:28:29.680 !!! [CE] :: Unknown tag: 'shelves'.
 3:28:29.680 !!! [CE] :: Unknown category: 'books'.
 3:28:29.680 !!! [CE] :: Unknown tag: 'shelves'.
 3:28:29.680 !!! [CE] :: Unknown tag: 'shelves'.
 3:28:29.680 [CE][LoadPrototype] :: loaded 261 prototypes
 3:28:29.680   411 containers, 7544 points
 3:28:29.680   1 dispatches, 1 proxies
 3:28:29.680 !!! [CE][LoadPrototype] 1 groups have wrong points...
 3:28:29.680 [CE][LoadPrototype] :: last group name: Land_Prison_Side...
 3:28:29.695 [CE][LoadPrototype] :: loaded 0 prototypes
 3:28:29.695   38 containers, 66 points
 3:28:29.695   0 dispatches, 0 proxies
 3:28:29.695 [CE][LoadPrototype] :: last group name: StoneLoc38...
 3:28:29.806 [CE][LoadMap] "Group" :: loaded 1610 groups, groups failed: 0, largest group range: 36.4
 3:28:29.817 [CE][LoadMap] "Dirt" :: loaded 0 groups, groups failed: 0, largest group range: 36.4
 3:28:29.824 [CE][Links] found 534 total links between groups, of 1610
 3:28:29.824 [CE][LoadClusters] "Cluster" :: Loading files...
 3:28:29.846 [CE][LoadClusters] :: file: "mapgroupcluster.xml", 1 types, 2418 instances
 3:28:29.850 [CE][Storage] ver:21 stamp:500, valid:yes, name:"C:\SERVICES\ni9180513_1_SHARE\ftproot\dayzstandalone\mpmissions\hardcore.namalsk\storage_1\data\types.bin"
 3:28:29.854 [CE][Storage] ver:21 stamp:288, valid:yes, name:"C:\SERVICES\ni9180513_1_SHARE\ftproot\dayzstandalone\mpmissions\hardcore.namalsk\storage_1\data\types.001"
 3:28:29.858 [CE][Storage] ver:21 stamp:289, valid:yes, name:"C:\SERVICES\ni9180513_1_SHARE\ftproot\dayzstandalone\mpmissions\hardcore.namalsk\storage_1\data\types.002"
 3:28:29.858 [CE][Storage] Restoring file "C:\SERVICES\ni9180513_1_SHARE\ftproot\dayzstandalone\mpmissions\hardcore.namalsk\storage_1\data\types.bin".
 3:28:30.144 [CE][offlineDB] :: Loaded 19 dynamic events 194 total types.
 3:28:30.182 !!! [CE] :: Unknown tag: 'floor'.
 3:28:30.182 !!! [CE] :: Unknown tag: 'floor'.
 3:28:30.183 !!! [CE] :: Unknown tag: 'floor'.
 3:28:30.183 !!! [CE] :: Unknown tag: 'floor'.
 3:28:30.183 !!! [CE] :: Unknown tag: 'floor'.
 3:28:30.183 !!! [CE] :: Unknown tag: 'floor'.
 3:28:30.183 !!! [CE] :: Unknown tag: 'floor'.
 3:28:30.183 !!! [CE] :: Unknown tag: 'floor'.
 3:28:30.184 !!! [CE] :: Unknown tag: 'floor'.
 3:28:30.184 !!! [CE] :: Unknown tag: 'floor'.
 3:28:30.184 !!! [CE] :: Unknown tag: 'floor'.
 3:28:30.184 !!! [CE] :: Unknown tag: 'floor'.
 3:28:30.184 !!! [CE][offlineDB] :: Type 'Leather_Cloak' will be ignored. (Type does not exist. (Typo?))
 3:28:30.184 !!! [CE] :: Unknown tag: 'floor'.
 3:28:30.185 !!! [CE][offlineDB] :: Type 'AD_LeupoldMk4' will be ignored. (Type does not exist. (Typo?))
 3:28:30.185 !!! [CE][offlineDB] :: Type 'AD_LeupoldMk4_MosinMount' will be ignored. (Type does not exist. (Typo?))
 3:28:30.185 !!! [CE][offlineDB] :: Type 'AD_LeupoldMk4_B13' will be ignored. (Type does not exist. (Typo?))
 3:28:30.186 !!! [CE][offlineDB] :: Type 'ChristmasTree' will be ignored. (Not spawnable. (Scope is not public?))
 3:28:30.233 [CE][DE][SPAWNS] :: Total positions: 254
 3:28:30.233 [CE][DE][GROUPS] :: Total eventgroups defined: 0, Eventgroups in use: 0
 3:28:30.236 [CE][Storage] ver:21 stamp:500, valid:yes, name:"C:\SERVICES\ni9180513_1_SHARE\ftproot\dayzstandalone\mpmissions\hardcore.namalsk\storage_1\data\events.bin"
 3:28:30.240 [CE][Storage] ver:21 stamp:288, valid:yes, name:"C:\SERVICES\ni9180513_1_SHARE\ftproot\dayzstandalone\mpmissions\hardcore.namalsk\storage_1\data\events.001"
 3:28:30.244 [CE][Storage] ver:21 stamp:289, valid:yes, name:"C:\SERVICES\ni9180513_1_SHARE\ftproot\dayzstandalone\mpmissions\hardcore.namalsk\storage_1\data\events.002"
 3:28:30.244 [CE][Storage] Restoring file "C:\SERVICES\ni9180513_1_SHARE\ftproot\dayzstandalone\mpmissions\hardcore.namalsk\storage_1\data\events.bin".
 3:28:30.244 [CE][DynamicEvent] Load  Events:[19] Primary spawners: 19 Secondary spawners: 0
 3:28:30.247 [CE][Storage] ver:25 stamp:500, valid:yes, name:"C:\SERVICES\ni9180513_1_SHARE\ftproot\dayzstandalone\mpmissions\hardcore.namalsk\storage_1\data\dynamic_000.bin"
 3:28:30.251 [CE][Storage] ver:25 stamp:288, valid:yes, name:"C:\SERVICES\ni9180513_1_SHARE\ftproot\dayzstandalone\mpmissions\hardcore.namalsk\storage_1\data\dynamic_000.001"
 3:28:30.254 [CE][Storage] ver:25 stamp:289, valid:yes, name:"C:\SERVICES\ni9180513_1_SHARE\ftproot\dayzstandalone\mpmissions\hardcore.namalsk\storage_1\data\dynamic_000.002"
 3:28:30.254 [CE][Storage] Restoring file "C:\SERVICES\ni9180513_1_SHARE\ftproot\dayzstandalone\mpmissions\hardcore.namalsk\storage_1\data\dynamic_000.bin" 0 items.
 3:28:30.254   0 items loaded. (0 failed)
 3:28:30.258 [CE][Storage] ver:25 stamp:500, valid:yes, name:"C:\SERVICES\ni9180513_1_SHARE\ftproot\dayzstandalone\mpmissions\hardcore.namalsk\storage_1\data\dynamic_001.bin"
 3:28:30.261 [CE][Storage] ver:25 stamp:288, valid:yes, name:"C:\SERVICES\ni9180513_1_SHARE\ftproot\dayzstandalone\mpmissions\hardcore.namalsk\storage_1\data\dynamic_001.001"
 3:28:30.265 [CE][Storage] ver:25 stamp:289, valid:yes, name:"C:\SERVICES\ni9180513_1_SHARE\ftproot\dayzstandalone\mpmissions\hardcore.namalsk\storage_1\data\dynamic_001.002"
 3:28:30.265 [CE][Storage] Restoring file "C:\SERVICES\ni9180513_1_SHARE\ftproot\dayzstandalone\mpmissions\hardcore.namalsk\storage_1\data\dynamic_001.bin" 172 items.
 3:28:30.526   172 items loaded. (0 failed)
 3:28:30.529 [CE][Storage] ver:25 stamp:500, valid:yes, name:"C:\SERVICES\ni9180513_1_SHARE\ftproot\dayzstandalone\mpmissions\hardcore.namalsk\storage_1\data\dynamic_002.bin"
 3:28:30.533 [CE][Storage] ver:25 stamp:288, valid:yes, name:"C:\SERVICES\ni9180513_1_SHARE\ftproot\dayzstandalone\mpmissions\hardcore.namalsk\storage_1\data\dynamic_002.001"
 3:28:30.536 [CE][Storage] ver:25 stamp:289, valid:yes, name:"C:\SERVICES\ni9180513_1_SHARE\ftproot\dayzstandalone\mpmissions\hardcore.namalsk\storage_1\data\dynamic_002.002"
 3:28:30.536 [CE][Storage] Restoring file "C:\SERVICES\ni9180513_1_SHARE\ftproot\dayzstandalone\mpmissions\hardcore.namalsk\storage_1\data\dynamic_002.bin" 82 items.
 3:28:30.672   82 items loaded. (0 failed)
 3:28:30.676 [CE][Storage] ver:25 stamp:500, valid:yes, name:"C:\SERVICES\ni9180513_1_SHARE\ftproot\dayzstandalone\mpmissions\hardcore.namalsk\storage_1\data\dynamic_003.bin"
 3:28:30.680 [CE][Storage] ver:25 stamp:288, valid:yes, name:"C:\SERVICES\ni9180513_1_SHARE\ftproot\dayzstandalone\mpmissions\hardcore.namalsk\storage_1\data\dynamic_003.001"
 3:28:30.685 [CE][Storage] ver:25 stamp:289, valid:yes, name:"C:\SERVICES\ni9180513_1_SHARE\ftproot\dayzstandalone\mpmissions\hardcore.namalsk\storage_1\data\dynamic_003.002"
 3:28:30.685 [CE][Storage] Restoring file "C:\SERVICES\ni9180513_1_SHARE\ftproot\dayzstandalone\mpmissions\hardcore.namalsk\storage_1\data\dynamic_003.bin" 1084 items.
 3:28:31.599   1084 items loaded. (0 failed)
 3:28:31.603 [CE][Storage] ver:25 stamp:500, valid:yes, name:"C:\SERVICES\ni9180513_1_SHARE\ftproot\dayzstandalone\mpmissions\hardcore.namalsk\storage_1\data\dynamic_004.bin"
 3:28:31.607 [CE][Storage] ver:25 stamp:288, valid:yes, name:"C:\SERVICES\ni9180513_1_SHARE\ftproot\dayzstandalone\mpmissions\hardcore.namalsk\storage_1\data\dynamic_004.001"
 3:28:31.611 [CE][Storage] ver:25 stamp:289, valid:yes, name:"C:\SERVICES\ni9180513_1_SHARE\ftproot\dayzstandalone\mpmissions\hardcore.namalsk\storage_1\data\dynamic_004.002"
 3:28:31.611 [CE][Storage] Restoring file "C:\SERVICES\ni9180513_1_SHARE\ftproot\dayzstandalone\mpmissions\hardcore.namalsk\storage_1\data\dynamic_004.bin" 2101 items.
 3:28:32.840   2101 items loaded. (0 failed)
 3:28:32.844 [CE][Storage] ver:25 stamp:500, valid:yes, name:"C:\SERVICES\ni9180513_1_SHARE\ftproot\dayzstandalone\mpmissions\hardcore.namalsk\storage_1\data\dynamic_005.bin"
 3:28:32.848 [CE][Storage] ver:25 stamp:288, valid:yes, name:"C:\SERVICES\ni9180513_1_SHARE\ftproot\dayzstandalone\mpmissions\hardcore.namalsk\storage_1\data\dynamic_005.001"
 3:28:32.852 [CE][Storage] ver:25 stamp:289, valid:yes, name:"C:\SERVICES\ni9180513_1_SHARE\ftproot\dayzstandalone\mpmissions\hardcore.namalsk\storage_1\data\dynamic_005.002"
 3:28:32.852 [CE][Storage] Restoring file "C:\SERVICES\ni9180513_1_SHARE\ftproot\dayzstandalone\mpmissions\hardcore.namalsk\storage_1\data\dynamic_005.bin" 801 items.
 3:28:33.311   801 items loaded. (0 failed)
 3:28:33.315 [CE][Storage] ver:25 stamp:500, valid:yes, name:"C:\SERVICES\ni9180513_1_SHARE\ftproot\dayzstandalone\mpmissions\hardcore.namalsk\storage_1\data\dynamic_006.bin"
 3:28:33.319 [CE][Storage] ver:25 stamp:288, valid:yes, name:"C:\SERVICES\ni9180513_1_SHARE\ftproot\dayzstandalone\mpmissions\hardcore.namalsk\storage_1\data\dynamic_006.001"
 3:28:33.323 [CE][Storage] ver:25 stamp:289, valid:yes, name:"C:\SERVICES\ni9180513_1_SHARE\ftproot\dayzstandalone\mpmissions\hardcore.namalsk\storage_1\data\dynamic_006.002"
 3:28:33.323 [CE][Storage] Restoring file "C:\SERVICES\ni9180513_1_SHARE\ftproot\dayzstandalone\mpmissions\hardcore.namalsk\storage_1\data\dynamic_006.bin" 2445 items.
 3:28:34.623   2445 items loaded. (0 failed)
 3:28:34.627 [CE][Storage] ver:25 stamp:500, valid:yes, name:"C:\SERVICES\ni9180513_1_SHARE\ftproot\dayzstandalone\mpmissions\hardcore.namalsk\storage_1\data\dynamic_007.bin"
 3:28:34.632 [CE][Storage] ver:25 stamp:288, valid:yes, name:"C:\SERVICES\ni9180513_1_SHARE\ftproot\dayzstandalone\mpmissions\hardcore.namalsk\storage_1\data\dynamic_007.001"
 3:28:34.636 [CE][Storage] ver:25 stamp:289, valid:yes, name:"C:\SERVICES\ni9180513_1_SHARE\ftproot\dayzstandalone\mpmissions\hardcore.namalsk\storage_1\data\dynamic_007.002"
 3:28:34.636 [CE][Storage] Restoring file "C:\SERVICES\ni9180513_1_SHARE\ftproot\dayzstandalone\mpmissions\hardcore.namalsk\storage_1\data\dynamic_007.bin" 720 items.
 3:28:35.05   720 items loaded. (0 failed)
 3:28:35.09 [CE][Storage] ver:25 stamp:500, valid:yes, name:"C:\SERVICES\ni9180513_1_SHARE\ftproot\dayzstandalone\mpmissions\hardcore.namalsk\storage_1\data\dynamic_008.bin"
 3:28:35.13 [CE][Storage] ver:25 stamp:288, valid:yes, name:"C:\SERVICES\ni9180513_1_SHARE\ftproot\dayzstandalone\mpmissions\hardcore.namalsk\storage_1\data\dynamic_008.001"
 3:28:35.17 [CE][Storage] ver:25 stamp:289, valid:yes, name:"C:\SERVICES\ni9180513_1_SHARE\ftproot\dayzstandalone\mpmissions\hardcore.namalsk\storage_1\data\dynamic_008.002"
 3:28:35.17 [CE][Storage] Restoring file "C:\SERVICES\ni9180513_1_SHARE\ftproot\dayzstandalone\mpmissions\hardcore.namalsk\storage_1\data\dynamic_008.bin" 537 items.
 3:28:35.295   537 items loaded. (0 failed)
 3:28:35.298 [CE][Storage] ver:25 stamp:500, valid:yes, name:"C:\SERVICES\ni9180513_1_SHARE\ftproot\dayzstandalone\mpmissions\hardcore.namalsk\storage_1\data\dynamic_009.bin"
 3:28:35.301 [CE][Storage] ver:25 stamp:288, valid:yes, name:"C:\SERVICES\ni9180513_1_SHARE\ftproot\dayzstandalone\mpmissions\hardcore.namalsk\storage_1\data\dynamic_009.001"
 3:28:35.305 [CE][Storage] ver:25 stamp:289, valid:yes, name:"C:\SERVICES\ni9180513_1_SHARE\ftproot\dayzstandalone\mpmissions\hardcore.namalsk\storage_1\data\dynamic_009.002"
 3:28:35.305 [CE][Storage] Restoring file "C:\SERVICES\ni9180513_1_SHARE\ftproot\dayzstandalone\mpmissions\hardcore.namalsk\storage_1\data\dynamic_009.bin" 0 items.
 3:28:35.305   0 items loaded. (0 failed)
 3:28:35.308 [CE][Storage] ver:25 stamp:500, valid:yes, name:"C:\SERVICES\ni9180513_1_SHARE\ftproot\dayzstandalone\mpmissions\hardcore.namalsk\storage_1\data\dynamic_010.bin"
 3:28:35.312 [CE][Storage] ver:25 stamp:288, valid:yes, name:"C:\SERVICES\ni9180513_1_SHARE\ftproot\dayzstandalone\mpmissions\hardcore.namalsk\storage_1\data\dynamic_010.001"
 3:28:35.315 [CE][Storage] ver:25 stamp:289, valid:yes, name:"C:\SERVICES\ni9180513_1_SHARE\ftproot\dayzstandalone\mpmissions\hardcore.namalsk\storage_1\data\dynamic_010.002"
 3:28:35.315 [CE][Storage] Restoring file "C:\SERVICES\ni9180513_1_SHARE\ftproot\dayzstandalone\mpmissions\hardcore.namalsk\storage_1\data\dynamic_010.bin" 60 items.
 3:28:35.361   60 items loaded. (0 failed)
 3:28:35.364 [CE][Storage] ver:25 stamp:500, valid:yes, name:"C:\SERVICES\ni9180513_1_SHARE\ftproot\dayzstandalone\mpmissions\hardcore.namalsk\storage_1\data\dynamic_011.bin"
 3:28:35.368 [CE][Storage] ver:25 stamp:288, valid:yes, name:"C:\SERVICES\ni9180513_1_SHARE\ftproot\dayzstandalone\mpmissions\hardcore.namalsk\storage_1\data\dynamic_011.001"
 3:28:35.371 [CE][Storage] ver:25 stamp:289, valid:yes, name:"C:\SERVICES\ni9180513_1_SHARE\ftproot\dayzstandalone\mpmissions\hardcore.namalsk\storage_1\data\dynamic_011.002"
 3:28:35.371 [CE][Storage] Restoring file "C:\SERVICES\ni9180513_1_SHARE\ftproot\dayzstandalone\mpmissions\hardcore.namalsk\storage_1\data\dynamic_011.bin" 51 items.
 3:28:35.400   51 items loaded. (0 failed)
 3:28:35.403 [CE][Storage] ver:26 stamp:500, valid:yes, name:"C:\SERVICES\ni9180513_1_SHARE\ftproot\dayzstandalone\mpmissions\hardcore.namalsk\storage_1\data\building.bin"
 3:28:35.406 [CE][Storage] ver:26 stamp:288, valid:yes, name:"C:\SERVICES\ni9180513_1_SHARE\ftproot\dayzstandalone\mpmissions\hardcore.namalsk\storage_1\data\building.001"
 3:28:35.410 [CE][Storage] ver:26 stamp:289, valid:yes, name:"C:\SERVICES\ni9180513_1_SHARE\ftproot\dayzstandalone\mpmissions\hardcore.namalsk\storage_1\data\building.002"
 3:28:35.410 [CE][Storage] Restoring file "C:\SERVICES\ni9180513_1_SHARE\ftproot\dayzstandalone\mpmissions\hardcore.namalsk\storage_1\data\building.bin" 0 items.
 3:28:35.410   0 items loaded. (0 failed)
 3:28:35.414 [CE][Storage] ver:25 stamp:500, valid:yes, name:"C:\SERVICES\ni9180513_1_SHARE\ftproot\dayzstandalone\mpmissions\hardcore.namalsk\storage_1\data\vehicles.bin"
 3:28:35.418 [CE][Storage] ver:25 stamp:288, valid:yes, name:"C:\SERVICES\ni9180513_1_SHARE\ftproot\dayzstandalone\mpmissions\hardcore.namalsk\storage_1\data\vehicles.001"
 3:28:35.421 [CE][Storage] ver:25 stamp:289, valid:yes, name:"C:\SERVICES\ni9180513_1_SHARE\ftproot\dayzstandalone\mpmissions\hardcore.namalsk\storage_1\data\vehicles.002"
 3:28:35.421 [CE][Storage] Restoring file "C:\SERVICES\ni9180513_1_SHARE\ftproot\dayzstandalone\mpmissions\hardcore.namalsk\storage_1\data\vehicles.bin" 86 items.
 3:28:35.606   86 items loaded. (0 failed)
 3:28:35.624 [CE][Hive] :: Storage load took:5.38 seconds, recovery stamp:500
 3:28:35.624   entity: 8800, building: 0
 3:28:35.624   no lifetime: 18
 3:28:35.624   pathgraph's: 152
 3:28:35.633 [CE][Hive] :: Initializing ... 
 3:28:35.655 [CE][InitializeMap] :: initialized: 0
 3:28:35.655 [CE][Hive] :: Initializing spawners ... 
 3:28:35.655 [CE][LootRespawner] (PRIDummy) :: Item [0] causing search overtime: "dzn_vinyl_bubson"
 3:28:35.655 [CE][LootRespawner] (PRIDummy) :: Item [1] causing search overtime: "FirefightersPants_Black"
 3:28:35.655 [CE][LootRespawner] (PRIDummy) :: Item [2] causing search overtime: "dzn_sumrakhood_coldw"
 3:28:35.655 [CE][LootRespawner] (PRIDummy) :: Item [3] causing search overtime: "dzn_sumrakhood_coldw"
 3:28:35.655 [CE][LootRespawner] (PRIDummy) :: Item [4] causing search overtime: "FirefightersPants_Beige"
 3:28:35.655 [CE][LootRespawner] (PRIDummy) :: Item [5] causing search overtime: "FirefightersHelmet_Yellow"
 3:28:35.655 [CE][LootRespawner] (PRIDummy) :: Item [6] causing search overtime: "dzn_module_surge"
 3:28:35.656 [CE][LootRespawner] (PRIDummy) :: Item [7] causing search overtime: "dzn_athena3_exp2"
 3:28:35.656 [CE][LootRespawner] (PRIDummy) :: Item [8] causing search overtime: "dzn_athena_action2"
 3:28:35.656 [CE][LootRespawner] (PRIDummy) :: Item [9] causing search overtime: "dzn_oxygenated_blood"
 3:28:35.656 [CE][LootRespawner] (PRIDummy) :: Item [10] causing search overtime: "dzn_oxygenated_blood"
 3:28:35.656 [CE][LootRespawner] (PRIDummy) :: Item [11] causing search overtime: "dzn_oxygenated_blood"
 3:28:35.656 [CE][LootRespawner] (PRIDummy) :: Item [12] causing search overtime: "dzn_oxygenated_blood"
 3:28:35.656 [CE][LootRespawner] (PRIDummy) :: Item [13] causing search overtime: "dzn_oxygenated_blood"
 3:28:35.656 [CE][LootRespawner] (PRIDummy) :: Item [14] causing search overtime: "BloodBagEmpty"
 3:28:35.656 [CE][LootRespawner] (PRIDummy) :: Item [15] causing search overtime: "BloodBagEmpty"
 3:28:35.656 [CE][LootRespawner] (PRIDummy) :: Item [16] causing search overtime: "BloodBagEmpty"
 3:28:35.656 [CE][LootRespawner] (PRIDummy) :: Item [17] causing search overtime: "BloodBagEmpty"
 3:28:35.656 [CE][LootRespawner] (PRIDummy) :: Item [18] causing search overtime: "BloodBagEmpty"
 3:28:35.656 [CE][LootRespawner] (PRIDummy) :: Item [19] causing search overtime: "BloodBagEmpty"
 3:28:35.657 [CE][LootRespawner] (PRIDummy) :: Initially (re)spawned:0, Nominal:10364, Total in Map: 8173 at 0 (sec)
 3:28:35.657   tests:0, repeats:0 fails:0, overtime:465
 3:28:38.944 [CE][DynEvent] :: 19 types
 3:28:38.944 [00] Loot
 3:28:38.944   Primary Spawner: "Loot", active: yes, repeat: 2
 3:28:38.944 [01] StaticMedDrop
 3:28:38.944   Primary Spawner: "Static", active: yes, repeat: 1
 3:28:38.944 [02] StaticLifeboat
 3:28:38.944   Primary Spawner: "Static", active: yes, repeat: 1
 3:28:38.944 [03] TrajectoryStones
 3:28:38.944   Primary Spawner: "Trajectory", active: yes, repeat: 1
 3:28:38.944 [04] AnimalWildDog
 3:28:38.944   Primary Spawner: "Animal", active: yes, repeat: 1
 3:28:38.944 [05] InfectedSanta
 3:28:38.944   Primary Spawner: "Infected", active: yes, repeat: 1
 3:28:38.944 [06] InfectedArmy
 3:28:38.944   Primary Spawner: "Infected", active: yes, repeat: 1
 3:28:38.944 [07] InfectedIndustrial
 3:28:38.944   Primary Spawner: "Infected", active: yes, repeat: 1
 3:28:38.944 [08] InfectedCivil
 3:28:38.944   Primary Spawner: "Infected", active: yes, repeat: 1
 3:28:38.944 [09] InfectedMedic
 3:28:38.944   Primary Spawner: "Infected", active: yes, repeat: 1
 3:28:38.944 [10] AnimalGoat
 3:28:38.944   Primary Spawner: "Animal", active: yes, repeat: 1
 3:28:38.944 [11] AnimalSheep
 3:28:38.944   Primary Spawner: "Animal", active: yes, repeat: 1
 3:28:38.944 [12] AnimalRoeDeer
 3:28:38.944   Primary Spawner: "Animal", active: yes, repeat: 1
 3:28:38.944 [13] AnimalDeer
 3:28:38.944   Primary Spawner: "Animal", active: yes, repeat: 1
 3:28:38.944 [14] AnimalWildBoar
 3:28:38.944   Primary Spawner: "Animal", active: yes, repeat: 1
 3:28:38.944 [15] AnimalWolf
 3:28:38.944   Primary Spawner: "Animal", active: yes, repeat: 1
 3:28:38.944 [16] AnimalBrownBear
 3:28:38.944   Primary Spawner: "Animal", active: yes, repeat: 1
 3:28:38.944 [17] AnimalPolarBear
 3:28:38.944   Primary Spawner: "Animal", active: yes, repeat: 1
 3:28:38.944 [18] VehicleCivilianCars
 3:28:38.944   Primary Spawner: "Vehicle", active: yes, repeat: 1
 3:28:38.944 [CE][Hive] :: Initializing of spawners done.
 3:28:38.951 [CE][Hive] :: Init sequence finished.
 3:29:34.746 [CE][MapExport] :: entity found:12016, entity valid:1610, types total:261... took 55 sec
 3:29:34.748 Player connect enabled
 3:29:36.276 [IdleMode] Entering IN - save processed
 3:29:36.292 [Login]: Adding player Teddybear (577432529) to login queue at position 0
 3:29:36.292 [LoginMachine]: Add player Teddybear (577432529 71.1.247.249:28002)
 3:29:36.292 [StateMachine]: Player Teddybear (dpnid 577432529 uid ) Entering AuthPlayerLoginState
 3:29:37.262 [StateMachine]: Player Teddybear (dpnid 577432529 uid ) Entering WaitAuthPlayerLoginState
 3:29:37.901 [IdleMode] Leaving OUT
 3:29:39.872 Player Teddybear connected (id=Q74fxPdlRt8xzaRnXB-9fMyQ9RnGUPZVj3H_Kuu3Hsc=).
 3:29:39.872 Player "Teddybear" is connected (steamID=76561198190486863)
 3:29:39.880 [StateMachine]: Player Teddybear (dpnid 577432529 uid ) Entering WaitPlayerAssignedLoginState
 3:29:43.669 [StateMachine]: Player Teddybear (dpnid 577432529 uid Q74fxPdlRt8xzaRnXB-9fMyQ9RnGUPZVj3H_Kuu3Hsc=) Entering DBGetLoginTimeLoginState
 3:29:43.701 [StateMachine]: Player Teddybear (dpnid 577432529 uid Q74fxPdlRt8xzaRnXB-9fMyQ9RnGUPZVj3H_Kuu3Hsc=) Entering DBWaitLoginTimeLoginState
 3:29:58.702 [StateMachine]: Player Teddybear (dpnid 577432529 uid Q74fxPdlRt8xzaRnXB-9fMyQ9RnGUPZVj3H_Kuu3Hsc=) Entering DBGetCharacterLoginState
 3:29:58.734 [StateMachine]: Player Teddybear (dpnid 577432529 uid Q74fxPdlRt8xzaRnXB-9fMyQ9RnGUPZVj3H_Kuu3Hsc=) Entering CreateNetObjectsLoginState
 3:29:58.747 [StateMachine]: Player Teddybear (dpnid 577432529 uid Q74fxPdlRt8xzaRnXB-9fMyQ9RnGUPZVj3H_Kuu3Hsc=) Entering PreloadCamLoginState
 3:29:58.754 [StateMachine]: Player Teddybear (dpnid 577432529 uid Q74fxPdlRt8xzaRnXB-9fMyQ9RnGUPZVj3H_Kuu3Hsc=) Entering WaitPreloadCamLoginState
 3:30:01.480 [StateMachine]: Player Teddybear (dpnid 577432529 uid Q74fxPdlRt8xzaRnXB-9fMyQ9RnGUPZVj3H_Kuu3Hsc=) Entering GetLoadedCharLoginState
 3:30:23.38 <LOAD EXISTING CHAR>:
    charID 1
    playerID 1
    dpnid 577432529
    uid Q74fxPdlRt8xzaRnXB-9fMyQ9RnGUPZVj3H_Kuu3Hsc=
 4:02:51.438 [CE][Links] found 0 total links between groups, of 1
 4:02:51.438 [CE][SpawnRandomLoot] (StaticLifeboat) :: Type: sea_oilrig_lifeboat, lootmin: 2, lootmax: 5, wanted: 4, deloot: 2, containermaxsum: 5
 4:02:51.440 [CE][SpawnRandomLoot] (StaticLifeboat) :: No item found to spawn for DE! Spawned: 2 / 4 (enable log_ce_dynamicevent to see item lists for event)
 4:03:23.235 [CE][Links] found 0 total links between groups, of 2
 4:03:23.235 [CE][SpawnRandomLoot] (StaticMedDrop) :: Type: Misc_cargo_cont_net1, lootmin: 4, lootmax: 6, wanted: 5, deloot: 2, containermaxsum: 6
 4:03:23.239 [CE][Links] found 0 total links between groups, of 3
 4:03:23.239 [CE][SpawnRandomLoot] (StaticMedDrop) :: Type: Misc_cargo_cont_net1, lootmin: 4, lootmax: 6, wanted: 5, deloot: 2, containermaxsum: 6
 4:03:23.242 [CE][Links] found 0 total links between groups, of 4
 4:03:23.242 [CE][SpawnRandomLoot] (StaticMedDrop) :: Type: Misc_cargo_cont_net1, lootmin: 4, lootmax: 6, wanted: 5, deloot: 2, containermaxsum: 6
 4:03:23.244 [CE][Links] found 0 total links between groups, of 5
 4:03:23.244 [CE][SpawnRandomLoot] (StaticMedDrop) :: Type: Misc_cargo_cont_net1, lootmin: 4, lootmax: 6, wanted: 5, deloot: 2, containermaxsum: 6
 4:03:23.247 [CE][Links] found 0 total links between groups, of 6
 4:03:23.247 [CE][SpawnRandomLoot] (StaticMedDrop) :: Type: Misc_cargo_cont_net1, lootmin: 4, lootmax: 6, wanted: 4, deloot: 2, containermaxsum: 6
 4:03:23.248 [CE][Links] found 0 total links between groups, of 7
 4:03:23.248 [CE][SpawnRandomLoot] (StaticMedDrop) :: Type: Misc_cargo_cont_net1, lootmin: 4, lootmax: 6, wanted: 4, deloot: 2, containermaxsum: 6
 4:08:14.507 Respawn: Add player Teddybear (577432529) to respawn machine
 4:08:14.507 [StateMachine]: Player Teddybear (dpnid 577432529 uid ) Entering GetCharacterRespawnState
 4:08:14.518 [StateMachine]: Player Teddybear (dpnid 577432529 uid ) Entering PreloadCamRespawnState
 4:08:14.529 [StateMachine]: Player Teddybear (dpnid 577432529 uid ) Entering WaitPreloadCamRespawnState
 4:08:15.436 [StateMachine]: Player Teddybear (dpnid 577432529 uid ) Entering GetNewCharRespawnState
 4:08:15.480 <RESPAWN NEW CHAR>:
    charID 1
    playerID 1
    dpnid 577432529
    uid Q74fxPdlRt8xzaRnXB-9fMyQ9RnGUPZVj3H_Kuu3Hsc=
 4:10:35.530 [Disconnect]: Start script disconnect 577432529 (dbCharacterId 1 dbPlayerId 1) logoutTime 15
 4:10:36.576 [Disconnect]: Client 577432529 disconnecting
 4:10:36.576 [Disconnect]: Client 577432529 early disconnect
 4:10:36.588 [Disconnect]: Start script disconnect 577432529 (dbCharacterId 1 dbPlayerId 1) logoutTime 15
 4:10:46.810 [Disconnect]: No packets from 577432529