

=====================================================================
== C:\TCAFiles\Users\ted\153052\DayZServer_x64.exe
== "C:\TCAFiles\Users\ted\153052\DayZServer_x64.exe" -port=2322 -config=serverDZ_By_HostHavoc.cfg -profiles=C:\TCAFiles\Users\ted\153052\HostHavocDayZServer "-servermod=" "-mod=@Spring Namalsk;@Namalsk Island;@Namalsk Survival;@CF;@Dabs Framework;@Community-Online-Tools;@shd_retextures;@Spurgles_BagZ;@sFramework;@sGunplay;@WindstridesClothingPack;@Advanced Weapon Scopes;@VPPAdminTools;@sGunplay_AWS;@Survivor Animations;@DayZ-Bicycle;@DayZ-Dog;@Drones;@SpawnerBubaku;@PseudoGiant;@dbo_spiders;@TFServerPack;@DNA Keycards;@dbo_raptors;" 
=====================================================================
Exe timestamp: 2023/06/20 05:19:39
Current time:  2023/06/26 07:00:15

Version 1.21.156300
 7:00:15.619 [Inputs] Loading inputs default "bin/constants.xml"
 7:00:15.622 [Inputs] Loading inputs default "bin/specific.xml"
 7:00:15.623 [Inputs] Loading inputs default "JM/COT/Scripts/Data/Inputs.xml"
 7:00:15.623 !!! [Inputs] Cannot Register "UAObjectModuleDeleteOnCursor" non-existent input - Fix Preset!
 7:00:15.623 [Inputs] Loading inputs default "MyMODS/sGunplay/scripts/data/inputs.xml"
 7:00:15.624 [Inputs] Loading inputs default "nst/ns_dayz/scripts/Data/Inputs.xml"
 7:00:15.624 [Inputs] Loading inputs default "VPPAdminTools/data/modded_Inputs.xml"
 7:00:15.625 [Inputs] Loading inputs default "WindstrideClothing/Inputs.xml"
 7:00:15.625 [Inputs] Loading inputs default "evg_drones/Inputs.xml"
 7:00:15.626 [Inputs] Loading inputs default "Dayz_Dog/Data/Inputs.xml"
 7:00:15.626 [Inputs] Loading inputs cfg "C:\TCAFiles\Users\ted\153052\HostHavocDayZServer\Users\Survivor\Server.core.xml"
 7:00:15.631 [Inputs] Exporting inputs cfg "C:\TCAFiles\Users\ted\153052\HostHavocDayZServer\Users\Survivor\Server.core.xml"
 7:00:27.624 [CE][Hive] :: Initializing OFFLINE
 7:00:27.624 [StorageDirs] :: Selected storage directory: C:\TCAFiles\Users\ted\153052\mpmissions\hardcore.namalsk\storage_1\
 7:00:27.625 [CE][Hive] :: Loading core data ... 
 7:00:27.625 [CE][CoreData] :: 7 root classes, 0 defaults, 0 updaters...
 7:00:32.434 [CE] :: WARNING :: Preset map "headsFirefighter" is EMPTY.
 7:00:32.435 [CE][TypeSetup] :: 557 classes setuped...
 7:00:35.782 [CE][RegisterBind] :: 0 classes binded...
 7:00:35.782 [CE][RegisterConfig] :: 16393 config classes registered, 0 sub-counters...
 7:00:35.782 [CE][Hive] :: Loading map data ... 
 7:00:35.813 !!! [CE] :: Unknown tag: 'shelves'.
 7:00:35.814 !!! [CE] :: Unknown category: 'books'.
 7:00:35.814 !!! [CE] :: Unknown tag: 'shelves'.
 7:00:35.814 !!! [CE] :: Unknown tag: 'shelves'.
 7:00:35.814 [CE][LoadPrototype] :: loaded 261 prototypes
 7:00:35.814   411 containers, 7544 points
 7:00:35.814   1 dispatches, 1 proxies
 7:00:35.814 !!! [CE][LoadPrototype] 1 groups have wrong points...
 7:00:35.814 !!! [CE][LoadPrototype] 2 groups were defined more than once and skipped...
 7:00:35.814 [CE][LoadPrototype] :: last group name: Land_Prison_Side...
 7:00:35.817 [CE][LoadPrototype] :: loaded 0 prototypes
 7:00:35.817   38 containers, 66 points
 7:00:35.817   0 dispatches, 0 proxies
 7:00:35.817 [CE][LoadPrototype] :: last group name: StoneLoc38...
 7:00:35.852 [CE][LoadMap] "Group" :: loaded 1644 groups, groups failed: 0, largest group range: 36.4
 7:00:35.853 [CE][LoadMap] "Dirt" :: loaded 0 groups, groups failed: 0, largest group range: 36.4
 7:00:35.861 [CE][Links] found 546 total links between groups, of 1644
 7:00:35.861 [CE][LoadClusters] "Cluster" :: Loading files...
 7:00:35.869 [CE][LoadClusters] :: file: "mapgroupcluster.xml", 1 types, 2418 instances
 7:00:35.870 [CE][Storage] ver:21 stamp:13719, valid:yes, name:"C:\TCAFiles\Users\ted\153052\mpmissions\hardcore.namalsk\storage_1\data\types.bin"
 7:00:35.871 [CE][Storage] ver:21 stamp:13717, valid:yes, name:"C:\TCAFiles\Users\ted\153052\mpmissions\hardcore.namalsk\storage_1\data\types.001"
 7:00:35.872 [CE][Storage] ver:21 stamp:13718, valid:yes, name:"C:\TCAFiles\Users\ted\153052\mpmissions\hardcore.namalsk\storage_1\data\types.002"
 7:00:35.872 [CE][Storage] Restoring file "C:\TCAFiles\Users\ted\153052\mpmissions\hardcore.namalsk\storage_1\data\types.bin".
 7:00:36.29 [CE][offlineDB] :: Loaded 25 dynamic events 200 total types.
 7:00:36.42 !!! [CE] :: Unknown tag: 'shelves'.
 7:00:36.42 !!! [CE] :: Unknown tag: 'shelves'.
 7:00:36.42 !!! [CE] :: Unknown tag: 'floor'.
 7:00:36.42 !!! [CE] :: Unknown tag: 'floor'.
 7:00:36.42 !!! [CE] :: Unknown tag: 'floor'.
 7:00:36.42 !!! [CE] :: Unknown tag: 'floor'.
 7:00:36.42 !!! [CE] :: Unknown tag: 'floor'.
 7:00:36.42 !!! [CE] :: Unknown tag: 'floor'.
 7:00:36.42 !!! [CE] :: Unknown tag: 'floor'.
 7:00:36.42 !!! [CE] :: Unknown tag: 'floor'.
 7:00:36.42 !!! [CE] :: Unknown tag: 'floor'.
 7:00:36.42 !!! [CE] :: Unknown tag: 'floor'.
 7:00:36.42 !!! [CE] :: Unknown tag: 'floor'.
 7:00:36.43 !!! [CE] :: Unknown tag: 'floor'.
 7:00:36.43 !!! [CE][offlineDB] :: Type 'Leather_Cloak' will be ignored. (Type does not exist. (Typo?))
 7:00:36.43 !!! [CE] :: Unknown tag: 'floor'.
 7:00:36.43 !!! [CE][offlineDB] :: Type 'AD_LeupoldMk4' will be ignored. (Type does not exist. (Typo?))
 7:00:36.43 !!! [CE][offlineDB] :: Type 'AD_LeupoldMk4_MosinMount' will be ignored. (Type does not exist. (Typo?))
 7:00:36.43 !!! [CE][offlineDB] :: Type 'AD_LeupoldMk4_B13' will be ignored. (Type does not exist. (Typo?))
 7:00:36.44 !!! [CE][offlineDB] :: Type 'ChristmasTree' will be ignored. (Not spawnable. (Scope is not public?))
 7:00:36.50 [CE][DE][SPAWNS] :: Total positions: 254
 7:00:36.50 [CE][DE][GROUPS] :: Total eventgroups defined: 0, Eventgroups in use: 0
 7:00:36.51 [CE][Storage] ver:21 stamp:13719, valid:yes, name:"C:\TCAFiles\Users\ted\153052\mpmissions\hardcore.namalsk\storage_1\data\events.bin"
 7:00:36.51 [CE][Storage] ver:21 stamp:13717, valid:yes, name:"C:\TCAFiles\Users\ted\153052\mpmissions\hardcore.namalsk\storage_1\data\events.001"
 7:00:36.52 [CE][Storage] ver:21 stamp:13718, valid:yes, name:"C:\TCAFiles\Users\ted\153052\mpmissions\hardcore.namalsk\storage_1\data\events.002"
 7:00:36.52 [CE][Storage] Restoring file "C:\TCAFiles\Users\ted\153052\mpmissions\hardcore.namalsk\storage_1\data\events.bin".
 7:00:36.52 [CE][DynamicEvent] Load  Events:[25] Primary spawners: 25 Secondary spawners: 0
 7:00:36.52 [CE][Storage] ver:25 stamp:13719, valid:yes, name:"C:\TCAFiles\Users\ted\153052\mpmissions\hardcore.namalsk\storage_1\data\dynamic_000.bin"
 7:00:36.53 [CE][Storage] ver:25 stamp:13717, valid:yes, name:"C:\TCAFiles\Users\ted\153052\mpmissions\hardcore.namalsk\storage_1\data\dynamic_000.001"
 7:00:36.53 [CE][Storage] ver:25 stamp:13718, valid:yes, name:"C:\TCAFiles\Users\ted\153052\mpmissions\hardcore.namalsk\storage_1\data\dynamic_000.002"
 7:00:36.53 [CE][Storage] Restoring file "C:\TCAFiles\Users\ted\153052\mpmissions\hardcore.namalsk\storage_1\data\dynamic_000.bin" 0 items.
 7:00:36.53   0 items loaded. (0 failed)
 7:00:36.53 [CE][Storage] ver:25 stamp:13719, valid:yes, name:"C:\TCAFiles\Users\ted\153052\mpmissions\hardcore.namalsk\storage_1\data\dynamic_001.bin"
 7:00:36.54 [CE][Storage] ver:25 stamp:13717, valid:yes, name:"C:\TCAFiles\Users\ted\153052\mpmissions\hardcore.namalsk\storage_1\data\dynamic_001.001"
 7:00:36.54 [CE][Storage] ver:25 stamp:13718, valid:yes, name:"C:\TCAFiles\Users\ted\153052\mpmissions\hardcore.namalsk\storage_1\data\dynamic_001.002"
 7:00:36.54 [CE][Storage] Restoring file "C:\TCAFiles\Users\ted\153052\mpmissions\hardcore.namalsk\storage_1\data\dynamic_001.bin" 175 items.
 7:00:36.269   175 items loaded. (0 failed)
 7:00:36.270 [CE][Storage] ver:25 stamp:13719, valid:yes, name:"C:\TCAFiles\Users\ted\153052\mpmissions\hardcore.namalsk\storage_1\data\dynamic_002.bin"
 7:00:36.270 [CE][Storage] ver:25 stamp:13717, valid:yes, name:"C:\TCAFiles\Users\ted\153052\mpmissions\hardcore.namalsk\storage_1\data\dynamic_002.001"
 7:00:36.271 [CE][Storage] ver:25 stamp:13718, valid:yes, name:"C:\TCAFiles\Users\ted\153052\mpmissions\hardcore.namalsk\storage_1\data\dynamic_002.002"
 7:00:36.271 [CE][Storage] Restoring file "C:\TCAFiles\Users\ted\153052\mpmissions\hardcore.namalsk\storage_1\data\dynamic_002.bin" 81 items.
 7:00:36.370   81 items loaded. (0 failed)
 7:00:36.370 [CE][Storage] ver:25 stamp:13719, valid:yes, name:"C:\TCAFiles\Users\ted\153052\mpmissions\hardcore.namalsk\storage_1\data\dynamic_003.bin"
 7:00:36.371 [CE][Storage] ver:25 stamp:13717, valid:yes, name:"C:\TCAFiles\Users\ted\153052\mpmissions\hardcore.namalsk\storage_1\data\dynamic_003.001"
 7:00:36.371 [CE][Storage] ver:25 stamp:13718, valid:yes, name:"C:\TCAFiles\Users\ted\153052\mpmissions\hardcore.namalsk\storage_1\data\dynamic_003.002"
 7:00:36.371 [CE][Storage] Restoring file "C:\TCAFiles\Users\ted\153052\mpmissions\hardcore.namalsk\storage_1\data\dynamic_003.bin" 1087 items.
 7:00:37.285   1087 items loaded. (0 failed)
 7:00:37.286 [CE][Storage] ver:25 stamp:13719, valid:yes, name:"C:\TCAFiles\Users\ted\153052\mpmissions\hardcore.namalsk\storage_1\data\dynamic_004.bin"
 7:00:37.287 [CE][Storage] ver:25 stamp:13717, valid:yes, name:"C:\TCAFiles\Users\ted\153052\mpmissions\hardcore.namalsk\storage_1\data\dynamic_004.001"
 7:00:37.287 [CE][Storage] ver:25 stamp:13718, valid:yes, name:"C:\TCAFiles\Users\ted\153052\mpmissions\hardcore.namalsk\storage_1\data\dynamic_004.002"
 7:00:37.287 [CE][Storage] Restoring file "C:\TCAFiles\Users\ted\153052\mpmissions\hardcore.namalsk\storage_1\data\dynamic_004.bin" 2136 items.
 7:00:38.571   2136 items loaded. (0 failed)
 7:00:38.572 [CE][Storage] ver:25 stamp:13719, valid:yes, name:"C:\TCAFiles\Users\ted\153052\mpmissions\hardcore.namalsk\storage_1\data\dynamic_005.bin"
 7:00:38.572 [CE][Storage] ver:25 stamp:13717, valid:yes, name:"C:\TCAFiles\Users\ted\153052\mpmissions\hardcore.namalsk\storage_1\data\dynamic_005.001"
 7:00:38.573 [CE][Storage] ver:25 stamp:13718, valid:yes, name:"C:\TCAFiles\Users\ted\153052\mpmissions\hardcore.namalsk\storage_1\data\dynamic_005.002"
 7:00:38.573 [CE][Storage] Restoring file "C:\TCAFiles\Users\ted\153052\mpmissions\hardcore.namalsk\storage_1\data\dynamic_005.bin" 964 items.
 7:00:39.117   964 items loaded. (0 failed)
 7:00:39.118 [CE][Storage] ver:25 stamp:13719, valid:yes, name:"C:\TCAFiles\Users\ted\153052\mpmissions\hardcore.namalsk\storage_1\data\dynamic_006.bin"
 7:00:39.118 [CE][Storage] ver:25 stamp:13717, valid:yes, name:"C:\TCAFiles\Users\ted\153052\mpmissions\hardcore.namalsk\storage_1\data\dynamic_006.001"
 7:00:39.118 [CE][Storage] ver:25 stamp:13718, valid:yes, name:"C:\TCAFiles\Users\ted\153052\mpmissions\hardcore.namalsk\storage_1\data\dynamic_006.002"
 7:00:39.119 [CE][Storage] Restoring file "C:\TCAFiles\Users\ted\153052\mpmissions\hardcore.namalsk\storage_1\data\dynamic_006.bin" 2521 items.
 7:00:40.607   2521 items loaded. (0 failed)
 7:00:40.608 [CE][Storage] ver:25 stamp:13719, valid:yes, name:"C:\TCAFiles\Users\ted\153052\mpmissions\hardcore.namalsk\storage_1\data\dynamic_007.bin"
 7:00:40.608 [CE][Storage] ver:25 stamp:13717, valid:yes, name:"C:\TCAFiles\Users\ted\153052\mpmissions\hardcore.namalsk\storage_1\data\dynamic_007.001"
 7:00:40.609 [CE][Storage] ver:25 stamp:13718, valid:yes, name:"C:\TCAFiles\Users\ted\153052\mpmissions\hardcore.namalsk\storage_1\data\dynamic_007.002"
 7:00:40.609 [CE][Storage] Restoring file "C:\TCAFiles\Users\ted\153052\mpmissions\hardcore.namalsk\storage_1\data\dynamic_007.bin" 730 items.
 7:00:40.979   730 items loaded. (0 failed)
 7:00:40.979 [CE][Storage] ver:25 stamp:13719, valid:yes, name:"C:\TCAFiles\Users\ted\153052\mpmissions\hardcore.namalsk\storage_1\data\dynamic_008.bin"
 7:00:40.980 [CE][Storage] ver:25 stamp:13717, valid:yes, name:"C:\TCAFiles\Users\ted\153052\mpmissions\hardcore.namalsk\storage_1\data\dynamic_008.001"
 7:00:40.980 [CE][Storage] ver:25 stamp:13718, valid:yes, name:"C:\TCAFiles\Users\ted\153052\mpmissions\hardcore.namalsk\storage_1\data\dynamic_008.002"
 7:00:40.980 [CE][Storage] Restoring file "C:\TCAFiles\Users\ted\153052\mpmissions\hardcore.namalsk\storage_1\data\dynamic_008.bin" 536 items.
 7:00:41.317   536 items loaded. (0 failed)
 7:00:41.318 [CE][Storage] ver:25 stamp:13719, valid:yes, name:"C:\TCAFiles\Users\ted\153052\mpmissions\hardcore.namalsk\storage_1\data\dynamic_009.bin"
 7:00:41.318 [CE][Storage] ver:25 stamp:13717, valid:yes, name:"C:\TCAFiles\Users\ted\153052\mpmissions\hardcore.namalsk\storage_1\data\dynamic_009.001"
 7:00:41.318 [CE][Storage] ver:25 stamp:13718, valid:yes, name:"C:\TCAFiles\Users\ted\153052\mpmissions\hardcore.namalsk\storage_1\data\dynamic_009.002"
 7:00:41.318 [CE][Storage] Restoring file "C:\TCAFiles\Users\ted\153052\mpmissions\hardcore.namalsk\storage_1\data\dynamic_009.bin" 0 items.
 7:00:41.318   0 items loaded. (0 failed)
 7:00:41.319 [CE][Storage] ver:25 stamp:13719, valid:yes, name:"C:\TCAFiles\Users\ted\153052\mpmissions\hardcore.namalsk\storage_1\data\dynamic_010.bin"
 7:00:41.319 [CE][Storage] ver:25 stamp:13717, valid:yes, name:"C:\TCAFiles\Users\ted\153052\mpmissions\hardcore.namalsk\storage_1\data\dynamic_010.001"
 7:00:41.320 [CE][Storage] ver:25 stamp:13718, valid:yes, name:"C:\TCAFiles\Users\ted\153052\mpmissions\hardcore.namalsk\storage_1\data\dynamic_010.002"
 7:00:41.320 [CE][Storage] Restoring file "C:\TCAFiles\Users\ted\153052\mpmissions\hardcore.namalsk\storage_1\data\dynamic_010.bin" 46 items.
 7:00:41.367   46 items loaded. (0 failed)
 7:00:41.368 [CE][Storage] ver:25 stamp:13719, valid:yes, name:"C:\TCAFiles\Users\ted\153052\mpmissions\hardcore.namalsk\storage_1\data\dynamic_011.bin"
 7:00:41.369 [CE][Storage] ver:25 stamp:13717, valid:yes, name:"C:\TCAFiles\Users\ted\153052\mpmissions\hardcore.namalsk\storage_1\data\dynamic_011.001"
 7:00:41.369 [CE][Storage] ver:25 stamp:13718, valid:yes, name:"C:\TCAFiles\Users\ted\153052\mpmissions\hardcore.namalsk\storage_1\data\dynamic_011.002"
 7:00:41.369 [CE][Storage] Restoring file "C:\TCAFiles\Users\ted\153052\mpmissions\hardcore.namalsk\storage_1\data\dynamic_011.bin" 53 items.
 7:00:41.416   53 items loaded. (0 failed)
 7:00:41.416 [CE][Storage] ver:26 stamp:13719, valid:yes, name:"C:\TCAFiles\Users\ted\153052\mpmissions\hardcore.namalsk\storage_1\data\building.bin"
 7:00:41.417 [CE][Storage] ver:26 stamp:13717, valid:yes, name:"C:\TCAFiles\Users\ted\153052\mpmissions\hardcore.namalsk\storage_1\data\building.001"
 7:00:41.417 [CE][Storage] ver:26 stamp:13718, valid:yes, name:"C:\TCAFiles\Users\ted\153052\mpmissions\hardcore.namalsk\storage_1\data\building.002"
 7:00:41.417 [CE][Storage] Restoring file "C:\TCAFiles\Users\ted\153052\mpmissions\hardcore.namalsk\storage_1\data\building.bin" 2 items.
 7:00:41.417   2 items loaded. (0 failed)
 7:00:41.418 [CE][Storage] ver:25 stamp:13719, valid:yes, name:"C:\TCAFiles\Users\ted\153052\mpmissions\hardcore.namalsk\storage_1\data\vehicles.bin"
 7:00:41.418 [CE][Storage] ver:25 stamp:13717, valid:yes, name:"C:\TCAFiles\Users\ted\153052\mpmissions\hardcore.namalsk\storage_1\data\vehicles.001"
 7:00:41.419 [CE][Storage] ver:25 stamp:13718, valid:yes, name:"C:\TCAFiles\Users\ted\153052\mpmissions\hardcore.namalsk\storage_1\data\vehicles.002"
 7:00:41.419 [CE][Storage] Restoring file "C:\TCAFiles\Users\ted\153052\mpmissions\hardcore.namalsk\storage_1\data\vehicles.bin" 103 items.
 7:00:41.605   103 items loaded. (0 failed)
 7:00:41.612 [CE][Hive] :: Storage load took:5.56 seconds, recovery stamp:13719
 7:00:41.612   entity: 9209, building: 2
 7:00:41.612   no lifetime: 30
 7:00:41.612   pathgraph's: 184
 7:00:41.613 [CE][Hive] :: Initializing ... 
 7:00:41.629 [CE][InitializeMap] :: initialized: 2
 7:00:41.630 [CE][Hive] :: Initializing spawners ... 
 7:00:41.635 [CE][LootRespawner] (PRIDummy) :: Item [0] causing search overtime: "dzn_platecarrierpouches_nac"
 7:00:41.635 [CE][LootRespawner] (PRIDummy) :: Item [1] causing search overtime: "dzn_vinyl_bubson"
 7:00:41.636 [CE][LootRespawner] (PRIDummy) :: Item [2] causing search overtime: "ParamedicJacket_Green"
 7:00:41.636 [CE][LootRespawner] (PRIDummy) :: Item [3] causing search overtime: "ParamedicJacket_Green"
 7:00:41.638 [CE][LootRespawner] (PRIDummy) :: Item [4] causing search overtime: "Mag_CMAG_40Rnd"
 7:00:41.638 [CE][LootRespawner] (PRIDummy) :: Item [5] causing search overtime: "Mag_CMAG_40Rnd"
 7:00:41.638 [CE][LootRespawner] (PRIDummy) :: Item [6] causing search overtime: "Mag_CMAG_40Rnd"
 7:00:41.638 [CE][LootRespawner] (PRIDummy) :: Item [7] causing search overtime: "Mag_CMAG_40Rnd"
 7:00:41.638 [CE][LootRespawner] (PRIDummy) :: Item [8] causing search overtime: "Mag_CMAG_40Rnd"
 7:00:41.638 [CE][LootRespawner] (PRIDummy) :: Item [9] causing search overtime: "Mag_CMAG_40Rnd"
 7:00:41.638 [CE][LootRespawner] (PRIDummy) :: Item [10] causing search overtime: "Mag_CMAG_40Rnd"
 7:00:41.639 [CE][LootRespawner] (PRIDummy) :: Item [11] causing search overtime: "dzn_platecarrierholster_nac"
 7:00:41.639 [CE][LootRespawner] (PRIDummy) :: Item [12] causing search overtime: "P1"
 7:00:41.639 [CE][LootRespawner] (PRIDummy) :: Item [13] causing search overtime: "Winchester70"
 7:00:41.639 [CE][LootRespawner] (PRIDummy) :: Item [14] causing search overtime: "Winchester70"
 7:00:41.639 [CE][LootRespawner] (PRIDummy) :: Item [15] causing search overtime: "Winchester70"
 7:00:41.639 [CE][LootRespawner] (PRIDummy) :: Item [16] causing search overtime: "Winchester70"
 7:00:41.639 [CE][LootRespawner] (PRIDummy) :: Item [17] causing search overtime: "Winchester70"
 7:00:41.639 [CE][LootRespawner] (PRIDummy) :: Item [18] causing search overtime: "Winchester70"
 7:00:41.639 [CE][LootRespawner] (PRIDummy) :: Item [19] causing search overtime: "Winchester70"
 7:00:41.641 [CE][LootRespawner] (PRIDummy) :: Item [0] is hard to place, performance drops: "HikingJacket_Red"
 7:00:41.641 [CE][LootRespawner] (PRIDummy) :: Item [1] is hard to place, performance drops: "HikingJacket_Red"
 7:00:41.645 [CE][LootRespawner] (PRIDummy) :: Item [2] is hard to place, performance drops: "Magnum"
 7:00:41.645 [CE][LootRespawner] (PRIDummy) :: Item [3] is hard to place, performance drops: "Magnum"
 7:00:41.651 [CE][LootRespawner] (PRIDummy) :: Item [4] is hard to place, performance drops: "Pickaxe"
 7:00:41.651 [CE][LootRespawner] (PRIDummy) :: Item [5] is hard to place, performance drops: "Pickaxe"
 7:00:41.651 [CE][LootRespawner] (PRIDummy) :: Item [6] is hard to place, performance drops: "Pickaxe"
 7:00:41.651 [CE][LootRespawner] (PRIDummy) :: Item [7] is hard to place, performance drops: "Pickaxe"
 7:00:41.651 [CE][LootRespawner] (PRIDummy) :: Item [8] is hard to place, performance drops: "Pickaxe"
 7:00:41.651 [CE][LootRespawner] (PRIDummy) :: Item [9] is hard to place, performance drops: "Pickaxe"
 7:00:41.651 [CE][LootRespawner] (PRIDummy) :: Item [10] is hard to place, performance drops: "Pickaxe"
 7:00:41.652 [CE][LootRespawner] (PRIDummy) :: Item [11] is hard to place, performance drops: "Pickaxe"
 7:00:41.652 [CE][LootRespawner] (PRIDummy) :: Item [12] is hard to place, performance drops: "Pickaxe"
 7:00:41.652 [CE][LootRespawner] (PRIDummy) :: Item [13] is hard to place, performance drops: "Pickaxe"
 7:00:41.652 [CE][LootRespawner] (PRIDummy) :: Item [14] is hard to place, performance drops: "Pickaxe"
 7:00:41.652 [CE][LootRespawner] (PRIDummy) :: Item [15] is hard to place, performance drops: "Pickaxe"
 7:00:41.652 [CE][LootRespawner] (PRIDummy) :: Item [16] is hard to place, performance drops: "Pickaxe"
 7:00:41.652 [CE][LootRespawner] (PRIDummy) :: Item [17] is hard to place, performance drops: "Pickaxe"
 7:00:41.652 [CE][LootRespawner] (PRIDummy) :: Item [18] is hard to place, performance drops: "Pickaxe"
 7:00:41.652 [CE][LootRespawner] (PRIDummy) :: Item [19] is hard to place, performance drops: "Pickaxe"
 7:00:41.652 [CE][LootRespawner] (PRIDummy) :: Initially (re)spawned:23, Nominal:12252, Total in Map: 8489 at 0 (sec)
 7:00:41.652   tests:95, repeats:0 fails:72, overtime:970
 7:00:42.609 [CE][DynEvent] :: 25 types
 7:00:42.609 [00] AnimalRaptor1
 7:00:42.609   Primary Spawner: "Animal", active: yes, repeat: 1
 7:00:42.609 [01] AnimalRaptor1B
 7:00:42.609   Primary Spawner: "Animal", active: yes, repeat: 1
 7:00:42.609 [02] AnimalRaptor1C
 7:00:42.609   Primary Spawner: "Animal", active: yes, repeat: 1
 7:00:42.609 [03] AnimalRaptor2
 7:00:42.609   Primary Spawner: "Animal", active: yes, repeat: 1
 7:00:42.609 [04] AnimalRaptor3
 7:00:42.609   Primary Spawner: "Animal", active: yes, repeat: 1
 7:00:42.609 [05] AnimalRaptor4
 7:00:42.609   Primary Spawner: "Animal", active: yes, repeat: 1
 7:00:42.609 [06] Loot
 7:00:42.609   Primary Spawner: "Loot", active: yes, repeat: 2
 7:00:42.609 [07] StaticMedDrop
 7:00:42.609   Primary Spawner: "Static", active: yes, repeat: 1
 7:00:42.609 [08] StaticLifeboat
 7:00:42.609   Primary Spawner: "Static", active: yes, repeat: 1
 7:00:42.609 [09] TrajectoryStones
 7:00:42.609   Primary Spawner: "Trajectory", active: yes, repeat: 1
 7:00:42.609 [10] AnimalWildDog
 7:00:42.609   Primary Spawner: "Animal", active: yes, repeat: 1
 7:00:42.609 [11] InfectedSanta
 7:00:42.609   Primary Spawner: "Infected", active: yes, repeat: 1
 7:00:42.609 [12] InfectedArmy
 7:00:42.609   Primary Spawner: "Infected", active: yes, repeat: 1
 7:00:42.609 [13] InfectedIndustrial
 7:00:42.609   Primary Spawner: "Infected", active: yes, repeat: 1
 7:00:42.609 [14] InfectedCivil
 7:00:42.609   Primary Spawner: "Infected", active: yes, repeat: 1
 7:00:42.609 [15] InfectedMedic
 7:00:42.609   Primary Spawner: "Infected", active: yes, repeat: 1
 7:00:42.609 [16] AnimalGoat
 7:00:42.609   Primary Spawner: "Animal", active: yes, repeat: 1
 7:00:42.609 [17] AnimalSheep
 7:00:42.609   Primary Spawner: "Animal", active: yes, repeat: 1
 7:00:42.609 [18] AnimalRoeDeer
 7:00:42.609   Primary Spawner: "Animal", active: yes, repeat: 1
 7:00:42.609 [19] AnimalDeer
 7:00:42.609   Primary Spawner: "Animal", active: yes, repeat: 1
 7:00:42.609 [20] AnimalWildBoar
 7:00:42.609   Primary Spawner: "Animal", active: yes, repeat: 1
 7:00:42.609 [21] AnimalWolf
 7:00:42.609   Primary Spawner: "Animal", active: yes, repeat: 1
 7:00:42.609 [22] AnimalBrownBear
 7:00:42.609   Primary Spawner: "Animal", active: yes, repeat: 1
 7:00:42.609 [23] AnimalPolarBear
 7:00:42.609   Primary Spawner: "Animal", active: yes, repeat: 1
 7:00:42.609 [24] VehicleCivilianCars
 7:00:42.609   Primary Spawner: "Vehicle", active: yes, repeat: 1
 7:00:42.609 [CE][Hive] :: Initializing of spawners done.
 7:00:42.614 [CE][Hive] :: Init sequence finished.
 7:00:44.893 [CE][MapExport] :: entity found:12450, entity valid:1644, types total:261... took 2 sec
 7:00:44.895 Player connect enabled
 7:00:45.34 [Login]: Adding player FourAMbayBridge (1522613058) to login queue at position 0
 7:00:45.34 [Login]: Adding player Teddybear (1902013043) to login queue at position 1
 7:00:45.34 [LoginMachine]: Add player FourAMbayBridge (1522613058 24.69.196.180:2324)
 7:00:45.34 [StateMachine]: Player FourAMbayBridge (dpnid 1522613058 uid ) Entering AuthPlayerLoginState
 7:00:45.34 [LoginMachine]: Add player Teddybear (1902013043 71.1.250.54:2324)
 7:00:45.35 [StateMachine]: Player Teddybear (dpnid 1902013043 uid ) Entering AuthPlayerLoginState
 7:00:46.49 [StateMachine]: Player Teddybear (dpnid 1902013043 uid ) Entering WaitAuthPlayerLoginState