

=====================================================================
== C:\SERVICES\ni9180513_1_SHARE\ftproot\dayzstandalone\DayZServer_x64.exe
== "C:\SERVICES\ni9180513_1_SHARE\ftproot\dayzstandalone\DayZServer_x64.exe" -ip=37.10.124.137 -port=28000 -cpuCount=4 -limitFPS=100 -adminlog -config=serverDZ.cfg "-mod=@Namalsk Island;@Namalsk Survival;@CF;@Dabs Framework;@Community-Online-Tools;@shd_retextures;@BuilderItems;@Spurgles_BagZ;@sFramework;@sGunplay;@WindstridesClothingPack;@Advanced Weapon Scopes;@VPPAdminTools;@Zen's Zombie Door Bangers;@Unknown Ghillie Mod;@Zen's Chicken Coops;@Wolf Packs;@sGunplay_AWS" -profiles=C:\SERVICES\ni9180513_1_SHARE\ftproot\dayzstandalone/config -BEPath=C:\SERVICES\ni9180513_1_SHARE\ftproot\dayzstandalone\battleye -noFilePatching -nologs -freezecheck
=====================================================================
Exe timestamp: 2023/06/06 04:56:18
Current time:  2023/06/18 19:11:42

Version 1.21.156243
19:11:41.995 [Inputs] Loading inputs default "bin/constants.xml"
19:11:42.12 [Inputs] Loading inputs default "bin/specific.xml"
19:11:42.16 [Inputs] Loading inputs default "JM/COT/Scripts/Data/Inputs.xml"
19:11:42.19 !!! [Inputs] Cannot Register "UAObjectModuleDeleteOnCursor" non-existent input - Fix Preset!
19:11:42.21 [Inputs] Loading inputs default "MyMODS/sGunplay/scripts/data/inputs.xml"
19:11:42.26 [Inputs] Loading inputs default "nst/ns_dayz/scripts/Data/Inputs.xml"
19:11:42.31 [Inputs] Loading inputs default "VPPAdminTools/data/modded_Inputs.xml"
19:11:42.37 [Inputs] Loading inputs default "WindstrideClothing/Inputs.xml"
19:11:42.43 [Inputs] Loading inputs cfg "C:\SERVICES\ni9180513_1_SHARE\ftproot\dayzstandalone/config\Users\Survivor\Server.core.xml"
19:11:42.70 [Inputs] Exporting inputs cfg "C:\SERVICES\ni9180513_1_SHARE\ftproot\dayzstandalone/config\Users\Survivor\Server.core.xml"
19:12:26.877 [CE][Hive] :: Initializing OFFLINE
19:12:26.881 [StorageDirs] :: Selected storage directory: C:\SERVICES\ni9180513_1_SHARE\ftproot\dayzstandalone\mpmissions\hardcore.namalsk\storage_1\
19:12:26.895 [CE][Hive] :: Loading core data ... 
19:12:26.905 [CE][CoreData] :: 7 root classes, 0 defaults, 0 updaters...
19:12:27.87 [CE][offlineDB] :: Conversion of characters started.
19:12:27.141 [CE][offlineDB] :: Processing 0 players.
19:12:27.141 [CE][offlineDB] :: Conversion of characters successfully completed.
19:12:36.869 [CE] :: WARNING :: Preset map "headsFirefighter" is EMPTY.
19:12:36.871 [CE][TypeSetup] :: 556 classes setuped...
19:12:40.425 [CE][RegisterBind] :: 0 classes binded...
19:12:40.425 [CE][RegisterConfig] :: 15901 config classes registered, 0 sub-counters...
19:12:40.425 [CE][Hive] :: Loading map data ... 
19:12:40.500 !!! [CE] :: Unknown tag: 'shelves'.
19:12:40.500 !!! [CE] :: Unknown category: 'books'.
19:12:40.500 !!! [CE] :: Unknown tag: 'shelves'.
19:12:40.500 !!! [CE] :: Unknown tag: 'shelves'.
19:12:40.501 [CE][LoadPrototype] :: loaded 261 prototypes
19:12:40.501   411 containers, 7544 points
19:12:40.501   1 dispatches, 1 proxies
19:12:40.501 !!! [CE][LoadPrototype] 1 groups have wrong points...
19:12:40.501 [CE][LoadPrototype] :: last group name: Land_Prison_Side...
19:12:40.515 [CE][LoadPrototype] :: loaded 0 prototypes
19:12:40.515   38 containers, 66 points
19:12:40.515   0 dispatches, 0 proxies
19:12:40.515 [CE][LoadPrototype] :: last group name: StoneLoc38...
19:12:40.629 [CE][LoadMap] "Group" :: loaded 1610 groups, groups failed: 0, largest group range: 36.4
19:12:40.641 [CE][LoadMap] "Dirt" :: loaded 0 groups, groups failed: 0, largest group range: 36.4
19:12:40.647 [CE][Links] found 534 total links between groups, of 1610
19:12:40.647 [CE][LoadClusters] "Cluster" :: Loading files...
19:12:40.670 [CE][LoadClusters] :: file: "mapgroupcluster.xml", 1 types, 2418 instances
19:12:40.672 [CE][Storage] ver:0 stamp:0, valid:NO, name:"C:\SERVICES\ni9180513_1_SHARE\ftproot\dayzstandalone\mpmissions\hardcore.namalsk\storage_1\data\types.bin"
19:12:40.673 [CE][Storage] ver:0 stamp:0, valid:NO, name:"C:\SERVICES\ni9180513_1_SHARE\ftproot\dayzstandalone\mpmissions\hardcore.namalsk\storage_1\data\types.001"
19:12:40.674 [CE][Storage] ver:0 stamp:0, valid:NO, name:"C:\SERVICES\ni9180513_1_SHARE\ftproot\dayzstandalone\mpmissions\hardcore.namalsk\storage_1\data\types.002"
19:12:40.706 [CE][offlineDB] :: Loaded 17 dynamic events 169 total types.
19:12:40.745 !!! [CE] :: Unknown tag: 'floor'.
19:12:40.745 !!! [CE] :: Unknown tag: 'floor'.
19:12:40.745 !!! [CE] :: Unknown tag: 'floor'.
19:12:40.745 !!! [CE] :: Unknown tag: 'floor'.
19:12:40.745 !!! [CE] :: Unknown tag: 'floor'.
19:12:40.745 !!! [CE] :: Unknown tag: 'floor'.
19:12:40.745 !!! [CE] :: Unknown tag: 'floor'.
19:12:40.746 !!! [CE] :: Unknown tag: 'floor'.
19:12:40.746 !!! [CE] :: Unknown tag: 'floor'.
19:12:40.746 !!! [CE] :: Unknown tag: 'floor'.
19:12:40.746 !!! [CE][offlineDB] :: Type 'Leather_Cloak' will be ignored. (Type does not exist. (Typo?))
19:12:40.746 !!! [CE] :: Unknown tag: 'floor'.
19:12:40.747 !!! [CE][offlineDB] :: Type 'ChristmasTree' will be ignored. (Not spawnable. (Scope is not public?))
19:12:40.793 [CE][DE][SPAWNS] :: Total positions: 129
19:12:40.793 [CE][DE][GROUPS] :: Total eventgroups defined: 0, Eventgroups in use: 0
19:12:40.794 [CE][Storage] ver:0 stamp:0, valid:NO, name:"C:\SERVICES\ni9180513_1_SHARE\ftproot\dayzstandalone\mpmissions\hardcore.namalsk\storage_1\data\events.bin"
19:12:40.795 [CE][Storage] ver:0 stamp:0, valid:NO, name:"C:\SERVICES\ni9180513_1_SHARE\ftproot\dayzstandalone\mpmissions\hardcore.namalsk\storage_1\data\events.001"
19:12:40.796 [CE][Storage] ver:0 stamp:0, valid:NO, name:"C:\SERVICES\ni9180513_1_SHARE\ftproot\dayzstandalone\mpmissions\hardcore.namalsk\storage_1\data\events.002"
19:12:40.797 [CE][Storage] ver:0 stamp:0, valid:NO, name:"C:\SERVICES\ni9180513_1_SHARE\ftproot\dayzstandalone\mpmissions\hardcore.namalsk\storage_1\data\dynamic_000.bin"
19:12:40.798 [CE][Storage] ver:0 stamp:0, valid:NO, name:"C:\SERVICES\ni9180513_1_SHARE\ftproot\dayzstandalone\mpmissions\hardcore.namalsk\storage_1\data\dynamic_000.001"
19:12:40.799 [CE][Storage] ver:0 stamp:0, valid:NO, name:"C:\SERVICES\ni9180513_1_SHARE\ftproot\dayzstandalone\mpmissions\hardcore.namalsk\storage_1\data\dynamic_000.002"
19:12:40.801 [CE][Storage] ver:0 stamp:0, valid:NO, name:"C:\SERVICES\ni9180513_1_SHARE\ftproot\dayzstandalone\mpmissions\hardcore.namalsk\storage_1\data\dynamic_001.bin"
19:12:40.802 [CE][Storage] ver:0 stamp:0, valid:NO, name:"C:\SERVICES\ni9180513_1_SHARE\ftproot\dayzstandalone\mpmissions\hardcore.namalsk\storage_1\data\dynamic_001.001"
19:12:40.803 [CE][Storage] ver:0 stamp:0, valid:NO, name:"C:\SERVICES\ni9180513_1_SHARE\ftproot\dayzstandalone\mpmissions\hardcore.namalsk\storage_1\data\dynamic_001.002"
19:12:40.804 [CE][Storage] ver:0 stamp:0, valid:NO, name:"C:\SERVICES\ni9180513_1_SHARE\ftproot\dayzstandalone\mpmissions\hardcore.namalsk\storage_1\data\dynamic_002.bin"
19:12:40.805 [CE][Storage] ver:0 stamp:0, valid:NO, name:"C:\SERVICES\ni9180513_1_SHARE\ftproot\dayzstandalone\mpmissions\hardcore.namalsk\storage_1\data\dynamic_002.001"
19:12:40.806 [CE][Storage] ver:0 stamp:0, valid:NO, name:"C:\SERVICES\ni9180513_1_SHARE\ftproot\dayzstandalone\mpmissions\hardcore.namalsk\storage_1\data\dynamic_002.002"
19:12:40.808 [CE][Storage] ver:0 stamp:0, valid:NO, name:"C:\SERVICES\ni9180513_1_SHARE\ftproot\dayzstandalone\mpmissions\hardcore.namalsk\storage_1\data\dynamic_003.bin"
19:12:40.809 [CE][Storage] ver:0 stamp:0, valid:NO, name:"C:\SERVICES\ni9180513_1_SHARE\ftproot\dayzstandalone\mpmissions\hardcore.namalsk\storage_1\data\dynamic_003.001"
19:12:40.810 [CE][Storage] ver:0 stamp:0, valid:NO, name:"C:\SERVICES\ni9180513_1_SHARE\ftproot\dayzstandalone\mpmissions\hardcore.namalsk\storage_1\data\dynamic_003.002"
19:12:40.811 [CE][Storage] ver:0 stamp:0, valid:NO, name:"C:\SERVICES\ni9180513_1_SHARE\ftproot\dayzstandalone\mpmissions\hardcore.namalsk\storage_1\data\dynamic_004.bin"
19:12:40.812 [CE][Storage] ver:0 stamp:0, valid:NO, name:"C:\SERVICES\ni9180513_1_SHARE\ftproot\dayzstandalone\mpmissions\hardcore.namalsk\storage_1\data\dynamic_004.001"
19:12:40.813 [CE][Storage] ver:0 stamp:0, valid:NO, name:"C:\SERVICES\ni9180513_1_SHARE\ftproot\dayzstandalone\mpmissions\hardcore.namalsk\storage_1\data\dynamic_004.002"
19:12:40.815 [CE][Storage] ver:0 stamp:0, valid:NO, name:"C:\SERVICES\ni9180513_1_SHARE\ftproot\dayzstandalone\mpmissions\hardcore.namalsk\storage_1\data\dynamic_005.bin"
19:12:40.816 [CE][Storage] ver:0 stamp:0, valid:NO, name:"C:\SERVICES\ni9180513_1_SHARE\ftproot\dayzstandalone\mpmissions\hardcore.namalsk\storage_1\data\dynamic_005.001"
19:12:40.817 [CE][Storage] ver:0 stamp:0, valid:NO, name:"C:\SERVICES\ni9180513_1_SHARE\ftproot\dayzstandalone\mpmissions\hardcore.namalsk\storage_1\data\dynamic_005.002"
19:12:40.818 [CE][Storage] ver:0 stamp:0, valid:NO, name:"C:\SERVICES\ni9180513_1_SHARE\ftproot\dayzstandalone\mpmissions\hardcore.namalsk\storage_1\data\dynamic_006.bin"
19:12:40.819 [CE][Storage] ver:0 stamp:0, valid:NO, name:"C:\SERVICES\ni9180513_1_SHARE\ftproot\dayzstandalone\mpmissions\hardcore.namalsk\storage_1\data\dynamic_006.001"
19:12:40.820 [CE][Storage] ver:0 stamp:0, valid:NO, name:"C:\SERVICES\ni9180513_1_SHARE\ftproot\dayzstandalone\mpmissions\hardcore.namalsk\storage_1\data\dynamic_006.002"
19:12:40.822 [CE][Storage] ver:0 stamp:0, valid:NO, name:"C:\SERVICES\ni9180513_1_SHARE\ftproot\dayzstandalone\mpmissions\hardcore.namalsk\storage_1\data\dynamic_007.bin"
19:12:40.823 [CE][Storage] ver:0 stamp:0, valid:NO, name:"C:\SERVICES\ni9180513_1_SHARE\ftproot\dayzstandalone\mpmissions\hardcore.namalsk\storage_1\data\dynamic_007.001"
19:12:40.823 [CE][Storage] ver:0 stamp:0, valid:NO, name:"C:\SERVICES\ni9180513_1_SHARE\ftproot\dayzstandalone\mpmissions\hardcore.namalsk\storage_1\data\dynamic_007.002"
19:12:40.825 [CE][Storage] ver:0 stamp:0, valid:NO, name:"C:\SERVICES\ni9180513_1_SHARE\ftproot\dayzstandalone\mpmissions\hardcore.namalsk\storage_1\data\dynamic_008.bin"
19:12:40.826 [CE][Storage] ver:0 stamp:0, valid:NO, name:"C:\SERVICES\ni9180513_1_SHARE\ftproot\dayzstandalone\mpmissions\hardcore.namalsk\storage_1\data\dynamic_008.001"
19:12:40.828 [CE][Storage] ver:0 stamp:0, valid:NO, name:"C:\SERVICES\ni9180513_1_SHARE\ftproot\dayzstandalone\mpmissions\hardcore.namalsk\storage_1\data\dynamic_008.002"
19:12:40.829 [CE][Storage] ver:0 stamp:0, valid:NO, name:"C:\SERVICES\ni9180513_1_SHARE\ftproot\dayzstandalone\mpmissions\hardcore.namalsk\storage_1\data\dynamic_009.bin"
19:12:40.830 [CE][Storage] ver:0 stamp:0, valid:NO, name:"C:\SERVICES\ni9180513_1_SHARE\ftproot\dayzstandalone\mpmissions\hardcore.namalsk\storage_1\data\dynamic_009.001"
19:12:40.831 [CE][Storage] ver:0 stamp:0, valid:NO, name:"C:\SERVICES\ni9180513_1_SHARE\ftproot\dayzstandalone\mpmissions\hardcore.namalsk\storage_1\data\dynamic_009.002"
19:12:40.833 [CE][Storage] ver:0 stamp:0, valid:NO, name:"C:\SERVICES\ni9180513_1_SHARE\ftproot\dayzstandalone\mpmissions\hardcore.namalsk\storage_1\data\dynamic_010.bin"
19:12:40.834 [CE][Storage] ver:0 stamp:0, valid:NO, name:"C:\SERVICES\ni9180513_1_SHARE\ftproot\dayzstandalone\mpmissions\hardcore.namalsk\storage_1\data\dynamic_010.001"
19:12:40.834 [CE][Storage] ver:0 stamp:0, valid:NO, name:"C:\SERVICES\ni9180513_1_SHARE\ftproot\dayzstandalone\mpmissions\hardcore.namalsk\storage_1\data\dynamic_010.002"
19:12:40.836 [CE][Storage] ver:0 stamp:0, valid:NO, name:"C:\SERVICES\ni9180513_1_SHARE\ftproot\dayzstandalone\mpmissions\hardcore.namalsk\storage_1\data\dynamic_011.bin"
19:12:40.837 [CE][Storage] ver:0 stamp:0, valid:NO, name:"C:\SERVICES\ni9180513_1_SHARE\ftproot\dayzstandalone\mpmissions\hardcore.namalsk\storage_1\data\dynamic_011.001"
19:12:40.838 [CE][Storage] ver:0 stamp:0, valid:NO, name:"C:\SERVICES\ni9180513_1_SHARE\ftproot\dayzstandalone\mpmissions\hardcore.namalsk\storage_1\data\dynamic_011.002"
19:12:40.840 [CE][Storage] ver:0 stamp:0, valid:NO, name:"C:\SERVICES\ni9180513_1_SHARE\ftproot\dayzstandalone\mpmissions\hardcore.namalsk\storage_1\data\building.bin"
19:12:40.840 [CE][Storage] ver:0 stamp:0, valid:NO, name:"C:\SERVICES\ni9180513_1_SHARE\ftproot\dayzstandalone\mpmissions\hardcore.namalsk\storage_1\data\building.001"
19:12:40.841 [CE][Storage] ver:0 stamp:0, valid:NO, name:"C:\SERVICES\ni9180513_1_SHARE\ftproot\dayzstandalone\mpmissions\hardcore.namalsk\storage_1\data\building.002"
19:12:40.844 [CE][Storage] ver:0 stamp:0, valid:NO, name:"C:\SERVICES\ni9180513_1_SHARE\ftproot\dayzstandalone\mpmissions\hardcore.namalsk\storage_1\data\vehicles.bin"
19:12:40.845 [CE][Storage] ver:0 stamp:0, valid:NO, name:"C:\SERVICES\ni9180513_1_SHARE\ftproot\dayzstandalone\mpmissions\hardcore.namalsk\storage_1\data\vehicles.001"
19:12:40.845 [CE][Storage] ver:0 stamp:0, valid:NO, name:"C:\SERVICES\ni9180513_1_SHARE\ftproot\dayzstandalone\mpmissions\hardcore.namalsk\storage_1\data\vehicles.002"
19:12:40.846 [CE][Hive] :: Empty storage folder, reinitializing ... 
19:12:40.884 [CE][Hive] :: Initializing ... 
19:12:40.886 [CE][InitializeMap] :: initialized: 0
19:12:40.886 [CE][Hive] :: Initializing spawners ... 
19:12:40.993 !!! [CE][Point] Removing 6504.311523, 9286.791016 from land_wrecked_ural
19:12:41.166 !!! [CE][Point] Removing 4379.224609, 8121.900391 from land_wrecked_ural
19:12:41.174 !!! [CE][Point] Removing 6224.349121, 11764.595703 from land_hut_old01
19:12:41.216 [CE][LootRespawner] (PRIDummy) :: Item [0] causing search overtime: "dzn_DuctTape"
19:12:41.609 [CE][LootRespawner] (PRIDummy) :: Item [1] causing search overtime: "StartKitIV"
19:12:41.659 [CE][LootRespawner] (PRIDummy) :: Item [0] is hard to place, performance drops: "NBCPantsYellow"
19:12:41.812 [CE][LootRespawner] (PRIDummy) :: Item [1] is hard to place, performance drops: "ParamedicPants_Green"
19:12:41.812 [CE][LootRespawner] (PRIDummy) :: Item [2] is hard to place, performance drops: "ParamedicPants_Green"
19:12:41.812 [CE][LootRespawner] (PRIDummy) :: Item [3] is hard to place, performance drops: "ParamedicPants_Green"
19:12:41.812 [CE][LootRespawner] (PRIDummy) :: Item [2] causing search overtime: "ParamedicPants_Green"
19:12:41.812 [CE][LootRespawner] (PRIDummy) :: Item [3] causing search overtime: "ParamedicPants_Green"
19:12:41.949 [CE][LootRespawner] (PRIDummy) :: Item [4] causing search overtime: "SurgicalGloves_White"
19:12:41.978 [CE][LootRespawner] (PRIDummy) :: Item [4] is hard to place, performance drops: "TrackSuitPants_Green"
19:12:42.26 [CE][LootRespawner] (PRIDummy) :: Item [5] causing search overtime: "MiniDress_GreenChecker"
19:12:42.46 [CE][LootRespawner] (PRIDummy) :: Item [5] is hard to place, performance drops: "HuntingVest"
19:12:42.46 [CE][LootRespawner] (PRIDummy) :: Item [6] is hard to place, performance drops: "HuntingVest"
19:12:42.60 [CE][LootRespawner] (PRIDummy) :: Item [6] causing search overtime: "dzn_detector"
19:12:42.66 [CE][LootRespawner] (PRIDummy) :: Item [7] is hard to place, performance drops: "ParamedicJacket_Crimson"
19:12:42.66 [CE][LootRespawner] (PRIDummy) :: Item [8] is hard to place, performance drops: "ParamedicJacket_Crimson"
19:12:42.67 [CE][LootRespawner] (PRIDummy) :: Item [7] causing search overtime: "ParamedicJacket_Crimson"
19:12:42.67 [CE][LootRespawner] (PRIDummy) :: Item [8] causing search overtime: "ParamedicJacket_Crimson"
19:12:42.67 [CE][LootRespawner] (PRIDummy) :: Item [9] is hard to place, performance drops: "ParamedicJacket_Crimson"
19:12:42.67 [CE][LootRespawner] (PRIDummy) :: Item [10] is hard to place, performance drops: "ParamedicJacket_Crimson"
19:12:42.74 [CE][LootRespawner] (PRIDummy) :: Item [9] causing search overtime: "DirtBikeHelmet_Black"
19:12:42.113 [CE][LootRespawner] (PRIDummy) :: Item [10] causing search overtime: "ThinFramesGlasses"
19:12:42.240 [CE][LootRespawner] (PRIDummy) :: Item [11] is hard to place, performance drops: "ParamedicJacket_Green"
19:12:42.249 [CE][LootRespawner] (PRIDummy) :: Item [11] causing search overtime: "Mag_STANAG_30Rnd"
19:12:42.260 [CE][LootRespawner] (PRIDummy) :: Item [12] is hard to place, performance drops: "RadarCap_Red"
19:12:42.267 [CE][LootRespawner] (PRIDummy) :: Item [13] is hard to place, performance drops: "Hacksaw"
19:12:42.270 [CE][LootRespawner] (PRIDummy) :: Item [12] causing search overtime: "FirefightersPants_Black"
19:12:42.301 [CE][LootRespawner] (PRIDummy) :: Item [14] is hard to place, performance drops: "Broom"
19:12:42.301 [CE][LootRespawner] (PRIDummy) :: Item [13] causing search overtime: "Broom"
19:12:42.302 [CE][LootRespawner] (PRIDummy) :: Item [15] is hard to place, performance drops: "Broom"
19:12:42.353 [CE][LootRespawner] (PRIDummy) :: Item [14] causing search overtime: "BloodTestKit"
19:12:42.353 [CE][LootRespawner] (PRIDummy) :: Item [15] causing search overtime: "BloodTestKit"
19:12:42.354 [CE][LootRespawner] (PRIDummy) :: Item [16] is hard to place, performance drops: "CombinationLock"
19:12:42.354 [CE][LootRespawner] (PRIDummy) :: Item [17] is hard to place, performance drops: "CombinationLock"
19:12:42.381 [CE][LootRespawner] (PRIDummy) :: Item [18] is hard to place, performance drops: "Spur_Treker_Black"
19:12:42.381 [CE][LootRespawner] (PRIDummy) :: Item [19] is hard to place, performance drops: "Spur_Treker_Black"
19:12:42.398 [CE][LootRespawner] (PRIDummy) :: Item [16] causing search overtime: "QuiltedJacket_Orange"
19:12:42.458 [CE][LootRespawner] (PRIDummy) :: Item [17] causing search overtime: "dzn_athena3_august"
19:12:42.514 [CE][LootRespawner] (PRIDummy) :: Item [18] causing search overtime: "ZagorkyChocolate"
19:12:42.578 [CE][LootRespawner] (PRIDummy) :: Item [19] causing search overtime: "MedicalScrubsHat_Blue"
19:12:43.50 !!! [CE][Point] Removing 5032.167480, 8197.083984 from land_wrecked_ural_onside
19:12:43.823 [CE][LootRespawner] (PRIDummy) :: Initially (re)spawned:6410, Nominal:6419, Total in Map: 6441 at 2 (sec)
19:12:43.823   tests:6759, repeats:6 fails:343, overtime:108
19:12:43.826 [CE][Links] found 0 total links between groups, of 1
19:12:43.826 [CE][SpawnRandomLoot] (StaticMedDrop) :: Type: Misc_cargo_cont_net1, lootmin: 4, lootmax: 6, wanted: 5, deloot: 2, containermaxsum: 6
19:12:43.829 [CE][Links] found 0 total links between groups, of 2
19:12:43.829 [CE][SpawnRandomLoot] (StaticMedDrop) :: Type: Misc_cargo_cont_net1, lootmin: 4, lootmax: 6, wanted: 4, deloot: 2, containermaxsum: 6
19:12:43.831 [CE][Links] found 0 total links between groups, of 3
19:12:43.831 [CE][SpawnRandomLoot] (StaticMedDrop) :: Type: Misc_cargo_cont_net1, lootmin: 4, lootmax: 6, wanted: 4, deloot: 2, containermaxsum: 6
19:12:43.835 [CE][Links] found 0 total links between groups, of 4
19:12:43.835 [CE][SpawnRandomLoot] (StaticMedDrop) :: Type: Misc_cargo_cont_net1, lootmin: 4, lootmax: 6, wanted: 4, deloot: 2, containermaxsum: 6
19:12:43.836 [CE][Links] found 0 total links between groups, of 5
19:12:43.836 [CE][SpawnRandomLoot] (StaticMedDrop) :: Type: Misc_cargo_cont_net1, lootmin: 4, lootmax: 6, wanted: 4, deloot: 2, containermaxsum: 6
19:12:43.837 [CE][Links] found 0 total links between groups, of 6
19:12:43.837 [CE][SpawnRandomLoot] (StaticMedDrop) :: Type: Misc_cargo_cont_net1, lootmin: 4, lootmax: 6, wanted: 4, deloot: 2, containermaxsum: 6
19:12:43.841 [CE][Links] found 0 total links between groups, of 7
19:12:43.841 [CE][SpawnRandomLoot] (StaticLifeboat) :: Type: sea_oilrig_lifeboat, lootmin: 2, lootmax: 5, wanted: 4, deloot: 2, containermaxsum: 5
19:12:43.842 [CE][SpawnRandomLoot] (StaticLifeboat) :: No item found to spawn for DE! Spawned: 2 / 4 (enable log_ce_dynamicevent to see item lists for event)
19:12:46.876 [CE][DynEvent] :: 17 types
19:12:46.876 [00] Loot
19:12:46.876   Primary Spawner: "Loot", active: yes, repeat: 2
19:12:46.876 [01] StaticMedDrop
19:12:46.876   Primary Spawner: "Static", active: yes, repeat: 1
19:12:46.876 [02] StaticLifeboat
19:12:46.876   Primary Spawner: "Static", active: yes, repeat: 1
19:12:46.876 [03] TrajectoryStones
19:12:46.876   Primary Spawner: "Trajectory", active: yes, repeat: 1
19:12:46.876 [04] InfectedSanta
19:12:46.876   Primary Spawner: "Infected", active: yes, repeat: 1
19:12:46.876 [05] InfectedArmy
19:12:46.876   Primary Spawner: "Infected", active: yes, repeat: 1
19:12:46.876 [06] InfectedIndustrial
19:12:46.876   Primary Spawner: "Infected", active: yes, repeat: 1
19:12:46.876 [07] InfectedCivil
19:12:46.876   Primary Spawner: "Infected", active: yes, repeat: 1
19:12:46.876 [08] InfectedMedic
19:12:46.876   Primary Spawner: "Infected", active: yes, repeat: 1
19:12:46.876 [09] AnimalGoat
19:12:46.876   Primary Spawner: "Animal", active: yes, repeat: 1
19:12:46.876 [10] AnimalSheep
19:12:46.876   Primary Spawner: "Animal", active: yes, repeat: 1
19:12:46.876 [11] AnimalRoeDeer
19:12:46.876   Primary Spawner: "Animal", active: yes, repeat: 1
19:12:46.876 [12] AnimalDeer
19:12:46.876   Primary Spawner: "Animal", active: yes, repeat: 1
19:12:46.876 [13] AnimalWildBoar
19:12:46.876   Primary Spawner: "Animal", active: yes, repeat: 1
19:12:46.876 [14] AnimalWolf
19:12:46.876   Primary Spawner: "Animal", active: yes, repeat: 1
19:12:46.876 [15] AnimalBrownBear
19:12:46.876   Primary Spawner: "Animal", active: yes, repeat: 1
