

=====================================================================
== C:\SERVICES\ni9180513_1_SHARE\ftproot\dayzstandalone\DayZServer_x64.exe
== "C:\SERVICES\ni9180513_1_SHARE\ftproot\dayzstandalone\DayZServer_x64.exe" -ip=37.10.124.137 -port=28000 -cpuCount=4 -limitFPS=100 -adminlog -config=serverDZ.cfg "-mod=@Namalsk Island;@Namalsk Survival;@CF;@Dabs Framework;@Community-Online-Tools;@shd_retextures;@BuilderItems;@Spurgles_BagZ;@sFramework;@sGunplay;@WindstridesClothingPack;@Advanced Weapon Scopes;@VPPAdminTools;@Zen's Zombie Door Bangers;@Unknown Ghillie Mod;@Zen's Chicken Coops;@Wolf Packs;@sGunplay_AWS;@Survivor Animations;@DayZ-Bicycle;@DayZ-Dog" -profiles=C:\SERVICES\ni9180513_1_SHARE\ftproot\dayzstandalone/config -BEPath=C:\SERVICES\ni9180513_1_SHARE\ftproot\dayzstandalone\battleye -noFilePatching -nologs -freezecheck
=====================================================================
Exe timestamp: 2023/06/06 04:56:18
Current time:  2023/06/19 03:23:26

Version 1.21.156243
 3:23:26.777 [Inputs] Loading inputs default "bin/constants.xml"
 3:23:26.795 [Inputs] Loading inputs default "bin/specific.xml"
 3:23:26.799 [Inputs] Loading inputs default "JM/COT/Scripts/Data/Inputs.xml"
 3:23:26.802 !!! [Inputs] Cannot Register "UAObjectModuleDeleteOnCursor" non-existent input - Fix Preset!
 3:23:26.804 [Inputs] Loading inputs default "MyMODS/sGunplay/scripts/data/inputs.xml"
 3:23:26.809 [Inputs] Loading inputs default "nst/ns_dayz/scripts/Data/Inputs.xml"
 3:23:26.814 [Inputs] Loading inputs default "VPPAdminTools/data/modded_Inputs.xml"
 3:23:26.820 [Inputs] Loading inputs default "WindstrideClothing/Inputs.xml"
 3:23:26.827 [Inputs] Loading inputs default "Dayz_Dog/Data/Inputs.xml"
 3:23:26.832 [Inputs] Loading inputs cfg "C:\SERVICES\ni9180513_1_SHARE\ftproot\dayzstandalone/config\Users\Survivor\Server.core.xml"
 3:23:26.910 [Inputs] Exporting inputs cfg "C:\SERVICES\ni9180513_1_SHARE\ftproot\dayzstandalone/config\Users\Survivor\Server.core.xml"
 3:24:19.746 [CE][Hive] :: Initializing OFFLINE
 3:24:19.750 [StorageDirs] :: Selected storage directory: C:\SERVICES\ni9180513_1_SHARE\ftproot\dayzstandalone\mpmissions\hardcore.namalsk\storage_1\
 3:24:19.760 [CE][Hive] :: Loading core data ... 
 3:24:19.781 [CE][CoreData] :: 7 root classes, 0 defaults, 0 updaters...
 3:24:46.569 [CE] :: WARNING :: Preset map "headsFirefighter" is EMPTY.
 3:24:46.571 [CE][TypeSetup] :: 556 classes setuped...
 3:24:50.658 [CE][RegisterBind] :: 0 classes binded...
 3:24:50.658 [CE][RegisterConfig] :: 16097 config classes registered, 0 sub-counters...
 3:24:50.658 [CE][Hive] :: Loading map data ... 
 3:24:50.833 !!! [CE] :: Unknown tag: 'shelves'.
 3:24:50.833 !!! [CE] :: Unknown category: 'books'.
 3:24:50.834 !!! [CE] :: Unknown tag: 'shelves'.
 3:24:50.834 !!! [CE] :: Unknown tag: 'shelves'.
 3:24:50.834 [CE][LoadPrototype] :: loaded 261 prototypes
 3:24:50.834   411 containers, 7544 points
 3:24:50.834   1 dispatches, 1 proxies
 3:24:50.834 !!! [CE][LoadPrototype] 1 groups have wrong points...
 3:24:50.834 [CE][LoadPrototype] :: last group name: Land_Prison_Side...
 3:24:50.849 [CE][LoadPrototype] :: loaded 0 prototypes
 3:24:50.849   38 containers, 66 points
 3:24:50.849   0 dispatches, 0 proxies
 3:24:50.849 [CE][LoadPrototype] :: last group name: StoneLoc38...
 3:24:51.342 !!! [ERROR][XML] :: load [C:\SERVICES\ni9180513_1_SHARE\ftproot\dayzstandalone\mpmissions\hardcore.namalsk\storage_1\export\mapgrouppos.xml] failed
 3:24:51.342 !!! [ERROR][XML] :: Error parsing Element. line 868
 3:24:51.369 [CE][LoadMap] "Group" :: loaded 1610 groups, groups failed: 0, largest group range: 36.4
 3:24:51.381 [CE][LoadMap] "Dirt" :: loaded 0 groups, groups failed: 0, largest group range: 36.4
 3:24:51.387 [CE][Links] found 534 total links between groups, of 1610
 3:24:51.387 [CE][LoadClusters] "Cluster" :: Loading files...
 3:24:51.516 [CE][LoadClusters] :: file: "mapgroupcluster.xml", 1 types, 2418 instances
 3:24:51.521 [CE][Storage] ver:21 stamp:499, valid:yes, name:"C:\SERVICES\ni9180513_1_SHARE\ftproot\dayzstandalone\mpmissions\hardcore.namalsk\storage_1\data\types.bin"
 3:24:51.528 [CE][Storage] ver:21 stamp:288, valid:yes, name:"C:\SERVICES\ni9180513_1_SHARE\ftproot\dayzstandalone\mpmissions\hardcore.namalsk\storage_1\data\types.001"
 3:24:51.550 [CE][Storage] ver:21 stamp:289, valid:yes, name:"C:\SERVICES\ni9180513_1_SHARE\ftproot\dayzstandalone\mpmissions\hardcore.namalsk\storage_1\data\types.002"
 3:24:51.551 [CE][Storage] Restoring file "C:\SERVICES\ni9180513_1_SHARE\ftproot\dayzstandalone\mpmissions\hardcore.namalsk\storage_1\data\types.bin".
 3:24:51.859 [CE][offlineDB] :: Loaded 19 dynamic events 194 total types.
 3:24:51.995 !!! [CE] :: Unknown tag: 'floor'.
 3:24:51.995 !!! [CE] :: Unknown tag: 'floor'.
 3:24:51.995 !!! [CE] :: Unknown tag: 'floor'.
 3:24:51.995 !!! [CE] :: Unknown tag: 'floor'.
 3:24:51.995 !!! [CE] :: Unknown tag: 'floor'.
 3:24:51.995 !!! [CE] :: Unknown tag: 'floor'.
 3:24:51.996 !!! [CE] :: Unknown tag: 'floor'.
 3:24:51.996 !!! [CE] :: Unknown tag: 'floor'.
 3:24:51.996 !!! [CE] :: Unknown tag: 'floor'.
 3:24:51.996 !!! [CE] :: Unknown tag: 'floor'.
 3:24:51.996 !!! [CE] :: Unknown tag: 'floor'.
 3:24:51.996 !!! [CE] :: Unknown tag: 'floor'.
 3:24:51.996 !!! [CE][offlineDB] :: Type 'Leather_Cloak' will be ignored. (Type does not exist. (Typo?))
 3:24:51.996 !!! [CE] :: Unknown tag: 'floor'.
 3:24:51.997 !!! [CE][offlineDB] :: Type 'AD_LeupoldMk4' will be ignored. (Type does not exist. (Typo?))
 3:24:51.998 !!! [CE][offlineDB] :: Type 'AD_LeupoldMk4_MosinMount' will be ignored. (Type does not exist. (Typo?))
 3:24:51.998 !!! [CE][offlineDB] :: Type 'AD_LeupoldMk4_B13' will be ignored. (Type does not exist. (Typo?))
 3:24:51.998 !!! [CE][offlineDB] :: Type 'ChristmasTree' will be ignored. (Not spawnable. (Scope is not public?))
 3:24:52.88 [CE][DE][SPAWNS] :: Total positions: 254
 3:24:52.88 [CE][DE][GROUPS] :: Total eventgroups defined: 0, Eventgroups in use: 0
 3:24:52.92 [CE][Storage] ver:21 stamp:499, valid:yes, name:"C:\SERVICES\ni9180513_1_SHARE\ftproot\dayzstandalone\mpmissions\hardcore.namalsk\storage_1\data\events.bin"
 3:24:52.122 [CE][Storage] ver:21 stamp:288, valid:yes, name:"C:\SERVICES\ni9180513_1_SHARE\ftproot\dayzstandalone\mpmissions\hardcore.namalsk\storage_1\data\events.001"
 3:24:52.126 [CE][Storage] ver:21 stamp:289, valid:yes, name:"C:\SERVICES\ni9180513_1_SHARE\ftproot\dayzstandalone\mpmissions\hardcore.namalsk\storage_1\data\events.002"
 3:24:52.126 [CE][Storage] Restoring file "C:\SERVICES\ni9180513_1_SHARE\ftproot\dayzstandalone\mpmissions\hardcore.namalsk\storage_1\data\events.bin".
 3:24:52.126 [CE][DynamicEvent] Load  Events:[19] Primary spawners: 19 Secondary spawners: 0
 3:24:52.130 [CE][Storage] ver:25 stamp:499, valid:yes, name:"C:\SERVICES\ni9180513_1_SHARE\ftproot\dayzstandalone\mpmissions\hardcore.namalsk\storage_1\data\dynamic_000.bin"
 3:24:52.133 [CE][Storage] ver:25 stamp:288, valid:yes, name:"C:\SERVICES\ni9180513_1_SHARE\ftproot\dayzstandalone\mpmissions\hardcore.namalsk\storage_1\data\dynamic_000.001"
 3:24:52.137 [CE][Storage] ver:25 stamp:289, valid:yes, name:"C:\SERVICES\ni9180513_1_SHARE\ftproot\dayzstandalone\mpmissions\hardcore.namalsk\storage_1\data\dynamic_000.002"
 3:24:52.137 [CE][Storage] Restoring file "C:\SERVICES\ni9180513_1_SHARE\ftproot\dayzstandalone\mpmissions\hardcore.namalsk\storage_1\data\dynamic_000.bin" 0 items.
 3:24:52.137   0 items loaded. (0 failed)
 3:24:52.141 [CE][Storage] ver:25 stamp:499, valid:yes, name:"C:\SERVICES\ni9180513_1_SHARE\ftproot\dayzstandalone\mpmissions\hardcore.namalsk\storage_1\data\dynamic_001.bin"
 3:24:52.162 [CE][Storage] ver:25 stamp:288, valid:yes, name:"C:\SERVICES\ni9180513_1_SHARE\ftproot\dayzstandalone\mpmissions\hardcore.namalsk\storage_1\data\dynamic_001.001"
 3:24:52.166 [CE][Storage] ver:25 stamp:289, valid:yes, name:"C:\SERVICES\ni9180513_1_SHARE\ftproot\dayzstandalone\mpmissions\hardcore.namalsk\storage_1\data\dynamic_001.002"
 3:24:52.166 [CE][Storage] Restoring file "C:\SERVICES\ni9180513_1_SHARE\ftproot\dayzstandalone\mpmissions\hardcore.namalsk\storage_1\data\dynamic_001.bin" 171 items.
 3:24:52.666   171 items loaded. (0 failed)
 3:24:52.670 [CE][Storage] ver:25 stamp:499, valid:yes, name:"C:\SERVICES\ni9180513_1_SHARE\ftproot\dayzstandalone\mpmissions\hardcore.namalsk\storage_1\data\dynamic_002.bin"
 3:24:52.673 [CE][Storage] ver:25 stamp:288, valid:yes, name:"C:\SERVICES\ni9180513_1_SHARE\ftproot\dayzstandalone\mpmissions\hardcore.namalsk\storage_1\data\dynamic_002.001"
 3:24:52.677 [CE][Storage] ver:25 stamp:289, valid:yes, name:"C:\SERVICES\ni9180513_1_SHARE\ftproot\dayzstandalone\mpmissions\hardcore.namalsk\storage_1\data\dynamic_002.002"
 3:24:52.677 [CE][Storage] Restoring file "C:\SERVICES\ni9180513_1_SHARE\ftproot\dayzstandalone\mpmissions\hardcore.namalsk\storage_1\data\dynamic_002.bin" 82 items.
 3:24:52.978   82 items loaded. (0 failed)
 3:24:52.982 [CE][Storage] ver:25 stamp:499, valid:yes, name:"C:\SERVICES\ni9180513_1_SHARE\ftproot\dayzstandalone\mpmissions\hardcore.namalsk\storage_1\data\dynamic_003.bin"
 3:24:53.128 [CE][Storage] ver:25 stamp:288, valid:yes, name:"C:\SERVICES\ni9180513_1_SHARE\ftproot\dayzstandalone\mpmissions\hardcore.namalsk\storage_1\data\dynamic_003.001"
 3:24:53.133 [CE][Storage] ver:25 stamp:289, valid:yes, name:"C:\SERVICES\ni9180513_1_SHARE\ftproot\dayzstandalone\mpmissions\hardcore.namalsk\storage_1\data\dynamic_003.002"
 3:24:53.133 [CE][Storage] Restoring file "C:\SERVICES\ni9180513_1_SHARE\ftproot\dayzstandalone\mpmissions\hardcore.namalsk\storage_1\data\dynamic_003.bin" 1084 items.
 3:24:54.97   1084 items loaded. (0 failed)
 3:24:54.101 [CE][Storage] ver:25 stamp:499, valid:yes, name:"C:\SERVICES\ni9180513_1_SHARE\ftproot\dayzstandalone\mpmissions\hardcore.namalsk\storage_1\data\dynamic_004.bin"
 3:24:54.161 [CE][Storage] ver:25 stamp:288, valid:yes, name:"C:\SERVICES\ni9180513_1_SHARE\ftproot\dayzstandalone\mpmissions\hardcore.namalsk\storage_1\data\dynamic_004.001"
 3:24:54.165 [CE][Storage] ver:25 stamp:289, valid:yes, name:"C:\SERVICES\ni9180513_1_SHARE\ftproot\dayzstandalone\mpmissions\hardcore.namalsk\storage_1\data\dynamic_004.002"
 3:24:54.165 [CE][Storage] Restoring file "C:\SERVICES\ni9180513_1_SHARE\ftproot\dayzstandalone\mpmissions\hardcore.namalsk\storage_1\data\dynamic_004.bin" 2101 items.
 3:24:55.564   2101 items loaded. (0 failed)
 3:24:55.568 [CE][Storage] ver:25 stamp:499, valid:yes, name:"C:\SERVICES\ni9180513_1_SHARE\ftproot\dayzstandalone\mpmissions\hardcore.namalsk\storage_1\data\dynamic_005.bin"
 3:24:55.599 [CE][Storage] ver:25 stamp:288, valid:yes, name:"C:\SERVICES\ni9180513_1_SHARE\ftproot\dayzstandalone\mpmissions\hardcore.namalsk\storage_1\data\dynamic_005.001"
 3:24:55.603 [CE][Storage] ver:25 stamp:289, valid:yes, name:"C:\SERVICES\ni9180513_1_SHARE\ftproot\dayzstandalone\mpmissions\hardcore.namalsk\storage_1\data\dynamic_005.002"
 3:24:55.603 [CE][Storage] Restoring file "C:\SERVICES\ni9180513_1_SHARE\ftproot\dayzstandalone\mpmissions\hardcore.namalsk\storage_1\data\dynamic_005.bin" 801 items.
 3:24:56.81   801 items loaded. (0 failed)
 3:24:56.85 [CE][Storage] ver:25 stamp:499, valid:yes, name:"C:\SERVICES\ni9180513_1_SHARE\ftproot\dayzstandalone\mpmissions\hardcore.namalsk\storage_1\data\dynamic_006.bin"
 3:24:56.194 [CE][Storage] ver:25 stamp:288, valid:yes, name:"C:\SERVICES\ni9180513_1_SHARE\ftproot\dayzstandalone\mpmissions\hardcore.namalsk\storage_1\data\dynamic_006.001"
 3:24:56.199 [CE][Storage] ver:25 stamp:289, valid:yes, name:"C:\SERVICES\ni9180513_1_SHARE\ftproot\dayzstandalone\mpmissions\hardcore.namalsk\storage_1\data\dynamic_006.002"
 3:24:56.199 [CE][Storage] Restoring file "C:\SERVICES\ni9180513_1_SHARE\ftproot\dayzstandalone\mpmissions\hardcore.namalsk\storage_1\data\dynamic_006.bin" 2444 items.
 3:24:57.548   2444 items loaded. (0 failed)
 3:24:57.552 [CE][Storage] ver:25 stamp:499, valid:yes, name:"C:\SERVICES\ni9180513_1_SHARE\ftproot\dayzstandalone\mpmissions\hardcore.namalsk\storage_1\data\dynamic_007.bin"
 3:24:57.574 [CE][Storage] ver:25 stamp:288, valid:yes, name:"C:\SERVICES\ni9180513_1_SHARE\ftproot\dayzstandalone\mpmissions\hardcore.namalsk\storage_1\data\dynamic_007.001"
 3:24:57.643 [CE][Storage] ver:25 stamp:289, valid:yes, name:"C:\SERVICES\ni9180513_1_SHARE\ftproot\dayzstandalone\mpmissions\hardcore.namalsk\storage_1\data\dynamic_007.002"
 3:24:57.643 [CE][Storage] Restoring file "C:\SERVICES\ni9180513_1_SHARE\ftproot\dayzstandalone\mpmissions\hardcore.namalsk\storage_1\data\dynamic_007.bin" 720 items.
 3:24:58.26   720 items loaded. (0 failed)
 3:24:58.30 [CE][Storage] ver:25 stamp:499, valid:yes, name:"C:\SERVICES\ni9180513_1_SHARE\ftproot\dayzstandalone\mpmissions\hardcore.namalsk\storage_1\data\dynamic_008.bin"
 3:24:58.84 [CE][Storage] ver:25 stamp:288, valid:yes, name:"C:\SERVICES\ni9180513_1_SHARE\ftproot\dayzstandalone\mpmissions\hardcore.namalsk\storage_1\data\dynamic_008.001"
 3:24:58.105 [CE][Storage] ver:25 stamp:289, valid:yes, name:"C:\SERVICES\ni9180513_1_SHARE\ftproot\dayzstandalone\mpmissions\hardcore.namalsk\storage_1\data\dynamic_008.002"
 3:24:58.105 [CE][Storage] Restoring file "C:\SERVICES\ni9180513_1_SHARE\ftproot\dayzstandalone\mpmissions\hardcore.namalsk\storage_1\data\dynamic_008.bin" 537 items.
 3:24:58.394   537 items loaded. (0 failed)
 3:24:58.397 [CE][Storage] ver:25 stamp:499, valid:yes, name:"C:\SERVICES\ni9180513_1_SHARE\ftproot\dayzstandalone\mpmissions\hardcore.namalsk\storage_1\data\dynamic_009.bin"
 3:24:58.401 [CE][Storage] ver:25 stamp:288, valid:yes, name:"C:\SERVICES\ni9180513_1_SHARE\ftproot\dayzstandalone\mpmissions\hardcore.namalsk\storage_1\data\dynamic_009.001"
 3:24:58.404 [CE][Storage] ver:25 stamp:289, valid:yes, name:"C:\SERVICES\ni9180513_1_SHARE\ftproot\dayzstandalone\mpmissions\hardcore.namalsk\storage_1\data\dynamic_009.002"
 3:24:58.404 [CE][Storage] Restoring file "C:\SERVICES\ni9180513_1_SHARE\ftproot\dayzstandalone\mpmissions\hardcore.namalsk\storage_1\data\dynamic_009.bin" 0 items.
 3:24:58.404   0 items loaded. (0 failed)
 3:24:58.408 [CE][Storage] ver:25 stamp:499, valid:yes, name:"C:\SERVICES\ni9180513_1_SHARE\ftproot\dayzstandalone\mpmissions\hardcore.namalsk\storage_1\data\dynamic_010.bin"
 3:24:58.412 [CE][Storage] ver:25 stamp:288, valid:yes, name:"C:\SERVICES\ni9180513_1_SHARE\ftproot\dayzstandalone\mpmissions\hardcore.namalsk\storage_1\data\dynamic_010.001"
 3:24:58.416 [CE][Storage] ver:25 stamp:289, valid:yes, name:"C:\SERVICES\ni9180513_1_SHARE\ftproot\dayzstandalone\mpmissions\hardcore.namalsk\storage_1\data\dynamic_010.002"
 3:24:58.416 [CE][Storage] Restoring file "C:\SERVICES\ni9180513_1_SHARE\ftproot\dayzstandalone\mpmissions\hardcore.namalsk\storage_1\data\dynamic_010.bin" 59 items.
 3:24:58.463   59 items loaded. (0 failed)
 3:24:58.467 [CE][Storage] ver:25 stamp:499, valid:yes, name:"C:\SERVICES\ni9180513_1_SHARE\ftproot\dayzstandalone\mpmissions\hardcore.namalsk\storage_1\data\dynamic_011.bin"
 3:24:58.471 [CE][Storage] ver:25 stamp:288, valid:yes, name:"C:\SERVICES\ni9180513_1_SHARE\ftproot\dayzstandalone\mpmissions\hardcore.namalsk\storage_1\data\dynamic_011.001"
 3:24:58.474 [CE][Storage] ver:25 stamp:289, valid:yes, name:"C:\SERVICES\ni9180513_1_SHARE\ftproot\dayzstandalone\mpmissions\hardcore.namalsk\storage_1\data\dynamic_011.002"
 3:24:58.474 [CE][Storage] Restoring file "C:\SERVICES\ni9180513_1_SHARE\ftproot\dayzstandalone\mpmissions\hardcore.namalsk\storage_1\data\dynamic_011.bin" 51 items.
 3:24:58.505   51 items loaded. (0 failed)
 3:24:58.508 [CE][Storage] ver:26 stamp:499, valid:yes, name:"C:\SERVICES\ni9180513_1_SHARE\ftproot\dayzstandalone\mpmissions\hardcore.namalsk\storage_1\data\building.bin"
 3:24:58.511 [CE][Storage] ver:26 stamp:288, valid:yes, name:"C:\SERVICES\ni9180513_1_SHARE\ftproot\dayzstandalone\mpmissions\hardcore.namalsk\storage_1\data\building.001"
 3:24:58.515 [CE][Storage] ver:26 stamp:289, valid:yes, name:"C:\SERVICES\ni9180513_1_SHARE\ftproot\dayzstandalone\mpmissions\hardcore.namalsk\storage_1\data\building.002"
 3:24:58.515 [CE][Storage] Restoring file "C:\SERVICES\ni9180513_1_SHARE\ftproot\dayzstandalone\mpmissions\hardcore.namalsk\storage_1\data\building.bin" 0 items.
 3:24:58.515   0 items loaded. (0 failed)
 3:24:58.519 [CE][Storage] ver:25 stamp:499, valid:yes, name:"C:\SERVICES\ni9180513_1_SHARE\ftproot\dayzstandalone\mpmissions\hardcore.namalsk\storage_1\data\vehicles.bin"
 3:24:58.523 [CE][Storage] ver:25 stamp:288, valid:yes, name:"C:\SERVICES\ni9180513_1_SHARE\ftproot\dayzstandalone\mpmissions\hardcore.namalsk\storage_1\data\vehicles.001"
 3:24:58.527 [CE][Storage] ver:25 stamp:289, valid:yes, name:"C:\SERVICES\ni9180513_1_SHARE\ftproot\dayzstandalone\mpmissions\hardcore.namalsk\storage_1\data\vehicles.002"
 3:24:58.527 [CE][Storage] Restoring file "C:\SERVICES\ni9180513_1_SHARE\ftproot\dayzstandalone\mpmissions\hardcore.namalsk\storage_1\data\vehicles.bin" 81 items.
 3:24:58.715   81 items loaded. (0 failed)
 3:24:58.734 [CE][Hive] :: Storage load took:6.59 seconds, recovery stamp:499
 3:24:58.734   entity: 8792, building: 0
 3:24:58.734   no lifetime: 18
 3:24:58.734   pathgraph's: 147
 3:24:58.743 [CE][Hive] :: Initializing ... 
 3:24:58.772 [CE][InitializeMap] :: initialized: 0
 3:24:58.772 [CE][Hive] :: Initializing spawners ... 
 3:24:58.773 [CE][LootRespawner] (PRIDummy) :: Item [0] causing search overtime: "dzn_vinyl_bubson"
 3:24:58.773 [CE][LootRespawner] (PRIDummy) :: Item [1] causing search overtime: "FirefightersPants_Black"
 3:24:58.773 [CE][LootRespawner] (PRIDummy) :: Item [2] causing search overtime: "dzn_sumrakhood_coldw"
 3:24:58.773 [CE][LootRespawner] (PRIDummy) :: Item [3] causing search overtime: "dzn_sumrakhood_coldw"
 3:24:58.773 [CE][LootRespawner] (PRIDummy) :: Item [4] causing search overtime: "FirefightersPants_Beige"
 3:24:58.773 [CE][LootRespawner] (PRIDummy) :: Item [5] causing search overtime: "FirefightersHelmet_Yellow"
 3:24:58.773 [CE][LootRespawner] (PRIDummy) :: Item [6] causing search overtime: "dzn_module_surge"
 3:24:58.773 [CE][LootRespawner] (PRIDummy) :: Item [7] causing search overtime: "dzn_athena3_exp2"
 3:24:58.773 [CE][LootRespawner] (PRIDummy) :: Item [8] causing search overtime: "dzn_athena_action2"
 3:24:58.777 [CE][LootRespawner] (PRIDummy) :: Item [9] causing search overtime: "dzn_oxygenated_blood"
 3:24:58.777 [CE][LootRespawner] (PRIDummy) :: Item [10] causing search overtime: "dzn_oxygenated_blood"
 3:24:58.777 [CE][LootRespawner] (PRIDummy) :: Item [11] causing search overtime: "dzn_oxygenated_blood"
 3:24:58.777 [CE][LootRespawner] (PRIDummy) :: Item [12] causing search overtime: "dzn_oxygenated_blood"
 3:24:58.777 [CE][LootRespawner] (PRIDummy) :: Item [13] causing search overtime: "dzn_oxygenated_blood"
 3:24:58.777 [CE][LootRespawner] (PRIDummy) :: Item [14] causing search overtime: "BloodBagEmpty"
 3:24:58.777 [CE][LootRespawner] (PRIDummy) :: Item [15] causing search overtime: "BloodBagEmpty"
 3:24:58.777 [CE][LootRespawner] (PRIDummy) :: Item [16] causing search overtime: "BloodBagEmpty"
 3:24:58.777 [CE][LootRespawner] (PRIDummy) :: Item [17] causing search overtime: "BloodBagEmpty"
 3:24:58.777 [CE][LootRespawner] (PRIDummy) :: Item [18] causing search overtime: "BloodBagEmpty"
 3:24:58.777 [CE][LootRespawner] (PRIDummy) :: Item [19] causing search overtime: "BloodBagEmpty"
 3:24:58.779 [CE][LootRespawner] (PRIDummy) :: Initially (re)spawned:2, Nominal:10364, Total in Map: 8167 at 0 (sec)
 3:24:58.779   tests:2, repeats:0 fails:0, overtime:465
 3:25:05.27 [CE][DynEvent] :: 19 types
 3:25:05.27 [00] Loot
 3:25:05.27   Primary Spawner: "Loot", active: yes, repeat: 2
 3:25:05.27 [01] StaticMedDrop
 3:25:05.27   Primary Spawner: "Static", active: yes, repeat: 1
 3:25:05.27 [02] StaticLifeboat
 3:25:05.27   Primary Spawner: "Static", active: yes, repeat: 1
 3:25:05.27 [03] TrajectoryStones
 3:25:05.27   Primary Spawner: "Trajectory", active: yes, repeat: 1
 3:25:05.27 [04] AnimalWildDog
 3:25:05.27   Primary Spawner: "Animal", active: yes, repeat: 1
 3:25:05.27 [05] InfectedSanta
 3:25:05.27   Primary Spawner: "Infected", active: yes, repeat: 1
 3:25:05.27 [06] InfectedArmy
 3:25:05.27   Primary Spawner: "Infected", active: yes, repeat: 1
 3:25:05.27 [07] InfectedIndustrial
 3:25:05.27   Primary Spawner: "Infected", active: yes, repeat: 1
 3:25:05.27 [08] InfectedCivil
 3:25:05.27   Primary Spawner: "Infected", active: yes, repeat: 1
 3:25:05.27 [09] InfectedMedic
 3:25:05.27   Primary Spawner: "Infected", active: yes, repeat: 1
 3:25:05.27 [10] AnimalGoat
 3:25:05.27   Primary Spawner: "Animal", active: yes, repeat: 1
 3:25:05.27 [11] AnimalSheep
 3:25:05.27   Primary Spawner: "Animal", active: yes, repeat: 1
 3:25:05.27 [12] AnimalRoeDeer
 3:25:05.27   Primary Spawner: "Animal", active: yes, repeat: 1
 3:25:05.27 [13] AnimalDeer
 3:25:05.27   Primary Spawner: "Animal", active: yes, repeat: 1
 3:25:05.27 [14] AnimalWildBoar
 3:25:05.27   Primary Spawner: "Animal", active: yes, repeat: 1
 3:25:05.27 [15] AnimalWolf
 3:25:05.27   Primary Spawner: "Animal", active: yes, repeat: 1
