

=====================================================================
== C:\TCAFiles\Users\ted\153052\DayZServer_x64.exe
== "C:\TCAFiles\Users\ted\153052\DayZServer_x64.exe" -port=2322 -config=serverDZ_By_HostHavoc.cfg -profiles=C:\TCAFiles\Users\ted\153052\HostHavocDayZServer "-servermod=" "-mod=@Spring Namalsk;@Namalsk Island;@Namalsk Survival;@CF;@Dabs Framework;@Community-Online-Tools;@shd_retextures;@Spurgles_BagZ;@sFramework;@sGunplay;@WindstridesClothingPack;@Advanced Weapon Scopes;@VPPAdminTools;@sGunplay_AWS;@Survivor Animations;@DayZ-Bicycle;@DayZ-Dog;@Drones;@SpawnerBubaku;@PseudoGiant;@dbo_spiders;@TFServerPack;@DNA Keycards;@dbo_raptors;" 
=====================================================================
Exe timestamp: 2023/06/20 05:19:39
Current time:  2023/06/26 03:32:35

Version 1.21.156300
 3:32:35.884 [Inputs] Loading inputs default "bin/constants.xml"
 3:32:35.887 [Inputs] Loading inputs default "bin/specific.xml"
 3:32:35.888 [Inputs] Loading inputs default "JM/COT/Scripts/Data/Inputs.xml"
 3:32:35.889 !!! [Inputs] Cannot Register "UAObjectModuleDeleteOnCursor" non-existent input - Fix Preset!
 3:32:35.889 [Inputs] Loading inputs default "MyMODS/sGunplay/scripts/data/inputs.xml"
 3:32:35.889 [Inputs] Loading inputs default "nst/ns_dayz/scripts/Data/Inputs.xml"
 3:32:35.889 [Inputs] Loading inputs default "VPPAdminTools/data/modded_Inputs.xml"
 3:32:35.890 [Inputs] Loading inputs default "WindstrideClothing/Inputs.xml"
 3:32:35.891 [Inputs] Loading inputs default "evg_drones/Inputs.xml"
 3:32:35.891 [Inputs] Loading inputs default "Dayz_Dog/Data/Inputs.xml"
 3:32:35.891 [Inputs] Loading inputs cfg "C:\TCAFiles\Users\ted\153052\HostHavocDayZServer\Users\Survivor\Server.core.xml"
 3:32:35.896 [Inputs] Exporting inputs cfg "C:\TCAFiles\Users\ted\153052\HostHavocDayZServer\Users\Survivor\Server.core.xml"
 3:32:47.627 [CE][Hive] :: Initializing OFFLINE
 3:32:47.628 [StorageDirs] :: Selected storage directory: C:\TCAFiles\Users\ted\153052\mpmissions\hardcore.namalsk\storage_1\
 3:32:47.628 [CE][Hive] :: Loading core data ... 
 3:32:47.628 [CE][CoreData] :: 7 root classes, 0 defaults, 0 updaters...
 3:32:52.422 [CE] :: WARNING :: Preset map "headsFirefighter" is EMPTY.
 3:32:52.423 [CE][TypeSetup] :: 557 classes setuped...
 3:32:55.913 [CE][RegisterBind] :: 0 classes binded...
 3:32:55.913 [CE][RegisterConfig] :: 16393 config classes registered, 0 sub-counters...
 3:32:55.913 [CE][Hive] :: Loading map data ... 
 3:32:55.948 !!! [CE] :: Unknown tag: 'shelves'.
 3:32:55.948 !!! [CE] :: Unknown category: 'books'.
 3:32:55.948 !!! [CE] :: Unknown tag: 'shelves'.
 3:32:55.948 !!! [CE] :: Unknown tag: 'shelves'.
 3:32:55.948 [CE][LoadPrototype] :: loaded 261 prototypes
 3:32:55.948   411 containers, 7544 points
 3:32:55.948   1 dispatches, 1 proxies
 3:32:55.948 !!! [CE][LoadPrototype] 1 groups have wrong points...
 3:32:55.948 !!! [CE][LoadPrototype] 2 groups were defined more than once and skipped...
 3:32:55.948 [CE][LoadPrototype] :: last group name: Land_Prison_Side...
 3:32:55.952 [CE][LoadPrototype] :: loaded 0 prototypes
 3:32:55.952   38 containers, 66 points
 3:32:55.952   0 dispatches, 0 proxies
 3:32:55.952 [CE][LoadPrototype] :: last group name: StoneLoc38...
 3:32:55.991 [CE][LoadMap] "Group" :: loaded 1644 groups, groups failed: 0, largest group range: 36.4
 3:32:55.992 [CE][LoadMap] "Dirt" :: loaded 0 groups, groups failed: 0, largest group range: 36.4
 3:32:56.01 [CE][Links] found 546 total links between groups, of 1644
 3:32:56.01 [CE][LoadClusters] "Cluster" :: Loading files...
 3:32:56.09 [CE][LoadClusters] :: file: "mapgroupcluster.xml", 1 types, 2418 instances
 3:32:56.11 [CE][Storage] ver:21 stamp:13269, valid:yes, name:"C:\TCAFiles\Users\ted\153052\mpmissions\hardcore.namalsk\storage_1\data\types.bin"
 3:32:56.12 [CE][Storage] ver:21 stamp:13270, valid:yes, name:"C:\TCAFiles\Users\ted\153052\mpmissions\hardcore.namalsk\storage_1\data\types.001"
 3:32:56.12 [CE][Storage] ver:21 stamp:13271, valid:yes, name:"C:\TCAFiles\Users\ted\153052\mpmissions\hardcore.namalsk\storage_1\data\types.002"
 3:32:56.12 [CE][Storage] Restoring file "C:\TCAFiles\Users\ted\153052\mpmissions\hardcore.namalsk\storage_1\data\types.002".
 3:32:56.177 [CE][offlineDB] :: Loaded 25 dynamic events 200 total types.
 3:32:56.193 !!! [CE] :: Unknown tag: 'shelves'.
 3:32:56.193 !!! [CE] :: Unknown tag: 'shelves'.
 3:32:56.193 !!! [CE] :: Unknown tag: 'floor'.
 3:32:56.193 !!! [CE] :: Unknown tag: 'floor'.
 3:32:56.194 !!! [CE] :: Unknown tag: 'floor'.
 3:32:56.194 !!! [CE] :: Unknown tag: 'floor'.
 3:32:56.194 !!! [CE] :: Unknown tag: 'floor'.
 3:32:56.194 !!! [CE] :: Unknown tag: 'floor'.
 3:32:56.194 !!! [CE] :: Unknown tag: 'floor'.
 3:32:56.194 !!! [CE] :: Unknown tag: 'floor'.
 3:32:56.194 !!! [CE] :: Unknown tag: 'floor'.
 3:32:56.194 !!! [CE] :: Unknown tag: 'floor'.
 3:32:56.194 !!! [CE] :: Unknown tag: 'floor'.
 3:32:56.194 !!! [CE] :: Unknown tag: 'floor'.
 3:32:56.194 !!! [CE][offlineDB] :: Type 'Leather_Cloak' will be ignored. (Type does not exist. (Typo?))
 3:32:56.194 !!! [CE] :: Unknown tag: 'floor'.
 3:32:56.195 !!! [CE][offlineDB] :: Type 'AD_LeupoldMk4' will be ignored. (Type does not exist. (Typo?))
 3:32:56.195 !!! [CE][offlineDB] :: Type 'AD_LeupoldMk4_MosinMount' will be ignored. (Type does not exist. (Typo?))
 3:32:56.195 !!! [CE][offlineDB] :: Type 'AD_LeupoldMk4_B13' will be ignored. (Type does not exist. (Typo?))
 3:32:56.195 !!! [CE][offlineDB] :: Type 'ChristmasTree' will be ignored. (Not spawnable. (Scope is not public?))
 3:32:56.203 [CE][DE][SPAWNS] :: Total positions: 254
 3:32:56.203 [CE][DE][GROUPS] :: Total eventgroups defined: 0, Eventgroups in use: 0
 3:32:56.203 [CE][Storage] ver:21 stamp:13269, valid:yes, name:"C:\TCAFiles\Users\ted\153052\mpmissions\hardcore.namalsk\storage_1\data\events.bin"
 3:32:56.204 [CE][Storage] ver:21 stamp:13270, valid:yes, name:"C:\TCAFiles\Users\ted\153052\mpmissions\hardcore.namalsk\storage_1\data\events.001"
 3:32:56.204 [CE][Storage] ver:21 stamp:13271, valid:yes, name:"C:\TCAFiles\Users\ted\153052\mpmissions\hardcore.namalsk\storage_1\data\events.002"
 3:32:56.204 [CE][Storage] Restoring file "C:\TCAFiles\Users\ted\153052\mpmissions\hardcore.namalsk\storage_1\data\events.002".
 3:32:56.204 [CE][DynamicEvent] Load  Events:[25] Primary spawners: 25 Secondary spawners: 0
 3:32:56.205 [CE][Storage] ver:25 stamp:13269, valid:yes, name:"C:\TCAFiles\Users\ted\153052\mpmissions\hardcore.namalsk\storage_1\data\dynamic_000.bin"
 3:32:56.205 [CE][Storage] ver:25 stamp:13270, valid:yes, name:"C:\TCAFiles\Users\ted\153052\mpmissions\hardcore.namalsk\storage_1\data\dynamic_000.001"
 3:32:56.205 [CE][Storage] ver:25 stamp:13271, valid:yes, name:"C:\TCAFiles\Users\ted\153052\mpmissions\hardcore.namalsk\storage_1\data\dynamic_000.002"
 3:32:56.205 [CE][Storage] Restoring file "C:\TCAFiles\Users\ted\153052\mpmissions\hardcore.namalsk\storage_1\data\dynamic_000.002" 0 items.
 3:32:56.205   0 items loaded. (0 failed)
 3:32:56.206 [CE][Storage] ver:25 stamp:13269, valid:yes, name:"C:\TCAFiles\Users\ted\153052\mpmissions\hardcore.namalsk\storage_1\data\dynamic_001.bin"
 3:32:56.207 [CE][Storage] ver:25 stamp:13270, valid:yes, name:"C:\TCAFiles\Users\ted\153052\mpmissions\hardcore.namalsk\storage_1\data\dynamic_001.001"
 3:32:56.208 [CE][Storage] ver:25 stamp:13271, valid:yes, name:"C:\TCAFiles\Users\ted\153052\mpmissions\hardcore.namalsk\storage_1\data\dynamic_001.002"
 3:32:56.208 [CE][Storage] Restoring file "C:\TCAFiles\Users\ted\153052\mpmissions\hardcore.namalsk\storage_1\data\dynamic_001.002" 162 items.
 3:32:56.407   162 items loaded. (0 failed)
 3:32:56.408 [CE][Storage] ver:25 stamp:13269, valid:yes, name:"C:\TCAFiles\Users\ted\153052\mpmissions\hardcore.namalsk\storage_1\data\dynamic_002.bin"
 3:32:56.408 [CE][Storage] ver:25 stamp:13270, valid:yes, name:"C:\TCAFiles\Users\ted\153052\mpmissions\hardcore.namalsk\storage_1\data\dynamic_002.001"
 3:32:56.409 [CE][Storage] ver:25 stamp:13271, valid:yes, name:"C:\TCAFiles\Users\ted\153052\mpmissions\hardcore.namalsk\storage_1\data\dynamic_002.002"
 3:32:56.409 [CE][Storage] Restoring file "C:\TCAFiles\Users\ted\153052\mpmissions\hardcore.namalsk\storage_1\data\dynamic_002.002" 68 items.
 3:32:56.501   68 items loaded. (0 failed)
 3:32:56.501 [CE][Storage] ver:25 stamp:13269, valid:yes, name:"C:\TCAFiles\Users\ted\153052\mpmissions\hardcore.namalsk\storage_1\data\dynamic_003.bin"
 3:32:56.502 [CE][Storage] ver:25 stamp:13270, valid:yes, name:"C:\TCAFiles\Users\ted\153052\mpmissions\hardcore.namalsk\storage_1\data\dynamic_003.001"
 3:32:56.503 [CE][Storage] ver:25 stamp:13271, valid:yes, name:"C:\TCAFiles\Users\ted\153052\mpmissions\hardcore.namalsk\storage_1\data\dynamic_003.002"
 3:32:56.503 [CE][Storage] Restoring file "C:\TCAFiles\Users\ted\153052\mpmissions\hardcore.namalsk\storage_1\data\dynamic_003.002" 1029 items.
 3:32:57.352   1029 items loaded. (0 failed)
 3:32:57.353 [CE][Storage] ver:25 stamp:13269, valid:yes, name:"C:\TCAFiles\Users\ted\153052\mpmissions\hardcore.namalsk\storage_1\data\dynamic_004.bin"
 3:32:57.354 [CE][Storage] ver:25 stamp:13270, valid:yes, name:"C:\TCAFiles\Users\ted\153052\mpmissions\hardcore.namalsk\storage_1\data\dynamic_004.001"
 3:32:57.355 [CE][Storage] ver:25 stamp:13271, valid:yes, name:"C:\TCAFiles\Users\ted\153052\mpmissions\hardcore.namalsk\storage_1\data\dynamic_004.002"
 3:32:57.355 [CE][Storage] Restoring file "C:\TCAFiles\Users\ted\153052\mpmissions\hardcore.namalsk\storage_1\data\dynamic_004.002" 2030 items.
 3:32:58.636   2030 items loaded. (0 failed)
 3:32:58.637 [CE][Storage] ver:25 stamp:13269, valid:yes, name:"C:\TCAFiles\Users\ted\153052\mpmissions\hardcore.namalsk\storage_1\data\dynamic_005.bin"
 3:32:58.638 [CE][Storage] ver:25 stamp:13270, valid:yes, name:"C:\TCAFiles\Users\ted\153052\mpmissions\hardcore.namalsk\storage_1\data\dynamic_005.001"
 3:32:58.638 [CE][Storage] ver:25 stamp:13271, valid:yes, name:"C:\TCAFiles\Users\ted\153052\mpmissions\hardcore.namalsk\storage_1\data\dynamic_005.002"
 3:32:58.638 [CE][Storage] Restoring file "C:\TCAFiles\Users\ted\153052\mpmissions\hardcore.namalsk\storage_1\data\dynamic_005.002" 902 items.
 3:32:59.182   902 items loaded. (0 failed)
 3:32:59.183 [CE][Storage] ver:25 stamp:13269, valid:yes, name:"C:\TCAFiles\Users\ted\153052\mpmissions\hardcore.namalsk\storage_1\data\dynamic_006.bin"
 3:32:59.184 [CE][Storage] ver:25 stamp:13270, valid:yes, name:"C:\TCAFiles\Users\ted\153052\mpmissions\hardcore.namalsk\storage_1\data\dynamic_006.001"
 3:32:59.184 [CE][Storage] ver:25 stamp:13271, valid:yes, name:"C:\TCAFiles\Users\ted\153052\mpmissions\hardcore.namalsk\storage_1\data\dynamic_006.002"
 3:32:59.184 [CE][Storage] Restoring file "C:\TCAFiles\Users\ted\153052\mpmissions\hardcore.namalsk\storage_1\data\dynamic_006.002" 2284 items.
 3:33:00.517   2284 items loaded. (0 failed)
 3:33:00.518 [CE][Storage] ver:25 stamp:13269, valid:yes, name:"C:\TCAFiles\Users\ted\153052\mpmissions\hardcore.namalsk\storage_1\data\dynamic_007.bin"
 3:33:00.518 [CE][Storage] ver:25 stamp:13270, valid:yes, name:"C:\TCAFiles\Users\ted\153052\mpmissions\hardcore.namalsk\storage_1\data\dynamic_007.001"
 3:33:00.519 [CE][Storage] ver:25 stamp:13271, valid:yes, name:"C:\TCAFiles\Users\ted\153052\mpmissions\hardcore.namalsk\storage_1\data\dynamic_007.002"
 3:33:00.519 [CE][Storage] Restoring file "C:\TCAFiles\Users\ted\153052\mpmissions\hardcore.namalsk\storage_1\data\dynamic_007.002" 672 items.
 3:33:00.863   672 items loaded. (0 failed)
 3:33:00.863 !!! [CE][Storage] Failed to read [Storage] data file "C:\TCAFiles\Users\ted\153052\mpmissions\hardcore.namalsk\storage_1\data\dynamic_008.bin".
 3:33:00.863   File is empty...
 3:33:00.863 [CE][Storage] ver:0 stamp:0, valid:NO, name:"C:\TCAFiles\Users\ted\153052\mpmissions\hardcore.namalsk\storage_1\data\dynamic_008.bin"
 3:33:00.865 [CE][Storage] ver:25 stamp:13270, valid:yes, name:"C:\TCAFiles\Users\ted\153052\mpmissions\hardcore.namalsk\storage_1\data\dynamic_008.001"
 3:33:00.865 [CE][Storage] ver:25 stamp:13271, valid:yes, name:"C:\TCAFiles\Users\ted\153052\mpmissions\hardcore.namalsk\storage_1\data\dynamic_008.002"
 3:33:00.865 [CE][Storage] Restoring file "C:\TCAFiles\Users\ted\153052\mpmissions\hardcore.namalsk\storage_1\data\dynamic_008.002" 517 items.
 3:33:01.208   517 items loaded. (0 failed)
 3:33:01.208 [CE][Storage] ver:25 stamp:13272, valid:yes, name:"C:\TCAFiles\Users\ted\153052\mpmissions\hardcore.namalsk\storage_1\data\dynamic_009.bin"
 3:33:01.208 [CE][Storage] ver:25 stamp:13270, valid:yes, name:"C:\TCAFiles\Users\ted\153052\mpmissions\hardcore.namalsk\storage_1\data\dynamic_009.001"
 3:33:01.209 [CE][Storage] ver:25 stamp:13271, valid:yes, name:"C:\TCAFiles\Users\ted\153052\mpmissions\hardcore.namalsk\storage_1\data\dynamic_009.002"
 3:33:01.209 [CE][Storage] Restoring file "C:\TCAFiles\Users\ted\153052\mpmissions\hardcore.namalsk\storage_1\data\dynamic_009.bin" 0 items.
 3:33:01.209   0 items loaded. (0 failed)
 3:33:01.209 [CE][Storage] ver:25 stamp:13272, valid:yes, name:"C:\TCAFiles\Users\ted\153052\mpmissions\hardcore.namalsk\storage_1\data\dynamic_010.bin"
 3:33:01.210 [CE][Storage] ver:25 stamp:13270, valid:yes, name:"C:\TCAFiles\Users\ted\153052\mpmissions\hardcore.namalsk\storage_1\data\dynamic_010.001"
 3:33:01.210 [CE][Storage] ver:25 stamp:13271, valid:yes, name:"C:\TCAFiles\Users\ted\153052\mpmissions\hardcore.namalsk\storage_1\data\dynamic_010.002"
 3:33:01.210 [CE][Storage] Restoring file "C:\TCAFiles\Users\ted\153052\mpmissions\hardcore.namalsk\storage_1\data\dynamic_010.bin" 48 items.
 3:33:01.257   48 items loaded. (0 failed)
 3:33:01.258 [CE][Storage] ver:25 stamp:13272, valid:yes, name:"C:\TCAFiles\Users\ted\153052\mpmissions\hardcore.namalsk\storage_1\data\dynamic_011.bin"
 3:33:01.258 [CE][Storage] ver:25 stamp:13270, valid:yes, name:"C:\TCAFiles\Users\ted\153052\mpmissions\hardcore.namalsk\storage_1\data\dynamic_011.001"
 3:33:01.259 [CE][Storage] ver:25 stamp:13271, valid:yes, name:"C:\TCAFiles\Users\ted\153052\mpmissions\hardcore.namalsk\storage_1\data\dynamic_011.002"
 3:33:01.259 [CE][Storage] Restoring file "C:\TCAFiles\Users\ted\153052\mpmissions\hardcore.namalsk\storage_1\data\dynamic_011.bin" 45 items.
 3:33:01.290   45 items loaded. (0 failed)
 3:33:01.291 [CE][Storage] ver:26 stamp:13269, valid:yes, name:"C:\TCAFiles\Users\ted\153052\mpmissions\hardcore.namalsk\storage_1\data\building.bin"
 3:33:01.291 [CE][Storage] ver:26 stamp:13270, valid:yes, name:"C:\TCAFiles\Users\ted\153052\mpmissions\hardcore.namalsk\storage_1\data\building.001"
 3:33:01.291 [CE][Storage] ver:26 stamp:13271, valid:yes, name:"C:\TCAFiles\Users\ted\153052\mpmissions\hardcore.namalsk\storage_1\data\building.002"
 3:33:01.291 [CE][Storage] Restoring file "C:\TCAFiles\Users\ted\153052\mpmissions\hardcore.namalsk\storage_1\data\building.002" 2 items.
 3:33:01.291   2 items loaded. (0 failed)
 3:33:01.292 [CE][Storage] ver:25 stamp:13269, valid:yes, name:"C:\TCAFiles\Users\ted\153052\mpmissions\hardcore.namalsk\storage_1\data\vehicles.bin"
 3:33:01.293 [CE][Storage] ver:25 stamp:13270, valid:yes, name:"C:\TCAFiles\Users\ted\153052\mpmissions\hardcore.namalsk\storage_1\data\vehicles.001"
 3:33:01.293 [CE][Storage] ver:25 stamp:13271, valid:yes, name:"C:\TCAFiles\Users\ted\153052\mpmissions\hardcore.namalsk\storage_1\data\vehicles.002"
 3:33:01.293 [CE][Storage] Restoring file "C:\TCAFiles\Users\ted\153052\mpmissions\hardcore.namalsk\storage_1\data\vehicles.002" 94 items.
 3:33:01.486   94 items loaded. (0 failed)
 3:33:01.507 [CE][Hive] :: Storage load took:5.30 seconds, recovery stamp:13272
 3:33:01.507   entity: 8601, building: 2
 3:33:01.507   no lifetime: 30
 3:33:01.507   pathgraph's: 175
 3:33:01.508 [CE][Hive] :: Initializing ... 
 3:33:01.525 [CE][InitializeMap] :: initialized: 2
 3:33:01.525 [CE][Hive] :: Initializing spawners ... 
 3:33:01.532 [CE][LootRespawner] (PRIDummy) :: Item [0] causing search overtime: "dzn_Canteen"
 3:33:01.542 [CE][LootRespawner] (PRIDummy) :: Item [1] causing search overtime: "SurgicalGloves_Blue"
 3:33:01.542 [CE][LootRespawner] (PRIDummy) :: Item [2] causing search overtime: "SurgicalGloves_Blue"
 3:33:01.542 [CE][LootRespawner] (PRIDummy) :: Item [3] causing search overtime: "SurgicalGloves_Blue"
 3:33:01.542 [CE][LootRespawner] (PRIDummy) :: Item [4] causing search overtime: "SurgicalGloves_Blue"
 3:33:01.542 [CE][LootRespawner] (PRIDummy) :: Item [5] causing search overtime: "SurgicalGloves_Blue"
 3:33:01.542 [CE][LootRespawner] (PRIDummy) :: Item [6] causing search overtime: "SurgicalGloves_Blue"
 3:33:01.544 [CE][LootRespawner] (PRIDummy) :: Item [7] causing search overtime: "dzn_platecarrierpouches_nac"
 3:33:01.544 [CE][LootRespawner] (PRIDummy) :: Item [8] causing search overtime: "TetracyclineAntibiotics"
 3:33:01.549 [CE][LootRespawner] (PRIDummy) :: Item [9] causing search overtime: "dzn_vinyl_bubson"
 3:33:01.554 [CE][LootRespawner] (PRIDummy) :: Item [10] causing search overtime: "AssaultBag_Ttsko"
 3:33:01.558 [CE][LootRespawner] (PRIDummy) :: Item [11] causing search overtime: "IodineTincture"
 3:33:01.558 [CE][LootRespawner] (PRIDummy) :: Item [12] causing search overtime: "SurgicalGloves_White"
 3:33:01.558 [CE][LootRespawner] (PRIDummy) :: Item [13] causing search overtime: "SurgicalGloves_White"
 3:33:01.558 [CE][LootRespawner] (PRIDummy) :: Item [14] causing search overtime: "SurgicalGloves_White"
 3:33:01.558 [CE][LootRespawner] (PRIDummy) :: Item [15] causing search overtime: "SurgicalGloves_White"
 3:33:01.558 [CE][LootRespawner] (PRIDummy) :: Item [16] causing search overtime: "SurgicalGloves_White"
 3:33:01.558 [CE][LootRespawner] (PRIDummy) :: Item [17] causing search overtime: "SurgicalGloves_White"
 3:33:01.564 [CE][LootRespawner] (PRIDummy) :: Item [0] is hard to place, performance drops: "WorkingGloves_Black"
 3:33:01.576 [CE][LootRespawner] (PRIDummy) :: Item [18] causing search overtime: "SurgicalGloves_LightBlue"
 3:33:01.576 [CE][LootRespawner] (PRIDummy) :: Item [19] causing search overtime: "SurgicalGloves_LightBlue"
 3:33:01.610 [CE][LootRespawner] (PRIDummy) :: Item [1] is hard to place, performance drops: "bicycle_wheel"
 3:33:01.641 [CE][LootRespawner] (PRIDummy) :: Item [2] is hard to place, performance drops: "MKII"
 3:33:01.641 [CE][LootRespawner] (PRIDummy) :: Item [3] is hard to place, performance drops: "MKII"
 3:33:01.644 [CE][LootRespawner] (PRIDummy) :: Item [4] is hard to place, performance drops: "MKII"
 3:33:01.644 [CE][LootRespawner] (PRIDummy) :: Item [5] is hard to place, performance drops: "MKII"
 3:33:01.657 [CE][LootRespawner] (PRIDummy) :: Item [6] is hard to place, performance drops: "WorkingGloves_Brown"
 3:33:01.665 [CE][LootRespawner] (PRIDummy) :: Item [7] is hard to place, performance drops: "WorkingGloves_Yellow"
 3:33:01.666 [CE][LootRespawner] (PRIDummy) :: Item [8] is hard to place, performance drops: "WorkingGloves_Yellow"
 3:33:01.666 [CE][LootRespawner] (PRIDummy) :: Item [9] is hard to place, performance drops: "WorkingGloves_Yellow"
 3:33:01.666 [CE][LootRespawner] (PRIDummy) :: Item [10] is hard to place, performance drops: "WorkingGloves_Yellow"
 3:33:01.666 [CE][LootRespawner] (PRIDummy) :: Item [11] is hard to place, performance drops: "WorkingGloves_Yellow"
 3:33:01.666 [CE][LootRespawner] (PRIDummy) :: Item [12] is hard to place, performance drops: "WorkingGloves_Yellow"
 3:33:01.666 [CE][LootRespawner] (PRIDummy) :: Item [13] is hard to place, performance drops: "WorkingGloves_Yellow"
 3:33:01.666 [CE][LootRespawner] (PRIDummy) :: Item [14] is hard to place, performance drops: "WorkingGloves_Yellow"
 3:33:01.666 [CE][LootRespawner] (PRIDummy) :: Item [15] is hard to place, performance drops: "WorkingGloves_Yellow"
 3:33:01.666 [CE][LootRespawner] (PRIDummy) :: Item [16] is hard to place, performance drops: "WorkingGloves_Yellow"
 3:33:01.666 [CE][LootRespawner] (PRIDummy) :: Item [17] is hard to place, performance drops: "WorkingGloves_Yellow"
 3:33:01.667 [CE][LootRespawner] (PRIDummy) :: Item [18] is hard to place, performance drops: "WorkingGloves_Yellow"
 3:33:01.687 [CE][LootRespawner] (PRIDummy) :: Item [19] is hard to place, performance drops: "JumpsuitPants_Grey"
 3:33:01.688 [CE][LootRespawner] (PRIDummy) :: Initially (re)spawned:503, Nominal:12252, Total in Map: 8389 at 0 (sec)
 3:33:01.688   tests:542, repeats:0 fails:39, overtime:1063
 3:33:02.634 [CE][DynEvent] :: 25 types
 3:33:02.634 [00] AnimalRaptor1
 3:33:02.635   Primary Spawner: "Animal", active: yes, repeat: 1
 3:33:02.635 [01] AnimalRaptor1B
 3:33:02.635   Primary Spawner: "Animal", active: yes, repeat: 1
 3:33:02.635 [02] AnimalRaptor1C
 3:33:02.635   Primary Spawner: "Animal", active: yes, repeat: 1
 3:33:02.635 [03] AnimalRaptor2
 3:33:02.635   Primary Spawner: "Animal", active: yes, repeat: 1
 3:33:02.635 [04] AnimalRaptor3
 3:33:02.635   Primary Spawner: "Animal", active: yes, repeat: 1
 3:33:02.635 [05] AnimalRaptor4
 3:33:02.635   Primary Spawner: "Animal", active: yes, repeat: 1
 3:33:02.635 [06] Loot
 3:33:02.635   Primary Spawner: "Loot", active: yes, repeat: 2
 3:33:02.635 [07] StaticMedDrop
 3:33:02.635   Primary Spawner: "Static", active: yes, repeat: 1
 3:33:02.635 [08] StaticLifeboat
 3:33:02.635   Primary Spawner: "Static", active: yes, repeat: 1
 3:33:02.635 [09] TrajectoryStones
 3:33:02.635   Primary Spawner: "Trajectory", active: yes, repeat: 1
 3:33:02.635 [10] AnimalWildDog
 3:33:02.635   Primary Spawner: "Animal", active: yes, repeat: 1
 3:33:02.635 [11] InfectedSanta
 3:33:02.635   Primary Spawner: "Infected", active: yes, repeat: 1
 3:33:02.635 [12] InfectedArmy
 3:33:02.635   Primary Spawner: "Infected", active: yes, repeat: 1
 3:33:02.635 [13] InfectedIndustrial
 3:33:02.635   Primary Spawner: "Infected", active: yes, repeat: 1
 3:33:02.635 [14] InfectedCivil
 3:33:02.635   Primary Spawner: "Infected", active: yes, repeat: 1
 3:33:02.635 [15] InfectedMedic
 3:33:02.635   Primary Spawner: "Infected", active: yes, repeat: 1
 3:33:02.635 [16] AnimalGoat
 3:33:02.635   Primary Spawner: "Animal", active: yes, repeat: 1
 3:33:02.635 [17] AnimalSheep
 3:33:02.635   Primary Spawner: "Animal", active: yes, repeat: 1
 3:33:02.635 [18] AnimalRoeDeer
 3:33:02.635   Primary Spawner: "Animal", active: yes, repeat: 1
 3:33:02.635 [19] AnimalDeer
 3:33:02.635   Primary Spawner: "Animal", active: yes, repeat: 1
 3:33:02.635 [20] AnimalWildBoar
 3:33:02.635   Primary Spawner: "Animal", active: yes, repeat: 1
 3:33:02.635 [21] AnimalWolf
 3:33:02.635   Primary Spawner: "Animal", active: yes, repeat: 1
 3:33:02.635 [22] AnimalBrownBear
 3:33:02.635   Primary Spawner: "Animal", active: yes, repeat: 1
 3:33:02.635 [23] AnimalPolarBear
 3:33:02.635   Primary Spawner: "Animal", active: yes, repeat: 1
 3:33:02.635 [24] VehicleCivilianCars
 3:33:02.635   Primary Spawner: "Vehicle", active: yes, repeat: 1
 3:33:02.635 [CE][Hive] :: Initializing of spawners done.
 3:33:02.640 [CE][Hive] :: Init sequence finished.
 3:33:04.957 [CE][MapExport] :: entity found:12349, entity valid:1644, types total:261... took 2 sec
 3:33:04.959 Player connect enabled
 3:41:59.109 [CE][Links] found 0 total links between groups, of 1
 3:41:59.109 [CE][SpawnRandomLoot] (StaticMedDrop) :: Type: Misc_cargo_cont_net1, lootmin: 8, lootmax: 8, wanted: 8, deloot: 2, containermaxsum: 6
 3:41:59.109 [CE][SpawnRandomLoot] (StaticMedDrop) :: Type: Misc_cargo_cont_net1 :: !!! Sum of container LootMax is lower than event child LootMax (6 < 8)
 3:41:59.110 [CE][SpawnRandomLoot] (StaticMedDrop) :: Type: Misc_cargo_cont_net1 :: !!! Wanting to spawn more loot than possible (8 > 6)
 3:41:59.112 [CE][Links] found 0 total links between groups, of 2
 3:41:59.112 [CE][SpawnRandomLoot] (StaticMedDrop) :: Type: Misc_cargo_cont_net1, lootmin: 8, lootmax: 8, wanted: 8, deloot: 2, containermaxsum: 6
 3:41:59.112 [CE][SpawnRandomLoot] (StaticMedDrop) :: Type: Misc_cargo_cont_net1 :: !!! Sum of container LootMax is lower than event child LootMax (6 < 8)
 3:41:59.112 [CE][SpawnRandomLoot] (StaticMedDrop) :: Type: Misc_cargo_cont_net1 :: !!! Wanting to spawn more loot than possible (8 > 6)
 3:41:59.114 [CE][Links] found 0 total links between groups, of 3
 3:41:59.114 [CE][SpawnRandomLoot] (StaticMedDrop) :: Type: Misc_cargo_cont_net1, lootmin: 8, lootmax: 8, wanted: 8, deloot: 2, containermaxsum: 6
 3:41:59.114 [CE][SpawnRandomLoot] (StaticMedDrop) :: Type: Misc_cargo_cont_net1 :: !!! Sum of container LootMax is lower than event child LootMax (6 < 8)
 3:41:59.114 [CE][SpawnRandomLoot] (StaticMedDrop) :: Type: Misc_cargo_cont_net1 :: !!! Wanting to spawn more loot than possible (8 > 6)
 3:41:59.116 [CE][Links] found 0 total links between groups, of 4
 3:41:59.116 [CE][SpawnRandomLoot] (StaticMedDrop) :: Type: Misc_cargo_cont_net1, lootmin: 8, lootmax: 8, wanted: 8, deloot: 2, containermaxsum: 6
 3:41:59.116 [CE][SpawnRandomLoot] (StaticMedDrop) :: Type: Misc_cargo_cont_net1 :: !!! Sum of container LootMax is lower than event child LootMax (6 < 8)
 3:41:59.116 [CE][SpawnRandomLoot] (StaticMedDrop) :: Type: Misc_cargo_cont_net1 :: !!! Wanting to spawn more loot than possible (8 > 6)
 3:43:46.411 [CE][Links] found 0 total links between groups, of 5
 3:43:46.411 [CE][SpawnRandomLoot] (StaticLifeboat) :: Type: sea_oilrig_lifeboat, lootmin: 4, lootmax: 5, wanted: 4, deloot: 2, containermaxsum: 5
 3:43:46.412 [CE][SpawnRandomLoot] (StaticLifeboat) :: No item found to spawn for DE! Spawned: 2 / 4 (enable log_ce_dynamicevent to see item lists for event)
 3:45:33.111 [CE][Links] found 0 total links between groups, of 6
 3:45:33.111 [CE][SpawnRandomLoot] (StaticMedDrop) :: Type: Misc_cargo_cont_net1, lootmin: 8, lootmax: 8, wanted: 8, deloot: 2, containermaxsum: 6
 3:45:33.111 [CE][SpawnRandomLoot] (StaticMedDrop) :: Type: Misc_cargo_cont_net1 :: !!! Sum of container LootMax is lower than event child LootMax (6 < 8)
 3:45:33.111 [CE][SpawnRandomLoot] (StaticMedDrop) :: Type: Misc_cargo_cont_net1 :: !!! Wanting to spawn more loot than possible (8 > 6)
 3:57:14.316 [CE][Links] found 0 total links between groups, of 7
 3:57:14.316 [CE][SpawnRandomLoot] (StaticMedDrop) :: Type: Misc_cargo_cont_net1, lootmin: 8, lootmax: 8, wanted: 8, deloot: 2, containermaxsum: 6
 3:57:14.316 [CE][SpawnRandomLoot] (StaticMedDrop) :: Type: Misc_cargo_cont_net1 :: !!! Sum of container LootMax is lower than event child LootMax (6 < 8)
 3:57:14.316 [CE][SpawnRandomLoot] (StaticMedDrop) :: Type: Misc_cargo_cont_net1 :: !!! Wanting to spawn more loot than possible (8 > 6)
 4:24:34.731 [CE][Links] found 0 total links between groups, of 8
 4:24:34.731 [CE][SpawnRandomLoot] (StaticMedDrop) :: Type: Misc_cargo_cont_net1, lootmin: 8, lootmax: 8, wanted: 8, deloot: 2, containermaxsum: 6
 4:24:34.731 [CE][SpawnRandomLoot] (StaticMedDrop) :: Type: Misc_cargo_cont_net1 :: !!! Sum of container LootMax is lower than event child LootMax (6 < 8)
 4:24:34.731 [CE][SpawnRandomLoot] (StaticMedDrop) :: Type: Misc_cargo_cont_net1 :: !!! Wanting to spawn more loot than possible (8 > 6)
 4:24:34.736 [CE][Links] found 0 total links between groups, of 9
 4:24:34.736 [CE][SpawnRandomLoot] (StaticMedDrop) :: Type: Misc_cargo_cont_net1, lootmin: 8, lootmax: 8, wanted: 8, deloot: 2, containermaxsum: 6
 4:24:34.736 [CE][SpawnRandomLoot] (StaticMedDrop) :: Type: Misc_cargo_cont_net1 :: !!! Sum of container LootMax is lower than event child LootMax (6 < 8)
 4:24:34.736 [CE][SpawnRandomLoot] (StaticMedDrop) :: Type: Misc_cargo_cont_net1 :: !!! Wanting to spawn more loot than possible (8 > 6)
 4:24:34.740 [CE][Links] found 0 total links between groups, of 10
 4:24:34.740 [CE][SpawnRandomLoot] (StaticMedDrop) :: Type: Misc_cargo_cont_net1, lootmin: 8, lootmax: 8, wanted: 8, deloot: 2, containermaxsum: 6
 4:24:34.740 [CE][SpawnRandomLoot] (Stati