---------------------------------------------
Log C:\TCAFiles\Users\ted\153052\HostHavocDayZServer\script_2023-06-20_07-35-34.log started at 20.06. 07:35:34

SCRIPT       : Registered 385 temporary action enum(s), UAN==385
SCRIPT       : ... Backlit Effects Enabled
SCRIPT       : VPPNotificationManager()
SCRIPT       : [VPPAT] Internal VPPNotifications module loaded!
SCRIPT       : [DayZ Game]:: DayZGame(): Initializing V++ Admin Tools.
SCRIPT       : Default Mission: $saves:VPPDebugMissions/Debug.chernarusplus exists!
SCRIPT       : Default Mission: $saves:VPPDebugMissions/Debug.enoch exists!
SCRIPT    (W): @"WindstrideClothing/scripts/4_World/playerbase.c,36": Missing ';' at the end of line
SCRIPT    (W): @"VPPAdminTools/4_World/vppadmintools\plugins\pluginbase\webhooksmanager\classes\webhookmessagebase.c,53": Possible variable name conflict 'title'
SCRIPT    (W): @"VPPAdminTools/4_World/vppadmintools\plugins\pluginbase\webhooksmanager\classes\webhookmessagebase.c,53": Possible variable name conflict 'color'
SCRIPT    (W): @"AdvancedWeaponScopes/Scripts/4_World/actions\registeractions_playerbase.c,3": FIX-ME: Overriding function 'SetActions' but not marked as 'override'
SCRIPT    (W): @"WindstrideClothing/scripts/4_World/eyepatch\eyepatch_dismantle.c,58": FIX-ME: Overriding function 'SetActions' but not marked as 'override'
SCRIPT    (W): @"JM/COT/Scripts/4_World/communityonlinetools\classes\webhook\jmwebhookdiscordmessage.c,151": Possible variable name conflict 'url'
SCRIPT    (W): @"JM/COT/Scripts/4_World/communityonlinetools\classes\webhook\jmwebhookdiscordmessage.c,172": Possible variable name conflict 'url'
SCRIPT    (W): @"JM/COT/Scripts/4_World/communityonlinetools\classes\webhook\jmwebhookdiscordmessage.c,180": Possible variable name conflict 'url'
SCRIPT    (W): @"PseudoGiant/PseudoGiant_Scripts/scripts/4_World/entities\creatures\infected\pseudogiant.c,347": FIX-ME: Overriding function 'EEOnDamageCalculated' but not marked as 'override'
SCRIPT    (W): @"VPPAdminTools/4_World/vppadmintools\plugins\pluginbase\webhooksmanager\classes\messagetypes\joinleavemessage.c,7": Possible variable name conflict 'guid'
SCRIPT    (W): @"VPPAdminTools/4_World/vppadmintools\plugins\pluginbase\webhooksmanager\classes\messagetypes\joinleavemessage.c,7": Possible variable name conflict 'details'
SCRIPT    (W): @"JM/COT/Scripts/4_World/communityonlinetools\classes\webhook\jmwebhookdiscordmessage.c,19": Possible variable name conflict 'username'
SCRIPT    (W): @"JM/COT/Scripts/4_World/communityonlinetools\classes\webhook\jmwebhookdiscordmessage.c,19": Possible variable name conflict 'avatar_url'
SCRIPT    (W): @"JM/COT/Scripts/4_World/communityonlinetools\classes\webhook\jmwebhookdiscordmessage.c,19": Possible variable name conflict 'content'
SCRIPT    (W): @"VPPAdminTools/4_World/vppadmintools\plugins\pluginbase\admintools\admintools.c,60": No need to use 'Cast' for up-casting
SCRIPT    (W): @"WindstrideClothing/scripts/4_World/playerbase.c,13": Unsafe down-casting, use 'ItemBase.Cast' for safe down-casting
SCRIPT    (W): @"WindstrideClothing/scripts/4_World/playerbase.c,37": Unsafe down-casting, use 'ItemBase.Cast' for safe down-casting
SCRIPT    (W): @"WindstrideClothing/scripts/4_World/playerbase.c,56": Unsafe down-casting, use 'ItemBase.Cast' for safe down-casting
SCRIPT    (W): @"WindstrideClothing/scripts/4_World/playerbase.c,59": Unsafe down-casting, use 'ItemBase.Cast' for safe down-casting
SCRIPT    (W): @"WindstrideClothing/scripts/4_World/playerbase.c,60": Unsafe down-casting, use 'ItemBase.Cast' for safe down-casting
SCRIPT    (W): @"WindstrideClothing/scripts/4_World/playerbase.c,69": Unsafe down-casting, use 'ItemBase.Cast' for safe down-casting
SCRIPT    (W): @"WindstrideClothing/scripts/4_World/playerbase.c,79": Unsafe down-casting, use 'ItemBase.Cast' for safe down-casting
SCRIPT    (W): @"WindstrideClothing/scripts/4_World/playerbase.c,93": Unsafe down-casting, use 'ItemBase.Cast' for safe down-casting
SCRIPT    (W): @"VPPAdminTools/5_Mission/vppadmintools\gui\submenus\menuobjectmanager\menuobjectmanager.c,203": Missing ';' at the end of line
SCRIPT    (W): @"VPPAdminTools/5_Mission/vppadmintools\gui\vppadminhud.c,126": Unsafe down-casting, use 'MenuObjectManager.Cast' for safe down-casting
SCRIPT    (W): @"VPPAdminTools/5_Mission/vppadmintools\gui\submenus\menuesptools\esptoolsmenu.c,580": Unsafe down-casting, use 'EntityAI.Cast' for safe down-casting
SCRIPT    (W): @"VPPAdminTools/5_Mission/vppadmintools\gui\submenus\menuplayermanager\menuplayermanager.c,71": FIX-ME: Callbacks do not properly support overloaded methods 'OnUpdate'
SCRIPT    (W): @"VPPAdminTools/5_Mission/vppadmintools\missiondebug.c,38": Unsafe down-casting, use 'PlayerBase.Cast' for safe down-casting
SCRIPT       : Vanilla++ AdminTools Plugins Registering..
SCRIPT       : 14:35:45 [ii] ::SUserConfigConstraints::load : Loading SUserConfigConstraints_Gunplay
SCRIPT       : 14:35:45 [ii] │	├ Done -> SUserConfigConstraints_Gunplay<34915000>
SCRIPT       : [MissionServer] OnInit - Server
SCRIPT       : [Namalsk][NamEventManager]: Next selection will occur in 727 seconds
SCRIPT       : [Namalsk][NamEventManager]: NamEventManager is now running
SCRIPT       : [MissionServer] OnMissionStart - Server
SCRIPT       : string dirtyName = 'HardcoreNamalskVanilla+NOBASES|NOTRADERS|1PPDayOneinspired'
SCRIPT    (E): NULL pointer to instance
Function: 'SpawnObject'
Stack trace:
$CurrentDir:mpmissions\hardcore.namalsk\init.c:5
$CurrentDir:mpmissions\hardcore.namalsk\init.c:33
SCRIPT    (E): NULL pointer to instance
Function: 'SpawnObject'
Stack trace:
$CurrentDir:mpmissions\hardcore.namalsk\init.c:5
$CurrentDir:mpmissions\hardcore.namalsk\init.c:53
SCRIPT    (E): NULL pointer to instance
Function: 'SpawnObject'
Stack trace:
$CurrentDir:mpmissions\hardcore.namalsk\init.c:5
$CurrentDir:mpmissions\hardcore.namalsk\init.c:70
SCRIPT    (E): NULL pointer to instance
Function: 'SpawnObject'
Stack trace:
$CurrentDir:mpmissions\hardcore.namalsk\init.c:5
$CurrentDir:mpmissions\hardcore.namalsk\init.c:84
SCRIPT    (E): NULL pointer to instance
Function: 'SpawnObject'
Stack trace:
$CurrentDir:mpmissions\hardcore.namalsk\init.c:5
$CurrentDir:mpmissions\hardcore.namalsk\init.c:90
SCRIPT    (E): NULL pointer to instance
Function: 'SpawnObject'
Stack trace:
$CurrentDir:mpmissions\hardcore.namalsk\init.c:5
$CurrentDir:mpmissions\hardcore.namalsk\init.c:145
SCRIPT    (E): NULL pointer to instance
Function: 'SpawnObject'
Stack trace:
$CurrentDir:mpmissions\hardcore.namalsk\init.c:5
$CurrentDir:mpmissions\hardcore.namalsk\init.c:156
SCRIPT    (E): NULL pointer to instance
Function: 'SpawnObject'
Stack trace:
$CurrentDir:mpmissions\hardcore.namalsk\init.c:5
$CurrentDir:mpmissions\hardcore.namalsk\init.c:211
SCRIPT    (E): NULL pointer to instance
Function: 'SpawnObject'
Stack trace:
$CurrentDir:mpmissions\hardcore.namalsk\init.c:5
$CurrentDir:mpmissions\hardcore.namalsk\init.c:225
SCRIPT    (E): NULL pointer to instance
Function: 'SpawnObject'
Stack trace:
$CurrentDir:mpmissions\hardcore.namalsk\init.c:5
$CurrentDir:mpmissions\hardcore.namalsk\init.c:228
SCRIPT    (E): NULL pointer to instance
Function: 'SpawnObject'
Stack trace:
$CurrentDir:mpmissions\hardcore.namalsk\init.c:5
$CurrentDir:mpmissions\hardcore.namalsk\init.c:259
SCRIPT    (E): NULL pointer to instance
Function: 'SpawnObject'
Stack trace:
$CurrentDir:mpmissions\hardcore.namalsk\init.c:5
$CurrentDir:mpmissions\hardcore.namalsk\init.c:270
SCRIPT    (E): NULL pointer to instance
Function: 'SpawnObject'
Stack trace:
$CurrentDir:mpmissions\hardcore.namalsk\init.c:5
$CurrentDir:mpmissions\hardcore.namalsk\init.c:278
SCRIPT    (E): NULL pointer to instance
Function: 'SpawnObject'
Stack trace:
$CurrentDir:mpmissions\hardcore.namalsk\init.c:5
$CurrentDir:mpmissions\hardcore.namalsk\init.c:282
SCRIPT    (E): NULL pointer to instance
Function: 'SpawnObject'
Stack trace:
$CurrentDir:mpmissions\hardcore.namalsk\init.c:5
$CurrentDir:mpmissions\hardcore.namalsk\init.c:284
SCRIPT    (E): NULL pointer to instance
Function: 'SpawnObject'
Stack trace:
$CurrentDir:mpmissions\hardcore.namalsk\init.c:5
$CurrentDir:mpmissions\hardcore.namalsk\init.c:309
SCRIPT    (E): NULL pointer to instance
Function: 'SpawnObject'
Stack trace:
$CurrentDir:mpmissions\hardcore.namalsk\init.c:5
$CurrentDir:mpmissions\hardcore.namalsk\init.c:318
SCRIPT    (E): NULL pointer to instance
Function: 'SpawnObject'
Stack trace:
$CurrentDir:mpmissions\hardcore.namalsk\init.c:5
$CurrentDir:mpmissions\hardcore.namalsk\init.c:324
SCRIPT    (E): NULL pointer to instance
Function: 'SpawnObject'
Stack trace:
$CurrentDir:mpmissions\hardcore.namalsk\init.c:5
$CurrentDir:mpmissions\hardcore.namalsk\init.c:339
SCRIPT    (E): NULL pointer to instance
Function: 'SpawnObject'
Stack trace:
$CurrentDir:mpmissions\hardcore.namalsk\init.c:5
$CurrentDir:mpmissions\hardcore.namalsk\init.c:347
SCRIPT    (E): NULL pointer to instance
Function: 'SpawnObject'
Stack trace:
$CurrentDir:mpmissions\hardcore.namalsk\init.c:5
$CurrentDir:mpmissions\hardcore.namalsk\init.c:378
SCRIPT    (E): NULL pointer to instance
Function: 'SpawnObject'
Stack trace:
$CurrentDir:mpmissions\hardcore.namalsk\init.c:5
$CurrentDir:mpmissions\hardcore.namalsk\init.c:382
SCRIPT    (E): NULL pointer to instance
Function: 'SpawnObject'
Stack trace:
$CurrentDir:mpmissions\hardcore.namalsk\init.c:5
$CurrentDir:mpmissions\hardcore.namalsk\init.c:392
SCRIPT    (E): NULL pointer to instance
Function: 'SpawnObject'
Stack trace:
$CurrentDir:mpmissions\hardcore.namalsk\init.c:5
$CurrentDir:mpmissions\hardcore.namalsk\init.c:509
SCRIPT    (E): NULL pointer to instance
Function: 'SpawnObject'
Stack trace:
$CurrentDir:mpmissions\hardcore.namalsk\init.c:5
$CurrentDir:mpmissions\hardcore.namalsk\init.c:512
SCRIPT    (E): NULL pointer to instance
Function: 'SpawnObject'
Stack trace:
$CurrentDir:mpmissions\hardcore.namalsk\init.c:5
$CurrentDir:mpmissions\hardcore.namalsk\init.c:529
SCRIPT    (E): NULL pointer to instance
Function: 'SpawnObject'
Stack trace:
$CurrentDir:mpmissions\hardcore.namalsk\init.c:5
$CurrentDir:mpmissions\hardcore.namalsk\init.c:538
SCRIPT    (E): NULL pointer to instance
Function: 'SpawnObject'
Stack trace:
$CurrentDir:mpmissions\hardcore.namalsk\init.c:5
$CurrentDir:mpmissions\hardcore.namalsk\init.c:561
SCRIPT    (E): NULL pointer to instance
Function: 'SpawnObject'
Stack trace:
$CurrentDir:mpmissions\hardcore.namalsk\init.c:5
$CurrentDir:mpmissions\hardcore.namalsk\init.c:584
SCRIPT    (E): NULL pointer to instance
Function: 'SpawnObject'
Stack trace:
$CurrentDir:mpmissions\hardcore.namalsk\init.c:5
$CurrentDir:mpmissions\hardcore.namalsk\init.c:595
SCRIPT    (E): NULL pointer to instance
Function: 'SpawnObject'
Stack trace:
$CurrentDir:mpmissions\hardcore.namalsk\init.c:5
$CurrentDir:mpmissions\hardcore.namalsk\init.c:624
SCRIPT    (E): NULL pointer to instance
Function: 'SpawnObject'
Stack trace:
$CurrentDir:mpmissions\hardcore.namalsk\init.c:5
$CurrentDir:mpmissions\hardcore.namalsk\init.c:661
SCRIPT    (E): NULL pointer to instance
Function: 'SpawnObject'
Stack trace:
$CurrentDir:mpmissions\hardcore.namalsk\init.c:5
$CurrentDir:mpmissions\hardcore.namalsk\init.c:668
SCRIPT    (E): NULL pointer to instance
Function: 'SpawnObject'
Stack trace:
$CurrentDir:mpmissions\hardcore.namalsk\init.c:5
$CurrentDir:mpmissions\hardcore.namalsk\init.c:671
SCRIPT    (E): NULL pointer to instance
Function: 'SpawnObject'
Stack trace:
$CurrentDir:mpmissions\hardcore.namalsk\init.c:5
$CurrentDir:mpmissions\hardcore.namalsk\init.c:690
SCRIPT    (E): NULL pointer to instance
Function: 'SpawnObject'
Stack trace:
$CurrentDir:mpmissions\hardcore.namalsk\init.c:5
$CurrentDir:mpmissions\hardcore.namalsk\init.c:704
SCRIPT    (E): NULL pointer to instance
Function: 'SpawnObject'
Stack trace:
$CurrentDir:mpmissions\hardcore.namalsk\init.c:5
$CurrentDir:mpmissions\hardcore.namalsk\init.c:706
SCRIPT    (E): NULL pointer to instance
Function: 'SpawnObject'
Stack trace:
$CurrentDir:mpmissions\hardcore.namalsk\init.c:5
$CurrentDir:mpmissions\hardcore.namalsk\init.c:709
SCRIPT    (E): NULL pointer to instance
Function: 'SpawnObject'
Stack trace:
$CurrentDir:mpmissions\hardcore.namalsk\init.c:5
$CurrentDir:mpmissions\hardcore.namalsk\init.c:759
SCRIPT    (E): NULL pointer to instance
Function: 'SpawnObject'
Stack trace:
$CurrentDir:mpmissions\hardcore.namalsk\init.c:5
$CurrentDir:mpmissions\hardcore.namalsk\init.c:767
SCRIPT    (E): NULL pointer to instance
Function: 'SpawnObject'
Stack trace:
$CurrentDir:mpmissions\hardcore.namalsk\init.c:5
$CurrentDir:mpmissions\hardcore.namalsk\init.c:824
SCRIPT    (E): NULL pointer to instance
Function: 'SpawnObject'
Stack trace:
$CurrentDir:mpmissions\hardcore.namalsk\init.c:5
$CurrentDir:mpmissions\hardcore.namalsk\init.c:829
SCRIPT    (E): NULL pointer to instance
Function: 'SpawnObject'
Stack trace:
$CurrentDir:mpmissions\hardcore.namalsk\init.c:5
$CurrentDir:mpmissions\hardcore.namalsk\init.c:852
SCRIPT    (E): NULL pointer to instance
Function: 'SpawnObject'
Stack trace:
$CurrentDir:mpmissions\hardcore.namalsk\init.c:5
$CurrentDir:mpmissions\hardcore.namalsk\init.c:858
SCRIPT    (E): NULL pointer to instance
Function: 'SpawnObject'
Stack trace:
$CurrentDir:mpmissions\hardcore.namalsk\init.c:5
$CurrentDir:mpmissions\hardcore.namalsk\init.c:919
SCRIPT    (E): NULL pointer to instance
Function: 'SpawnObject'
Stack trace:
$CurrentDir:mpmissions\hardcore.namalsk\init.c:5
$CurrentDir:mpmissions\hardcore.namalsk\init.c:1105
SCRIPT    (E): NULL pointer to instance
Function: 'SpawnObject'
Stack trace:
$CurrentDir:mpmissions\hardcore.namalsk\init.c:5
$CurrentDir:mpmissions\hardcore.namalsk\init.c:1147
SCRIPT    (E): NULL pointer to instance
Function: 'SpawnObject'
Stack trace:
$CurrentDir:mpmissions\hardcore.namalsk\init.c:5
$CurrentDir:mpmissions\hardcore.namalsk\init.c:1178
SCRIPT    (E): NULL pointer to instance
Function: 'SpawnObject'
Stack trace:
$CurrentDir:mpmissions\hardcore.namalsk\init.c:5
$CurrentDir:mpmissions\hardcore.namalsk\init.c:1229
SCRIPT    (E): NULL pointer to instance
Function: 'SpawnObject'
Stack trace:
$CurrentDir:mpmissions\hardcore.namalsk\init.c:5
$CurrentDir:mpmissions\hardcore.namalsk\init.c:1242
SCRIPT    (E): NULL pointer to instance
Function: 'SpawnObject'
Stack trace:
$CurrentDir:mpmissions\hardcore.namalsk\init.c:5
$CurrentDir:mpmissions\hardcore.namalsk\init.c:1274
SCRIPT       : m_EventManager NamEventManager<b8e8c0c0>
SCRIPT       : MaxEventCount 2
SCRIPT       : [Drones] Found existing config. Loading config.json...
SCRIPT       : m_LoginTimeMs: 16200
