---------------------------------------------
Log C:\TCAFiles\Users\ted\153052\HostHavocDayZServer\script_2023-06-24_19-00-32.log started at 24.06. 19:00:32

SCRIPT       : Registered 385 temporary action enum(s), UAN==385
SCRIPT       : ... Backlit Effects Enabled
SCRIPT       : VPPNotificationManager()
SCRIPT       : [VPPAT] Internal VPPNotifications module loaded!
SCRIPT       : [DayZ Game]:: DayZGame(): Initializing V++ Admin Tools.
SCRIPT       : Default Mission: $saves:VPPDebugMissions/Debug.chernarusplus exists!
SCRIPT       : Default Mission: $saves:VPPDebugMissions/Debug.enoch exists!
SCRIPT    (W): @"WindstrideClothing/scripts/4_World/playerbase.c,36": Missing ';' at the end of line
SCRIPT    (W): @"AdvancedWeaponScopes/Scripts/4_World/actions\registeractions_playerbase.c,3": FIX-ME: Overriding function 'SetActions' but not marked as 'override'
SCRIPT    (W): @"WindstrideClothing/scripts/4_World/eyepatch\eyepatch_dismantle.c,58": FIX-ME: Overriding function 'SetActions' but not marked as 'override'
SCRIPT    (W): @"VPPAdminTools/4_World/vppadmintools\plugins\pluginbase\webhooksmanager\classes\messagetypes\joinleavemessage.c,7": Possible variable name conflict 'guid'
SCRIPT    (W): @"VPPAdminTools/4_World/vppadmintools\plugins\pluginbase\webhooksmanager\classes\messagetypes\joinleavemessage.c,7": Possible variable name conflict 'details'
SCRIPT    (W): @"JM/COT/Scripts/4_World/communityonlinetools\classes\webhook\jmwebhookdiscordmessage.c,19": Possible variable name conflict 'username'
SCRIPT    (W): @"JM/COT/Scripts/4_World/communityonlinetools\classes\webhook\jmwebhookdiscordmessage.c,19": Possible variable name conflict 'avatar_url'
SCRIPT    (W): @"JM/COT/Scripts/4_World/communityonlinetools\classes\webhook\jmwebhookdiscordmessage.c,19": Possible variable name conflict 'content'
SCRIPT    (W): @"VPPAdminTools/4_World/vppadmintools\plugins\pluginbase\webhooksmanager\classes\webhookmessagebase.c,53": Possible variable name conflict 'title'
SCRIPT    (W): @"VPPAdminTools/4_World/vppadmintools\plugins\pluginbase\webhooksmanager\classes\webhookmessagebase.c,53": Possible variable name conflict 'color'
SCRIPT    (W): @"JM/COT/Scripts/4_World/communityonlinetools\classes\webhook\jmwebhookdiscordmessage.c,151": Possible variable name conflict 'url'
SCRIPT    (W): @"JM/COT/Scripts/4_World/communityonlinetools\classes\webhook\jmwebhookdiscordmessage.c,172": Possible variable name conflict 'url'
SCRIPT    (W): @"JM/COT/Scripts/4_World/communityonlinetools\classes\webhook\jmwebhookdiscordmessage.c,180": Possible variable name conflict 'url'
SCRIPT    (W): @"PseudoGiant/PseudoGiant_Scripts/scripts/4_World/entities\creatures\infected\pseudogiant.c,347": FIX-ME: Overriding function 'EEOnDamageCalculated' but not marked as 'override'
SCRIPT    (W): @"VPPAdminTools/4_World/vppadmintools\plugins\pluginbase\admintools\admintools.c,60": No need to use 'Cast' for up-casting
SCRIPT    (W): @"WindstrideClothing/scripts/4_World/playerbase.c,13": Unsafe down-casting, use 'ItemBase.Cast' for safe down-casting
SCRIPT    (W): @"WindstrideClothing/scripts/4_World/playerbase.c,37": Unsafe down-casting, use 'ItemBase.Cast' for safe down-casting
SCRIPT    (W): @"WindstrideClothing/scripts/4_World/playerbase.c,56": Unsafe down-casting, use 'ItemBase.Cast' for safe down-casting
SCRIPT    (W): @"WindstrideClothing/scripts/4_World/playerbase.c,59": Unsafe down-casting, use 'ItemBase.Cast' for safe down-casting
SCRIPT    (W): @"WindstrideClothing/scripts/4_World/playerbase.c,60": Unsafe down-casting, use 'ItemBase.Cast' for safe down-casting
SCRIPT    (W): @"WindstrideClothing/scripts/4_World/playerbase.c,69": Unsafe down-casting, use 'ItemBase.Cast' for safe down-casting
SCRIPT    (W): @"WindstrideClothing/scripts/4_World/playerbase.c,79": Unsafe down-casting, use 'ItemBase.Cast' for safe down-casting
SCRIPT    (W): @"WindstrideClothing/scripts/4_World/playerbase.c,93": Unsafe down-casting, use 'ItemBase.Cast' for safe down-casting
SCRIPT    (W): @"VPPAdminTools/5_Mission/vppadmintools\gui\submenus\menuobjectmanager\menuobjectmanager.c,203": Missing ';' at the end of line
SCRIPT    (W): @"VPPAdminTools/5_Mission/vppadmintools\gui\vppadminhud.c,126": Unsafe down-casting, use 'MenuObjectManager.Cast' for safe down-casting
SCRIPT    (W): @"VPPAdminTools/5_Mission/vppadmintools\gui\submenus\menuesptools\esptoolsmenu.c,580": Unsafe down-casting, use 'EntityAI.Cast' for safe down-casting
SCRIPT    (W): @"VPPAdminTools/5_Mission/vppadmintools\gui\submenus\menuplayermanager\menuplayermanager.c,71": FIX-ME: Callbacks do not properly support overloaded methods 'OnUpdate'
SCRIPT    (W): @"VPPAdminTools/5_Mission/vppadmintools\missiondebug.c,38": Unsafe down-casting, use 'PlayerBase.Cast' for safe down-casting
SCRIPT       : Vanilla++ AdminTools Plugins Registering..
SCRIPT       : 02:00:44 [ii] ::SUserConfigConstraints::load : Loading SUserConfigConstraints_Gunplay
SCRIPT       : 02:00:44 [ii] │	├ Done -> SUserConfigConstraints_Gunplay<3e7a8010>
SCRIPT       : [MissionServer] OnInit - Server
SCRIPT       : [ZenChickenCoopsConfig] Init
SCRIPT       : [Namalsk][NamEventManager]: Next selection will occur in 320 seconds
SCRIPT       : [Namalsk][NamEventManager]: NamEventManager is now running
SCRIPT       : [MissionServer] OnMissionStart - Server
SCRIPT       : string dirtyName = '[TF]HardcoreNamalsk1PP|NoBases|CustomPvE/PvP'
SCRIPT       : [DNA DEBUG] - {Main System} - Config found, loading settings!
SCRIPT       : [DNA DEBUG] - {Container System Settings} - Config found, loading settings!
SCRIPT       : [DNA DEBUG] - {DNA_Keycards Mob System Settings} - Config found, loading settings!
SCRIPT       : [DNA DEBUG] - {DNA Keycards General Loot} - Config found, loading settings!
SCRIPT       : [DNA DEBUG] - {DNA Keycards Clothing Loot} - Config found, loading settings!
SCRIPT       : [DNA DEBUG] - {DNA Keycards Weapon Loot} - Config found, loading settings!
SCRIPT       : [DNA DEBUG] - {Smol Crate Config} - Smol Crate Settings Description found.... Loading.
SCRIPT       : [DNA DEBUG] - {Smol Crate Config} - Smol Crate Yellow Config Found.... Loading 
SCRIPT       : [DNA DEBUG] - {Smol Crate Config} - Smol Crate Green Config Found.... Loading.
SCRIPT       : [DNA DEBUG] - {Smol Crate Config} - Smol Crate Blue Config Found.... Loading.
SCRIPT       : [DNA DEBUG] - {Smol Crate Config} - Smol Crate Purple Config Found.... Loading.
SCRIPT       : [DNA DEBUG] - {Smol Crate Config} - Smol Crate Red Config Found.... Loading.
SCRIPT       : [DNA DEBUG] - {Smol Crate Config} - Smol Crate Base Config Found.... Loading.
SCRIPT       : [DNA DEBUG] - {Alarm Settings} - Alarm Settings Config Found.... Loading 
SCRIPT       : [DNA DEBUG] - {Reset Timer} - Timer Settings found.... Loading.
SCRIPT       : [DNA DEBUG] - {Reset Timer} - Not in use.
SCRIPT       : [DNA DEBUG] - {Object Spawner} - System not spawning any crates!
SCRIPT       : [DNA DEBUG] - {Object Spawner} - System not spawning any smol crates!
SCRIPT       : [DNA DEBUG] - {Object Spawner} - System not spawning any strongrooms!
SCRIPT       : m_EventManager NamEventManager<3e74c320>
SCRIPT       : MaxEventCount 2
SCRIPT       :  !!! OnError() 
SCRIPT       : m_LoginTimeMs: 16200
SCRIPT       : [Namalsk][NamEventManager]: Trying to select a new event...
SCRIPT       : [Namalsk][NamEventManager]: Starting event Blizzard
SCRIPT       : [Namalsk][Blizzard]: init: 600 (sec), mid: 956.999 (sec), end: 600 (sec), TempDrop: -15.5929 (C)
SCRIPT       : [Namalsk][NamEventManager]: Blizzard: Phase Length 600
SCRIPT       : [Namalsk][NamEventManager]: Next selection will occur in 768 seconds
SCRIPT       : [Namalsk][NamEventManager]: Blizzard: Phase Length 956.999
SCRIPT       : [Namalsk][NamEventManager]: Trying to select a new event...
SCRIPT       : [Namalsk][NamEventManager]: Starting event Aurora
SCRIPT       : [Namalsk][NamEventManager]: Aurora: Phase Length 60
SCRIPT       : [Namalsk][NamEventManager]: Next selection will occur in 384 seconds
SCRIPT       : [Namalsk][NamEventManager]: Aurora: Phase Length 1160.31
SCRIPT       : [Namalsk][NamEventManager]: Trying to select a new event...
SCRIPT       : [Namalsk][NamEventManager]: Could not start event as we reached the maximum event limit 2
SCRIPT       : [Namalsk][NamEventManager]: Next selection will occur in 316 seconds
SCRIPT       : [Namalsk][NamEventManager]: Trying to select a new event...
SCRIPT       : [Namalsk][NamEventManager]: Could not start event as we reached the maximum event limit 2
SCRIPT       : [Namalsk][NamEventManager]: Next selection will occur in 436 seconds
SCRIPT       : [Namalsk][NamEventManager]: Blizzard: Phase Length 600
SCRIPT       : [Namalsk][NamEventManager]: Trying to select a new event...
SCRIPT       : [Namalsk][NamEventManager]: Could not start Aurora as one is already active
SCRIPT       : [Namalsk][NamEventManager]: Next selection will occur in 202 seconds
SCRIPT       : [Namalsk][NamEventManager]: Aurora: Phase Length 60
SCRIPT       : [Namalsk][NamEventManager]: Aurora: Phase Length 0
SCRIPT       : [Namalsk][NamEventManager]: Trying to select a new event...
SCRIPT       : [Namalsk][NamEventManager]: Starting event EVRStorm
SCRIPT       : [Namalsk][EVRStorm]: InitPhaseServer
SCRIPT       : [Namalsk][NamEventManager]: EVRStorm: Phase Length 1080
SCRIPT       : [Namalsk][NamEventManager]: Next selection will occur in 317 seconds
SCRIPT       : [Namalsk][NamEventManager]: Blizzard: Phase Length 0
SCRIPT       : [Namalsk][NamEventManager]: Trying to select a new event...
SCRIPT       : [Namalsk][NamEventManager]: Starting event Snowfall
SCRIPT       : [Namalsk][Snowfall]: init: 600 (sec), mid: 1148.48 (sec), end: 600 (sec)
SCRIPT       : [Namalsk][NamEventManager]: Snowfall: Phase Length 600
SCRIPT       : [Namalsk][NamEventManager]: Next selection will occur in 387 seconds
SCRIPT       : [Namalsk][NamEventManager]: Trying to select a new event...
SCRIPT       : [Namalsk][NamEventManager]: Could not start event as we reached the maximum event limit 2
SCRIPT       : [Namalsk][NamEventManager]: Next selection will occur in 226 seconds
SCRIPT       : [Namalsk][NamEventManager]: Snowfall: Phase Length 1148.48
SCRIPT       : [Namalsk][NamEventManager]: Trying to select a new event...
SCRIPT       : [Namalsk][NamEventManager]: Could not start EVRStorm as one is already active
SCRIPT       : [Namalsk][NamEventManager]: Next selection will occur in 504 seconds
SCRIPT       : [Namalsk][EVRStorm]: MidPhaseServer
SCRIPT       : [Namalsk][NamEventManager]: EVRStorm: Phase Length 90
SCRIPT       : float m_Colour_SkyOrang = 0.23
SCRIPT       : [Namalsk][EVRStorm]: EndPhaseServer
SCRIPT       : [Namalsk][NamEventManager]: EVRStorm: Phase Length 220
SCRIPT       : [Namalsk][NamEventManager]: EVRStorm: Phase Length 0
SCRIPT       : [Namalsk][EVRStorm]: ~EVRStorm
SCRIPT       : [Namalsk][NamEventManager]: Trying to select a new event...
SCRIPT       : [Namalsk][NamEventManager]: Starting event ExtremeCold
SCRIPT       : [Namalsk][ExtremeCold]: init: 100 (sec), mid: 1193.2 (sec), end: 100 (sec), TempDrop: -9.47255 (C)
SCRIPT       : [Namalsk][NamEventManager]: ExtremeCold: Phase Length 100
SCRIPT       : [Namalsk][NamEventManager]: Next selection will occur in 683 seconds
SCRIPT       : [Namalsk][NamEventManager]: ExtremeCold: Phase Length 1193.2
SCRIPT       : [Namalsk][NamEventManager]: Snowfall: Phase Length 600
SCRIPT       : [Namalsk][NamEventManager]: Trying to select a new event...
SCRIPT       : [Namalsk][NamEventManager]: Could not start event as we reached the maximum event limit 2
SCRIPT       : [Namalsk][NamEventManager]: Next selection will occur in 676 seconds
SCRIPT       : [Namalsk][NamEventManager]: Snowfall: Phase Length 0
SCRIPT       : [Namalsk][NamEventManager]: ExtremeCold: Phase Length 100
SCRIPT       : [Namalsk][NamEventManager]: Trying to select a new event...
SCRIPT       : [Namalsk][NamEventManager]: Starting event Snowfall
SCRIPT       : [Namalsk][Snowfall]: init: 600 (sec), mid: 914.548 (sec), end: 600 (sec)
SCRIPT       : [Namalsk][NamEventManager]: Snowfall: Phase Length 600
SCRIPT       : [Namalsk][NamEventManager]: Next selection will occur in 344 seconds
SCRIPT       : [Namalsk][NamEventManager]: ExtremeCold: Phase Length 0
SCRIPT       : [Namalsk][NamEventManager]: Trying to select a new event...
SCRIPT       : [Namalsk][NamEventManager]: Starting event Aurora
SCRIPT       : [Namalsk][NamEventManager]: Aurora: Phase Length 60
SCRIPT       : [Namalsk][NamEventManager]: Next selection will occur in 393 seconds
SCRIPT       : [Namalsk][NamEventManager]: Aurora: Phase Length 1027.69
SCRIPT       : [Namalsk][NamEventManager]: Snowfall: Phase Length 914.548
SCRIPT       : [Namalsk][NamEventManager]: Trying to select a new event...
SCRIPT       : [Namalsk][NamEventManager]: Could not start event as we reached the maximum event limit 2
SCRIPT       : [Namalsk][NamEventManager]: Next selection will occur in 598 seconds
SCRIPT       : [Namalsk][NamEventManager]: Trying to select a new event...
SCRIPT       : [Namalsk][NamEventManager]: Could not start Snowfall as one is already active
SCRIPT       : [Namalsk][NamEventManager]: Next selection will occur in 501 seconds
SCRIPT       : [Namalsk][NamEventManager]: Aurora: Phase Length 60
SCRIPT       : [Namalsk][NamEventManager]: Aurora: Phase Length 0
SCRIPT       : [Namalsk][NamEventManager]: Snowfall: Phase Length 600
SCRIPT       : [Namalsk][NamEventManager]: Trying to select a new event...
SCRIPT       : [Namalsk][NamEventManager]: Starting event Blizzard
SCRIPT       : [Namalsk][NamEventManager]: Could not run event Blizzard because it conflicts with event Snowfall...
SCRIPT       : [Namalsk][NamEventManager]: Next selection will occur in 247 seconds
