---------------------------------------------
Log C:\TCAFiles\Users\ted\153052\HostHavocDayZServer\script_2023-06-20_16-34-00.log started at 20.06. 16:34:00

SCRIPT       : Registered 385 temporary action enum(s), UAN==385
SCRIPT       : ... Backlit Effects Enabled
SCRIPT       : VPPNotificationManager()
SCRIPT       : [VPPAT] Internal VPPNotifications module loaded!
SCRIPT       : [DayZ Game]:: DayZGame(): Initializing V++ Admin Tools.
SCRIPT       : Default Mission: $saves:VPPDebugMissions/Debug.chernarusplus exists!
SCRIPT       : Default Mission: $saves:VPPDebugMissions/Debug.enoch exists!
SCRIPT    (W): @"WindstrideClothing/scripts/4_World/playerbase.c,36": Missing ';' at the end of line
SCRIPT    (W): @"VPPAdminTools/4_World/vppadmintools\plugins\pluginbase\webhooksmanager\classes\webhookmessagebase.c,53": Possible variable name conflict 'title'
SCRIPT    (W): @"VPPAdminTools/4_World/vppadmintools\plugins\pluginbase\webhooksmanager\classes\webhookmessagebase.c,53": Possible variable name conflict 'color'
SCRIPT    (W): @"AdvancedWeaponScopes/Scripts/4_World/actions\registeractions_playerbase.c,3": FIX-ME: Overriding function 'SetActions' but not marked as 'override'
SCRIPT    (W): @"WindstrideClothing/scripts/4_World/eyepatch\eyepatch_dismantle.c,58": FIX-ME: Overriding function 'SetActions' but not marked as 'override'
SCRIPT    (W): @"JM/COT/Scripts/4_World/communityonlinetools\classes\webhook\jmwebhookdiscordmessage.c,151": Possible variable name conflict 'url'
SCRIPT    (W): @"JM/COT/Scripts/4_World/communityonlinetools\classes\webhook\jmwebhookdiscordmessage.c,172": Possible variable name conflict 'url'
SCRIPT    (W): @"JM/COT/Scripts/4_World/communityonlinetools\classes\webhook\jmwebhookdiscordmessage.c,180": Possible variable name conflict 'url'
SCRIPT    (W): @"PseudoGiant/PseudoGiant_Scripts/scripts/4_World/entities\creatures\infected\pseudogiant.c,347": FIX-ME: Overriding function 'EEOnDamageCalculated' but not marked as 'override'
SCRIPT    (W): @"VPPAdminTools/4_World/vppadmintools\plugins\pluginbase\webhooksmanager\classes\messagetypes\joinleavemessage.c,7": Possible variable name conflict 'guid'
SCRIPT    (W): @"VPPAdminTools/4_World/vppadmintools\plugins\pluginbase\webhooksmanager\classes\messagetypes\joinleavemessage.c,7": Possible variable name conflict 'details'
SCRIPT    (W): @"JM/COT/Scripts/4_World/communityonlinetools\classes\webhook\jmwebhookdiscordmessage.c,19": Possible variable name conflict 'username'
SCRIPT    (W): @"JM/COT/Scripts/4_World/communityonlinetools\classes\webhook\jmwebhookdiscordmessage.c,19": Possible variable name conflict 'avatar_url'
SCRIPT    (W): @"JM/COT/Scripts/4_World/communityonlinetools\classes\webhook\jmwebhookdiscordmessage.c,19": Possible variable name conflict 'content'
SCRIPT    (W): @"VPPAdminTools/4_World/vppadmintools\plugins\pluginbase\admintools\admintools.c,60": No need to use 'Cast' for up-casting
SCRIPT    (W): @"WindstrideClothing/scripts/4_World/playerbase.c,13": Unsafe down-casting, use 'ItemBase.Cast' for safe down-casting
SCRIPT    (W): @"WindstrideClothing/scripts/4_World/playerbase.c,37": Unsafe down-casting, use 'ItemBase.Cast' for safe down-casting
SCRIPT    (W): @"WindstrideClothing/scripts/4_World/playerbase.c,56": Unsafe down-casting, use 'ItemBase.Cast' for safe down-casting
SCRIPT    (W): @"WindstrideClothing/scripts/4_World/playerbase.c,59": Unsafe down-casting, use 'ItemBase.Cast' for safe down-casting
SCRIPT    (W): @"WindstrideClothing/scripts/4_World/playerbase.c,60": Unsafe down-casting, use 'ItemBase.Cast' for safe down-casting
SCRIPT    (W): @"WindstrideClothing/scripts/4_World/playerbase.c,69": Unsafe down-casting, use 'ItemBase.Cast' for safe down-casting
SCRIPT    (W): @"WindstrideClothing/scripts/4_World/playerbase.c,79": Unsafe down-casting, use 'ItemBase.Cast' for safe down-casting
SCRIPT    (W): @"WindstrideClothing/scripts/4_World/playerbase.c,93": Unsafe down-casting, use 'ItemBase.Cast' for safe down-casting
SCRIPT    (W): @"VPPAdminTools/5_Mission/vppadmintools\gui\submenus\menuobjectmanager\menuobjectmanager.c,203": Missing ';' at the end of line
SCRIPT    (W): @"VPPAdminTools/5_Mission/vppadmintools\gui\vppadminhud.c,126": Unsafe down-casting, use 'MenuObjectManager.Cast' for safe down-casting
SCRIPT    (W): @"VPPAdminTools/5_Mission/vppadmintools\gui\submenus\menuesptools\esptoolsmenu.c,580": Unsafe down-casting, use 'EntityAI.Cast' for safe down-casting
SCRIPT    (W): @"VPPAdminTools/5_Mission/vppadmintools\gui\submenus\menuplayermanager\menuplayermanager.c,71": FIX-ME: Callbacks do not properly support overloaded methods 'OnUpdate'
SCRIPT    (W): @"VPPAdminTools/5_Mission/vppadmintools\missiondebug.c,38": Unsafe down-casting, use 'PlayerBase.Cast' for safe down-casting
SCRIPT       : Vanilla++ AdminTools Plugins Registering..
SCRIPT       : 23:34:12 [ii] ::SUserConfigConstraints::load : Loading SUserConfigConstraints_Gunplay
SCRIPT       : 23:34:12 [ii] │	├ Done -> SUserConfigConstraints_Gunplay<b8a74970>
SCRIPT       : [MissionServer] OnInit - Server
SCRIPT       : [ZenChickenCoopsConfig] Init
SCRIPT       : [Namalsk][NamEventManager]: Next selection will occur in 290 seconds
SCRIPT       : [Namalsk][NamEventManager]: NamEventManager is now running
SCRIPT       : [MissionServer] OnMissionStart - Server
SCRIPT       : string dirtyName = 'HardcoreNamalskVanilla+NOBASES|NOTRADERS|1PPDayOneinspired'
SCRIPT       : m_EventManager NamEventManager<b0dad5b0>
SCRIPT       : MaxEventCount 2
SCRIPT       : [Drones] Found existing config. Loading config.json...
SCRIPT       : m_LoginTimeMs: 16200
SCRIPT       : [Namalsk][NamEventManager]: Trying to select a new event...
SCRIPT       : [Namalsk][NamEventManager]: Starting event Blizzard
SCRIPT       : [Namalsk][Blizzard]: init: 600 (sec), mid: 803.232 (sec), end: 600 (sec), TempDrop: -12.3037 (C)
SCRIPT       : [Namalsk][NamEventManager]: Blizzard: Phase Length 600
SCRIPT       : [Namalsk][NamEventManager]: Next selection will occur in 495 seconds
SCRIPT       : [Namalsk][NamEventManager]: Trying to select a new event...
SCRIPT       : [Namalsk][NamEventManager]: Starting event Snowfall
SCRIPT       : [Namalsk][NamEventManager]: Could not run event Snowfall because it conflicts with event Blizzard...
SCRIPT       : [Namalsk][NamEventManager]: Next selection will occur in 771 seconds
SCRIPT       : [Namalsk][NamEventManager]: Blizzard: Phase Length 803.232
SCRIPT       : [Namalsk][NamEventManager]: Trying to select a new event...
SCRIPT       : [Namalsk][NamEventManager]: Starting event Aurora
SCRIPT       : [Namalsk][NamEventManager]: Aurora: Phase Length 60
SCRIPT       : [Namalsk][NamEventManager]: Next selection will occur in 345 seconds
SCRIPT       : [Namalsk][NamEventManager]: Aurora: Phase Length 1055.7
SCRIPT       : [Namalsk][NamEventManager]: Blizzard: Phase Length 600
SCRIPT       : [Namalsk][NamEventManager]: Trying to select a new event...
SCRIPT       : [Namalsk][NamEventManager]: Could not start Blizzard as one is already active
SCRIPT       : [Namalsk][NamEventManager]: Next selection will occur in 518 seconds
SCRIPT       : [Namalsk][NamEventManager]: Blizzard: Phase Length 0
SCRIPT       : [Namalsk][NamEventManager]: Trying to select a new event...
SCRIPT       : [Namalsk][NamEventManager]: Starting event EVRStorm
SCRIPT       : [Namalsk][NamEventManager]: Could not run event EVRStorm because it conflicts with event Aurora...
SCRIPT       : [Namalsk][EVRStorm]: ~EVRStorm
SCRIPT       : [Namalsk][NamEventManager]: Next selection will occur in 766 seconds
SCRIPT       : [VPPAT] Player "Survivor" (steamId=76561198412371464) connected to server!
SCRIPT       : [Namalsk][NamEventManager]: Aurora: Phase Length 60
SCRIPT       : [Namalsk][NamEventManager]: Aurora: Phase Length 0
SCRIPT       : [emote] SurvivorM_Jose:01 play emote id=5512 IH=WoodAxe:010442
SCRIPT       : [emote] SurvivorM_Jose:01 play emote id=5512 IH=WoodAxe:010442
SCRIPT       : [emote] SurvivorM_Jose:01 play emote id=5517 IH=WoodAxe:010442
SCRIPT       : [emote] SurvivorM_Jose:01 play emote id=5515 IH=WoodAxe:010442
SCRIPT       : [emote] SurvivorM_Jose:01 play emote id=5516 IH=WoodAxe:010442
SCRIPT       : [emote] SurvivorM_Jose:01 play emote id=5510 IH=WoodAxe:010442
SCRIPT       : [emote] SurvivorM_Jose:01 play emote id=5504 IH=WoodAxe:010442
SCRIPT       : [emote] SurvivorM_Jose:01 play emote id=32 IH=WoodAxe:010442
SCRIPT       : [emote] SurvivorM_Jose:01 play emote id=5522 IH=WoodAxe:010442
SCRIPT       : [emote] SurvivorM_Jose:01 play emote id=5502 IH=WoodAxe:010442
SCRIPT       : [Namalsk][NamEventManager]: Trying to select a new event...
SCRIPT       : [Namalsk][NamEventManager]: Starting event Snowfall
SCRIPT       : [Namalsk][Snowfall]: init: 600 (sec), mid: 952.269 (sec), end: 600 (sec)
SCRIPT       : [Namalsk][NamEventManager]: Snowfall: Phase Length 600
SCRIPT       : [Namalsk][NamEventManager]: Next selection will occur in 676 seconds
SCRIPT       : [emote] SurvivorM_Jose:01 play emote id=5522 IH=null
SCRIPT       : [inv] ReplaceItemWithNewLambdaBase Step B) remove OK, loc={ type=HANDS item=dzn_Lunchmeat:010306 parent=SurvivorM_Jose:01 }
SCRIPT       : [Namalsk][NamEventManager]: Snowfall: Phase Length 952.269
SCRIPT       : [Namalsk][NamEventManager]: Trying to select a new event...
SCRIPT       : [Namalsk][NamEventManager]: Starting event Aurora
SCRIPT       : [Namalsk][NamEventManager]: Aurora: Phase Length 60
SCRIPT       : [Namalsk][NamEventManager]: Next selection will occur in 335 seconds
SCRIPT       : [Namalsk][NamEventManager]: Aurora: Phase Length 1123.8
SCRIPT       : [Namalsk][NamEventManager]: Trying to select a new event...
SCRIPT       : [Namalsk][NamEventManager]: Could not start event as we reached the maximum event limit 2
SCRIPT       : [Namalsk][NamEventManager]: Next selection will occur in 610 seconds
SCRIPT       : [VPPAT] Player "Teddybear" (steamId=76561198190486863) connected to server!
SCRIPT       : [PlayerListManager] AddReceiver ► added: PlayerIdentity<c4d49f30>
SCRIPT       : [Permissions Manager] Admin (Teddybear) (76561198190486863) Successfully Logged in!
SCRIPT       : [Namalsk][NamEventManager]: Snowfall: Phase Length 600
SCRIPT       : [Logout]: New player 5-Lr15BQ3wf5d2cw5GDKErr3JBdrP0rwk7vg_BwxSjY= with logout time 15
SCRIPT       : Player "Survivor" (steamid=76561198412371464) initiated disconnect process...
SCRIPT       : [emote] SurvivorM_Jose:01 play emote id=14 IH=WoodAxe:010442
SCRIPT       : [Logout]: Player 5-Lr15BQ3wf5d2cw5GDKErr3JBdrP0rwk7vg_BwxSjY= finished
SCRIPT       : Player "Survivor" (steamid=76561198412371464) disconnected from server.
SCRIPT       : [PlayerListManager] SyncEntryToReceivers ► uid: 5-Lr15BQ3wf5d2cw5GDKErr3JBdrP0rwk7vg_BwxSjY= isn't in the players list! sending a remove.
SCRIPT       : HandleOnPlayerDisconnected -> PlayerListManager.RemoveEntry ► 5-Lr15BQ3wf5d2cw5GDKErr3JBdrP0rwk7vg_BwxSjY=
SCRIPT       : [Namalsk][NamEventManager]: Trying to select a new event...
SCRIPT       : [Namalsk][NamEventManager]: Could not start Aurora as one is already active
SCRIPT       : [Namalsk][NamEventManager]: Next selection will occur in 363 seconds
SCRIPT       : [Namalsk][NamEventManager]: Aurora: Phase Length 60
SCRIPT       : [Namalsk][NamEventManager]: Aurora: Phase Length 0
SCRIPT       : [Namalsk][NamEventManager]: Trying to select a new event...
SCRIPT       : [Namalsk][NamEventManager]: Could not start Snowfall as one is already active
SCRIPT       : [Namalsk][NamEventManager]: Next selection will occur in 531 seconds
SCRIPT       : [Namalsk][NamEventManager]: Snowfall: Phase Length 0
SCRIPT       : [Namalsk][NamEventManager]: Trying to select a new event...
SCRIPT       : [Namalsk][NamEventManager]: Starting event Aurora
SCRIPT       : [Namalsk][NamEventManager]: Aurora: Phase Length 60
SCRIPT       : [Namalsk][NamEventManager]: Next selection will occur in 594 seconds
SCRIPT       : [Namalsk][NamEventManager]: Aurora: Phase Length 1013.82
SCRIPT       : [Namalsk][NamEventManager]: Trying to select a new event...
SCRIPT       : [Namalsk][NamEventManager]: Starting event Blizzard
SCRIPT       : [Namalsk][NamEventManager]: Could not run event Blizzard because it conflicts with event Aurora...
SCRIPT       : [Namalsk][NamEventManager]: Next selection will occur in 787 seconds
SCRIPT       : [Namalsk][NamEventManager]: Aurora: Phase Length 60
SCRIPT       : [Namalsk][NamEventManager]: Aurora: Phase Length 0
SCRIPT       : [VPPAdminTools] Found Items: [3803]
SCRIPT       : [Namalsk][NamEventManager]: Trying to select a new event...
SCRIPT       : [Namalsk][NamEventManager]: Starting event ExtremeCold
SCRIPT       : [Namalsk][ExtremeCold]: init: 100 (sec), mid: 934.611 (sec), end: 100 (sec), TempDrop: -11.9197 (C)
SCRIPT       : [Namalsk][NamEventManager]: ExtremeCold: Phase Length 100
SCRIPT       : [Namalsk][NamEventManager]: Next selection will occur in 773 seconds
SCRIPT       : [Namalsk][NamEventManager]: ExtremeCold: Phase Length 934.611
SCRIPT       : [Namalsk][NamEventManager]: Trying to select a new event...
SCRIPT       : [Namalsk][NamEventManager]: Starting event Aurora
SCRIPT       : [Namalsk][NamEventManager]: Aurora: Phase Length 60
SCRIPT       : [Namalsk][NamEventManager]: Next selection will occur in 229 seconds
SCRIPT       : [Namalsk][NamEventManager]: Aurora: Phase Length 905.695
