---------------------------------------------
Log C:\TCAFiles\Users\ted\153052\HostHavocDayZServer\script_2023-06-25_09-00-19.log started at 25.06. 09:00:19

SCRIPT       : Registered 385 temporary action enum(s), UAN==385
SCRIPT       : ... Backlit Effects Enabled
SCRIPT       : VPPNotificationManager()
SCRIPT       : [VPPAT] Internal VPPNotifications module loaded!
SCRIPT       : [DayZ Game]:: DayZGame(): Initializing V++ Admin Tools.
SCRIPT       : Default Mission: $saves:VPPDebugMissions/Debug.chernarusplus exists!
SCRIPT       : Default Mission: $saves:VPPDebugMissions/Debug.enoch exists!
SCRIPT    (W): @"WindstrideClothing/scripts/4_World/playerbase.c,36": Missing ';' at the end of line
SCRIPT    (W): @"AdvancedWeaponScopes/Scripts/4_World/actions\registeractions_playerbase.c,3": FIX-ME: Overriding function 'SetActions' but not marked as 'override'
SCRIPT    (W): @"WindstrideClothing/scripts/4_World/eyepatch\eyepatch_dismantle.c,58": FIX-ME: Overriding function 'SetActions' but not marked as 'override'
SCRIPT    (W): @"VPPAdminTools/4_World/vppadmintools\plugins\pluginbase\webhooksmanager\classes\messagetypes\joinleavemessage.c,7": Possible variable name conflict 'guid'
SCRIPT    (W): @"VPPAdminTools/4_World/vppadmintools\plugins\pluginbase\webhooksmanager\classes\messagetypes\joinleavemessage.c,7": Possible variable name conflict 'details'
SCRIPT    (W): @"JM/COT/Scripts/4_World/communityonlinetools\classes\webhook\jmwebhookdiscordmessage.c,19": Possible variable name conflict 'username'
SCRIPT    (W): @"JM/COT/Scripts/4_World/communityonlinetools\classes\webhook\jmwebhookdiscordmessage.c,19": Possible variable name conflict 'avatar_url'
SCRIPT    (W): @"JM/COT/Scripts/4_World/communityonlinetools\classes\webhook\jmwebhookdiscordmessage.c,19": Possible variable name conflict 'content'
SCRIPT    (W): @"VPPAdminTools/4_World/vppadmintools\plugins\pluginbase\webhooksmanager\classes\webhookmessagebase.c,53": Possible variable name conflict 'title'
SCRIPT    (W): @"VPPAdminTools/4_World/vppadmintools\plugins\pluginbase\webhooksmanager\classes\webhookmessagebase.c,53": Possible variable name conflict 'color'
SCRIPT    (W): @"JM/COT/Scripts/4_World/communityonlinetools\classes\webhook\jmwebhookdiscordmessage.c,151": Possible variable name conflict 'url'
SCRIPT    (W): @"JM/COT/Scripts/4_World/communityonlinetools\classes\webhook\jmwebhookdiscordmessage.c,172": Possible variable name conflict 'url'
SCRIPT    (W): @"JM/COT/Scripts/4_World/communityonlinetools\classes\webhook\jmwebhookdiscordmessage.c,180": Possible variable name conflict 'url'
SCRIPT    (W): @"PseudoGiant/PseudoGiant_Scripts/scripts/4_World/entities\creatures\infected\pseudogiant.c,347": FIX-ME: Overriding function 'EEOnDamageCalculated' but not marked as 'override'
SCRIPT    (W): @"VPPAdminTools/4_World/vppadmintools\plugins\pluginbase\admintools\admintools.c,60": No need to use 'Cast' for up-casting
SCRIPT    (W): @"WindstrideClothing/scripts/4_World/playerbase.c,13": Unsafe down-casting, use 'ItemBase.Cast' for safe down-casting
SCRIPT    (W): @"WindstrideClothing/scripts/4_World/playerbase.c,37": Unsafe down-casting, use 'ItemBase.Cast' for safe down-casting
SCRIPT    (W): @"WindstrideClothing/scripts/4_World/playerbase.c,56": Unsafe down-casting, use 'ItemBase.Cast' for safe down-casting
SCRIPT    (W): @"WindstrideClothing/scripts/4_World/playerbase.c,59": Unsafe down-casting, use 'ItemBase.Cast' for safe down-casting
SCRIPT    (W): @"WindstrideClothing/scripts/4_World/playerbase.c,60": Unsafe down-casting, use 'ItemBase.Cast' for safe down-casting
SCRIPT    (W): @"WindstrideClothing/scripts/4_World/playerbase.c,69": Unsafe down-casting, use 'ItemBase.Cast' for safe down-casting
SCRIPT    (W): @"WindstrideClothing/scripts/4_World/playerbase.c,79": Unsafe down-casting, use 'ItemBase.Cast' for safe down-casting
SCRIPT    (W): @"WindstrideClothing/scripts/4_World/playerbase.c,93": Unsafe down-casting, use 'ItemBase.Cast' for safe down-casting
SCRIPT    (W): @"VPPAdminTools/5_Mission/vppadmintools\gui\submenus\menuobjectmanager\menuobjectmanager.c,203": Missing ';' at the end of line
SCRIPT    (W): @"VPPAdminTools/5_Mission/vppadmintools\gui\vppadminhud.c,126": Unsafe down-casting, use 'MenuObjectManager.Cast' for safe down-casting
SCRIPT    (W): @"VPPAdminTools/5_Mission/vppadmintools\gui\submenus\menuesptools\esptoolsmenu.c,580": Unsafe down-casting, use 'EntityAI.Cast' for safe down-casting
SCRIPT    (W): @"VPPAdminTools/5_Mission/vppadmintools\gui\submenus\menuplayermanager\menuplayermanager.c,71": FIX-ME: Callbacks do not properly support overloaded methods 'OnUpdate'
SCRIPT    (W): @"VPPAdminTools/5_Mission/vppadmintools\missiondebug.c,38": Unsafe down-casting, use 'PlayerBase.Cast' for safe down-casting
SCRIPT       : Vanilla++ AdminTools Plugins Registering..
SCRIPT       : 16:00:30 [ii] ::SUserConfigConstraints::load : Loading SUserConfigConstraints_Gunplay
SCRIPT       : 16:00:30 [ii] │	├ Done -> SUserConfigConstraints_Gunplay<45ad20d0>
SCRIPT       : [MissionServer] OnInit - Server
SCRIPT       : [ZenChickenCoopsConfig] Init
SCRIPT       : [Namalsk][NamEventManager]: Next selection will occur in 664 seconds
SCRIPT       : [Namalsk][NamEventManager]: NamEventManager is now running
SCRIPT       : [MissionServer] OnMissionStart - Server
SCRIPT       : string dirtyName = '[TF]HardcoreNamalsk1PP|NoBases|CustomPvE/PvP'
SCRIPT       : [DNA DEBUG] - {Main System} - Config found, loading settings!
SCRIPT       : [DNA DEBUG] - {Container System Settings} - Config found, loading settings!
SCRIPT       : [DNA DEBUG] - {DNA_Keycards Mob System Settings} - Config found, loading settings!
SCRIPT       : [DNA DEBUG] - {DNA Keycards General Loot} - Config found, loading settings!
SCRIPT       : [DNA DEBUG] - {DNA Keycards Clothing Loot} - Config found, loading settings!
SCRIPT       : [DNA DEBUG] - {DNA Keycards Weapon Loot} - Config found, loading settings!
SCRIPT       : [DNA DEBUG] - {Smol Crate Config} - Smol Crate Settings Description found.... Loading.
SCRIPT       : [DNA DEBUG] - {Smol Crate Config} - Smol Crate Yellow Config Found.... Loading 
SCRIPT       : [DNA DEBUG] - {Smol Crate Config} - Smol Crate Green Config Found.... Loading.
SCRIPT       : [DNA DEBUG] - {Smol Crate Config} - Smol Crate Blue Config Found.... Loading.
SCRIPT       : [DNA DEBUG] - {Smol Crate Config} - Smol Crate Purple Config Found.... Loading.
SCRIPT       : [DNA DEBUG] - {Smol Crate Config} - Smol Crate Red Config Found.... Loading.
SCRIPT       : [DNA DEBUG] - {Smol Crate Config} - Smol Crate Base Config Found.... Loading.
SCRIPT       : [DNA DEBUG] - {Alarm Settings} - Alarm Settings Config Found.... Loading 
SCRIPT       : [DNA DEBUG] - {Reset Timer} - Timer Settings found.... Loading.
SCRIPT       : [DNA DEBUG] - {Reset Timer} - Not in use.
SCRIPT       : [DNA DEBUG] - {Object Spawner} - System not spawning any crates!
SCRIPT       : [DNA DEBUG] - {Object Spawner} - System not spawning any smol crates!
SCRIPT       : [DNA DEBUG] - {Object Spawner} - System not spawning any strongrooms!
SCRIPT       : m_EventManager NamEventManager<462aae60>
SCRIPT       : MaxEventCount 2
SCRIPT       :  !!! OnError() 
SCRIPT       : m_LoginTimeMs: 16200
SCRIPT       : [Namalsk][NamEventManager]: Trying to select a new event...
SCRIPT       : [Namalsk][NamEventManager]: Starting event Aurora
SCRIPT       : [Namalsk][NamEventManager]: Aurora: Phase Length 60
SCRIPT       : [Namalsk][NamEventManager]: Next selection will occur in 311 seconds
SCRIPT       : [Namalsk][NamEventManager]: Aurora: Phase Length 1092.31
SCRIPT       : [Namalsk][NamEventManager]: Trying to select a new event...
SCRIPT       : [Namalsk][NamEventManager]: Starting event Blizzard
SCRIPT       : [Namalsk][NamEventManager]: Could not run event Blizzard because it conflicts with event Aurora...
SCRIPT       : [Namalsk][NamEventManager]: Next selection will occur in 300 seconds
SCRIPT       : ---- PlayerBase OnStoreLoad SUCCESS ----
SCRIPT       : [Drones] Found existing config. Loading config.json...
SCRIPT       : [VPPAT] Player "talonhawkbird" (steamId=76561198801193311) connected to server!
SCRIPT       : [Namalsk][NamEventManager]: Trying to select a new event...
SCRIPT       : [Namalsk][NamEventManager]: Could not start Aurora as one is already active
SCRIPT       : [Namalsk][NamEventManager]: Next selection will occur in 407 seconds
SCRIPT       : [inv] ReplaceItemWithNewLambdaBase Step B) remove OK, loc={ type=HANDS item=Fireplace:011420 parent=SurvivorM_Cyril:01 }
SCRIPT       : [inv] ReplaceItemWithNewLambdaBase Step B) remove OK, loc={ type=HANDS item=AmmoBox_762x39Tracer_20Rnd:011770 parent=SurvivorM_Cyril:01 }
SCRIPT       : UnboxLambda::SetupNewMagazine new_item=Ammo_762x39Tracer<57f726a0> count=20
SCRIPT       : [Namalsk][NamEventManager]: Trying to select a new event...
SCRIPT       : [Namalsk][NamEventManager]: Starting event Snowfall
SCRIPT       : [Namalsk][NamEventManager]: Could not run event Snowfall because it conflicts with event Aurora...
SCRIPT       : [Namalsk][NamEventManager]: Next selection will occur in 543 seconds
SCRIPT       : [inv] ReplaceItemWithNewLambdaBase Step B) remove OK, loc={ type=HANDS item=dzn_PeachesCan:09609 parent=SurvivorM_Cyril:01 }
SCRIPT       : [Namalsk][NamEventManager]: Aurora: Phase Length 60
SCRIPT       : [Namalsk][NamEventManager]: Aurora: Phase Length 0
SCRIPT       : [inv] ReplaceItemWithNewLambdaBase Step B) remove OK, loc={ type=HANDS item=dzn_Pate:09384 parent=SurvivorM_Cyril:01 }
SCRIPT       : [Namalsk][NamEventManager]: Trying to select a new event...
SCRIPT       : [Namalsk][NamEventManager]: Starting event ExtremeCold
SCRIPT       : [Namalsk][ExtremeCold]: init: 100 (sec), mid: 1001.58 (sec), end: 100 (sec), TempDrop: -9.80923 (C)
SCRIPT       : [Namalsk][NamEventManager]: ExtremeCold: Phase Length 100
SCRIPT       : [Namalsk][NamEventManager]: Next selection will occur in 717 seconds
SCRIPT       : [Namalsk][NamEventManager]: ExtremeCold: Phase Length 1001.58
SCRIPT       : [wpnfsm] Save occured in fsm transition! current state=WeaponChambering<a924b760> closes stable state=BAREM_CLO_BU1_MA0<4c580f50> id=2
SCRIPT       : [Namalsk][NamEventManager]: Trying to select a new event...
SCRIPT       : [Namalsk][NamEventManager]: Starting event Snowfall
SCRIPT       : [Namalsk][Snowfall]: init: 600 (sec), mid: 1049.85 (sec), end: 600 (sec)
SCRIPT       : [Namalsk][NamEventManager]: Snowfall: Phase Length 600
SCRIPT       : [Namalsk][NamEventManager]: Next selection will occur in 294 seconds
SCRIPT       : [Namalsk][NamEventManager]: Trying to select a new event...
SCRIPT       : [Namalsk][NamEventManager]: Could not start event as we reached the maximum event limit 2
SCRIPT       : [Namalsk][NamEventManager]: Next selection will occur in 697 seconds
SCRIPT       : [Namalsk][NamEventManager]: ExtremeCold: Phase Length 100
SCRIPT       : [Namalsk][NamEventManager]: ExtremeCold: Phase Length 0
SCRIPT       : [Namalsk][NamEventManager]: Snowfall: Phase Length 1049.85
SCRIPT       : [Namalsk][NamEventManager]: Trying to select a new event...
SCRIPT       : [Namalsk][NamEventManager]: Could not start Snowfall as one is already active
SCRIPT       : [Namalsk][NamEventManager]: Next selection will occur in 791 seconds
SCRIPT       : [Namalsk][NamEventManager]: Snowfall: Phase Length 600
SCRIPT       : [Namalsk][NamEventManager]: Trying to select a new event...
SCRIPT       : [Namalsk][NamEventManager]: Starting event Blizzard
SCRIPT       : [Namalsk][NamEventManager]: Could not run event Blizzard because it conflicts with event Snowfall...
SCRIPT       : [Namalsk][NamEventManager]: Next selection will occur in 354 seconds
SCRIPT       : [VPPAT] Player "Jack" (steamId=76561199119813607) connected to server!
SCRIPT       : [Namalsk][NamEventManager]: Trying to select a new event...
SCRIPT       : [Namalsk][NamEventManager]: Could not start Snowfall as one is already active
SCRIPT       : [Namalsk][NamEventManager]: Next selection will occur in 344 seconds
SCRIPT       : [wpnfsm] PP19:010501 { jammed bullet mag
SCRIPT       : [wpnfsm] PP19:010501 { jammed bullet mag
SCRIPT       : [wpnfsm] PP19:010501 { jammed bullet mag
SCRIPT       : [Namalsk][NamEventManager]: Snowfall: Phase Length 0
SCRIPT       : [Namalsk][NamEventManager]: Trying to select a new event...
SCRIPT       : [Namalsk][NamEventManager]: Starting event Aurora
SCRIPT       : [Namalsk][NamEventManager]: Aurora: Phase Length 60
SCRIPT       : [Namalsk][NamEventManager]: Next selection will occur in 486 seconds
SCRIPT       : [Namalsk][NamEventManager]: Aurora: Phase Length 949.385
SCRIPT       : [Logout]: New player t6KLIAOaSackFYA3nzlmoyd_lezHNDW6IVTm6zBNeD4= with logout time 15
SCRIPT       : Player "Jack" (steamid=76561199119813607) initiated disconnect process...
SCRIPT       : [emote] SurvivorM_Niki:03 play emote id=14 IH=CZ75:013467
SCRIPT       : Player "Jack" (steamid=76561199119813607) disconnected early from server (EXIT NOW).
SCRIPT       : [Logout]: Player t6KLIAOaSackFYA3nzlmoyd_lezHNDW6IVTm6zBNeD4= finished
SCRIPT       : PlayerDisconnected -> PlayerListManager.RemoveEntry ► t6KLIAOaSackFYA3nzlmoyd_lezHNDW6IVTm6zBNeD4=
SCRIPT       : [wpnfsm] Save occured in fsm transition! current state=WeaponReplacingMagAndChamberNext<daa71770> closes stable state=RBF_CLO_BU0_MA1<dd46af30> id=4
SCRIPT       : [Namalsk][NamEventManager]: Trying to select a new event...
SCRIPT       : [Namalsk][NamEventManager]: Starting event EVRStorm
SCRIPT       : [Namalsk][NamEventManager]: Could not run event EVRStorm because it conflicts with event Aurora...
SCRIPT       : [Namalsk][EVRStorm]: ~EVRStorm
SCRIPT       : [Namalsk][NamEventManager]: Next selection will occur in 206 seconds
SCRIPT       : [Namalsk][NamEventManager]: Trying to select a new event...
SCRIPT       : [Namalsk][NamEventManager]: Starting event ExtremeCold
SCRIPT       : [Namalsk][ExtremeCold]: init: 100 (sec), mid: 1082.6 (sec), end: 100 (sec), TempDrop: -10.9722 (C)
SCRIPT       : [Namalsk][NamEventManager]: ExtremeCold: Phase Length 100
SCRIPT       : [Namalsk][NamEventManager]: Next selection will occur in 572 seconds
SCRIPT       : [Namalsk][NamEventManager]: ExtremeCold: Phase Length 1082.6
SCRIPT       : ---- PlayerBase OnStoreLoad SUCCESS ----
SCRIPT       : [VPPAT] Player "Jack" (steamId=76561199119813607) connected to server!
SCRIPT       : [Logout]: New player YY8CZK1ZYEenaQ6i-aSMIxiAXEPOlufiKoGr1Ukm_LQ= with logout time 15
SCRIPT       : Player "talonhawkbird" (steamid=76561198801193311) initiated disconnect process...
SCRIPT       : [emote] SurvivorM_Cyril:02 play emote id=14 IH=null
SCRIPT       : [Logout]: Player YY8CZK1ZYEenaQ6i-aSMIxiAXEPOlufiKoGr1Ukm_LQ= finished
SCRIPT       : Player "talonhawkbird" (steamid=76561198801193311) disconnected from server.
SCRIPT       : HandleOnPlayerDisconnected -> PlayerListManager.RemoveEntry ► YY8CZK1ZYEenaQ6i-aSMIxiAXEPOlufiKoGr1Ukm_LQ=
SCRIPT       : [Namalsk][NamEventManager]: Aurora: Phase Length 60
SCRIPT       : [Namalsk][NamEventManager]: Aurora: Phase Length 0
SCRIPT       : ---- PlayerBase OnStoreLoad SUCCESS ----
SCRIPT       : [VPPAT] Player "talonhawkbird" (steamId=76561198801193311) connected to server!
SCRIPT       : [Namalsk][NamEventManager]: Trying to select a new event...
SCRIPT       : [Namalsk][NamEventManager]: Starting event Aurora
SCRIPT       : [Namalsk][NamEventManager]: Aurora: Phase Length 60
SCRIPT       : [Namalsk][NamEventManager]: Next selection will occur in 676 seconds
SCRIPT       : [Namalsk][NamEventManager]: Aurora: Phase Length 1188.99
SCRIPT       : [Logout]: New player t6KLIAOaSackFYA3nzlmoyd_lezHNDW6IVTm6zBNeD4= with instant logout
SCRIPT       : [Logout]: Player t6KLIAOaSackFYA3nzlmoyd_lezHNDW6IVTm6zBNeD4= finished
SCRIPT       : Player "Jack" (steamid=76561199119813607) disconnected from server.
SCRIPT       : HandleOnPlayerDisconnected -> PlayerListManager.RemoveEntry ► t6KLIAOaSackFYA3nzlmoyd_lezHNDW6IVTm6zBNeD4=
SCRIPT       : ==============================================WARNING=======================================================
SCRIPT       : [WARNING 2023-6M-25 10:54:23] ASSERTION NULL
SCRIPT       : Do you see this message? Unless the time is within a second of the crash than this was not the cause.
SCRIPT       : 	OnClientLogout#910778() JM/COT/Scripts/4_World/communityonlinetools\classes\cotmodule.c : 410
SCRIPT       : 	OnClientLogout() JM/CF/Scripts/4_World/communityframework\module\deprecated\jmmodulebase.c : 247
SCRIPT       : 	OnClientLogout() JM/CF/Scripts/4_World/communityframework\module\cf_moduleworldevent.c : 124
SCRIPT       : 	OnClientLogout() JM/CF/Scripts/4_World/communityframework\module\cf_moduleworldmanager.c : 65
SCRIPT       : 	OnClientDisconnectedEvent() JM/CF/Scripts/5_Mission/communityframework\mission\missionserver.c : 104
SCRIPT       : 	OnEvent() scripts/5_Mission/mission\missionserver.c : 352
SCRIPT       : 	OnEvent() JM/CF/Scripts/5_Mission/communityframework\mission\missionserver.c : 10
SCRIPT       : 	OnEvent() VPPAdminTools/5_Mission/vppadmintools\missionserver.c : 64
SCRIPT       : 	OnEvent() scripts/3_Game/dayzgame.c : 1692
SCRIPT       : 	OnEvent() DabsFramework/scripts/3_Game/dabsframework\dayzgame.c : 72
SCRIPT       : 	OnEvent() JM/CF/Scripts/3_Game/communityframework\game\dayzgame.c : 97
SCRIPT       : ============================================================================================================
SCRIPT       : Player "Jack" (steamid=76561199119813607) initiated disconnect process...
