---------------------------------------------
Log C:\TCAFiles\Users\ted\153052\HostHavocDayZServer\script_2023-06-24_17-00-16.log started at 24.06. 17:00:16

SCRIPT       : Registered 385 temporary action enum(s), UAN==385
SCRIPT       : ... Backlit Effects Enabled
SCRIPT       : VPPNotificationManager()
SCRIPT       : [VPPAT] Internal VPPNotifications module loaded!
SCRIPT       : [DayZ Game]:: DayZGame(): Initializing V++ Admin Tools.
SCRIPT       : Default Mission: $saves:VPPDebugMissions/Debug.chernarusplus exists!
SCRIPT       : Default Mission: $saves:VPPDebugMissions/Debug.enoch exists!
SCRIPT    (W): @"WindstrideClothing/scripts/4_World/playerbase.c,36": Missing ';' at the end of line
SCRIPT    (W): @"AdvancedWeaponScopes/Scripts/4_World/actions\registeractions_playerbase.c,3": FIX-ME: Overriding function 'SetActions' but not marked as 'override'
SCRIPT    (W): @"WindstrideClothing/scripts/4_World/eyepatch\eyepatch_dismantle.c,58": FIX-ME: Overriding function 'SetActions' but not marked as 'override'
SCRIPT    (W): @"VPPAdminTools/4_World/vppadmintools\plugins\pluginbase\webhooksmanager\classes\messagetypes\joinleavemessage.c,7": Possible variable name conflict 'guid'
SCRIPT    (W): @"VPPAdminTools/4_World/vppadmintools\plugins\pluginbase\webhooksmanager\classes\messagetypes\joinleavemessage.c,7": Possible variable name conflict 'details'
SCRIPT    (W): @"JM/COT/Scripts/4_World/communityonlinetools\classes\webhook\jmwebhookdiscordmessage.c,19": Possible variable name conflict 'username'
SCRIPT    (W): @"JM/COT/Scripts/4_World/communityonlinetools\classes\webhook\jmwebhookdiscordmessage.c,19": Possible variable name conflict 'avatar_url'
SCRIPT    (W): @"JM/COT/Scripts/4_World/communityonlinetools\classes\webhook\jmwebhookdiscordmessage.c,19": Possible variable name conflict 'content'
SCRIPT    (W): @"VPPAdminTools/4_World/vppadmintools\plugins\pluginbase\webhooksmanager\classes\webhookmessagebase.c,53": Possible variable name conflict 'title'
SCRIPT    (W): @"VPPAdminTools/4_World/vppadmintools\plugins\pluginbase\webhooksmanager\classes\webhookmessagebase.c,53": Possible variable name conflict 'color'
SCRIPT    (W): @"JM/COT/Scripts/4_World/communityonlinetools\classes\webhook\jmwebhookdiscordmessage.c,151": Possible variable name conflict 'url'
SCRIPT    (W): @"JM/COT/Scripts/4_World/communityonlinetools\classes\webhook\jmwebhookdiscordmessage.c,172": Possible variable name conflict 'url'
SCRIPT    (W): @"JM/COT/Scripts/4_World/communityonlinetools\classes\webhook\jmwebhookdiscordmessage.c,180": Possible variable name conflict 'url'
SCRIPT    (W): @"PseudoGiant/PseudoGiant_Scripts/scripts/4_World/entities\creatures\infected\pseudogiant.c,347": FIX-ME: Overriding function 'EEOnDamageCalculated' but not marked as 'override'
SCRIPT    (W): @"VPPAdminTools/4_World/vppadmintools\plugins\pluginbase\admintools\admintools.c,60": No need to use 'Cast' for up-casting
SCRIPT    (W): @"WindstrideClothing/scripts/4_World/playerbase.c,13": Unsafe down-casting, use 'ItemBase.Cast' for safe down-casting
SCRIPT    (W): @"WindstrideClothing/scripts/4_World/playerbase.c,37": Unsafe down-casting, use 'ItemBase.Cast' for safe down-casting
SCRIPT    (W): @"WindstrideClothing/scripts/4_World/playerbase.c,56": Unsafe down-casting, use 'ItemBase.Cast' for safe down-casting
SCRIPT    (W): @"WindstrideClothing/scripts/4_World/playerbase.c,59": Unsafe down-casting, use 'ItemBase.Cast' for safe down-casting
SCRIPT    (W): @"WindstrideClothing/scripts/4_World/playerbase.c,60": Unsafe down-casting, use 'ItemBase.Cast' for safe down-casting
SCRIPT    (W): @"WindstrideClothing/scripts/4_World/playerbase.c,69": Unsafe down-casting, use 'ItemBase.Cast' for safe down-casting
SCRIPT    (W): @"WindstrideClothing/scripts/4_World/playerbase.c,79": Unsafe down-casting, use 'ItemBase.Cast' for safe down-casting
SCRIPT    (W): @"WindstrideClothing/scripts/4_World/playerbase.c,93": Unsafe down-casting, use 'ItemBase.Cast' for safe down-casting
SCRIPT    (W): @"VPPAdminTools/5_Mission/vppadmintools\gui\submenus\menuobjectmanager\menuobjectmanager.c,203": Missing ';' at the end of line
SCRIPT    (W): @"VPPAdminTools/5_Mission/vppadmintools\gui\vppadminhud.c,126": Unsafe down-casting, use 'MenuObjectManager.Cast' for safe down-casting
SCRIPT    (W): @"VPPAdminTools/5_Mission/vppadmintools\gui\submenus\menuesptools\esptoolsmenu.c,580": Unsafe down-casting, use 'EntityAI.Cast' for safe down-casting
SCRIPT    (W): @"VPPAdminTools/5_Mission/vppadmintools\gui\submenus\menuplayermanager\menuplayermanager.c,71": FIX-ME: Callbacks do not properly support overloaded methods 'OnUpdate'
SCRIPT    (W): @"VPPAdminTools/5_Mission/vppadmintools\missiondebug.c,38": Unsafe down-casting, use 'PlayerBase.Cast' for safe down-casting
SCRIPT       : Vanilla++ AdminTools Plugins Registering..
SCRIPT       : 00:00:28 [ii] ::SUserConfigConstraints::load : Loading SUserConfigConstraints_Gunplay
SCRIPT       : 00:00:28 [ii] │	├ Done -> SUserConfigConstraints_Gunplay<464f8730>
SCRIPT       : [MissionServer] OnInit - Server
SCRIPT       : [ZenChickenCoopsConfig] Init
SCRIPT       : [Namalsk][NamEventManager]: Next selection will occur in 215 seconds
SCRIPT       : [Namalsk][NamEventManager]: NamEventManager is now running
SCRIPT       : [MissionServer] OnMissionStart - Server
SCRIPT       : string dirtyName = '[TF]HardcoreNamalsk1PP|NoBases|CustomPvE/PvP'
SCRIPT       : [DNA DEBUG] - {Main System} - Config found, loading settings!
SCRIPT       : [DNA DEBUG] - {Container System Settings} - Config found, loading settings!
SCRIPT       : [DNA DEBUG] - {DNA_Keycards Mob System Settings} - Config found, loading settings!
SCRIPT       : [DNA DEBUG] - {DNA Keycards General Loot} - Config found, loading settings!
SCRIPT       : [DNA DEBUG] - {DNA Keycards Clothing Loot} - Config found, loading settings!
SCRIPT       : [DNA DEBUG] - {DNA Keycards Weapon Loot} - Config found, loading settings!
SCRIPT       : [DNA DEBUG] - {Smol Crate Config} - Smol Crate Settings Description found.... Loading.
SCRIPT       : [DNA DEBUG] - {Smol Crate Config} - Smol Crate Yellow Config Found.... Loading 
SCRIPT       : [DNA DEBUG] - {Smol Crate Config} - Smol Crate Green Config Found.... Loading.
SCRIPT       : [DNA DEBUG] - {Smol Crate Config} - Smol Crate Blue Config Found.... Loading.
SCRIPT       : [DNA DEBUG] - {Smol Crate Config} - Smol Crate Purple Config Found.... Loading.
SCRIPT       : [DNA DEBUG] - {Smol Crate Config} - Smol Crate Red Config Found.... Loading.
SCRIPT       : [DNA DEBUG] - {Smol Crate Config} - Smol Crate Base Config Found.... Loading.
SCRIPT       : [DNA DEBUG] - {Alarm Settings} - Alarm Settings Config Found.... Loading 
SCRIPT       : [DNA DEBUG] - {Reset Timer} - Timer Settings found.... Loading.
SCRIPT       : [DNA DEBUG] - {Reset Timer} - Not in use.
SCRIPT       : [DNA DEBUG] - {Object Spawner} - System not spawning any crates!
SCRIPT       : [DNA DEBUG] - {Object Spawner} - System not spawning any smol crates!
SCRIPT       : [DNA DEBUG] - {Object Spawner} - System not spawning any strongrooms!
SCRIPT       : [wpnfsm] PP19:06269 { jammed bullet mag
SCRIPT       : m_EventManager NamEventManager<462cdbc0>
SCRIPT       : MaxEventCount 2
SCRIPT       : m_LoginTimeMs: 16200
SCRIPT       : ---- PlayerBase OnStoreLoad SUCCESS ----
SCRIPT       : [Drones] Found existing config. Loading config.json...
SCRIPT       : [VPPAT] Player "talonhawkbird" (steamId=76561198801193311) connected to server!
SCRIPT       : ---- PlayerBase OnStoreLoad SUCCESS ----
SCRIPT       : [VPPAT] Player "UrMOMgoes2College" (steamId=76561199498715649) connected to server!
SCRIPT       : ---- PlayerBase OnStoreLoad SUCCESS ----
SCRIPT       : [VPPAT] Player "Survivor" (steamId=76561199182879356) connected to server!
SCRIPT       : [inv] ReplaceItemWithNewLambdaBase Step B) remove OK, loc={ type=HANDS item=LongWoodenStick:05840 parent=SurvivorM_Elias:03 }
SCRIPT       : [inv] ReplaceItemWithNewLambdaBase Step B) remove OK, loc={ type=HANDS item=AmmoBox_12gaSlug_10Rnd:08668 parent=SurvivorM_Elias:03 }
SCRIPT       : UnboxLambda::SetupNewMagazine new_item=Ammo_12gaSlug<589d5520> count=10
SCRIPT       : [Namalsk][NamEventManager]: Trying to select a new event...
SCRIPT       : [Namalsk][NamEventManager]: Starting event Aurora
SCRIPT       : [Namalsk][NamEventManager]: Aurora: Phase Length 60
SCRIPT       : [Namalsk][NamEventManager]: Next selection will occur in 569 seconds
SCRIPT       : [inv] ReplaceItemWithNewLambdaBase Step B) remove OK, loc={ type=GROUND item=dzn_SardinesCan:08737 pos=(7098.03, 16.0873, 10741.5) dir=(0.000137331, 0.876005, -0.000106812, 0.482277) }
SCRIPT       : [Namalsk][NamEventManager]: Aurora: Phase Length 1114.12
SCRIPT       : [Logout]: New player YY8CZK1ZYEenaQ6i-aSMIxiAXEPOlufiKoGr1Ukm_LQ= with logout time 15
SCRIPT       : Player "talonhawkbird" (steamid=76561198801193311) initiated disconnect process...
SCRIPT       : [emote] SurvivorM_Cyril:01 play emote id=14 IH=PP19:06269
SCRIPT       : [Logout]: Player YY8CZK1ZYEenaQ6i-aSMIxiAXEPOlufiKoGr1Ukm_LQ= finished
SCRIPT       : Player "talonhawkbird" (steamid=76561198801193311) disconnected from server.
SCRIPT       : HandleOnPlayerDisconnected -> PlayerListManager.RemoveEntry ► YY8CZK1ZYEenaQ6i-aSMIxiAXEPOlufiKoGr1Ukm_LQ=
SCRIPT       : ---- PlayerBase OnStoreLoad SUCCESS ----
SCRIPT       : [wpnfsm] PP19:00 { jammed bullet mag
SCRIPT       : [VPPAT] Player "talonhawkbird" (steamId=76561198801193311) connected to server!
SCRIPT       : [wpnfsm] Save occured in fsm transition! current state=WeaponAttachMagazine<486dabb0> closes stable state=BAREM_CLO_BU0_MA0<5ccd5480> id=1
SCRIPT       : [Namalsk][NamEventManager]: Trying to select a new event...
SCRIPT       : [Namalsk][NamEventManager]: Starting event Snowfall
SCRIPT       : [Namalsk][NamEventManager]: Could not run event Snowfall because it conflicts with event Aurora...
SCRIPT       : [Namalsk][NamEventManager]: Next selection will occur in 273 seconds
SCRIPT       : [inv] ReplaceItemWithNewLambdaBase Step B) remove OK, loc={ type=HANDS item=LongWoodenStick:06176 parent=SurvivorM_Elias:03 }
SCRIPT       : [inv] ReplaceItemWithNewLambdaBase Step B) remove OK, loc={ type=HANDS item=AmmoBox_357_20Rnd:011705 parent=SurvivorM_Elias:03 }
SCRIPT       : UnboxLambda::SetupNewMagazine new_item=Ammo_357<b1901c40> count=20
SCRIPT       : [Namalsk][NamEventManager]: Trying to select a new event...
SCRIPT       : [Namalsk][NamEventManager]: Starting event EVRStorm
SCRIPT       : [Namalsk][NamEventManager]: Could not run event EVRStorm because it conflicts with event Aurora...
SCRIPT       : [Namalsk][EVRStorm]: ~EVRStorm
SCRIPT       : [Namalsk][NamEventManager]: Next selection will occur in 285 seconds
SCRIPT       : [inv] ReplaceItemWithNewLambdaBase Step B) remove OK, loc={ type=HANDS item=dzn_Pajka:09778 parent=SurvivorM_Elias:03 }
SCRIPT       : [inv] ReplaceItemWithNewLambdaBase Step B) remove OK, loc={ type=GROUND item=dzn_PeachesCan:09570 pos=(7097.81, 16.202, 10743.7) dir=(0.949523, -0.000167847, -0.31371, -7.62939e-05) }
SCRIPT       : [Logout]: New player _85ITulioFbSK1XU1PPnczmphxWeQu6dUknni98sEmw= with logout time 15
SCRIPT       : Player "UrMOMgoes2College" (steamid=76561199498715649) initiated disconnect process...
SCRIPT       : [emote] SurvivorM_Rolf:05 play emote id=14 IH=null
SCRIPT       : Player "UrMOMgoes2College" (steamid=76561199498715649) disconnected early from server (EXIT NOW).
SCRIPT       : [Logout]: Player _85ITulioFbSK1XU1PPnczmphxWeQu6dUknni98sEmw= finished
SCRIPT       : PlayerDisconnected -> PlayerListManager.RemoveEntry ► _85ITulioFbSK1XU1PPnczmphxWeQu6dUknni98sEmw=
SCRIPT       : [Namalsk][NamEventManager]: Trying to select a new event...
SCRIPT       : [Namalsk][NamEventManager]: Could not start Aurora as one is already active
SCRIPT       : [Namalsk][NamEventManager]: Next selection will occur in 443 seconds
SCRIPT       : [inv] ReplaceItemWithNewLambdaBase Step B) remove OK, loc={ type=HANDS item=LongWoodenStick:010476 parent=SurvivorM_Elias:03 }
SCRIPT       : ---- PlayerBase OnStoreLoad SUCCESS ----
SCRIPT       : [VPPAT] Player "UrMOMgoes2College" (steamId=76561199498715649) connected to server!
SCRIPT       : [Namalsk][NamEventManager]: Aurora: Phase Length 60
SCRIPT       : [Namalsk][NamEventManager]: Aurora: Phase Length 0
SCRIPT       : [inv] ReplaceItemWithNewLambdaBase Step B) remove OK, loc={ type=HANDS item=AmmoBox_357_20Rnd:011706 parent=SurvivorM_Elias:03 }
SCRIPT       : UnboxLambda::SetupNewMagazine new_item=Ammo_357<589cb290> count=20
SCRIPT       : [Namalsk][NamEventManager]: Trying to select a new event...
SCRIPT       : [Namalsk][NamEventManager]: Starting event EVRStorm
SCRIPT       : [Namalsk][EVRStorm]: InitPhaseServer
SCRIPT       : [Namalsk][NamEventManager]: EVRStorm: Phase Length 1080
SCRIPT       : [Namalsk][NamEventManager]: Next selection will occur in 317 seconds
SCRIPT       : [wpnfsm] Save occured in fsm transition! current state=ChamberMultiBullet<dadad370> closes stable state=DoubleBarrelLoadedEmpty<de8b7f30> id=2
SCRIPT       : [Logout]: New player YY8CZK1ZYEenaQ6i-aSMIxiAXEPOlufiKoGr1Ukm_LQ= with logout time 15
SCRIPT       : Player "talonhawkbird" (steamid=76561198801193311) initiated disconnect process...
SCRIPT       : [emote] SurvivorM_Cyril:04 play emote id=14 IH=Pickaxe:014491
SCRIPT       : [Namalsk][NamEventManager]: Trying to select a new event...
SCRIPT       : [Namalsk][NamEventManager]: Starting event Snowfall
SCRIPT       : [Namalsk][Snowfall]: init: 600 (sec), mid: 981.356 (sec), end: 600 (sec)
SCRIPT       : [Namalsk][NamEventManager]: Snowfall: Phase Length 600
SCRIPT       : [Namalsk][NamEventManager]: Next selection will occur in 416 seconds
SCRIPT       : [Logout]: Player YY8CZK1ZYEenaQ6i-aSMIxiAXEPOlufiKoGr1Ukm_LQ= finished
SCRIPT       : Player "talonhawkbird" (steamid=76561198801193311) disconnected from server.
SCRIPT       : HandleOnPlayerDisconnected -> PlayerListManager.RemoveEntry ► YY8CZK1ZYEenaQ6i-aSMIxiAXEPOlufiKoGr1Ukm_LQ=
SCRIPT       : [inv] ReplaceItemWithNewLambdaBase Step B) remove OK, loc={ type=HANDS item=AmmoBox_00buck_10rnd:013747 parent=SurvivorM_Elias:03 }
SCRIPT       : UnboxLambda::SetupNewMagazine new_item=Ammo_12gaPellets<589e3110> count=10
SCRIPT       : [inv] ReplaceItemWithNewLambdaBase Step B) remove OK, loc={ type=HANDS item=AmmoBox_762x54Tracer_20Rnd:010228 parent=SurvivorM_Elias:03 }
SCRIPT       : UnboxLambda::SetupNewMagazine new_item=Ammo_762x54Tracer<589e0ad0> count=20
SCRIPT       : [inv] ReplaceItemWithNewLambdaBase Step B) remove OK, loc={ type=HANDS item=LongWoodenStick:09746 parent=SurvivorM_Elias:03 }
SCRIPT       : [Namalsk][NamEventManager]: Trying to select a new event...
SCRIPT       : [Namalsk][NamEventManager]: Could not start event as we reached the maximum event limit 2
SCRIPT       : [Namalsk][NamEventManager]: Next selection will occur in 220 seconds
SCRIPT       : [inv] ReplaceItemWithNewLambdaBase Step B) remove OK, loc={ type=HANDS item=AmmoBox_308Win_20Rnd:07384 parent=SurvivorM_Elias:03 }
SCRIPT       : UnboxLambda::SetupNewMagazine new_item=Ammo_308Win<589b5a50> count=20
SCRIPT       : [inv] ReplaceItemWithNewLambdaBase Step B) remove OK, loc={ type=HANDS item=AmmoBox_9x19_25rnd:07633 parent=SurvivorM_Elias:03 }
SCRIPT       : UnboxLambda::SetupNewMagazine new_item=Ammo_9x19<589ddb00> count=25
SCRIPT       : [inv] ReplaceItemWithNewLambdaBase Step B) remove OK, loc={ type=HANDS item=AmmoBox_556x45Tracer_20Rnd:09753 parent=SurvivorM_Elias:03 }
SCRIPT       : UnboxLambda::SetupNewMagazine new_item=Ammo_556x45Tracer<589d7b60> count=20
SCRIPT       : ---- PlayerBase OnStoreLoad SUCCESS ----
SCRIPT       : [VPPAT] Player "talonhawkbird" (steamId=76561198801193311) connected to server!
SCRIPT       : [Namalsk][NamEventManager]: Snowfall: Phase Length 981.356
SCRIPT       : [Logout]: New player YY8CZK1ZYEenaQ6i-aSMIxiAXEPOlufiKoGr1Ukm_LQ= with logout time 15
SCRIPT       : Player "talonhawkbird" (steamid=76561198801193311) initiated disconnect process...
SCRIPT       : [emote] SurvivorM_Cyril:01 play emote id=14 IH=Roadflare:09967
SCRIPT       : [Logout]: Player YY8CZK1ZYEenaQ6i-aSMIxiAXEPOlufiKoGr1Ukm_LQ= finished
SCRIPT       : Player "talonhawkbird" (steamid=76561198801193311) disconnected from server.
SCRIPT       : HandleOnPlayerDisconnected -> PlayerListManager.RemoveEntry ► YY8CZK1ZYEenaQ6i-aSMIxiAXEPOlufiKoGr1Ukm_LQ=
SCRIPT       : [Namalsk][NamEventManager]: Trying to select a new event...
SCRIPT       : [Namalsk][NamEventManager]: Could not start EVRStorm as one is already active
SCRIPT       : [Namalsk][NamEventManager]: Next selection will occur in 307 seconds
SCRIPT       : ---- PlayerBase OnStoreLoad SUCCESS ----
SCRIPT       : [VPPAT] Player "talonhawkbird" (steamId=76561198801193311) connected to server!
SCRIPT       : [Namalsk][EVRStorm]: MidPhaseServer
SCRIPT       : [Namalsk][NamEventManager]: EVRStorm: Phase Length 90
SCRIPT       : [Logout]: New player _85ITulioFbSK1XU1PPnczmphxWeQu6dUknni98sEmw= with logout time 15
SCRIPT       : Player "UrMOMgoes2College" (steamid=76561199498715649) initiated disconnect process...
SCRIPT       : [emote] SurvivorM_Rolf:06 play emote id=14 IH=null
SCRIPT       : [Logout]: New player XxGDTnkUoKAQTFKMEf0Jq8fjODfVLe2li_52dra4x-E= with logout time 15
SCRIPT       : Player "Survivor" (steamid=76561199182879356) initiated disconnect process...
SCRIPT       : [emote] SurvivorM_Elias:03 play emote id=14 IH=null
SCRIPT       : [Logout]: Player _85ITulioFbSK1XU1PPnczmphxWeQu6dUknni98sEmw= finished
SCRIPT       : Player "UrMOMgoes2College" (steamid=76561199498715649) disconnected from server.
SCRIPT       : HandleOnPlayerDisconnected -> PlayerListManager.RemoveEntry ► _85ITulioFbSK1XU1PPnczmphxWeQu6dUknni98sEmw=
SCRIPT       : [Logout]: Player XxGDTnkUoKAQTFKMEf0Jq8fjODfVLe2li_52dra4x-E= finished
SCRIPT       : Player "Survivor" (steamid=76561199182879356) disconnected from server.
SCRIPT       : HandleOnPlayerDisconnected -> PlayerListManager.RemoveEntry ► XxGDTnkUoKAQTFKMEf0Jq8fjODfVLe2li_52dra4x-E=
SCRIPT       : float m_Colour_SkyOrang = 0.23
SCRIPT       : [Namalsk][EVRStorm]: EndPhaseServer
SCRIPT       : [Namalsk][NamEventManager]: EVRStorm: Phase Length 220
SCRIPT       : ---- PlayerBase OnStoreLoad SUCCESS ----
SCRIPT       : [VPPAT] Player "UrMOMgoes2College" (steamId=76561199498715649) connected to server!
SCRIPT       : [Namalsk][NamEventManager]: Trying to select a new event...
SCRIPT       : [Namalsk][NamEventManager]: Could not start event as we reached the maximum event limit 2
SCRIPT       : [Namalsk][NamEventManager]: Next selection will occur in 369 seconds
SCRIPT       : ---- PlayerBase OnStoreLoad SUCCESS ----
SCRIPT       : [VPPAT] Player "Survivor" (steamId=76561199182879356) connected to server!
SCRIPT       : [Namalsk][NamEventManager]: EVRStorm: Phase Length 0
SCRIPT       : [Namalsk][EVRStorm]: ~EVRStorm
SCRIPT       : [Namalsk][NamEventManager]: Trying to select a new event...
SCRIPT       : [Namalsk][NamEventManager]: Starting event Aurora
SCRIPT       : [Namalsk][NamEventManager]: Aurora: Phase Length 60
SCRIPT       : [Namalsk][NamEventManager]: Next selection will occur in 705 seconds
SCRIPT       : [Namalsk][NamEventManager]: Aurora: Phase Length 936.219
SCRIPT       : [inv] ReplaceItemWithNewLambdaBase Step B) remove OK, loc={ type=HANDS item=LongWoodenStick:012756 parent=SurvivorM_Elias:03 }
SCRIPT       : [inv] ReplaceItemWithNewLambdaBase Step B) remove OK, loc={ type=HANDS item=LongWoodenStick:012021 parent=SurvivorM_Elias:03 }
SCRIPT       : [Namalsk][NamEventManager]: Snowfall: Phase Length 600
SCRIPT       : [Logout]: New player _85ITulioFbSK1XU1PPnczmphxWeQu6dUknni98sEmw= with logout time 15
SCRIPT       : Player "UrMOMgoes2College" (steamid=76561199498715649) initiated disconnect process...
SCRIPT       : [emote] SurvivorM_Rolf:06 play emote id=14 IH=CZ527:011796
SCRIPT       : Player "UrMOMgoes2College" (steamid=76561199498715649) disconnected early from server (EXIT NOW).
SCRIPT       : [Logout]: Player _85ITulioFbSK1XU1PPnczmphxWeQu6dUknni98sEmw= finished
SCRIPT       : Player "UrMOMgoes2College" (steamid=76561199498715649) disconnected from server.
SCRIPT       : HandleOnPlayerDisconnected -> PlayerListManager.RemoveEntry ► _85ITulioFbSK1XU1PPnczmphxWeQu6dUknni98sEmw=
SCRIPT       : [Logout]: New player XxGDTnkUoKAQTFKMEf0Jq8fjODfVLe2li_52dra4x-E= with logout time 15
SCRIPT       : Player "Survivor" (steamid=76561199182879356) initiated disconnect process...
SCRIPT       : [emote] SurvivorM_Elias:03 play emote id=14 IH=SKS:09714
SCRIPT       : Player "Survivor" (steamid=76561199182879356) disconnected early from server (EXIT NOW).
SCRIPT       : [Logout]: Player XxGDTnkUoKAQTFKMEf0Jq8fjODfVLe2li_52dra4x-E= finished
SCRIPT       : PlayerDisconnected -> PlayerListManager.RemoveEntry ► XxGDTnkUoKAQTFKMEf0Jq8fjODfVLe2li_52dra4x-E=
SCRIPT       : [Namalsk][NamEventManager]: Trying to select a new event...
SCRIPT       : [Namalsk][NamEventManager]: Could not start Snowfall as one is already active
SCRIPT       : [Namalsk][NamEventManager]: Next selection will occur in 592 seconds
SCRIPT       : [Namalsk][NamEventManager]: Snowfall: Phase Length 0
SCRIPT       : [Namalsk][NamEventManager]: Aurora: Phase Length 60
SCRIPT       : [Namalsk][NamEventManager]: Aurora: Phase Length 0
SCRIPT       : [Logout]: New player YY8CZK1ZYEenaQ6i-aSMIxiAXEPOlufiKoGr1Ukm_LQ= with logout time 15
SCRIPT       : Player "talonhawkbird" (steamid=76561198801193311) initiated disconnect process...
SCRIPT       : [emote] SurvivorM_Cyril:01 play emote id=14 IH=Pickaxe:07814
SCRIPT       : [Logout]: Player YY8CZK1ZYEenaQ6i-aSMIxiAXEPOlufiKoGr1Ukm_LQ= finished
SCRIPT       : Player "talonhawkbird" (steamid=76561198801193311) disconnected from server.
SCRIPT       : HandleOnPlayerDisconnected -> PlayerListManager.RemoveEntry ► YY8CZK1ZYEenaQ6i-aSMIxiAXEPOlufiKoGr1Ukm_LQ=
SCRIPT       : [Namalsk][NamEventManager]: Trying to select a new event...
SCRIPT       : [Namalsk][NamEventManager]: Starting event Blizzard
SCRIPT       : [Namalsk][Blizzard]: init: 600 (sec), mid: 953.826 (sec), end: 600 (sec), TempDrop: -12.2933 (C)
SCRIPT       : [Namalsk][NamEventManager]: Blizzard: Phase Length 600
SCRIPT       : [Namalsk][NamEventManager]: Next selection will occur in 483 seconds
SCRIPT       : [Namalsk][NamEventManager]: Trying to select a new event...
SCRIPT       : [Namalsk][NamEventManager]: Starting event Snowfall
SCRIPT       : [Namalsk][NamEventManager]: Could not run event Snowfall because it conflicts with event Blizzard...
SCRIPT       : [Namalsk][NamEventManager]: Next selection will occur in 509 seconds
SCRIPT       : [Namalsk][NamEventManager]: Blizzard: Phase Length 953.826
SCRIPT       : [Namalsk][NamEventManager]: Trying to select a new event...
SCRIPT       : [Namalsk][NamEventManager]: Starting event ExtremeCold
SCRIPT       : [Namalsk][ExtremeCold]: init: 100 (sec), mid: 952.556 (sec), end: 100 (sec), TempDrop: -8.71438 (C)
SCRIPT       : [Namalsk][NamEventManager]: ExtremeCold: Phase Length 100
SCRIPT       : [Namalsk][NamEventManager]: Next selection will occur in 244 seconds
SCRIPT       : [Namalsk][NamEventManager]: ExtremeCold: Phase Length 952.556
SCRIPT       : [Namalsk][NamEventManager]: Trying to select a new event...
SCRIPT       : [Namalsk][NamEventManager]: Could not start event as we reached the maximum event limit 2
SCRIPT       : [Namalsk][NamEventManager]: Next selection will occur in 791 seconds
SCRIPT       : [Namalsk][NamEventManager]: Blizzard: Phase Length 600
SCRIPT       : [Namalsk][NamEventManager]: Trying to select a new event...
SCRIPT       : [Namalsk][NamEventManager]: Could not start event as we reached the maximum event limit 2
SCRIPT       : [Namalsk][NamEventManager]: Next selection will occur in 290 seconds
SCRIPT       : [Namalsk][NamEventManager]: ExtremeCold: Phase Length 100
SCRIPT       : [Namalsk][NamEventManager]: ExtremeCold: Phase Length 0
SCRIPT       : [Namalsk][NamEventManager]: Blizzard: Phase Length 0
SCRIPT       : [Namalsk][NamEventManager]: Trying to select a new event...
SCRIPT       : [Namalsk][NamEventManager]: Starting event ExtremeCold
SCRIPT       : [Namalsk][ExtremeCold]: init: 100 (sec), mid: 1017.87 (sec), end: 100 (sec), TempDrop: -11.2138 (C)
SCRIPT       : [Namalsk][NamEventManager]: ExtremeCold: Phase Length 100
SCRIPT       : [Namalsk][NamEventManager]: Next selection will occur in 504 seconds
SCRIPT       : [Namalsk][NamEventManager]: ExtremeCold: Phase Length 1017.87
