---------------------------------------------
Log C:\TCAFiles\Users\ted\153052\HostHavocDayZServer\script_2023-06-23_23-00-13.log started at 23.06. 23:00:14

SCRIPT       : Registered 385 temporary action enum(s), UAN==385
SCRIPT       : ... Backlit Effects Enabled
SCRIPT       : VPPNotificationManager()
SCRIPT       : [VPPAT] Internal VPPNotifications module loaded!
SCRIPT       : [DayZ Game]:: DayZGame(): Initializing V++ Admin Tools.
SCRIPT       : Default Mission: $saves:VPPDebugMissions/Debug.chernarusplus exists!
SCRIPT       : Default Mission: $saves:VPPDebugMissions/Debug.enoch exists!
SCRIPT    (W): @"WindstrideClothing/scripts/4_World/playerbase.c,36": Missing ';' at the end of line
SCRIPT    (W): @"AdvancedWeaponScopes/Scripts/4_World/actions\registeractions_playerbase.c,3": FIX-ME: Overriding function 'SetActions' but not marked as 'override'
SCRIPT    (W): @"WindstrideClothing/scripts/4_World/eyepatch\eyepatch_dismantle.c,58": FIX-ME: Overriding function 'SetActions' but not marked as 'override'
SCRIPT    (W): @"VPPAdminTools/4_World/vppadmintools\plugins\pluginbase\webhooksmanager\classes\messagetypes\joinleavemessage.c,7": Possible variable name conflict 'guid'
SCRIPT    (W): @"VPPAdminTools/4_World/vppadmintools\plugins\pluginbase\webhooksmanager\classes\messagetypes\joinleavemessage.c,7": Possible variable name conflict 'details'
SCRIPT    (W): @"JM/COT/Scripts/4_World/communityonlinetools\classes\webhook\jmwebhookdiscordmessage.c,19": Possible variable name conflict 'username'
SCRIPT    (W): @"JM/COT/Scripts/4_World/communityonlinetools\classes\webhook\jmwebhookdiscordmessage.c,19": Possible variable name conflict 'avatar_url'
SCRIPT    (W): @"JM/COT/Scripts/4_World/communityonlinetools\classes\webhook\jmwebhookdiscordmessage.c,19": Possible variable name conflict 'content'
SCRIPT    (W): @"VPPAdminTools/4_World/vppadmintools\plugins\pluginbase\webhooksmanager\classes\webhookmessagebase.c,53": Possible variable name conflict 'title'
SCRIPT    (W): @"VPPAdminTools/4_World/vppadmintools\plugins\pluginbase\webhooksmanager\classes\webhookmessagebase.c,53": Possible variable name conflict 'color'
SCRIPT    (W): @"JM/COT/Scripts/4_World/communityonlinetools\classes\webhook\jmwebhookdiscordmessage.c,151": Possible variable name conflict 'url'
SCRIPT    (W): @"JM/COT/Scripts/4_World/communityonlinetools\classes\webhook\jmwebhookdiscordmessage.c,172": Possible variable name conflict 'url'
SCRIPT    (W): @"JM/COT/Scripts/4_World/communityonlinetools\classes\webhook\jmwebhookdiscordmessage.c,180": Possible variable name conflict 'url'
SCRIPT    (W): @"PseudoGiant/PseudoGiant_Scripts/scripts/4_World/entities\creatures\infected\pseudogiant.c,347": FIX-ME: Overriding function 'EEOnDamageCalculated' but not marked as 'override'
SCRIPT    (W): @"VPPAdminTools/4_World/vppadmintools\plugins\pluginbase\admintools\admintools.c,60": No need to use 'Cast' for up-casting
SCRIPT    (W): @"WindstrideClothing/scripts/4_World/playerbase.c,13": Unsafe down-casting, use 'ItemBase.Cast' for safe down-casting
SCRIPT    (W): @"WindstrideClothing/scripts/4_World/playerbase.c,37": Unsafe down-casting, use 'ItemBase.Cast' for safe down-casting
SCRIPT    (W): @"WindstrideClothing/scripts/4_World/playerbase.c,56": Unsafe down-casting, use 'ItemBase.Cast' for safe down-casting
SCRIPT    (W): @"WindstrideClothing/scripts/4_World/playerbase.c,59": Unsafe down-casting, use 'ItemBase.Cast' for safe down-casting
SCRIPT    (W): @"WindstrideClothing/scripts/4_World/playerbase.c,60": Unsafe down-casting, use 'ItemBase.Cast' for safe down-casting
SCRIPT    (W): @"WindstrideClothing/scripts/4_World/playerbase.c,69": Unsafe down-casting, use 'ItemBase.Cast' for safe down-casting
SCRIPT    (W): @"WindstrideClothing/scripts/4_World/playerbase.c,79": Unsafe down-casting, use 'ItemBase.Cast' for safe down-casting
SCRIPT    (W): @"WindstrideClothing/scripts/4_World/playerbase.c,93": Unsafe down-casting, use 'ItemBase.Cast' for safe down-casting
SCRIPT    (W): @"VPPAdminTools/5_Mission/vppadmintools\gui\submenus\menuobjectmanager\menuobjectmanager.c,203": Missing ';' at the end of line
SCRIPT    (W): @"VPPAdminTools/5_Mission/vppadmintools\gui\vppadminhud.c,126": Unsafe down-casting, use 'MenuObjectManager.Cast' for safe down-casting
SCRIPT    (W): @"VPPAdminTools/5_Mission/vppadmintools\gui\submenus\menuesptools\esptoolsmenu.c,580": Unsafe down-casting, use 'EntityAI.Cast' for safe down-casting
SCRIPT    (W): @"VPPAdminTools/5_Mission/vppadmintools\gui\submenus\menuplayermanager\menuplayermanager.c,71": FIX-ME: Callbacks do not properly support overloaded methods 'OnUpdate'
SCRIPT    (W): @"VPPAdminTools/5_Mission/vppadmintools\missiondebug.c,38": Unsafe down-casting, use 'PlayerBase.Cast' for safe down-casting
SCRIPT       : Vanilla++ AdminTools Plugins Registering..
SCRIPT       : 06:00:25 [ii] ::SUserConfigConstraints::load : Loading SUserConfigConstraints_Gunplay
SCRIPT       : 06:00:25 [ii] │	├ Done -> SUserConfigConstraints_Gunplay<4660e730>
SCRIPT       : [MissionServer] OnInit - Server
SCRIPT       : [ZenChickenCoopsConfig] Init
SCRIPT       : [Namalsk][NamEventManager]: Next selection will occur in 352 seconds
SCRIPT       : [Namalsk][NamEventManager]: NamEventManager is now running
SCRIPT       : [MissionServer] OnMissionStart - Server
SCRIPT       : string dirtyName = '[TF]HardcoreNamalsk1PP|NoBases|CustomPvE/PvP'
SCRIPT       : [DNA DEBUG] - {Main System} - Config found, loading settings!
SCRIPT       : [DNA DEBUG] - {Container System Settings} - Config found, loading settings!
SCRIPT       : [DNA DEBUG] - {DNA_Keycards Mob System Settings} - Config found, loading settings!
SCRIPT       : [DNA DEBUG] - {DNA Keycards General Loot} - Config found, loading settings!
SCRIPT       : [DNA DEBUG] - {DNA Keycards Clothing Loot} - Config found, loading settings!
SCRIPT       : [DNA DEBUG] - {DNA Keycards Weapon Loot} - Config found, loading settings!
SCRIPT       : [DNA DEBUG] - {Smol Crate Config} - Smol Crate Settings Description found.... Loading.
SCRIPT       : [DNA DEBUG] - {Smol Crate Config} - Smol Crate Yellow Config Found.... Loading 
SCRIPT       : [DNA DEBUG] - {Smol Crate Config} - Smol Crate Green Config Found.... Loading.
SCRIPT       : [DNA DEBUG] - {Smol Crate Config} - Smol Crate Blue Config Found.... Loading.
SCRIPT       : [DNA DEBUG] - {Smol Crate Config} - Smol Crate Purple Config Found.... Loading.
SCRIPT       : [DNA DEBUG] - {Smol Crate Config} - Smol Crate Red Config Found.... Loading.
SCRIPT       : [DNA DEBUG] - {Smol Crate Config} - Smol Crate Base Config Found.... Loading.
SCRIPT       : [DNA DEBUG] - {Alarm Settings} - Alarm Settings Config Found.... Loading 
SCRIPT       : [DNA DEBUG] - {Reset Timer} - Timer Settings found.... Loading.
SCRIPT       : [DNA DEBUG] - {Reset Timer} - Not in use.
SCRIPT       : [DNA DEBUG] - {Object Spawner} - System not spawning any crates!
SCRIPT       : [DNA DEBUG] - {Object Spawner} - System not spawning any smol crates!
SCRIPT       : [DNA DEBUG] - {Object Spawner} - System not spawning any strongrooms!
SCRIPT       : m_EventManager NamEventManager<4659e9e0>
SCRIPT       : MaxEventCount 2
SCRIPT       :  !!! OnError() 
SCRIPT       : m_LoginTimeMs: 16200
SCRIPT       : [Namalsk][NamEventManager]: Trying to select a new event...
SCRIPT       : [Namalsk][NamEventManager]: Starting event Aurora
SCRIPT       : [Namalsk][NamEventManager]: Aurora: Phase Length 60
SCRIPT       : [Namalsk][NamEventManager]: Next selection will occur in 582 seconds
SCRIPT       : [Namalsk][NamEventManager]: Aurora: Phase Length 1047.48
SCRIPT       : [Namalsk][NamEventManager]: Trying to select a new event...
SCRIPT       : [Namalsk][NamEventManager]: Starting event Snowfall
SCRIPT       : [Namalsk][NamEventManager]: Could not run event Snowfall because it conflicts with event Aurora...
SCRIPT       : [Namalsk][NamEventManager]: Next selection will occur in 629 seconds
SCRIPT       : [Namalsk][NamEventManager]: Aurora: Phase Length 60
SCRIPT       : [Namalsk][NamEventManager]: Aurora: Phase Length 0
SCRIPT       : [Namalsk][NamEventManager]: Trying to select a new event...
SCRIPT       : [Namalsk][NamEventManager]: Starting event Blizzard
SCRIPT       : [Namalsk][Blizzard]: init: 600 (sec), mid: 978.469 (sec), end: 600 (sec), TempDrop: -21.2004 (C)
SCRIPT       : [Namalsk][NamEventManager]: Blizzard: Phase Length 600
SCRIPT       : [Namalsk][NamEventManager]: Next selection will occur in 453 seconds
SCRIPT       : [Namalsk][NamEventManager]: Trying to select a new event...
SCRIPT       : [Namalsk][NamEventManager]: Starting event Snowfall
SCRIPT       : [Namalsk][NamEventManager]: Could not run event Snowfall because it conflicts with event Blizzard...
SCRIPT       : [Namalsk][NamEventManager]: Next selection will occur in 350 seconds
SCRIPT       : [Namalsk][NamEventManager]: Blizzard: Phase Length 978.469
SCRIPT       : [Namalsk][NamEventManager]: Trying to select a new event...
SCRIPT       : [Namalsk][NamEventManager]: Starting event ExtremeCold
SCRIPT       : [Namalsk][ExtremeCold]: init: 100 (sec), mid: 1064.69 (sec), end: 100 (sec), TempDrop: -13.4546 (C)
SCRIPT       : [Namalsk][NamEventManager]: ExtremeCold: Phase Length 100
SCRIPT       : [Namalsk][NamEventManager]: Next selection will occur in 255 seconds
SCRIPT       : [Namalsk][NamEventManager]: ExtremeCold: Phase Length 1064.69
SCRIPT       : [Namalsk][NamEventManager]: Trying to select a new event...
SCRIPT       : [Namalsk][NamEventManager]: Could not start event as we reached the maximum event limit 2
SCRIPT       : [Namalsk][NamEventManager]: Next selection will occur in 635 seconds
SCRIPT       : [Namalsk][NamEventManager]: Blizzard: Phase Length 600
SCRIPT       : [Namalsk][NamEventManager]: Trying to select a new event...
SCRIPT       : [Namalsk][NamEventManager]: Could not start event as we reached the maximum event limit 2
SCRIPT       : [Namalsk][NamEventManager]: Next selection will occur in 477 seconds
SCRIPT       : [Namalsk][NamEventManager]: ExtremeCold: Phase Length 100
SCRIPT       : [Namalsk][NamEventManager]: ExtremeCold: Phase Length 0
SCRIPT       : [Namalsk][NamEventManager]: Trying to select a new event...
SCRIPT       : [Namalsk][NamEventManager]: Starting event ExtremeCold
SCRIPT       : [Namalsk][ExtremeCold]: init: 100 (sec), mid: 1178.94 (sec), end: 100 (sec), TempDrop: -8.81414 (C)
SCRIPT       : [Namalsk][NamEventManager]: ExtremeCold: Phase Length 100
SCRIPT       : [Namalsk][NamEventManager]: Next selection will occur in 335 seconds
SCRIPT       : [Namalsk][NamEventManager]: Blizzard: Phase Length 0
SCRIPT       : [Namalsk][NamEventManager]: ExtremeCold: Phase Length 1178.94
SCRIPT       : [Namalsk][NamEventManager]: Trying to select a new event...
SCRIPT       : [Namalsk][NamEventManager]: Starting event Aurora
SCRIPT       : [Namalsk][NamEventManager]: Aurora: Phase Length 60
SCRIPT       : [Namalsk][NamEventManager]: Next selection will occur in 693 seconds
SCRIPT       : [Namalsk][NamEventManager]: Aurora: Phase Length 1084.31
SCRIPT       : [Namalsk][NamEventManager]: Trying to select a new event...
SCRIPT       : [Namalsk][NamEventManager]: Could not start event as we reached the maximum event limit 2
SCRIPT       : [Namalsk][NamEventManager]: Next selection will occur in 429 seconds
SCRIPT       : [Namalsk][NamEventManager]: ExtremeCold: Phase Length 100
SCRIPT       : [Namalsk][NamEventManager]: ExtremeCold: Phase Length 0
SCRIPT       : [Namalsk][NamEventManager]: Trying to select a new event...
SCRIPT       : [Namalsk][NamEventManager]: Starting event Snowfall
SCRIPT       : [Namalsk][NamEventManager]: Could not run event Snowfall because it conflicts with event Aurora...
SCRIPT       : [Namalsk][NamEventManager]: Next selection will occur in 439 seconds
SCRIPT       : [Namalsk][NamEventManager]: Aurora: Phase Length 60
SCRIPT       : [Namalsk][NamEventManager]: Aurora: Phase Length 0
SCRIPT       : [Namalsk][NamEventManager]: Trying to select a new event...
SCRIPT       : [Namalsk][NamEventManager]: Starting event Blizzard
SCRIPT       : [Namalsk][Blizzard]: init: 600 (sec), mid: 784.486 (sec), end: 600 (sec), TempDrop: -17.3896 (C)
SCRIPT       : [Namalsk][NamEventManager]: Blizzard: Phase Length 600
SCRIPT       : [Namalsk][NamEventManager]: Next selection will occur in 434 seconds
SCRIPT       : [Namalsk][NamEventManager]: Trying to select a new event...
SCRIPT       : [Namalsk][NamEventManager]: Starting event Aurora
SCRIPT       : [Namalsk][NamEventManager]: Aurora: Phase Length 60
SCRIPT       : [Namalsk][NamEventManager]: Next selection will occur in 773 seconds
SCRIPT       : [Namalsk][NamEventManager]: Aurora: Phase Length 933.528
SCRIPT       : [Namalsk][NamEventManager]: Blizzard: Phase Length 784.486
SCRIPT       : [Namalsk][NamEventManager]: Trying to select a new event...
SCRIPT       : [Namalsk][NamEventManager]: Could not start Blizzard as one is already active
SCRIPT       : [Namalsk][NamEventManager]: Next selection will occur in 549 seconds
SCRIPT       : [Namalsk][NamEventManager]: Blizzard: Phase Length 600
SCRIPT       : [Namalsk][NamEventManager]: Aurora: Phase Length 60
SCRIPT       : [Namalsk][NamEventManager]: Aurora: Phase Length 0
