---------------------------------------------
Log C:\TCAFiles\Users\ted\153052\HostHavocDayZServer\script_2023-06-25_03-00-19.log started at 25.06. 03:00:20

SCRIPT       : Registered 385 temporary action enum(s), UAN==385
SCRIPT       : ... Backlit Effects Enabled
SCRIPT       : VPPNotificationManager()
SCRIPT       : [VPPAT] Internal VPPNotifications module loaded!
SCRIPT       : [DayZ Game]:: DayZGame(): Initializing V++ Admin Tools.
SCRIPT       : Default Mission: $saves:VPPDebugMissions/Debug.chernarusplus exists!
SCRIPT       : Default Mission: $saves:VPPDebugMissions/Debug.enoch exists!
SCRIPT    (W): @"WindstrideClothing/scripts/4_World/playerbase.c,36": Missing ';' at the end of line
SCRIPT    (W): @"AdvancedWeaponScopes/Scripts/4_World/actions\registeractions_playerbase.c,3": FIX-ME: Overriding function 'SetActions' but not marked as 'override'
SCRIPT    (W): @"WindstrideClothing/scripts/4_World/eyepatch\eyepatch_dismantle.c,58": FIX-ME: Overriding function 'SetActions' but not marked as 'override'
SCRIPT    (W): @"VPPAdminTools/4_World/vppadmintools\plugins\pluginbase\webhooksmanager\classes\messagetypes\joinleavemessage.c,7": Possible variable name conflict 'guid'
SCRIPT    (W): @"VPPAdminTools/4_World/vppadmintools\plugins\pluginbase\webhooksmanager\classes\messagetypes\joinleavemessage.c,7": Possible variable name conflict 'details'
SCRIPT    (W): @"JM/COT/Scripts/4_World/communityonlinetools\classes\webhook\jmwebhookdiscordmessage.c,19": Possible variable name conflict 'username'
SCRIPT    (W): @"JM/COT/Scripts/4_World/communityonlinetools\classes\webhook\jmwebhookdiscordmessage.c,19": Possible variable name conflict 'avatar_url'
SCRIPT    (W): @"JM/COT/Scripts/4_World/communityonlinetools\classes\webhook\jmwebhookdiscordmessage.c,19": Possible variable name conflict 'content'
SCRIPT    (W): @"VPPAdminTools/4_World/vppadmintools\plugins\pluginbase\webhooksmanager\classes\webhookmessagebase.c,53": Possible variable name conflict 'title'
SCRIPT    (W): @"VPPAdminTools/4_World/vppadmintools\plugins\pluginbase\webhooksmanager\classes\webhookmessagebase.c,53": Possible variable name conflict 'color'
SCRIPT    (W): @"JM/COT/Scripts/4_World/communityonlinetools\classes\webhook\jmwebhookdiscordmessage.c,151": Possible variable name conflict 'url'
SCRIPT    (W): @"JM/COT/Scripts/4_World/communityonlinetools\classes\webhook\jmwebhookdiscordmessage.c,172": Possible variable name conflict 'url'
SCRIPT    (W): @"JM/COT/Scripts/4_World/communityonlinetools\classes\webhook\jmwebhookdiscordmessage.c,180": Possible variable name conflict 'url'
SCRIPT    (W): @"PseudoGiant/PseudoGiant_Scripts/scripts/4_World/entities\creatures\infected\pseudogiant.c,347": FIX-ME: Overriding function 'EEOnDamageCalculated' but not marked as 'override'
SCRIPT    (W): @"VPPAdminTools/4_World/vppadmintools\plugins\pluginbase\admintools\admintools.c,60": No need to use 'Cast' for up-casting
SCRIPT    (W): @"WindstrideClothing/scripts/4_World/playerbase.c,13": Unsafe down-casting, use 'ItemBase.Cast' for safe down-casting
SCRIPT    (W): @"WindstrideClothing/scripts/4_World/playerbase.c,37": Unsafe down-casting, use 'ItemBase.Cast' for safe down-casting
SCRIPT    (W): @"WindstrideClothing/scripts/4_World/playerbase.c,56": Unsafe down-casting, use 'ItemBase.Cast' for safe down-casting
SCRIPT    (W): @"WindstrideClothing/scripts/4_World/playerbase.c,59": Unsafe down-casting, use 'ItemBase.Cast' for safe down-casting
SCRIPT    (W): @"WindstrideClothing/scripts/4_World/playerbase.c,60": Unsafe down-casting, use 'ItemBase.Cast' for safe down-casting
SCRIPT    (W): @"WindstrideClothing/scripts/4_World/playerbase.c,69": Unsafe down-casting, use 'ItemBase.Cast' for safe down-casting
SCRIPT    (W): @"WindstrideClothing/scripts/4_World/playerbase.c,79": Unsafe down-casting, use 'ItemBase.Cast' for safe down-casting
SCRIPT    (W): @"WindstrideClothing/scripts/4_World/playerbase.c,93": Unsafe down-casting, use 'ItemBase.Cast' for safe down-casting
SCRIPT    (W): @"VPPAdminTools/5_Mission/vppadmintools\gui\submenus\menuobjectmanager\menuobjectmanager.c,203": Missing ';' at the end of line
SCRIPT    (W): @"VPPAdminTools/5_Mission/vppadmintools\gui\vppadminhud.c,126": Unsafe down-casting, use 'MenuObjectManager.Cast' for safe down-casting
SCRIPT    (W): @"VPPAdminTools/5_Mission/vppadmintools\gui\submenus\menuesptools\esptoolsmenu.c,580": Unsafe down-casting, use 'EntityAI.Cast' for safe down-casting
SCRIPT    (W): @"VPPAdminTools/5_Mission/vppadmintools\gui\submenus\menuplayermanager\menuplayermanager.c,71": FIX-ME: Callbacks do not properly support overloaded methods 'OnUpdate'
SCRIPT    (W): @"VPPAdminTools/5_Mission/vppadmintools\missiondebug.c,38": Unsafe down-casting, use 'PlayerBase.Cast' for safe down-casting
SCRIPT       : Vanilla++ AdminTools Plugins Registering..
SCRIPT       : 10:00:32 [ii] ::SUserConfigConstraints::load : Loading SUserConfigConstraints_Gunplay
SCRIPT       : 10:00:32 [ii] │	├ Done -> SUserConfigConstraints_Gunplay<bf2932b0>
SCRIPT       : [MissionServer] OnInit - Server
SCRIPT       : [ZenChickenCoopsConfig] Init
SCRIPT       : [Namalsk][NamEventManager]: Next selection will occur in 795 seconds
SCRIPT       : [Namalsk][NamEventManager]: NamEventManager is now running
SCRIPT       : [MissionServer] OnMissionStart - Server
SCRIPT       : string dirtyName = '[TF]HardcoreNamalsk1PP|NoBases|CustomPvE/PvP'
SCRIPT       : [DNA DEBUG] - {Main System} - Config found, loading settings!
SCRIPT       : [DNA DEBUG] - {Container System Settings} - Config found, loading settings!
SCRIPT       : [DNA DEBUG] - {DNA_Keycards Mob System Settings} - Config found, loading settings!
SCRIPT       : [DNA DEBUG] - {DNA Keycards General Loot} - Config found, loading settings!
SCRIPT       : [DNA DEBUG] - {DNA Keycards Clothing Loot} - Config found, loading settings!
SCRIPT       : [DNA DEBUG] - {DNA Keycards Weapon Loot} - Config found, loading settings!
SCRIPT       : [DNA DEBUG] - {Smol Crate Config} - Smol Crate Settings Description found.... Loading.
SCRIPT       : [DNA DEBUG] - {Smol Crate Config} - Smol Crate Yellow Config Found.... Loading 
SCRIPT       : [DNA DEBUG] - {Smol Crate Config} - Smol Crate Green Config Found.... Loading.
SCRIPT       : [DNA DEBUG] - {Smol Crate Config} - Smol Crate Blue Config Found.... Loading.
SCRIPT       : [DNA DEBUG] - {Smol Crate Config} - Smol Crate Purple Config Found.... Loading.
SCRIPT       : [DNA DEBUG] - {Smol Crate Config} - Smol Crate Red Config Found.... Loading.
SCRIPT       : [DNA DEBUG] - {Smol Crate Config} - Smol Crate Base Config Found.... Loading.
SCRIPT       : [DNA DEBUG] - {Alarm Settings} - Alarm Settings Config Found.... Loading 
SCRIPT       : [DNA DEBUG] - {Reset Timer} - Timer Settings found.... Loading.
SCRIPT       : [DNA DEBUG] - {Reset Timer} - Not in use.
SCRIPT       : [DNA DEBUG] - {Object Spawner} - System not spawning any crates!
SCRIPT       : [DNA DEBUG] - {Object Spawner} - System not spawning any smol crates!
SCRIPT       : [DNA DEBUG] - {Object Spawner} - System not spawning any strongrooms!
SCRIPT       : m_EventManager NamEventManager<b5f066e0>
SCRIPT       : MaxEventCount 2
SCRIPT       :  !!! OnError() 
SCRIPT       : m_LoginTimeMs: 16200
SCRIPT       : ---- PlayerBase OnStoreLoad SUCCESS ----
SCRIPT       : [Drones] Found existing config. Loading config.json...
SCRIPT       : [VPPAT] Player "ChocoTuga" (steamId=76561199104773928) connected to server!
SCRIPT       : [inv] ReplaceItemWithNewLambdaBase Step B) remove OK, loc={ type=HANDS item=LongWoodenStick:06150 parent=SurvivorF_Baty:01 }
SCRIPT       : [inv] ReplaceItemWithNewLambdaBase Step B) remove OK, loc={ type=HANDS item=dzn_Pajka:05967 parent=SurvivorF_Baty:01 }
SCRIPT       : [inv] ReplaceItemWithNewLambdaBase Step B) remove OK, loc={ type=HANDS item=dzn_Pajka:06208 parent=SurvivorF_Baty:01 }
SCRIPT       : [inv] ReplaceItemWithNewLambdaBase Step B) remove OK, loc={ type=HANDS item=dzn_Pate:06145 parent=SurvivorF_Baty:01 }
SCRIPT       : [inv] ReplaceItemWithNewLambdaBase Step B) remove OK, loc={ type=HANDS item=dzn_Pate:06013 parent=SurvivorF_Baty:01 }
SCRIPT       : [wpnfsm] Save occured in fsm transition! current state=ChamberMultiBullet<d72097f0> closes stable state=DoubleBarrelLoadedEmpty<d77df960> id=2
SCRIPT       : [Namalsk][NamEventManager]: Trying to select a new event...
SCRIPT       : [Namalsk][NamEventManager]: Starting event Snowfall
SCRIPT       : [Namalsk][Snowfall]: init: 600 (sec), mid: 931.495 (sec), end: 600 (sec)
SCRIPT       : [Namalsk][NamEventManager]: Snowfall: Phase Length 600
SCRIPT       : [Namalsk][NamEventManager]: Next selection will occur in 780 seconds
SCRIPT       : [inv] ReplaceItemWithNewLambdaBase Step B) remove OK, loc={ type=HANDS item=dzn_CatFoodCan:06086 parent=SurvivorF_Baty:01 }
SCRIPT       : [inv] ReplaceItemWithNewLambdaBase Step B) remove OK, loc={ type=HANDS item=AD_RMR_LM:07910 parent=SurvivorF_Baty:01 }
SCRIPT       : [inv] ReplaceItemWithNewLambdaBase Step B) remove OK, loc={ type=HANDS item=AD_RMR_TM:06086 parent=SurvivorF_Baty:01 }
SCRIPT       : [Namalsk][NamEventManager]: Snowfall: Phase Length 931.495
SCRIPT       : [inv] ReplaceItemWithNewLambdaBase Step B) remove OK, loc={ type=HANDS item=AmmoBox_545x39Tracer_20Rnd:05648 parent=SurvivorF_Baty:01 }
SCRIPT       : UnboxLambda::SetupNewMagazine new_item=Ammo_545x39Tracer<d771d990> count=20
SCRIPT       : [Namalsk][NamEventManager]: Trying to select a new event...
SCRIPT       : [Namalsk][NamEventManager]: Starting event Aurora
SCRIPT       : [Namalsk][NamEventManager]: Aurora: Phase Length 60
SCRIPT       : [Namalsk][NamEventManager]: Next selection will occur in 630 seconds
SCRIPT       : [inv] ReplaceItemWithNewLambdaBase Step B) remove OK, loc={ type=HANDS item=AD_RMR_LM:07911 parent=SurvivorF_Baty:01 }
SCRIPT       : [inv] ReplaceItemWithNewLambdaBase Step B) remove OK, loc={ type=HANDS item=AD_RMR_TM:05649 parent=SurvivorF_Baty:01 }
SCRIPT       : [Namalsk][NamEventManager]: Aurora: Phase Length 1043.98
SCRIPT       : [inv] ReplaceItemWithNewLambdaBase Step B) remove OK, loc={ type=HANDS item=AmmoBox_762x39_20Rnd:08311 parent=SurvivorF_Baty:01 }
SCRIPT       : UnboxLambda::SetupNewMagazine new_item=Ammo_762x39<d7744720> count=20
SCRIPT       : [Namalsk][NamEventManager]: Trying to select a new event...
SCRIPT       : [Namalsk][NamEventManager]: Could not start Snowfall as one is already active
SCRIPT       : [Namalsk][NamEventManager]: Next selection will occur in 624 seconds
SCRIPT       : [Namalsk][NamEventManager]: Snowfall: Phase Length 600
SCRIPT       : [Namalsk][NamEventManager]: Aurora: Phase Length 60
SCRIPT       : [Namalsk][NamEventManager]: Aurora: Phase Length 0
SCRIPT       : [Namalsk][NamEventManager]: Trying to select a new event...
SCRIPT       : [Namalsk][NamEventManager]: Starting event Blizzard
SCRIPT       : [Namalsk][NamEventManager]: Could not run event Blizzard because it conflicts with event Snowfall...
SCRIPT       : [Namalsk][NamEventManager]: Next selection will occur in 772 seconds
SCRIPT       : [inv] ReplaceItemWithNewLambdaBase Step B) remove OK, loc={ type=HANDS item=AmmoBox_00buck_10rnd:013785 parent=SurvivorF_Baty:01 }
SCRIPT       : UnboxLambda::SetupNewMagazine new_item=Ammo_12gaPellets<d7718d10> count=10
SCRIPT       : [Namalsk][NamEventManager]: Snowfall: Phase Length 0
SCRIPT       : [inv] ReplaceItemWithNewLambdaBase Step B) remove OK, loc={ type=HANDS item=AmmoBox_00buck_10rnd:013788 parent=SurvivorF_Baty:01 }
SCRIPT       : UnboxLambda::SetupNewMagazine new_item=Ammo_12gaPellets<d7722fa0> count=10
SCRIPT       : [Namalsk][NamEventManager]: Trying to select a new event...
SCRIPT       : [Namalsk][NamEventManager]: Starting event Aurora
SCRIPT       : [Namalsk][NamEventManager]: Aurora: Phase Length 60
SCRIPT       : [Namalsk][NamEventManager]: Next selection will occur in 756 seconds
SCRIPT       : [Namalsk][NamEventManager]: Aurora: Phase Length 1137.2
SCRIPT       : [Logout]: New player QlfMA6ZHTmhR4V1rzSWPaXappYWFzdRcnswz76kgf4I= with logout time 15
SCRIPT       : Player "ChocoTuga" (steamid=76561199104773928) initiated disconnect process...
SCRIPT       : [emote] SurvivorF_Baty:01 play emote id=14 IH=null
SCRIPT       : [Logout]: Player QlfMA6ZHTmhR4V1rzSWPaXappYWFzdRcnswz76kgf4I= finished
SCRIPT       : Player "ChocoTuga" (steamid=76561199104773928) disconnected from server.
SCRIPT       : HandleOnPlayerDisconnected -> PlayerListManager.RemoveEntry ► QlfMA6ZHTmhR4V1rzSWPaXappYWFzdRcnswz76kgf4I=
SCRIPT       : [Namalsk][NamEventManager]: Trying to select a new event...
SCRIPT       : [Namalsk][NamEventManager]: Starting event ExtremeCold
SCRIPT       : [Namalsk][ExtremeCold]: init: 100 (sec), mid: 914.628 (sec), end: 100 (sec), TempDrop: -9.52745 (C)
SCRIPT       : [Namalsk][NamEventManager]: ExtremeCold: Phase Length 100
SCRIPT       : [Namalsk][NamEventManager]: Next selection will occur in 247 seconds
SCRIPT       : [Namalsk][NamEventManager]: ExtremeCold: Phase Length 914.628
SCRIPT       : [Namalsk][NamEventManager]: Trying to select a new event...
SCRIPT       : [Namalsk][NamEventManager]: Could not start Aurora as one is already active
SCRIPT       : [Namalsk][NamEventManager]: Next selection will occur in 555 seconds
SCRIPT       : ---- PlayerBase OnStoreLoad SUCCESS ----
SCRIPT       : [VPPAT] Player "ChocoTuga" (steamId=76561199104773928) connected to server!
SCRIPT       : [Namalsk][NamEventManager]: Aurora: Phase Length 60
SCRIPT       : [Namalsk][NamEventManager]: Aurora: Phase Length 0
SCRIPT       : [inv] ReplaceItemWithNewLambdaBase Step B) remove OK, loc={ type=HANDS item=AmmoBox_380_35rnd:014113 parent=SurvivorF_Baty:01 }
SCRIPT       : UnboxLambda::SetupNewMagazine new_item=Ammo_380<594a8020> count=35
SCRIPT       : [Namalsk][NamEventManager]: Trying to select a new event...
SCRIPT       : [Namalsk][NamEventManager]: Could not start ExtremeCold as one is already active
SCRIPT       : [Namalsk][NamEventManager]: Next selection will occur in 564 seconds
SCRIPT       : [inv] ReplaceItemWithNewLambdaBase Step B) remove OK, loc={ type=HANDS item=LongWoodenStick:07903 parent=SurvivorF_Baty:01 }
SCRIPT       : [inv] ReplaceItemWithNewLambdaBase Step B) remove OK, loc={ type=HANDS item=LongWoodenStick:08416 parent=SurvivorF_Baty:01 }
SCRIPT       : [Namalsk][NamEventManager]: ExtremeCold: Phase Length 100
SCRIPT       : [Namalsk][NamEventManager]: ExtremeCold: Phase Length 0
SCRIPT       : [Namalsk][NamEventManager]: Trying to select a new event...
SCRIPT       : [Namalsk][NamEventManager]: Starting event Aurora
SCRIPT       : [Namalsk][NamEventManager]: Aurora: Phase Length 60
SCRIPT       : [Namalsk][NamEventManager]: Next selection will occur in 738 seconds
SCRIPT       : [Namalsk][NamEventManager]: Aurora: Phase Length 929.902
SCRIPT       : [inv] ReplaceItemWithNewLambdaBase Step B) remove OK, loc={ type=HANDS item=LongWoodenStick:014028 parent=SurvivorF_Baty:01 }
SCRIPT       : [inv] ReplaceItemWithNewLambdaBase Step B) remove OK, loc={ type=HANDS item=LongWoodenStick:06253 parent=SurvivorF_Baty:01 }
SCRIPT       : [Logout]: New player QlfMA6ZHTmhR4V1rzSWPaXappYWFzdRcnswz76kgf4I= with logout time 15
SCRIPT       : Player "ChocoTuga" (steamid=76561199104773928) initiated disconnect process...
SCRIPT       : [emote] SurvivorF_Baty:01 play emote id=14 IH=WoodenStick:013295
SCRIPT       : [Logout]: Player QlfMA6ZHTmhR4V1rzSWPaXappYWFzdRcnswz76kgf4I= finished
SCRIPT       : Player "ChocoTuga" (steamid=76561199104773928) disconnected from server.
SCRIPT       : HandleOnPlayerDisconnected -> PlayerListManager.RemoveEntry ► QlfMA6ZHTmhR4V1rzSWPaXappYWFzdRcnswz76kgf4I=
SCRIPT       : [Namalsk][NamEventManager]: Trying to select a new event...
SCRIPT       : [Namalsk][NamEventManager]: Starting event Snowfall
SCRIPT       : [Namalsk][NamEventManager]: Could not run event Snowfall because it conflicts with event Aurora...
SCRIPT       : [Namalsk][NamEventManager]: Next selection will occur in 647 seconds
SCRIPT       : [Namalsk][NamEventManager]: Aurora: Phase Length 60
SCRIPT       : [Namalsk][NamEventManager]: Aurora: Phase Length 0
SCRIPT       : ---- PlayerBase OnStoreLoad SUCCESS ----
SCRIPT       : [VPPAT] Player "FriendlyGuy" (steamId=76561197993327355) connected to server!
SCRIPT       : [Namalsk][NamEventManager]: Trying to select a new event...
SCRIPT       : [Namalsk][NamEventManager]: Starting event ExtremeCold
SCRIPT       : [Namalsk][ExtremeCold]: init: 100 (sec), mid: 815.125 (sec), end: 100 (sec), TempDrop: -11.9297 (C)
SCRIPT       : [Namalsk][NamEventManager]: ExtremeCold: Phase Length 100
SCRIPT       : [Namalsk][NamEventManager]: Next selection will occur in 322 seconds
